#
# There is insufficient memory for the Java Runtime Environment to continue.
# Native memory allocation (malloc) failed to allocate 65552 bytes for Chunk::new
# Possible reasons:
#   The system is out of physical RAM or swap space
#   The process is running with CompressedOops enabled, and the Java Heap may be blocking the growth of the native heap
# Possible solutions:
#   Reduce memory load on the system
#   Increase physical memory or swap space
#   Check if swap backing store is full
#   Decrease Java heap size (-Xmx/-Xms)
#   Decrease number of Java threads
#   Decrease Java thread stack sizes (-Xss)
#   Set larger code cache with -XX:ReservedCodeCacheSize=
#   JVM is running with Unscaled Compressed Oops mode in which the Java heap is
#     placed in the first 4GB address space. The Java Heap base address is the
#     maximum limit for the native heap growth. Please use -XX:HeapBaseMinAddress
#     to set the Java Heap base and to place the Java Heap above 4GB virtual address.
# This output file may be truncated or incomplete.
#
#  Out of Memory Error (c:/BuildAgent/work/5ff2f6c26000d570/src/hotspot/share/memory/arena.cpp:197), pid=7916, tid=12916
#
# JRE version: OpenJDK Runtime Environment (11.0.5+10) (build 11.0.5+10-b520.17)
# Java VM: OpenJDK 64-Bit Server VM (11.0.5+10-b520.17, mixed mode, sharing, tiered, compressed oops, g1 gc, windows-amd64)
# No core dump will be written. Minidumps are not enabled by default on client versions of Windows
#

---------------  S U M M A R Y ------------

Command Line: --module-path=C:\Users\user\Downloads\javafx-sdk-15.0.1\lib --add-modules=javafx.controls,javafx.fxml -javaagent:C:\Program Files\JetBrains\IntelliJ IDEA Community Edition 2019.3.1\lib\idea_rt.jar=57580:C:\Program Files\JetBrains\IntelliJ IDEA Community Edition 2019.3.1\bin -Dfile.encoding=UTF-8 sample.Main

Host: Intel(R) Core(TM) i5-8265U CPU @ 1.60GHz, 8 cores, 7G,  Windows 10 , 64 bit Build 18362 (10.0.18362.1110)
Time: Thu Dec 17 00:14:16 2020 India Standard Time elapsed time: 24 seconds (0d 0h 0m 24s)

---------------  T H R E A D  ---------------

Current thread (0x000002aea6ba4000):  JavaThread "C2 CompilerThread1" daemon [_thread_in_native, id=12916, stack(0x000000d98b900000,0x000000d98ba00000)]


Current CompileTask:
C2:  24079 5321       4       com.sun.prism.d3d.D3DGraphics::create (55 bytes)

Stack: [0x000000d98b900000,0x000000d98ba00000]
Native frames: (J=compiled Java code, j=interpreted, Vv=VM code, C=native code)
V  [jvm.dll+0x5dcafa]
V  [jvm.dll+0x70e375]
V  [jvm.dll+0x70f898]
V  [jvm.dll+0x70ff63]
V  [jvm.dll+0x23e238]
V  [jvm.dll+0xb8a9c]
V  [jvm.dll+0xb8fac]
V  [jvm.dll+0xb8ba8]
V  [jvm.dll+0x5bd2d0]
V  [jvm.dll+0x1fe18e]
V  [jvm.dll+0x606e84]
V  [jvm.dll+0x1f6954]
V  [jvm.dll+0x17f6fc]
V  [jvm.dll+0x204f77]
V  [jvm.dll+0x2037f1]
V  [jvm.dll+0x6d835f]
V  [jvm.dll+0x6d114d]
V  [jvm.dll+0x5dbdd6]
C  [ucrtbase.dll+0x210b2]
C  [KERNEL32.DLL+0x17c24]
C  [ntdll.dll+0x6d4d1]


---------------  P R O C E S S  ---------------

Threads class SMR info:
_java_thread_list=0x000002ae9d47dba0, length=25, elements={
0x000002aefa456800, 0x000002aeffc2b000, 0x000002aeffc2c000, 0x000002aeffc43800,
0x000002aeffc44800, 0x000002aeffc4b800, 0x000002aeffc54000, 0x000002aeffc55800,
0x000002aeffc0e800, 0x000002ae9592b800, 0x000002ae9592c000, 0x000002ae95921800,
0x000002ae95bae800, 0x000002ae95bb7800, 0x000002ae958b2000, 0x000002ae95e3b000,
0x000002ae95e69800, 0x000002ae95f60000, 0x000002ae9cb38000, 0x000002ae9e44b000,
0x000002ae9e44f000, 0x000002ae9e44d800, 0x000002ae9e450000, 0x000002aea6ba4000,
0x000002ae9ef6b800
}

Java Threads: ( => current thread )
  0x000002aefa456800 JavaThread "main" [_thread_blocked, id=12500, stack(0x000000d988700000,0x000000d988800000)]
  0x000002aeffc2b000 JavaThread "Reference Handler" daemon [_thread_blocked, id=18732, stack(0x000000d988e00000,0x000000d988f00000)]
  0x000002aeffc2c000 JavaThread "Finalizer" daemon [_thread_blocked, id=7864, stack(0x000000d988f00000,0x000000d989000000)]
  0x000002aeffc43800 JavaThread "Signal Dispatcher" daemon [_thread_blocked, id=6336, stack(0x000000d989000000,0x000000d989100000)]
  0x000002aeffc44800 JavaThread "Attach Listener" daemon [_thread_blocked, id=21860, stack(0x000000d989100000,0x000000d989200000)]
  0x000002aeffc4b800 JavaThread "C2 CompilerThread0" daemon [_thread_in_native, id=19208, stack(0x000000d989200000,0x000000d989300000)]
  0x000002aeffc54000 JavaThread "C1 CompilerThread0" daemon [_thread_blocked, id=20740, stack(0x000000d989300000,0x000000d989400000)]
  0x000002aeffc55800 JavaThread "Sweeper thread" daemon [_thread_blocked, id=13900, stack(0x000000d989400000,0x000000d989500000)]
  0x000002aeffc0e800 JavaThread "Common-Cleaner" daemon [_thread_blocked, id=4184, stack(0x000000d989500000,0x000000d989600000)]
  0x000002ae9592b800 JavaThread "Monitor Ctrl-Break" daemon [_thread_in_native, id=15196, stack(0x000000d989600000,0x000000d989700000)]
  0x000002ae9592c000 JavaThread "Service Thread" daemon [_thread_blocked, id=16392, stack(0x000000d989700000,0x000000d989800000)]
  0x000002ae95921800 JavaThread "QuantumRenderer-0" daemon [_thread_in_native, id=17680, stack(0x000000d989900000,0x000000d989a00000)]
  0x000002ae95bae800 JavaThread "InvokeLaterDispatcher" daemon [_thread_blocked, id=12928, stack(0x000000d989a00000,0x000000d989b00000)]
  0x000002ae95bb7800 JavaThread "JavaFX Application Thread" [_thread_blocked, id=8596, stack(0x000000d989b00000,0x000000d989c00000)]
  0x000002ae958b2000 JavaThread "Thread-1" daemon [_thread_in_vm, id=9464, stack(0x000000d989f00000,0x000000d98a000000)]
  0x000002ae95e3b000 JavaThread "JavaFX-Launcher" [_thread_blocked, id=15664, stack(0x000000d98a000000,0x000000d98a100000)]
  0x000002ae95e69800 JavaThread "Media Resource Disposer" daemon [_thread_blocked, id=19084, stack(0x000000d98a200000,0x000000d98a300000)]
  0x000002ae95f60000 JavaThread "Java2D Disposer" daemon [_thread_blocked, id=9984, stack(0x000000d98a800000,0x000000d98a900000)]
  0x000002ae9cb38000 JavaThread "Prism Font Disposer" daemon [_thread_blocked, id=17656, stack(0x000000d98ad00000,0x000000d98ae00000)]
  0x000002ae9e44b000 JavaThread "Thread-3" daemon [_thread_blocked, id=21740, stack(0x000000d98a100000,0x000000d98a200000)]
  0x000002ae9e44f000 JavaThread "Cleaner-0" daemon [_thread_blocked, id=15020, stack(0x000000d98b400000,0x000000d98b500000)]
  0x000002ae9e44d800 JavaThread "JFXMedia Player EventQueueThread" daemon [_thread_blocked, id=19060, stack(0x000000d98b300000,0x000000d98b400000)]
  0x000002ae9e450000 JavaThread "JFXMedia Player EventQueueThread" daemon [_thread_blocked, id=10524, stack(0x000000d98ae00000,0x000000d98af00000)]
=>0x000002aea6ba4000 JavaThread "C2 CompilerThread1" daemon [_thread_in_native, id=12916, stack(0x000000d98b900000,0x000000d98ba00000)]
  0x000002ae9ef6b800 JavaThread "C2 CompilerThread2" daemon [_thread_blocked, id=11396, stack(0x000000d98c000000,0x000000d98c100000)]

Other Threads:
  0x000002aeffc29800 VMThread "VM Thread" [stack: 0x000000d988d00000,0x000000d988e00000] [id=18772]
  0x000002ae95923000 WatcherThread [stack: 0x000000d989800000,0x000000d989900000] [id=20448]
  0x000002aefa471800 GCTaskThread "GC Thread#0" [stack: 0x000000d988800000,0x000000d988900000] [id=9844]
  0x000002ae9629e800 GCTaskThread "GC Thread#1" [stack: 0x000000d98a300000,0x000000d98a400000] [id=11376]
  0x000002ae9606e000 GCTaskThread "GC Thread#2" [stack: 0x000000d98a400000,0x000000d98a500000] [id=15988]
  0x000002ae95e63800 GCTaskThread "GC Thread#3" [stack: 0x000000d98a500000,0x000000d98a600000] [id=18016]
  0x000002ae95e64000 GCTaskThread "GC Thread#4" [stack: 0x000000d98a600000,0x000000d98a700000] [id=21164]
  0x000002ae96209800 GCTaskThread "GC Thread#5" [stack: 0x000000d98a700000,0x000000d98a800000] [id=6584]
  0x000002aefa4a2800 ConcurrentGCThread "G1 Main Marker" [stack: 0x000000d988900000,0x000000d988a00000] [id=22284]
  0x000002aefa4a5000 ConcurrentGCThread "G1 Conc#0" [stack: 0x000000d988a00000,0x000000d988b00000] [id=8368]
  0x000002ae9ceac800 ConcurrentGCThread "G1 Conc#1" [stack: 0x000000d98c300000,0x000000d98c400000] [id=19316]
  0x000002aeffab6800 ConcurrentGCThread "G1 Refine#0" [stack: 0x000000d988b00000,0x000000d988c00000] [id=5044]
  0x000002aeffab7800 ConcurrentGCThread "G1 Young RemSet Sampling" [stack: 0x000000d988c00000,0x000000d988d00000] [id=12968]

Threads with active compile tasks:
C2 CompilerThread0  24095 5139       4       com.sun.scenario.effect.FilterEffect::filter (265 bytes)
C2 CompilerThread1  24095 5321       4       com.sun.prism.d3d.D3DGraphics::create (55 bytes)

VM state:not at safepoint (normal execution)

VM Mutex/Monitor currently owned by a thread: None

Heap address: 0x0000000082e00000, size: 2002 MB, Compressed Oops mode: 32-bit
Narrow klass base: 0x0000000800000000, Narrow klass shift: 3
Compressed class space size: 1073741824 Address: 0x0000000840000000

Heap:
 garbage-first heap   total 129024K, used 116447K [0x0000000082e00000, 0x0000000100000000)
  region size 1024K, 71 young (72704K), 1 survivors (1024K)
 Metaspace       used 21484K, capacity 22514K, committed 22656K, reserved 1069056K
  class space    used 2731K, capacity 3131K, committed 3200K, reserved 1048576K
Heap Regions: E=young(eden), S=young(survivor), O=old, HS=humongous(starts), HC=humongous(continues), CS=collection set, F=free, A=archive, TAMS=top-at-mark-start (previous, next)
|   0|0x0000000082e00000, 0x0000000082f00000, 0x0000000082f00000|100%| O|  |TAMS 0x0000000082f00000, 0x0000000082e00000| Untracked 
|   1|0x0000000082f00000, 0x0000000083000000, 0x0000000083000000|100%|HS|  |TAMS 0x0000000083000000, 0x0000000082f00000| Complete 
|   2|0x0000000083000000, 0x0000000083100000, 0x0000000083100000|100%|HC|  |TAMS 0x0000000083100000, 0x0000000083000000| Complete 
|   3|0x0000000083100000, 0x0000000083200000, 0x0000000083200000|100%|HC|  |TAMS 0x0000000083200000, 0x0000000083100000| Complete 
|   4|0x0000000083200000, 0x0000000083300000, 0x0000000083300000|100%|HC|  |TAMS 0x0000000083300000, 0x0000000083200000| Complete 
|   5|0x0000000083300000, 0x0000000083400000, 0x0000000083400000|100%|HC|  |TAMS 0x0000000083400000, 0x0000000083300000| Complete 
|   6|0x0000000083400000, 0x0000000083500000, 0x0000000083500000|100%|HS|  |TAMS 0x0000000083500000, 0x0000000083400000| Complete 
|   7|0x0000000083500000, 0x0000000083600000, 0x0000000083600000|100%|HS|  |TAMS 0x0000000083600000, 0x0000000083500000| Complete 
|   8|0x0000000083600000, 0x0000000083700000, 0x0000000083700000|100%|HS|  |TAMS 0x0000000083600000, 0x0000000083600000| Complete 
|   9|0x0000000083700000, 0x0000000083800000, 0x0000000083800000|100%|HS|  |TAMS 0x0000000083700000, 0x0000000083700000| Complete 
|  10|0x0000000083800000, 0x0000000083900000, 0x0000000083900000|100%|HS|  |TAMS 0x0000000083900000, 0x0000000083800000| Complete 
|  11|0x0000000083900000, 0x0000000083a00000, 0x0000000083a00000|100%|HC|  |TAMS 0x0000000083a00000, 0x0000000083900000| Complete 
|  12|0x0000000083a00000, 0x0000000083b00000, 0x0000000083b00000|100%|HS|  |TAMS 0x0000000083b00000, 0x0000000083a00000| Complete 
|  13|0x0000000083b00000, 0x0000000083c00000, 0x0000000083c00000|100%|HS|  |TAMS 0x0000000083c00000, 0x0000000083b00000| Complete 
|  14|0x0000000083c00000, 0x0000000083d00000, 0x0000000083d00000|100%|HS|  |TAMS 0x0000000083d00000, 0x0000000083c00000| Complete 
|  15|0x0000000083d00000, 0x0000000083e00000, 0x0000000083e00000|100%|HS|  |TAMS 0x0000000083e00000, 0x0000000083d00000| Complete 
|  16|0x0000000083e00000, 0x0000000083f00000, 0x0000000083f00000|100%| O|  |TAMS 0x0000000083f00000, 0x0000000083e00000| Untracked 
|  17|0x0000000083f00000, 0x0000000084000000, 0x0000000084000000|100%| O|  |TAMS 0x0000000084000000, 0x0000000083f00000| Untracked 
|  18|0x0000000084000000, 0x0000000084100000, 0x0000000084100000|100%| O|  |TAMS 0x0000000084100000, 0x0000000084000000| Untracked 
|  19|0x0000000084100000, 0x0000000084200000, 0x0000000084200000|100%| O|  |TAMS 0x0000000084200000, 0x0000000084100000| Untracked 
|  20|0x0000000084200000, 0x0000000084300000, 0x0000000084300000|100%| O|  |TAMS 0x0000000084300000, 0x0000000084200000| Untracked 
|  21|0x0000000084300000, 0x0000000084400000, 0x0000000084400000|100%| O|  |TAMS 0x0000000084400000, 0x0000000084300000| Untracked 
|  22|0x0000000084400000, 0x0000000084500000, 0x0000000084500000|100%| O|  |TAMS 0x0000000084500000, 0x0000000084400000| Untracked 
|  23|0x0000000084500000, 0x00000000845dc600, 0x0000000084600000| 86%| O|  |TAMS 0x00000000845dc600, 0x0000000084500000| Untracked 
|  24|0x0000000084600000, 0x0000000084700000, 0x0000000084700000|100%|HS|  |TAMS 0x0000000084600000, 0x0000000084600000| Complete 
|  25|0x0000000084700000, 0x0000000084800000, 0x0000000084800000|100%|HC|  |TAMS 0x0000000084700000, 0x0000000084700000| Complete 
|  26|0x0000000084800000, 0x0000000084900000, 0x0000000084900000|100%|HC|  |TAMS 0x0000000084800000, 0x0000000084800000| Complete 
|  27|0x0000000084900000, 0x0000000084a00000, 0x0000000084a00000|100%|HC|  |TAMS 0x0000000084900000, 0x0000000084900000| Complete 
|  28|0x0000000084a00000, 0x0000000084b00000, 0x0000000084b00000|100%|HC|  |TAMS 0x0000000084a00000, 0x0000000084a00000| Complete 
|  29|0x0000000084b00000, 0x0000000084c00000, 0x0000000084c00000|100%|HS|  |TAMS 0x0000000084b00000, 0x0000000084b00000| Complete 
|  30|0x0000000084c00000, 0x0000000084d00000, 0x0000000084d00000|100%|HC|  |TAMS 0x0000000084c00000, 0x0000000084c00000| Complete 
|  31|0x0000000084d00000, 0x0000000084e00000, 0x0000000084e00000|100%|HC|  |TAMS 0x0000000084d00000, 0x0000000084d00000| Complete 
|  32|0x0000000084e00000, 0x0000000084f00000, 0x0000000084f00000|100%|HC|  |TAMS 0x0000000084e00000, 0x0000000084e00000| Complete 
|  33|0x0000000084f00000, 0x0000000085000000, 0x0000000085000000|100%|HC|  |TAMS 0x0000000084f00000, 0x0000000084f00000| Complete 
|  34|0x0000000085000000, 0x0000000085100000, 0x0000000085100000|100%|HS|  |TAMS 0x0000000085000000, 0x0000000085000000| Complete 
|  35|0x0000000085100000, 0x0000000085200000, 0x0000000085200000|100%|HS|  |TAMS 0x0000000085100000, 0x0000000085100000| Complete 
|  36|0x0000000085200000, 0x0000000085300000, 0x0000000085300000|100%|HS|  |TAMS 0x0000000085200000, 0x0000000085200000| Complete 
|  37|0x0000000085300000, 0x0000000085400000, 0x0000000085400000|100%|HC|  |TAMS 0x0000000085300000, 0x0000000085300000| Complete 
|  38|0x0000000085400000, 0x0000000085500000, 0x0000000085500000|100%|HC|  |TAMS 0x0000000085400000, 0x0000000085400000| Complete 
|  39|0x0000000085500000, 0x0000000085600000, 0x0000000085600000|100%|HC|  |TAMS 0x0000000085500000, 0x0000000085500000| Complete 
|  40|0x0000000085600000, 0x0000000085700000, 0x0000000085700000|100%|HC|  |TAMS 0x0000000085600000, 0x0000000085600000| Complete 
|  41|0x0000000085700000, 0x0000000085800000, 0x0000000085800000|100%|HS|  |TAMS 0x0000000085700000, 0x0000000085700000| Complete 
|  42|0x0000000085800000, 0x0000000085900000, 0x0000000085900000|100%|HS|  |TAMS 0x0000000085800000, 0x0000000085800000| Complete 
|  43|0x0000000085900000, 0x0000000085a00000, 0x0000000085a00000|100%|HS|  |TAMS 0x0000000085900000, 0x0000000085900000| Complete 
|  44|0x0000000085a00000, 0x0000000085b00000, 0x0000000085b00000|100%|HS|  |TAMS 0x0000000085a00000, 0x0000000085a00000| Complete 
|  45|0x0000000085b00000, 0x0000000085b00000, 0x0000000085c00000|  0%| F|  |TAMS 0x0000000085b00000, 0x0000000085b00000| Untracked 
|  46|0x0000000085c00000, 0x0000000085c00000, 0x0000000085d00000|  0%| F|  |TAMS 0x0000000085c00000, 0x0000000085c00000| Untracked 
|  47|0x0000000085d00000, 0x0000000085d00000, 0x0000000085e00000|  0%| F|  |TAMS 0x0000000085d00000, 0x0000000085d00000| Untracked 
|  48|0x0000000085e00000, 0x0000000085e00000, 0x0000000085f00000|  0%| F|  |TAMS 0x0000000085e00000, 0x0000000085e00000| Untracked 
|  49|0x0000000085f00000, 0x0000000085f00000, 0x0000000086000000|  0%| F|  |TAMS 0x0000000085f00000, 0x0000000085f00000| Untracked 
|  50|0x0000000086000000, 0x0000000086000000, 0x0000000086100000|  0%| F|  |TAMS 0x0000000086000000, 0x0000000086000000| Untracked 
|  51|0x0000000086100000, 0x0000000086100000, 0x0000000086200000|  0%| F|  |TAMS 0x0000000086100000, 0x0000000086100000| Untracked 
|  52|0x0000000086200000, 0x0000000086200000, 0x0000000086300000|  0%| F|  |TAMS 0x0000000086200000, 0x0000000086200000| Untracked 
|  53|0x0000000086300000, 0x0000000086300000, 0x0000000086400000|  0%| F|  |TAMS 0x0000000086300000, 0x0000000086300000| Untracked 
|  54|0x0000000086400000, 0x0000000086400000, 0x0000000086500000|  0%| F|  |TAMS 0x0000000086400000, 0x0000000086400000| Untracked 
|  55|0x0000000086500000, 0x00000000865db640, 0x0000000086600000| 85%| S|CS|TAMS 0x0000000086500000, 0x0000000086500000| Complete 
|  56|0x0000000086600000, 0x000000008665cd98, 0x0000000086700000| 36%| E|  |TAMS 0x0000000086600000, 0x0000000086600000| Complete 
|  57|0x0000000086700000, 0x0000000086800000, 0x0000000086800000|100%| E|CS|TAMS 0x0000000086700000, 0x0000000086700000| Complete 
|  58|0x0000000086800000, 0x0000000086900000, 0x0000000086900000|100%| E|CS|TAMS 0x0000000086800000, 0x0000000086800000| Complete 
|  59|0x0000000086900000, 0x0000000086a00000, 0x0000000086a00000|100%| E|CS|TAMS 0x0000000086900000, 0x0000000086900000| Complete 
|  60|0x0000000086a00000, 0x0000000086b00000, 0x0000000086b00000|100%| E|CS|TAMS 0x0000000086a00000, 0x0000000086a00000| Complete 
|  61|0x0000000086b00000, 0x0000000086c00000, 0x0000000086c00000|100%| E|  |TAMS 0x0000000086b00000, 0x0000000086b00000| Complete 
|  62|0x0000000086c00000, 0x0000000086d00000, 0x0000000086d00000|100%| E|CS|TAMS 0x0000000086c00000, 0x0000000086c00000| Complete 
|  63|0x0000000086d00000, 0x0000000086e00000, 0x0000000086e00000|100%| E|CS|TAMS 0x0000000086d00000, 0x0000000086d00000| Complete 
|  64|0x0000000086e00000, 0x0000000086f00000, 0x0000000086f00000|100%| E|CS|TAMS 0x0000000086e00000, 0x0000000086e00000| Complete 
|  65|0x0000000086f00000, 0x0000000087000000, 0x0000000087000000|100%| E|CS|TAMS 0x0000000086f00000, 0x0000000086f00000| Complete 
|  66|0x0000000087000000, 0x0000000087100000, 0x0000000087100000|100%| E|CS|TAMS 0x0000000087000000, 0x0000000087000000| Complete 
|  67|0x0000000087100000, 0x0000000087200000, 0x0000000087200000|100%| E|CS|TAMS 0x0000000087100000, 0x0000000087100000| Complete 
|  68|0x0000000087200000, 0x0000000087300000, 0x0000000087300000|100%| E|CS|TAMS 0x0000000087200000, 0x0000000087200000| Complete 
|  69|0x0000000087300000, 0x0000000087400000, 0x0000000087400000|100%| E|CS|TAMS 0x0000000087300000, 0x0000000087300000| Complete 
|  70|0x0000000087400000, 0x0000000087500000, 0x0000000087500000|100%| E|CS|TAMS 0x0000000087400000, 0x0000000087400000| Complete 
|  71|0x0000000087500000, 0x0000000087600000, 0x0000000087600000|100%| E|CS|TAMS 0x0000000087500000, 0x0000000087500000| Complete 
|  72|0x0000000087600000, 0x0000000087700000, 0x0000000087700000|100%| E|CS|TAMS 0x0000000087600000, 0x0000000087600000| Complete 
|  73|0x0000000087700000, 0x0000000087800000, 0x0000000087800000|100%| E|CS|TAMS 0x0000000087700000, 0x0000000087700000| Complete 
|  74|0x0000000087800000, 0x0000000087900000, 0x0000000087900000|100%| E|CS|TAMS 0x0000000087800000, 0x0000000087800000| Complete 
|  75|0x0000000087900000, 0x0000000087a00000, 0x0000000087a00000|100%| E|CS|TAMS 0x0000000087900000, 0x0000000087900000| Complete 
|  76|0x0000000087a00000, 0x0000000087b00000, 0x0000000087b00000|100%| E|CS|TAMS 0x0000000087a00000, 0x0000000087a00000| Complete 
|  77|0x0000000087b00000, 0x0000000087c00000, 0x0000000087c00000|100%| E|CS|TAMS 0x0000000087b00000, 0x0000000087b00000| Complete 
|  78|0x0000000087c00000, 0x0000000087d00000, 0x0000000087d00000|100%| E|CS|TAMS 0x0000000087c00000, 0x0000000087c00000| Complete 
|  79|0x0000000087d00000, 0x0000000087e00000, 0x0000000087e00000|100%| E|CS|TAMS 0x0000000087d00000, 0x0000000087d00000| Complete 
|  80|0x0000000087e00000, 0x0000000087f00000, 0x0000000087f00000|100%| E|CS|TAMS 0x0000000087e00000, 0x0000000087e00000| Complete 
|  81|0x0000000087f00000, 0x0000000088000000, 0x0000000088000000|100%| E|CS|TAMS 0x0000000087f00000, 0x0000000087f00000| Complete 
|  82|0x0000000088000000, 0x0000000088100000, 0x0000000088100000|100%| E|CS|TAMS 0x0000000088000000, 0x0000000088000000| Complete 
|  83|0x0000000088100000, 0x0000000088200000, 0x0000000088200000|100%| E|CS|TAMS 0x0000000088100000, 0x0000000088100000| Complete 
|  84|0x0000000088200000, 0x0000000088300000, 0x0000000088300000|100%| E|CS|TAMS 0x0000000088200000, 0x0000000088200000| Complete 
|  85|0x0000000088300000, 0x0000000088400000, 0x0000000088400000|100%| E|CS|TAMS 0x0000000088300000, 0x0000000088300000| Complete 
|  86|0x0000000088400000, 0x0000000088500000, 0x0000000088500000|100%| E|CS|TAMS 0x0000000088400000, 0x0000000088400000| Complete 
|  87|0x0000000088500000, 0x0000000088600000, 0x0000000088600000|100%| E|CS|TAMS 0x0000000088500000, 0x0000000088500000| Complete 
|  88|0x0000000088600000, 0x0000000088700000, 0x0000000088700000|100%| E|CS|TAMS 0x0000000088600000, 0x0000000088600000| Complete 
|  89|0x0000000088700000, 0x0000000088800000, 0x0000000088800000|100%| E|CS|TAMS 0x0000000088700000, 0x0000000088700000| Complete 
|  90|0x0000000088800000, 0x0000000088900000, 0x0000000088900000|100%| E|CS|TAMS 0x0000000088800000, 0x0000000088800000| Complete 
|  91|0x0000000088900000, 0x0000000088a00000, 0x0000000088a00000|100%| E|CS|TAMS 0x0000000088900000, 0x0000000088900000| Complete 
|  92|0x0000000088a00000, 0x0000000088b00000, 0x0000000088b00000|100%| E|CS|TAMS 0x0000000088a00000, 0x0000000088a00000| Complete 
|  93|0x0000000088b00000, 0x0000000088c00000, 0x0000000088c00000|100%| E|CS|TAMS 0x0000000088b00000, 0x0000000088b00000| Complete 
|  94|0x0000000088c00000, 0x0000000088d00000, 0x0000000088d00000|100%| E|CS|TAMS 0x0000000088c00000, 0x0000000088c00000| Complete 
|  95|0x0000000088d00000, 0x0000000088e00000, 0x0000000088e00000|100%| E|CS|TAMS 0x0000000088d00000, 0x0000000088d00000| Complete 
|  96|0x0000000088e00000, 0x0000000088f00000, 0x0000000088f00000|100%| E|CS|TAMS 0x0000000088e00000, 0x0000000088e00000| Complete 
|  97|0x0000000088f00000, 0x0000000089000000, 0x0000000089000000|100%| E|CS|TAMS 0x0000000088f00000, 0x0000000088f00000| Complete 
|  98|0x0000000089000000, 0x0000000089100000, 0x0000000089100000|100%| E|CS|TAMS 0x0000000089000000, 0x0000000089000000| Complete 
|  99|0x0000000089100000, 0x0000000089200000, 0x0000000089200000|100%| E|CS|TAMS 0x0000000089100000, 0x0000000089100000| Complete 
| 100|0x0000000089200000, 0x0000000089300000, 0x0000000089300000|100%| E|CS|TAMS 0x0000000089200000, 0x0000000089200000| Complete 
| 101|0x0000000089300000, 0x0000000089400000, 0x0000000089400000|100%| E|CS|TAMS 0x0000000089300000, 0x0000000089300000| Complete 
| 102|0x0000000089400000, 0x0000000089500000, 0x0000000089500000|100%| E|CS|TAMS 0x0000000089400000, 0x0000000089400000| Complete 
| 103|0x0000000089500000, 0x0000000089600000, 0x0000000089600000|100%| E|CS|TAMS 0x0000000089500000, 0x0000000089500000| Complete 
| 104|0x0000000089600000, 0x0000000089700000, 0x0000000089700000|100%| E|CS|TAMS 0x0000000089600000, 0x0000000089600000| Complete 
| 105|0x0000000089700000, 0x0000000089800000, 0x0000000089800000|100%| E|CS|TAMS 0x0000000089700000, 0x0000000089700000| Complete 
| 106|0x0000000089800000, 0x0000000089900000, 0x0000000089900000|100%| E|CS|TAMS 0x0000000089800000, 0x0000000089800000| Complete 
| 107|0x0000000089900000, 0x0000000089a00000, 0x0000000089a00000|100%| E|CS|TAMS 0x0000000089900000, 0x0000000089900000| Complete 
| 108|0x0000000089a00000, 0x0000000089b00000, 0x0000000089b00000|100%| E|CS|TAMS 0x0000000089a00000, 0x0000000089a00000| Complete 
| 109|0x0000000089b00000, 0x0000000089c00000, 0x0000000089c00000|100%| E|CS|TAMS 0x0000000089b00000, 0x0000000089b00000| Complete 
| 110|0x0000000089c00000, 0x0000000089d00000, 0x0000000089d00000|100%| E|CS|TAMS 0x0000000089c00000, 0x0000000089c00000| Complete 
| 111|0x0000000089d00000, 0x0000000089e00000, 0x0000000089e00000|100%| E|CS|TAMS 0x0000000089d00000, 0x0000000089d00000| Complete 
| 112|0x0000000089e00000, 0x0000000089f00000, 0x0000000089f00000|100%| E|CS|TAMS 0x0000000089e00000, 0x0000000089e00000| Complete 
| 113|0x0000000089f00000, 0x000000008a000000, 0x000000008a000000|100%| E|CS|TAMS 0x0000000089f00000, 0x0000000089f00000| Complete 
| 114|0x000000008a000000, 0x000000008a100000, 0x000000008a100000|100%| E|CS|TAMS 0x000000008a000000, 0x000000008a000000| Complete 
| 115|0x000000008a100000, 0x000000008a200000, 0x000000008a200000|100%| E|CS|TAMS 0x000000008a100000, 0x000000008a100000| Complete 
| 116|0x000000008a200000, 0x000000008a300000, 0x000000008a300000|100%| E|CS|TAMS 0x000000008a200000, 0x000000008a200000| Complete 
| 117|0x000000008a300000, 0x000000008a400000, 0x000000008a400000|100%| E|CS|TAMS 0x000000008a300000, 0x000000008a300000| Complete 
| 118|0x000000008a400000, 0x000000008a500000, 0x000000008a500000|100%| E|CS|TAMS 0x000000008a400000, 0x000000008a400000| Complete 
| 119|0x000000008a500000, 0x000000008a600000, 0x000000008a600000|100%| E|CS|TAMS 0x000000008a500000, 0x000000008a500000| Complete 
| 120|0x000000008a600000, 0x000000008a700000, 0x000000008a700000|100%| E|CS|TAMS 0x000000008a600000, 0x000000008a600000| Complete 
| 121|0x000000008a700000, 0x000000008a800000, 0x000000008a800000|100%| E|CS|TAMS 0x000000008a700000, 0x000000008a700000| Complete 
| 122|0x000000008a800000, 0x000000008a900000, 0x000000008a900000|100%| E|CS|TAMS 0x000000008a800000, 0x000000008a800000| Complete 
| 123|0x000000008a900000, 0x000000008aa00000, 0x000000008aa00000|100%| E|CS|TAMS 0x000000008a900000, 0x000000008a900000| Complete 
| 124|0x000000008aa00000, 0x000000008ab00000, 0x000000008ab00000|100%| E|CS|TAMS 0x000000008aa00000, 0x000000008aa00000| Complete 
| 125|0x000000008ab00000, 0x000000008ac00000, 0x000000008ac00000|100%| E|CS|TAMS 0x000000008ab00000, 0x000000008ab00000| Complete 

Card table byte_map: [0x000002aefea40000,0x000002aefee30000] _byte_map_base: 0x000002aefe629000

Marking Bits (Prev, Next): (CMBitMap*) 0x000002aefa49a1c0, (CMBitMap*) 0x000002aefa49a188
 Prev Bits: [0x000002ae90f50000, 0x000002ae92e98000)
 Next Bits: [0x000002ae8f000000, 0x000002ae90f48000)

Polling page: 0x000002aef8420000

Metaspace:

Usage:
  Non-class:     18.93 MB capacity,    18.31 MB ( 97%) used,   526.79 KB (  3%) free+waste,   103.31 KB ( <1%) overhead. 
      Class:      3.06 MB capacity,     2.67 MB ( 87%) used,   346.70 KB ( 11%) free+waste,    52.75 KB (  2%) overhead. 
       Both:     21.99 MB capacity,    20.98 MB ( 95%) used,   873.48 KB (  4%) free+waste,   156.06 KB ( <1%) overhead. 

Virtual space:
  Non-class space:       20.00 MB reserved,      19.00 MB ( 95%) committed 
      Class space:        1.00 GB reserved,       3.13 MB ( <1%) committed 
             Both:        1.02 GB reserved,      22.13 MB (  2%) committed 

Chunk freelists:
   Non-Class:  9.00 KB
       Class:  0 bytes
        Both:  9.00 KB

MaxMetaspaceSize: 17179869184.00 GB
CompressedClassSpaceSize: 1.00 GB

CodeHeap 'non-profiled nmethods': size=120000Kb used=4133Kb max_used=4133Kb free=115866Kb
 bounds [0x000002ae87ad0000, 0x000002ae87ee0000, 0x000002ae8f000000]
CodeHeap 'profiled nmethods': size=120000Kb used=11801Kb max_used=11801Kb free=108198Kb
 bounds [0x000002ae805a0000, 0x000002ae81130000, 0x000002ae87ad0000]
CodeHeap 'non-nmethods': size=5760Kb used=1397Kb max_used=1446Kb free=4362Kb
 bounds [0x000002ae80000000, 0x000002ae80270000, 0x000002ae805a0000]
 total_blobs=8256 nmethods=5322 adapters=752
 compilation: enabled
              stopped_count=0, restarted_count=0
 full_count=0

Compilation events (20 events):
Event: 24.052 Thread 0x000002aeffc54000 nmethod 5315 0x000002ae81123090 code [0x000002ae81123240, 0x000002ae811233d8]
Event: 24.055 Thread 0x000002aeffc54000 5316       1       com.sun.prism.impl.ps.BaseShaderContext::getLCDBuffer (5 bytes)
Event: 24.055 Thread 0x000002aeffc54000 nmethod 5316 0x000002ae87ed8710 code [0x000002ae87ed88c0, 0x000002ae87ed89f8]
Event: 24.058 Thread 0x000002aea6ba4000 5317       4       com.sun.prism.impl.BaseGraphics::validateTransformAndPaint (71 bytes)
Event: 24.059 Thread 0x000002aeffc54000 5318       1       com.sun.prism.impl.packrect.RectanglePacker::getBackingStore (5 bytes)
Event: 24.059 Thread 0x000002aeffc54000 nmethod 5318 0x000002ae87ed8a90 code [0x000002ae87ed8c40, 0x000002ae87ed8d78]
Event: 24.059 Thread 0x000002aea6ba4000 nmethod 5317 0x000002ae87ed8e10 code [0x000002ae87ed8fc0, 0x000002ae87ed90e8]
Event: 24.061 Thread 0x000002ae9ef6b800 5319       4       java.lang.String::checkBoundsBeginEnd (60 bytes)
Event: 24.061 Thread 0x000002aeffc54000 5320       3       com.sun.javafx.geom.Rectangle::grow (335 bytes)
Event: 24.061 Thread 0x000002ae9ef6b800 nmethod 5319 0x000002ae87ed9290 code [0x000002ae87ed9420, 0x000002ae87ed94b8]
Event: 24.062 Thread 0x000002aea6ba4000 5321       4       com.sun.prism.d3d.D3DGraphics::create (55 bytes)
Event: 24.062 Thread 0x000002aeffc54000 nmethod 5320 0x000002ae81123490 code [0x000002ae81123680, 0x000002ae81123e18]
Event: 24.063 Thread 0x000002aeffc54000 5322       3       com.sun.javafx.geom.transform.AffineBase::transform (301 bytes)
Event: 24.063 Thread 0x000002aeffc54000 nmethod 5322 0x000002ae81123f10 code [0x000002ae81124160, 0x000002ae81124cb0]
Event: 24.067 Thread 0x000002aeffc54000 5323       3       com.sun.javafx.font.CompositeStrike::getQuantizedPosition (12 bytes)
Event: 24.067 Thread 0x000002aeffc54000 nmethod 5323 0x000002ae81125090 code [0x000002ae81125260, 0x000002ae81125500]
Event: 24.067 Thread 0x000002aeffc54000 5324       3       com.sun.javafx.font.directwrite.DWFontStrike::getQuantizedPosition (151 bytes)
Event: 24.067 Thread 0x000002aeffc54000 nmethod 5324 0x000002ae81125610 code [0x000002ae81125820, 0x000002ae81125cc0]
Event: 24.068 Thread 0x000002aeffc54000 5325       3       com.sun.scenario.effect.Effect::setInput (62 bytes)
Event: 24.068 Thread 0x000002aeffc54000 nmethod 5325 0x000002ae81125e10 code [0x000002ae81126020, 0x000002ae811265e0]

GC Heap History (20 events):
Event: 0.556 GC heap before
{Heap before GC invocations=0 (full 0):
 garbage-first heap   total 129024K, used 23552K [0x0000000082e00000, 0x0000000100000000)
  region size 1024K, 24 young (24576K), 0 survivors (0K)
 Metaspace       used 8033K, capacity 9556K, committed 9728K, reserved 1058816K
  class space    used 943K, capacity 1205K, committed 1280K, reserved 1048576K
}
Event: 0.560 GC heap after
{Heap after GC invocations=1 (full 0):
 garbage-first heap   total 129024K, used 3243K [0x0000000082e00000, 0x0000000100000000)
  region size 1024K, 3 young (3072K), 3 survivors (3072K)
 Metaspace       used 8033K, capacity 9556K, committed 9728K, reserved 1058816K
  class space    used 943K, capacity 1205K, committed 1280K, reserved 1048576K
}
Event: 6.808 GC heap before
{Heap before GC invocations=1 (full 0):
 garbage-first heap   total 129024K, used 88235K [0x0000000082e00000, 0x0000000100000000)
  region size 1024K, 75 young (76800K), 3 survivors (3072K)
 Metaspace       used 19554K, capacity 20450K, committed 20736K, reserved 1067008K
  class space    used 2579K, capacity 2975K, committed 3072K, reserved 1048576K
}
Event: 6.816 GC heap after
{Heap after GC invocations=2 (full 0):
 garbage-first heap   total 129024K, used 20478K [0x0000000082e00000, 0x0000000100000000)
  region size 1024K, 9 young (9216K), 9 survivors (9216K)
 Metaspace       used 19554K, capacity 20450K, committed 20736K, reserved 1067008K
  class space    used 2579K, capacity 2975K, committed 3072K, reserved 1048576K
}
Event: 7.135 GC heap before
{Heap before GC invocations=2 (full 0):
 garbage-first heap   total 129024K, used 43006K [0x0000000082e00000, 0x0000000100000000)
  region size 1024K, 28 young (28672K), 9 survivors (9216K)
 Metaspace       used 20308K, capacity 21221K, committed 21248K, reserved 1067008K
  class space    used 2670K, capacity 3058K, committed 3072K, reserved 1048576K
}
Event: 7.146 GC heap after
{Heap after GC invocations=3 (full 0):
 garbage-first heap   total 129024K, used 25867K [0x0000000082e00000, 0x0000000100000000)
  region size 1024K, 2 young (2048K), 2 survivors (2048K)
 Metaspace       used 20308K, capacity 21221K, committed 21248K, reserved 1067008K
  class space    used 2670K, capacity 3058K, committed 3072K, reserved 1048576K
}
Event: 8.928 GC heap before
{Heap before GC invocations=4 (full 0):
 garbage-first heap   total 129024K, used 76043K [0x0000000082e00000, 0x0000000100000000)
  region size 1024K, 53 young (54272K), 2 survivors (2048K)
 Metaspace       used 20551K, capacity 21542K, committed 21760K, reserved 1069056K
  class space    used 2671K, capacity 3058K, committed 3072K, reserved 1048576K
}
Event: 8.932 GC heap after
{Heap after GC invocations=5 (full 0):
 garbage-first heap   total 129024K, used 23269K [0x0000000082e00000, 0x0000000100000000)
  region size 1024K, 1 young (1024K), 1 survivors (1024K)
 Metaspace       used 20551K, capacity 21542K, committed 21760K, reserved 1069056K
  class space    used 2671K, capacity 3058K, committed 3072K, reserved 1048576K
}
Event: 10.399 GC heap before
{Heap before GC invocations=5 (full 0):
 garbage-first heap   total 129024K, used 82661K [0x0000000082e00000, 0x0000000100000000)
  region size 1024K, 59 young (60416K), 1 survivors (1024K)
 Metaspace       used 20634K, capacity 21575K, committed 21888K, reserved 1069056K
  class space    used 2688K, capacity 3090K, committed 3200K, reserved 1048576K
}
Event: 10.401 GC heap after
{Heap after GC invocations=6 (full 0):
 garbage-first heap   total 129024K, used 23255K [0x0000000082e00000, 0x0000000100000000)
  region size 1024K, 1 young (1024K), 1 survivors (1024K)
 Metaspace       used 20634K, capacity 21575K, committed 21888K, reserved 1069056K
  class space    used 2688K, capacity 3090K, committed 3200K, reserved 1048576K
}
Event: 12.119 GC heap before
{Heap before GC invocations=6 (full 0):
 garbage-first heap   total 129024K, used 85719K [0x0000000082e00000, 0x0000000100000000)
  region size 1024K, 62 young (63488K), 1 survivors (1024K)
 Metaspace       used 20707K, capacity 21640K, committed 21888K, reserved 1069056K
  class space    used 2688K, capacity 3090K, committed 3200K, reserved 1048576K
}
Event: 12.122 GC heap after
{Heap after GC invocations=7 (full 0):
 garbage-first heap   total 129024K, used 23203K [0x0000000082e00000, 0x0000000100000000)
  region size 1024K, 1 young (1024K), 1 survivors (1024K)
 Metaspace       used 20707K, capacity 21640K, committed 21888K, reserved 1069056K
  class space    used 2688K, capacity 3090K, committed 3200K, reserved 1048576K
}
Event: 14.032 GC heap before
{Heap before GC invocations=7 (full 0):
 garbage-first heap   total 129024K, used 88739K [0x0000000082e00000, 0x0000000100000000)
  region size 1024K, 65 young (66560K), 1 survivors (1024K)
 Metaspace       used 20730K, capacity 21640K, committed 21888K, reserved 1069056K
  class space    used 2688K, capacity 3090K, committed 3200K, reserved 1048576K
}
Event: 14.034 GC heap after
{Heap after GC invocations=8 (full 0):
 garbage-first heap   total 129024K, used 23188K [0x0000000082e00000, 0x0000000100000000)
  region size 1024K, 1 young (1024K), 1 survivors (1024K)
 Metaspace       used 20730K, capacity 21640K, committed 21888K, reserved 1069056K
  class space    used 2688K, capacity 3090K, committed 3200K, reserved 1048576K
}
Event: 16.043 GC heap before
{Heap before GC invocations=8 (full 0):
 garbage-first heap   total 129024K, used 91796K [0x0000000082e00000, 0x0000000100000000)
  region size 1024K, 67 young (68608K), 1 survivors (1024K)
 Metaspace       used 20763K, capacity 21711K, committed 21888K, reserved 1069056K
  class space    used 2689K, capacity 3091K, committed 3200K, reserved 1048576K
}
Event: 16.047 GC heap after
{Heap after GC invocations=9 (full 0):
 garbage-first heap   total 129024K, used 24256K [0x0000000082e00000, 0x0000000100000000)
  region size 1024K, 1 young (1024K), 1 survivors (1024K)
 Metaspace       used 20763K, capacity 21711K, committed 21888K, reserved 1069056K
  class space    used 2689K, capacity 3091K, committed 3200K, reserved 1048576K
}
Event: 17.556 GC heap before
{Heap before GC invocations=9 (full 0):
 garbage-first heap   total 129024K, used 92864K [0x0000000082e00000, 0x0000000100000000)
  region size 1024K, 68 young (69632K), 1 survivors (1024K)
 Metaspace       used 20789K, capacity 21711K, committed 21888K, reserved 1069056K
  class space    used 2689K, capacity 3091K, committed 3200K, reserved 1048576K
}
Event: 17.561 GC heap after
{Heap after GC invocations=10 (full 0):
 garbage-first heap   total 129024K, used 24323K [0x0000000082e00000, 0x0000000100000000)
  region size 1024K, 1 young (1024K), 1 survivors (1024K)
 Metaspace       used 20789K, capacity 21711K, committed 21888K, reserved 1069056K
  class space    used 2689K, capacity 3091K, committed 3200K, reserved 1048576K
}
Event: 19.767 GC heap before
{Heap before GC invocations=10 (full 0):
 garbage-first heap   total 129024K, used 94979K [0x0000000082e00000, 0x0000000100000000)
  region size 1024K, 70 young (71680K), 1 survivors (1024K)
 Metaspace       used 20813K, capacity 21711K, committed 21888K, reserved 1069056K
  class space    used 2689K, capacity 3091K, committed 3200K, reserved 1048576K
}
Event: 19.769 GC heap after
{Heap after GC invocations=11 (full 0):
 garbage-first heap   total 129024K, used 24287K [0x0000000082e00000, 0x0000000100000000)
  region size 1024K, 1 young (1024K), 1 survivors (1024K)
 Metaspace       used 20813K, capacity 21711K, committed 21888K, reserved 1069056K
  class space    used 2689K, capacity 3091K, committed 3200K, reserved 1048576K
}

Deoptimization events (20 events):
Event: 23.992 Thread 0x000002ae95921800 Uncommon trap: trap_request=0xffffff4d fr.pc=0x000002ae87de59dc relative=0x000000000000021c
Event: 23.992 Thread 0x000002ae95921800 Uncommon trap: reason=unstable_if action=reinterpret pc=0x000002ae87de59dc method=com.sun.prism.impl.ManagedResource.isLocked()Z @ 4 c2
Event: 23.992 Thread 0x000002ae95921800 DEOPT PACKING pc=0x000002ae87de59dc sp=0x000000d9899fe9b0
Event: 23.992 Thread 0x000002ae95921800 DEOPT UNPACKING pc=0x000002ae8002922f sp=0x000000d9899fe900 mode 2
Event: 23.995 Thread 0x000002ae95921800 Uncommon trap: trap_request=0xfffffff4 fr.pc=0x000002ae87c28910 relative=0x0000000000000430
Event: 23.995 Thread 0x000002ae95921800 Uncommon trap: reason=null_check action=make_not_entrant pc=0x000002ae87c28910 method=com.sun.prism.impl.ps.BaseShaderGraphics.drawTexture(Lcom/sun/prism/Texture;FFFFFFFF)V @ 1 c2
Event: 23.995 Thread 0x000002ae95921800 DEOPT PACKING pc=0x000002ae87c28910 sp=0x000000d9899fdec0
Event: 23.995 Thread 0x000002ae95921800 DEOPT UNPACKING pc=0x000002ae8002922f sp=0x000000d9899fde90 mode 2
Event: 23.996 Thread 0x000002ae95bb7800 Uncommon trap: trap_request=0xffffff6e fr.pc=0x000002ae87eb3e5c relative=0x000000000000027c
Event: 23.996 Thread 0x000002ae95bb7800 Uncommon trap: reason=speculate_class_check action=maybe_recompile pc=0x000002ae87eb3e5c method=javafx.animation.Interpolator.interpolate(DDD)D @ 7 c2
Event: 23.996 Thread 0x000002ae95bb7800 DEOPT PACKING pc=0x000002ae87eb3e5c sp=0x000000d989bfc9c0
Event: 23.996 Thread 0x000002ae95bb7800 DEOPT UNPACKING pc=0x000002ae8002922f sp=0x000000d989bfc818 mode 2
Event: 23.998 Thread 0x000002ae95bb7800 Uncommon trap: trap_request=0xffffff6e fr.pc=0x000002ae87eb3e5c relative=0x000000000000027c
Event: 23.998 Thread 0x000002ae95bb7800 Uncommon trap: reason=speculate_class_check action=maybe_recompile pc=0x000002ae87eb3e5c method=javafx.animation.Interpolator.interpolate(DDD)D @ 7 c2
Event: 23.998 Thread 0x000002ae95bb7800 DEOPT PACKING pc=0x000002ae87eb3e5c sp=0x000000d989bfc9c0
Event: 23.998 Thread 0x000002ae95bb7800 DEOPT UNPACKING pc=0x000002ae8002922f sp=0x000000d989bfc818 mode 2
Event: 24.045 Thread 0x000002ae95921800 Uncommon trap: trap_request=0xffffff4d fr.pc=0x000002ae87c29a94 relative=0x0000000000000154
Event: 24.045 Thread 0x000002ae95921800 Uncommon trap: reason=unstable_if action=reinterpret pc=0x000002ae87c29a94 method=com.sun.javafx.geom.Rectangle.grow(II)V @ 70 c2
Event: 24.045 Thread 0x000002ae95921800 DEOPT PACKING pc=0x000002ae87c29a94 sp=0x000000d9899fd550
Event: 24.045 Thread 0x000002ae95921800 DEOPT UNPACKING pc=0x000002ae8002922f sp=0x000000d9899fd4b8 mode 2

Classes redefined (0 events):
No events

Internal exceptions (20 events):
Event: 24.029 Thread 0x000002ae95921800 Implicit null exception at 0x000002ae8093dacd to 0x000002ae8093e4e8
Event: 24.029 Thread 0x000002ae95921800 Exception <a 'java/lang/NullPointerException'{0x0000000086772e78}> (0x0000000086772e78) thrown at [c:/BuildAgent/work/5ff2f6c26000d570/src/hotspot/share/runtime/sharedRuntime.cpp, line 584]
Event: 24.031 Thread 0x000002ae95921800 Implicit null exception at 0x000002ae8093dacd to 0x000002ae8093e4e8
Event: 24.031 Thread 0x000002ae95921800 Exception <a 'java/lang/NullPointerException'{0x00000000867821f0}> (0x00000000867821f0) thrown at [c:/BuildAgent/work/5ff2f6c26000d570/src/hotspot/share/runtime/sharedRuntime.cpp, line 584]
Event: 24.034 Thread 0x000002ae95921800 Implicit null exception at 0x000002ae8093dacd to 0x000002ae8093e4e8
Event: 24.034 Thread 0x000002ae95921800 Exception <a 'java/lang/NullPointerException'{0x00000000867917b8}> (0x00000000867917b8) thrown at [c:/BuildAgent/work/5ff2f6c26000d570/src/hotspot/share/runtime/sharedRuntime.cpp, line 584]
Event: 24.037 Thread 0x000002ae95921800 Implicit null exception at 0x000002ae8093dacd to 0x000002ae8093e4e8
Event: 24.037 Thread 0x000002ae95921800 Exception <a 'java/lang/NullPointerException'{0x00000000867a0b30}> (0x00000000867a0b30) thrown at [c:/BuildAgent/work/5ff2f6c26000d570/src/hotspot/share/runtime/sharedRuntime.cpp, line 584]
Event: 24.039 Thread 0x000002ae95921800 Implicit null exception at 0x000002ae8093dacd to 0x000002ae8093e4e8
Event: 24.040 Thread 0x000002ae95921800 Exception <a 'java/lang/NullPointerException'{0x00000000867b0148}> (0x00000000867b0148) thrown at [c:/BuildAgent/work/5ff2f6c26000d570/src/hotspot/share/runtime/sharedRuntime.cpp, line 584]
Event: 24.042 Thread 0x000002ae95921800 Implicit null exception at 0x000002ae8093dacd to 0x000002ae8093e4e8
Event: 24.042 Thread 0x000002ae95921800 Exception <a 'java/lang/NullPointerException'{0x00000000867bf4b8}> (0x00000000867bf4b8) thrown at [c:/BuildAgent/work/5ff2f6c26000d570/src/hotspot/share/runtime/sharedRuntime.cpp, line 584]
Event: 24.052 Thread 0x000002ae95921800 Implicit null exception at 0x000002ae8093dacd to 0x000002ae8093e4e8
Event: 24.052 Thread 0x000002ae95921800 Exception <a 'java/lang/NullPointerException'{0x00000000867ddc08}> (0x00000000867ddc08) thrown at [c:/BuildAgent/work/5ff2f6c26000d570/src/hotspot/share/runtime/sharedRuntime.cpp, line 584]
Event: 24.056 Thread 0x000002ae95921800 Implicit null exception at 0x000002ae8093dacd to 0x000002ae8093e4e8
Event: 24.056 Thread 0x000002ae95921800 Exception <a 'java/lang/NullPointerException'{0x00000000867f8638}> (0x00000000867f8638) thrown at [c:/BuildAgent/work/5ff2f6c26000d570/src/hotspot/share/runtime/sharedRuntime.cpp, line 584]
Event: 24.061 Thread 0x000002ae95921800 Implicit null exception at 0x000002ae8093dacd to 0x000002ae8093e4e8
Event: 24.061 Thread 0x000002ae95921800 Exception <a 'java/lang/NullPointerException'{0x0000000086613090}> (0x0000000086613090) thrown at [c:/BuildAgent/work/5ff2f6c26000d570/src/hotspot/share/runtime/sharedRuntime.cpp, line 584]
Event: 24.065 Thread 0x000002ae95921800 Implicit null exception at 0x000002ae8093dacd to 0x000002ae8093e4e8
Event: 24.065 Thread 0x000002ae95921800 Exception <a 'java/lang/NullPointerException'{0x000000008662db30}> (0x000000008662db30) thrown at [c:/BuildAgent/work/5ff2f6c26000d570/src/hotspot/share/runtime/sharedRuntime.cpp, line 584]

Events (20 events):
Event: 23.969 Executing VM operation: RevokeBias done
Event: 23.975 Executing VM operation: RevokeBias
Event: 23.975 Executing VM operation: RevokeBias done
Event: 23.976 Executing VM operation: Deoptimize
Event: 23.976 Executing VM operation: Deoptimize done
Event: 23.986 Thread 0x000002ae9e44e800 Thread added: 0x000002ae9e44e800
Event: 23.986 Thread 0x000002ae9e44e800 Thread exited: 0x000002ae9e44e800
Event: 23.986 Thread 0x000002ae9e44a800 Thread added: 0x000002ae9e44a800
Event: 23.986 Thread 0x000002ae9e44a800 Thread exited: 0x000002ae9e44a800
Event: 23.986 Thread 0x000002ae9e44a800 Thread added: 0x000002ae9e44a800
Event: 23.986 Thread 0x000002ae9e44a800 Thread exited: 0x000002ae9e44a800
Event: 23.986 Thread 0x000002ae9e44a800 Thread added: 0x000002ae9e44a800
Event: 23.986 Thread 0x000002ae9e44a800 Thread exited: 0x000002ae9e44a800
Event: 23.991 loading class java/lang/Throwable$WrappedPrintStream
Event: 23.991 loading class java/lang/Throwable$PrintStreamOrWriter
Event: 23.991 loading class java/lang/Throwable$PrintStreamOrWriter done
Event: 23.991 loading class java/lang/Throwable$WrappedPrintStream done
Event: 24.002 Thread 0x000002ae9ef6b800 Thread added: 0x000002ae9ef6b800
Event: 24.056 Executing VM operation: BulkRevokeBias
Event: 24.056 Executing VM operation: BulkRevokeBias done


Dynamic libraries:
0x00007ff7258e0000 - 0x00007ff7258ea000 	C:\Program Files\JetBrains\IntelliJ IDEA Community Edition 2019.3.1\jbr\bin\java.exe
0x00007ffe05260000 - 0x00007ffe05450000 	C:\WINDOWS\SYSTEM32\ntdll.dll
0x00007ffe05030000 - 0x00007ffe050e2000 	C:\WINDOWS\System32\KERNEL32.DLL
0x00007ffe024c0000 - 0x00007ffe02765000 	C:\WINDOWS\System32\KERNELBASE.dll
0x00007ffe02800000 - 0x00007ffe028fa000 	C:\WINDOWS\System32\ucrtbase.dll
0x00007ffdf6c90000 - 0x00007ffdf6ca7000 	C:\Program Files\JetBrains\IntelliJ IDEA Community Edition 2019.3.1\jbr\bin\VCRUNTIME140.dll
0x00007ffdf2fb0000 - 0x00007ffdf2fc9000 	C:\Program Files\JetBrains\IntelliJ IDEA Community Edition 2019.3.1\jbr\bin\jli.dll
0x00007ffe03800000 - 0x00007ffe03994000 	C:\WINDOWS\System32\USER32.dll
0x00007ffe03230000 - 0x00007ffe03251000 	C:\WINDOWS\System32\win32u.dll
0x00007ffdf2c00000 - 0x00007ffdf2e84000 	C:\WINDOWS\WinSxS\amd64_microsoft.windows.common-controls_6595b64144ccf1df_6.0.18362.1256_none_9e7e379be45e40e2\COMCTL32.dll
0x00007ffe03d20000 - 0x00007ffe03d46000 	C:\WINDOWS\System32\GDI32.dll
0x00007ffe03760000 - 0x00007ffe037fe000 	C:\WINDOWS\System32\msvcrt.dll
0x00007ffe02900000 - 0x00007ffe02a96000 	C:\WINDOWS\System32\gdi32full.dll
0x00007ffe02420000 - 0x00007ffe024be000 	C:\WINDOWS\System32\msvcp_win.dll
0x00007ffe041c0000 - 0x00007ffe044f6000 	C:\WINDOWS\System32\combase.dll
0x00007ffe04520000 - 0x00007ffe04640000 	C:\WINDOWS\System32\RPCRT4.dll
0x00007ffe021d0000 - 0x00007ffe02251000 	C:\WINDOWS\System32\bcryptPrimitives.dll
0x00007ffe03450000 - 0x00007ffe0347e000 	C:\WINDOWS\System32\IMM32.DLL
0x00007ffdd6ea0000 - 0x00007ffdd6f3d000 	C:\Program Files\JetBrains\IntelliJ IDEA Community Edition 2019.3.1\jbr\bin\msvcp140.dll
0x00007ffdbcd70000 - 0x00007ffdbd82b000 	C:\Program Files\JetBrains\IntelliJ IDEA Community Edition 2019.3.1\jbr\bin\server\jvm.dll
0x00007ffe03550000 - 0x00007ffe035f3000 	C:\WINDOWS\System32\ADVAPI32.dll
0x00007ffe04de0000 - 0x00007ffe04e77000 	C:\WINDOWS\System32\sechost.dll
0x00007ffe03310000 - 0x00007ffe03318000 	C:\WINDOWS\System32\PSAPI.DLL
0x00007ffde8fa0000 - 0x00007ffde8fa9000 	C:\WINDOWS\SYSTEM32\WSOCK32.dll
0x00007ffdf9390000 - 0x00007ffdf939a000 	C:\WINDOWS\SYSTEM32\VERSION.dll
0x00007ffdf3920000 - 0x00007ffdf3944000 	C:\WINDOWS\SYSTEM32\WINMM.dll
0x00007ffe04fc0000 - 0x00007ffe0502f000 	C:\WINDOWS\System32\WS2_32.dll
0x00007ffdf3040000 - 0x00007ffdf306d000 	C:\WINDOWS\SYSTEM32\winmmbase.dll
0x00007ffe023d0000 - 0x00007ffe0241a000 	C:\WINDOWS\System32\cfgmgr32.dll
0x00007ffe02160000 - 0x00007ffe02171000 	C:\WINDOWS\System32\kernel.appcore.dll
0x00007ffdfaab0000 - 0x00007ffdfaac1000 	C:\Program Files\JetBrains\IntelliJ IDEA Community Edition 2019.3.1\jbr\bin\verify.dll
0x00007ffe00a00000 - 0x00007ffe00bf4000 	C:\WINDOWS\SYSTEM32\DBGHELP.DLL
0x00007ffdf8dd0000 - 0x00007ffdf8dfa000 	C:\WINDOWS\SYSTEM32\dbgcore.DLL
0x00007ffdfa6f0000 - 0x00007ffdfa719000 	C:\Program Files\JetBrains\IntelliJ IDEA Community Edition 2019.3.1\jbr\bin\java.dll
0x00007ffdfa720000 - 0x00007ffdfa72f000 	C:\Program Files\JetBrains\IntelliJ IDEA Community Edition 2019.3.1\jbr\bin\instrument.dll
0x00007ffdfaa90000 - 0x00007ffdfaaa7000 	C:\Program Files\JetBrains\IntelliJ IDEA Community Edition 2019.3.1\jbr\bin\zip.dll
0x00007ffdfe8a0000 - 0x00007ffdfe8ab000 	C:\Program Files\JetBrains\IntelliJ IDEA Community Edition 2019.3.1\jbr\bin\jimage.dll
0x00007ffe046f0000 - 0x00007ffe04dd7000 	C:\WINDOWS\System32\SHELL32.dll
0x00007ffe050f0000 - 0x00007ffe05199000 	C:\WINDOWS\System32\shcore.dll
0x00007ffe02aa0000 - 0x00007ffe03221000 	C:\WINDOWS\System32\windows.storage.dll
0x00007ffe02130000 - 0x00007ffe02153000 	C:\WINDOWS\System32\profapi.dll
0x00007ffe02180000 - 0x00007ffe021ca000 	C:\WINDOWS\System32\powrprof.dll
0x00007ffe02100000 - 0x00007ffe02110000 	C:\WINDOWS\System32\UMPDC.dll
0x00007ffe033f0000 - 0x00007ffe03442000 	C:\WINDOWS\System32\shlwapi.dll
0x00007ffe023b0000 - 0x00007ffe023c7000 	C:\WINDOWS\System32\cryptsp.dll
0x00007ffdfa450000 - 0x00007ffdfa46a000 	C:\Program Files\JetBrains\IntelliJ IDEA Community Edition 2019.3.1\jbr\bin\net.dll
0x00007ffdf5cf0000 - 0x00007ffdf5de0000 	C:\WINDOWS\SYSTEM32\WINHTTP.dll
0x00007ffe01950000 - 0x00007ffe019b7000 	C:\WINDOWS\system32\mswsock.dll
0x00007ffdf9190000 - 0x00007ffdf91a4000 	C:\Program Files\JetBrains\IntelliJ IDEA Community Edition 2019.3.1\jbr\bin\nio.dll
0x00007ffdf0210000 - 0x00007ffdf022a000 	C:\Program Files\JetBrains\IntelliJ IDEA Community Edition 2019.3.1\bin\breakgen64.dll
0x000002aef8470000 - 0x000002aef8473000 	C:\Program Files\JetBrains\IntelliJ IDEA Community Edition 2019.3.1\jbr\bin\api-ms-win-core-console-l1-1-0.dll
0x000002aefa3f0000 - 0x000002aefa3f3000 	C:\Program Files\JetBrains\IntelliJ IDEA Community Edition 2019.3.1\jbr\bin\api-ms-win-core-datetime-l1-1-0.dll
0x000002aefa400000 - 0x000002aefa403000 	C:\Program Files\JetBrains\IntelliJ IDEA Community Edition 2019.3.1\jbr\bin\api-ms-win-core-debug-l1-1-0.dll
0x000002aefa410000 - 0x000002aefa413000 	C:\Program Files\JetBrains\IntelliJ IDEA Community Edition 2019.3.1\jbr\bin\api-ms-win-core-errorhandling-l1-1-0.dll
0x000002aefa420000 - 0x000002aefa424000 	C:\Program Files\JetBrains\IntelliJ IDEA Community Edition 2019.3.1\jbr\bin\api-ms-win-core-file-l1-1-0.dll
0x000002aeffda0000 - 0x000002aeffda3000 	C:\Program Files\JetBrains\IntelliJ IDEA Community Edition 2019.3.1\jbr\bin\api-ms-win-core-file-l1-2-0.dll
0x000002aeffdb0000 - 0x000002aeffdb3000 	C:\Program Files\JetBrains\IntelliJ IDEA Community Edition 2019.3.1\jbr\bin\api-ms-win-core-file-l2-1-0.dll
0x000002aeffdc0000 - 0x000002aeffdc3000 	C:\Program Files\JetBrains\IntelliJ IDEA Community Edition 2019.3.1\jbr\bin\api-ms-win-core-handle-l1-1-0.dll
0x000002aeffdd0000 - 0x000002aeffdd3000 	C:\Program Files\JetBrains\IntelliJ IDEA Community Edition 2019.3.1\jbr\bin\api-ms-win-core-heap-l1-1-0.dll
0x000002aeffde0000 - 0x000002aeffde3000 	C:\Program Files\JetBrains\IntelliJ IDEA Community Edition 2019.3.1\jbr\bin\api-ms-win-core-interlocked-l1-1-0.dll
0x000002aeffdf0000 - 0x000002aeffdf3000 	C:\Program Files\JetBrains\IntelliJ IDEA Community Edition 2019.3.1\jbr\bin\api-ms-win-core-libraryloader-l1-1-0.dll
0x000002aeffe00000 - 0x000002aeffe03000 	C:\Program Files\JetBrains\IntelliJ IDEA Community Edition 2019.3.1\jbr\bin\api-ms-win-core-localization-l1-2-0.dll
0x000002aeffe10000 - 0x000002aeffe13000 	C:\Program Files\JetBrains\IntelliJ IDEA Community Edition 2019.3.1\jbr\bin\api-ms-win-core-memory-l1-1-0.dll
0x000002aeffe20000 - 0x000002aeffe23000 	C:\Program Files\JetBrains\IntelliJ IDEA Community Edition 2019.3.1\jbr\bin\api-ms-win-core-namedpipe-l1-1-0.dll
0x000002aeffe30000 - 0x000002aeffe33000 	C:\Program Files\JetBrains\IntelliJ IDEA Community Edition 2019.3.1\jbr\bin\api-ms-win-core-processenvironment-l1-1-0.dll
0x000002aeffe40000 - 0x000002aeffe43000 	C:\Program Files\JetBrains\IntelliJ IDEA Community Edition 2019.3.1\jbr\bin\api-ms-win-core-processthreads-l1-1-0.dll
0x000002aeffe50000 - 0x000002aeffe53000 	C:\Program Files\JetBrains\IntelliJ IDEA Community Edition 2019.3.1\jbr\bin\api-ms-win-core-processthreads-l1-1-1.dll
0x000002aeffe60000 - 0x000002aeffe63000 	C:\Program Files\JetBrains\IntelliJ IDEA Community Edition 2019.3.1\jbr\bin\api-ms-win-core-profile-l1-1-0.dll
0x000002aeffe70000 - 0x000002aeffe73000 	C:\Program Files\JetBrains\IntelliJ IDEA Community Edition 2019.3.1\jbr\bin\api-ms-win-core-rtlsupport-l1-1-0.dll
0x000002aeffe80000 - 0x000002aeffe83000 	C:\Program Files\JetBrains\IntelliJ IDEA Community Edition 2019.3.1\jbr\bin\api-ms-win-core-string-l1-1-0.dll
0x000002aeffe90000 - 0x000002aeffe93000 	C:\Program Files\JetBrains\IntelliJ IDEA Community Edition 2019.3.1\jbr\bin\api-ms-win-core-synch-l1-1-0.dll
0x000002aeffea0000 - 0x000002aeffea3000 	C:\Program Files\JetBrains\IntelliJ IDEA Community Edition 2019.3.1\jbr\bin\api-ms-win-core-synch-l1-2-0.dll
0x000002aeffeb0000 - 0x000002aeffeb3000 	C:\Program Files\JetBrains\IntelliJ IDEA Community Edition 2019.3.1\jbr\bin\api-ms-win-core-sysinfo-l1-1-0.dll
0x000002aeffec0000 - 0x000002aeffec3000 	C:\Program Files\JetBrains\IntelliJ IDEA Community Edition 2019.3.1\jbr\bin\api-ms-win-core-timezone-l1-1-0.dll
0x000002aeffed0000 - 0x000002aeffed3000 	C:\Program Files\JetBrains\IntelliJ IDEA Community Edition 2019.3.1\jbr\bin\api-ms-win-core-util-l1-1-0.dll
0x000002aeffee0000 - 0x000002aeffee3000 	C:\Program Files\JetBrains\IntelliJ IDEA Community Edition 2019.3.1\jbr\bin\api-ms-win-crt-conio-l1-1-0.dll
0x000002aeffef0000 - 0x000002aeffef4000 	C:\Program Files\JetBrains\IntelliJ IDEA Community Edition 2019.3.1\jbr\bin\api-ms-win-crt-convert-l1-1-0.dll
0x000002aefff00000 - 0x000002aefff03000 	C:\Program Files\JetBrains\IntelliJ IDEA Community Edition 2019.3.1\jbr\bin\api-ms-win-crt-environment-l1-1-0.dll
0x000002aefff10000 - 0x000002aefff13000 	C:\Program Files\JetBrains\IntelliJ IDEA Community Edition 2019.3.1\jbr\bin\api-ms-win-crt-filesystem-l1-1-0.dll
0x000002aefff20000 - 0x000002aefff23000 	C:\Program Files\JetBrains\IntelliJ IDEA Community Edition 2019.3.1\jbr\bin\api-ms-win-crt-heap-l1-1-0.dll
0x000002aefff30000 - 0x000002aefff33000 	C:\Program Files\JetBrains\IntelliJ IDEA Community Edition 2019.3.1\jbr\bin\api-ms-win-crt-locale-l1-1-0.dll
0x000002aefff40000 - 0x000002aefff45000 	C:\Program Files\JetBrains\IntelliJ IDEA Community Edition 2019.3.1\jbr\bin\api-ms-win-crt-math-l1-1-0.dll
0x000002aefff50000 - 0x000002aefff55000 	C:\Program Files\JetBrains\IntelliJ IDEA Community Edition 2019.3.1\jbr\bin\api-ms-win-crt-multibyte-l1-1-0.dll
0x000002aefff60000 - 0x000002aefff70000 	C:\Program Files\JetBrains\IntelliJ IDEA Community Edition 2019.3.1\jbr\bin\api-ms-win-crt-private-l1-1-0.dll
0x000002aefff70000 - 0x000002aefff73000 	C:\Program Files\JetBrains\IntelliJ IDEA Community Edition 2019.3.1\jbr\bin\api-ms-win-crt-process-l1-1-0.dll
0x000002aefff80000 - 0x000002aefff84000 	C:\Program Files\JetBrains\IntelliJ IDEA Community Edition 2019.3.1\jbr\bin\api-ms-win-crt-runtime-l1-1-0.dll
0x000002aefff90000 - 0x000002aefff94000 	C:\Program Files\JetBrains\IntelliJ IDEA Community Edition 2019.3.1\jbr\bin\api-ms-win-crt-stdio-l1-1-0.dll
0x000002aefffa0000 - 0x000002aefffa4000 	C:\Program Files\JetBrains\IntelliJ IDEA Community Edition 2019.3.1\jbr\bin\api-ms-win-crt-string-l1-1-0.dll
0x000002aefffb0000 - 0x000002aefffb3000 	C:\Program Files\JetBrains\IntelliJ IDEA Community Edition 2019.3.1\jbr\bin\api-ms-win-crt-time-l1-1-0.dll
0x000002aefffc0000 - 0x000002aefffc3000 	C:\Program Files\JetBrains\IntelliJ IDEA Community Edition 2019.3.1\jbr\bin\api-ms-win-crt-utility-l1-1-0.dll
0x00007ffdd7440000 - 0x00007ffdd753a000 	C:\Program Files\JetBrains\IntelliJ IDEA Community Edition 2019.3.1\jbr\bin\ucrtbase.dll
0x00007ffde57b0000 - 0x00007ffde5801000 	C:\Windows\System32\concrt140.dll
0x00007ffddd820000 - 0x00007ffddd843000 	C:\Program Files\JetBrains\IntelliJ IDEA Community Edition 2019.3.1\jbr\bin\prism_d3d.dll
0x00007ffdc52d0000 - 0x00007ffdc5497000 	C:\WINDOWS\system32\d3d9.dll
0x00007ffe004d0000 - 0x00007ffe004fd000 	C:\WINDOWS\SYSTEM32\dwmapi.dll
0x00007ffe00db0000 - 0x00007ffe00dd0000 	C:\WINDOWS\SYSTEM32\dxcore.dll
0x00007ffe000a0000 - 0x00007ffe00139000 	C:\WINDOWS\system32\uxtheme.dll
0x00007ffdc5160000 - 0x00007ffdc52c4000 	C:\WINDOWS\System32\DriverStore\FileRepository\iigd_dch.inf_amd64_440392e76b44e849\igdumdim64.dll
0x00007ffd9afa0000 - 0x00007ffd9ef7a000 	C:\WINDOWS\System32\DriverStore\FileRepository\iigd_dch.inf_amd64_440392e76b44e849\igd9dxva64.dll
0x00007ffe03600000 - 0x00007ffe03757000 	C:\WINDOWS\System32\ole32.dll
0x00007ffe03480000 - 0x00007ffe03545000 	C:\WINDOWS\System32\OLEAUT32.dll
0x00007ffde8cf0000 - 0x00007ffde8e94000 	C:\WINDOWS\System32\DriverStore\FileRepository\iigd_dch.inf_amd64_440392e76b44e849\igdgmm64.dll
0x00007ffddcdb0000 - 0x00007ffddcdf5000 	C:\Program Files\JetBrains\IntelliJ IDEA Community Edition 2019.3.1\jbr\bin\glass.dll
0x00007ffe03320000 - 0x00007ffe033f0000 	C:\WINDOWS\System32\COMDLG32.dll
0x00007ffe03bd0000 - 0x00007ffe03d05000 	C:\WINDOWS\System32\MSCTF.dll
0x00007ffdf6e10000 - 0x00007ffdf6e36000 	C:\WINDOWS\System32\DriverStore\FileRepository\iigd_dch.inf_amd64_440392e76b44e849\igdinfo64.dll
0x00007ffde58b0000 - 0x00007ffde7d4b000 	C:\WINDOWS\System32\DriverStore\FileRepository\iigd_dch.inf_amd64_440392e76b44e849\igc64.dll
0x00007ffddd010000 - 0x00007ffddd0a0000 	C:\Program Files\JetBrains\IntelliJ IDEA Community Edition 2019.3.1\jbr\bin\glib-lite.dll
0x00007ffdd6de0000 - 0x00007ffdd6e97000 	C:\Program Files\JetBrains\IntelliJ IDEA Community Edition 2019.3.1\jbr\bin\gstreamer-lite.dll
0x00007ffdcb940000 - 0x00007ffdcb9d9000 	C:\WINDOWS\SYSTEM32\DSOUND.dll
0x00007ffde95a0000 - 0x00007ffde95c6000 	C:\Program Files\JetBrains\IntelliJ IDEA Community Edition 2019.3.1\jbr\bin\jfxmedia.dll
0x00007ffde5770000 - 0x00007ffde5784000 	C:\Program Files\JetBrains\IntelliJ IDEA Community Edition 2019.3.1\jbr\bin\javafx_font.dll
0x00007ffdcbe10000 - 0x00007ffdcbfb1000 	C:\Program Files\JetBrains\IntelliJ IDEA Community Edition 2019.3.1\jbr\bin\awt.dll
0x00007ffdfeb00000 - 0x00007ffdff0c0000 	C:\WINDOWS\SYSTEM32\d2d1.dll
0x00007ffdfffb0000 - 0x00007ffe0003f000 	C:\WINDOWS\SYSTEM32\apphelp.dll
0x00007ffdd7e10000 - 0x00007ffdd7e95000 	C:\Program Files\JetBrains\IntelliJ IDEA Community Edition 2019.3.1\jbr\bin\freetype.dll
0x00007ffdd7bd0000 - 0x00007ffdd7c78000 	C:\Program Files\JetBrains\IntelliJ IDEA Community Edition 2019.3.1\jbr\bin\fontmanager.dll
0x00007ffde4c00000 - 0x00007ffde4efe000 	C:\WINDOWS\SYSTEM32\dwrite.dll
0x00007ffe04640000 - 0x00007ffe046e2000 	C:\WINDOWS\System32\clbcatq.dll
0x00007ffdefa80000 - 0x00007ffdefc2f000 	C:\WINDOWS\SYSTEM32\WindowsCodecs.dll
0x00007ffdce270000 - 0x00007ffdce2aa000 	C:\WINDOWS\system32\dataexchange.dll
0x00007ffdff110000 - 0x00007ffdff36b000 	C:\WINDOWS\system32\d3d11.dll
0x00007ffdff820000 - 0x00007ffdff9fd000 	C:\WINDOWS\system32\dcomp.dll
0x00007ffe00dd0000 - 0x00007ffe00ebb000 	C:\WINDOWS\system32\dxgi.dll
0x00007ffe00160000 - 0x00007ffe003c2000 	C:\WINDOWS\system32\twinapi.appcore.dll
0x00007ffe00500000 - 0x00007ffe00529000 	C:\WINDOWS\system32\RMCLIENT.dll
0x00007ffde0110000 - 0x00007ffde0143000 	C:\Program Files\Common Files\Microsoft Shared\Ink\rtscom.dll
0x00007ffdeeec0000 - 0x00007ffdeef5e000 	C:\WINDOWS\System32\TextInputFramework.dll

dbghelp: loaded successfully - version: 4.0.5 - missing functions: none
symbol engine: initialized successfully - sym options: 0x614 - pdb path: .;C:\Program Files\JetBrains\IntelliJ IDEA Community Edition 2019.3.1\jbr\bin;C:\WINDOWS\SYSTEM32;C:\WINDOWS\WinSxS\amd64_microsoft.windows.common-controls_6595b64144ccf1df_6.0.18362.1256_none_9e7e379be45e40e2;C:\Program Files\JetBrains\IntelliJ IDEA Community Edition 2019.3.1\jbr\bin\server;C:\Program Files\JetBrains\IntelliJ IDEA Community Edition 2019.3.1\bin;C:\WINDOWS\System32\DriverStore\FileRepository\iigd_dch.inf_amd64_440392e76b44e849;C:\Program Files\Common Files\Microsoft Shared\Ink

VM Arguments:
jvm_args: --module-path=C:\Users\user\Downloads\javafx-sdk-15.0.1\lib --add-modules=javafx.controls,javafx.fxml -javaagent:C:\Program Files\JetBrains\IntelliJ IDEA Community Edition 2019.3.1\lib\idea_rt.jar=57580:C:\Program Files\JetBrains\IntelliJ IDEA Community Edition 2019.3.1\bin -Dfile.encoding=UTF-8 
java_command: sample.Main
java_class_path (initial): C:\Users\aksha\IdeaProjects\AP_Project_1\out\production\AP_project
Launcher Type: SUN_STANDARD

[Global flags]
     intx CICompilerCount                          = 4                                         {product} {ergonomic}
     uint ConcGCThreads                            = 2                                         {product} {ergonomic}
     uint G1ConcRefinementThreads                  = 8                                         {product} {ergonomic}
   size_t G1HeapRegionSize                         = 1048576                                   {product} {ergonomic}
    uintx GCDrainStackTargetSize                   = 64                                        {product} {ergonomic}
   size_t InitialHeapSize                          = 132120576                                 {product} {ergonomic}
   size_t MarkStackSize                            = 4194304                                   {product} {ergonomic}
   size_t MaxHeapSize                              = 2099249152                                {product} {ergonomic}
   size_t MaxNewSize                               = 1259339776                                {product} {ergonomic}
   size_t MinHeapDeltaBytes                        = 1048576                                   {product} {ergonomic}
    uintx NonNMethodCodeHeapSize                   = 5836300                                {pd product} {ergonomic}
    uintx NonProfiledCodeHeapSize                  = 122910970                              {pd product} {ergonomic}
    uintx ProfiledCodeHeapSize                     = 122910970                              {pd product} {ergonomic}
    uintx ReservedCodeCacheSize                    = 251658240                              {pd product} {ergonomic}
     bool SegmentedCodeCache                       = true                                      {product} {ergonomic}
     bool UseCompressedClassPointers               = true                                 {lp64_product} {ergonomic}
     bool UseCompressedOops                        = true                                 {lp64_product} {ergonomic}
     bool UseG1GC                                  = true                                      {product} {ergonomic}
     bool UseLargePagesIndividualAllocation        = false                                  {pd product} {ergonomic}

Logging:
Log output configuration:
 #0: stdout all=warning uptime,level,tags
 #1: stderr all=off uptime,level,tags

Environment Variables:
PATH=C:\WINDOWS\system32;C:\WINDOWS;C:\WINDOWS\System32\Wbem;C:\WINDOWS\System32\WindowsPowerShell\v1.0\;C:\WINDOWS\System32\OpenSSH\;C:\Users\aksha\Scripts;C:\Program Files\Java\jdk-13\bin;C:\Program Files\MATLAB\R2020a\bin;C:\Program Files (x86)\mingw-w64\i686-8.1.0-posix-dwarf-rt_v6-rev0\mingw32\bin;C:\Program Files (x86)\AOMEI Backupper;C:\Program Files\Git\cmd;C:\Users\aksha\Scripts\;C:\Users\aksha\;C:\Users\aksha\AppData\Local\Microsoft\WindowsApps;;C:\Program Files\JetBrains\PyCharm Community Edition 2019.2.3\bin;
USERNAME=aksha
OS=Windows_NT
PROCESSOR_IDENTIFIER=Intel64 Family 6 Model 142 Stepping 12, GenuineIntel



---------------  S Y S T E M  ---------------

OS: Windows 10 , 64 bit Build 18362 (10.0.18362.1110)

CPU:total 8 (initial active 8) (4 cores per cpu, 2 threads per core) family 6 model 142 stepping 12, cmov, cx8, fxsr, mmx, sse, sse2, sse3, ssse3, sse4.1, sse4.2, popcnt, avx, avx2, aes, clmul, erms, 3dnowpref, lzcnt, ht, tsc, tscinvbit, bmi1, bmi2, adx, fma

Memory: 4k page, system-wide physical 8005M (1099M free)
TotalPageFile size 10005M (AvailPageFile size 2M)
current process WorkingSet (physical memory assigned to process): 376M, peak: 376M
current process commit charge ("private bytes"): 407M, peak: 408M

vm_info: OpenJDK 64-Bit Server VM (11.0.5+10-b520.17) for windows-amd64 JRE (11.0.5+10-b520.17), built on Dec  2 2019 12:11:34 by "" with MS VC++ 14.0 (VS2015)

END.
