#
# There is insufficient memory for the Java Runtime Environment to continue.
# Native memory allocation (malloc) failed to allocate 349136 bytes for Chunk::new
# Possible reasons:
#   The system is out of physical RAM or swap space
#   The process is running with CompressedOops enabled, and the Java Heap may be blocking the growth of the native heap
# Possible solutions:
#   Reduce memory load on the system
#   Increase physical memory or swap space
#   Check if swap backing store is full
#   Decrease Java heap size (-Xmx/-Xms)
#   Decrease number of Java threads
#   Decrease Java thread stack sizes (-Xss)
#   Set larger code cache with -XX:ReservedCodeCacheSize=
#   JVM is running with Unscaled Compressed Oops mode in which the Java heap is
#     placed in the first 4GB address space. The Java Heap base address is the
#     maximum limit for the native heap growth. Please use -XX:HeapBaseMinAddress
#     to set the Java Heap base and to place the Java Heap above 4GB virtual address.
# This output file may be truncated or incomplete.
#
#  Out of Memory Error (c:/BuildAgent/work/5ff2f6c26000d570/src/hotspot/share/memory/arena.cpp:197), pid=14196, tid=7720
#
# JRE version: OpenJDK Runtime Environment (11.0.5+10) (build 11.0.5+10-b520.17)
# Java VM: OpenJDK 64-Bit Server VM (11.0.5+10-b520.17, mixed mode, sharing, tiered, compressed oops, g1 gc, windows-amd64)
# No core dump will be written. Minidumps are not enabled by default on client versions of Windows
#

---------------  S U M M A R Y ------------

Command Line: --module-path=C:\Users\user\Downloads\javafx-sdk-15.0.1\lib --add-modules=javafx.controls,javafx.fxml -javaagent:C:\Program Files\JetBrains\IntelliJ IDEA Community Edition 2019.3.1\lib\idea_rt.jar=56873:C:\Program Files\JetBrains\IntelliJ IDEA Community Edition 2019.3.1\bin -Dfile.encoding=UTF-8 sample.Main

Host: Intel(R) Core(TM) i5-8265U CPU @ 1.60GHz, 8 cores, 7G,  Windows 10 , 64 bit Build 18362 (10.0.18362.1110)
Time: Wed Dec 16 23:36:07 2020 India Standard Time elapsed time: 7 seconds (0d 0h 0m 7s)

---------------  T H R E A D  ---------------

Current thread (0x0000018716fa2800):  JavaThread "C2 CompilerThread1" daemon [_thread_in_native, id=7720, stack(0x0000007ef1800000,0x0000007ef1900000)]


Current CompileTask:
C2:   7652 3671 %     4       com.sun.marlin.DRenderer::_endRendering @ 1926 (2489 bytes)

Stack: [0x0000007ef1800000,0x0000007ef1900000]
Native frames: (J=compiled Java code, j=interpreted, Vv=VM code, C=native code)
V  [jvm.dll+0x5dcafa]
V  [jvm.dll+0x70e375]
V  [jvm.dll+0x70f898]
V  [jvm.dll+0x70ff63]
V  [jvm.dll+0x23e238]
V  [jvm.dll+0xb8a9c]
V  [jvm.dll+0xb8fac]
V  [jvm.dll+0x34fc5b]
V  [jvm.dll+0x31d9d3]
V  [jvm.dll+0x31cf6a]
V  [jvm.dll+0x1f78c2]
V  [jvm.dll+0x1f6a94]
V  [jvm.dll+0x17f6fc]
V  [jvm.dll+0x204f77]
V  [jvm.dll+0x2037f1]
V  [jvm.dll+0x6d835f]
V  [jvm.dll+0x6d114d]
V  [jvm.dll+0x5dbdd6]
C  [ucrtbase.dll+0x210b2]
C  [KERNEL32.DLL+0x17c24]
C  [ntdll.dll+0x6d4d1]


---------------  P R O C E S S  ---------------

Threads class SMR info:
_java_thread_list=0x000001877f4b7160, length=26, elements={
0x00000187728c7800, 0x000001877df5c800, 0x000001877df60800, 0x000001877df76800,
0x000001877df77800, 0x000001877df79800, 0x000001877df7c800, 0x000001877df8b000,
0x000001877e9b2800, 0x000001877ea31000, 0x000001877ea31800, 0x000001877ed3d800,
0x000001877edd5800, 0x000001877eda7800, 0x000001877ea3e800, 0x000001877f095000,
0x000001877f263000, 0x0000018715286800, 0x0000018715f63800, 0x0000018715f60800,
0x0000018715f61000, 0x0000018715f65800, 0x0000018715f64800, 0x0000018716fa2800,
0x0000018715f5f800, 0x000001871678e000
}

Java Threads: ( => current thread )
  0x00000187728c7800 JavaThread "main" [_thread_blocked, id=7592, stack(0x0000007eedf00000,0x0000007eee000000)]
  0x000001877df5c800 JavaThread "Reference Handler" daemon [_thread_blocked, id=21124, stack(0x0000007eee600000,0x0000007eee700000)]
  0x000001877df60800 JavaThread "Finalizer" daemon [_thread_blocked, id=20916, stack(0x0000007eee700000,0x0000007eee800000)]
  0x000001877df76800 JavaThread "Signal Dispatcher" daemon [_thread_blocked, id=14000, stack(0x0000007eee800000,0x0000007eee900000)]
  0x000001877df77800 JavaThread "Attach Listener" daemon [_thread_blocked, id=11152, stack(0x0000007eee900000,0x0000007eeea00000)]
  0x000001877df79800 JavaThread "C2 CompilerThread0" daemon [_thread_in_native, id=8436, stack(0x0000007eeea00000,0x0000007eeeb00000)]
  0x000001877df7c800 JavaThread "C1 CompilerThread0" daemon [_thread_blocked, id=16524, stack(0x0000007eeeb00000,0x0000007eeec00000)]
  0x000001877df8b000 JavaThread "Sweeper thread" daemon [_thread_blocked, id=6192, stack(0x0000007eeec00000,0x0000007eeed00000)]
  0x000001877e9b2800 JavaThread "Common-Cleaner" daemon [_thread_blocked, id=14840, stack(0x0000007eeed00000,0x0000007eeee00000)]
  0x000001877ea31000 JavaThread "Monitor Ctrl-Break" daemon [_thread_in_native, id=15960, stack(0x0000007eeee00000,0x0000007eeef00000)]
  0x000001877ea31800 JavaThread "Service Thread" daemon [_thread_blocked, id=12412, stack(0x0000007eeef00000,0x0000007eef000000)]
  0x000001877ed3d800 JavaThread "QuantumRenderer-0" daemon [_thread_in_native, id=12028, stack(0x0000007eef100000,0x0000007eef200000)]
  0x000001877edd5800 JavaThread "InvokeLaterDispatcher" daemon [_thread_blocked, id=8076, stack(0x0000007eef300000,0x0000007eef400000)]
  0x000001877eda7800 JavaThread "JavaFX Application Thread" [_thread_blocked, id=6996, stack(0x0000007eef400000,0x0000007eef500000)]
  0x000001877ea3e800 JavaThread "Thread-1" daemon [_thread_in_native, id=18812, stack(0x0000007eef800000,0x0000007eef900000)]
  0x000001877f095000 JavaThread "JavaFX-Launcher" [_thread_blocked, id=12904, stack(0x0000007eef900000,0x0000007eefa00000)]
  0x000001877f263000 JavaThread "Media Resource Disposer" daemon [_thread_blocked, id=576, stack(0x0000007eefa00000,0x0000007eefb00000)]
  0x0000018715286800 JavaThread "Java2D Disposer" daemon [_thread_blocked, id=4424, stack(0x0000007ef0000000,0x0000007ef0100000)]
  0x0000018715f63800 JavaThread "Prism Font Disposer" daemon [_thread_blocked, id=3468, stack(0x0000007ef0500000,0x0000007ef0600000)]
  0x0000018715f60800 JavaThread "Thread-3" daemon [_thread_blocked, id=4468, stack(0x0000007eef200000,0x0000007eef300000)]
  0x0000018715f61000 JavaThread "Cleaner-0" daemon [_thread_blocked, id=18448, stack(0x0000007ef0d00000,0x0000007ef0e00000)]
  0x0000018715f65800 JavaThread "JFXMedia Player EventQueueThread" daemon [_thread_blocked, id=14956, stack(0x0000007ef0600000,0x0000007ef0700000)]
  0x0000018715f64800 JavaThread "JFXMedia Player EventQueueThread" daemon [_thread_blocked, id=652, stack(0x0000007ef0b00000,0x0000007ef0c00000)]
=>0x0000018716fa2800 JavaThread "C2 CompilerThread1" daemon [_thread_in_native, id=7720, stack(0x0000007ef1800000,0x0000007ef1900000)]
  0x0000018715f5f800 JavaThread "Timer-0" daemon [_thread_blocked, id=7552, stack(0x0000007ef1900000,0x0000007ef1a00000)]
  0x000001871678e000 JavaThread "C2 CompilerThread2" daemon [_thread_in_native, id=16696, stack(0x0000007ef1a00000,0x0000007ef1b00000)]

Other Threads:
  0x000001877df5b800 VMThread "VM Thread" [stack: 0x0000007eee500000,0x0000007eee600000] [id=22312]
  0x000001877ea3a000 WatcherThread [stack: 0x0000007eef000000,0x0000007eef100000] [id=4084]
  0x00000187728e1800 GCTaskThread "GC Thread#0" [stack: 0x0000007eee000000,0x0000007eee100000] [id=15320]
  0x00000187151ef000 GCTaskThread "GC Thread#1" [stack: 0x0000007eefb00000,0x0000007eefc00000] [id=19328]
  0x000001877f396800 GCTaskThread "GC Thread#2" [stack: 0x0000007eefc00000,0x0000007eefd00000] [id=20960]
  0x00000187154cf000 GCTaskThread "GC Thread#3" [stack: 0x0000007eefd00000,0x0000007eefe00000] [id=1440]
  0x000001877f1df800 GCTaskThread "GC Thread#4" [stack: 0x0000007eefe00000,0x0000007eeff00000] [id=14316]
  0x000001877f1e0800 GCTaskThread "GC Thread#5" [stack: 0x0000007eeff00000,0x0000007ef0000000] [id=18544]
  0x0000018772911000 ConcurrentGCThread "G1 Main Marker" [stack: 0x0000007eee100000,0x0000007eee200000] [id=20028]
  0x0000018772913800 ConcurrentGCThread "G1 Conc#0" [stack: 0x0000007eee200000,0x0000007eee300000] [id=2024]
  0x000001877ddf0800 ConcurrentGCThread "G1 Refine#0" [stack: 0x0000007eee300000,0x0000007eee400000] [id=12264]
  0x000001877ddf1800 ConcurrentGCThread "G1 Young RemSet Sampling" [stack: 0x0000007eee400000,0x0000007eee500000] [id=21528]

Threads with active compile tasks:
C2 CompilerThread0   7678 3460       4       java.io.FilterInputStream::read (9 bytes)
C2 CompilerThread1   7678 3671 %     4       com.sun.marlin.DRenderer::_endRendering @ 1926 (2489 bytes)
C2 CompilerThread2   7679 3715       4       com.sun.javafx.geom.Order3::TforY (563 bytes)

VM state:not at safepoint (normal execution)

VM Mutex/Monitor currently owned by a thread: None

Heap address: 0x0000000082e00000, size: 2002 MB, Compressed Oops mode: 32-bit
Narrow klass base: 0x0000000800000000, Narrow klass shift: 3
Compressed class space size: 1073741824 Address: 0x0000000840000000

Heap:
 garbage-first heap   total 129024K, used 39904K [0x0000000082e00000, 0x0000000100000000)
  region size 1024K, 25 young (25600K), 9 survivors (9216K)
 Metaspace       used 20183K, capacity 21125K, committed 21248K, reserved 1067008K
  class space    used 2649K, capacity 3056K, committed 3072K, reserved 1048576K
Heap Regions: E=young(eden), S=young(survivor), O=old, HS=humongous(starts), HC=humongous(continues), CS=collection set, F=free, A=archive, TAMS=top-at-mark-start (previous, next)
|   0|0x0000000082e00000, 0x0000000082e3a400, 0x0000000082f00000| 22%| O|  |TAMS 0x0000000082e00000, 0x0000000082e00000| Untracked 
|   1|0x0000000082f00000, 0x0000000083000000, 0x0000000083000000|100%|HS|  |TAMS 0x0000000082f00000, 0x0000000082f00000| Complete 
|   2|0x0000000083000000, 0x0000000083100000, 0x0000000083100000|100%|HC|  |TAMS 0x0000000083000000, 0x0000000083000000| Complete 
|   3|0x0000000083100000, 0x0000000083200000, 0x0000000083200000|100%|HC|  |TAMS 0x0000000083100000, 0x0000000083100000| Complete 
|   4|0x0000000083200000, 0x0000000083300000, 0x0000000083300000|100%|HC|  |TAMS 0x0000000083200000, 0x0000000083200000| Complete 
|   5|0x0000000083300000, 0x0000000083400000, 0x0000000083400000|100%|HC|  |TAMS 0x0000000083300000, 0x0000000083300000| Complete 
|   6|0x0000000083400000, 0x0000000083500000, 0x0000000083500000|100%|HS|  |TAMS 0x0000000083400000, 0x0000000083400000| Complete 
|   7|0x0000000083500000, 0x0000000083600000, 0x0000000083600000|100%|HS|  |TAMS 0x0000000083500000, 0x0000000083500000| Complete 
|   8|0x0000000083600000, 0x0000000083700000, 0x0000000083700000|100%|HS|  |TAMS 0x0000000083600000, 0x0000000083600000| Complete 
|   9|0x0000000083700000, 0x0000000083800000, 0x0000000083800000|100%|HS|  |TAMS 0x0000000083700000, 0x0000000083700000| Complete 
|  10|0x0000000083800000, 0x0000000083900000, 0x0000000083900000|100%|HS|  |TAMS 0x0000000083800000, 0x0000000083800000| Complete 
|  11|0x0000000083900000, 0x0000000083a00000, 0x0000000083a00000|100%|HC|  |TAMS 0x0000000083900000, 0x0000000083900000| Complete 
|  12|0x0000000083a00000, 0x0000000083b00000, 0x0000000083b00000|100%|HS|  |TAMS 0x0000000083a00000, 0x0000000083a00000| Complete 
|  13|0x0000000083b00000, 0x0000000083c00000, 0x0000000083c00000|100%|HS|  |TAMS 0x0000000083b00000, 0x0000000083b00000| Complete 
|  14|0x0000000083c00000, 0x0000000083d00000, 0x0000000083d00000|100%|HS|  |TAMS 0x0000000083c00000, 0x0000000083c00000| Complete 
|  15|0x0000000083d00000, 0x0000000083e00000, 0x0000000083e00000|100%|HS|  |TAMS 0x0000000083d00000, 0x0000000083d00000| Complete 
|  16|0x0000000083e00000, 0x0000000083e00000, 0x0000000083f00000|  0%| F|  |TAMS 0x0000000083e00000, 0x0000000083e00000| Untracked 
|  17|0x0000000083f00000, 0x0000000083f00000, 0x0000000084000000|  0%| F|  |TAMS 0x0000000083f00000, 0x0000000083f00000| Untracked 
|  18|0x0000000084000000, 0x0000000084000000, 0x0000000084100000|  0%| F|  |TAMS 0x0000000084000000, 0x0000000084000000| Untracked 
|  19|0x0000000084100000, 0x0000000084100000, 0x0000000084200000|  0%| F|  |TAMS 0x0000000084100000, 0x0000000084100000| Untracked 
|  20|0x0000000084200000, 0x0000000084200000, 0x0000000084300000|  0%| F|  |TAMS 0x0000000084200000, 0x0000000084200000| Untracked 
|  21|0x0000000084300000, 0x0000000084300000, 0x0000000084400000|  0%| F|  |TAMS 0x0000000084300000, 0x0000000084300000| Untracked 
|  22|0x0000000084400000, 0x0000000084400000, 0x0000000084500000|  0%| F|  |TAMS 0x0000000084400000, 0x0000000084400000| Untracked 
|  23|0x0000000084500000, 0x0000000084500000, 0x0000000084600000|  0%| F|  |TAMS 0x0000000084500000, 0x0000000084500000| Untracked 
|  24|0x0000000084600000, 0x0000000084600000, 0x0000000084700000|  0%| F|  |TAMS 0x0000000084600000, 0x0000000084600000| Untracked 
|  25|0x0000000084700000, 0x0000000084700000, 0x0000000084800000|  0%| F|  |TAMS 0x0000000084700000, 0x0000000084700000| Untracked 
|  26|0x0000000084800000, 0x0000000084800000, 0x0000000084900000|  0%| F|  |TAMS 0x0000000084800000, 0x0000000084800000| Untracked 
|  27|0x0000000084900000, 0x0000000084900000, 0x0000000084a00000|  0%| F|  |TAMS 0x0000000084900000, 0x0000000084900000| Untracked 
|  28|0x0000000084a00000, 0x0000000084a00000, 0x0000000084b00000|  0%| F|  |TAMS 0x0000000084a00000, 0x0000000084a00000| Untracked 
|  29|0x0000000084b00000, 0x0000000084b00000, 0x0000000084c00000|  0%| F|  |TAMS 0x0000000084b00000, 0x0000000084b00000| Untracked 
|  30|0x0000000084c00000, 0x0000000084c00000, 0x0000000084d00000|  0%| F|  |TAMS 0x0000000084c00000, 0x0000000084c00000| Untracked 
|  31|0x0000000084d00000, 0x0000000084d00000, 0x0000000084e00000|  0%| F|  |TAMS 0x0000000084d00000, 0x0000000084d00000| Untracked 
|  32|0x0000000084e00000, 0x0000000084e00000, 0x0000000084f00000|  0%| F|  |TAMS 0x0000000084e00000, 0x0000000084e00000| Untracked 
|  33|0x0000000084f00000, 0x0000000084f00000, 0x0000000085000000|  0%| F|  |TAMS 0x0000000084f00000, 0x0000000084f00000| Untracked 
|  34|0x0000000085000000, 0x0000000085000000, 0x0000000085100000|  0%| F|  |TAMS 0x0000000085000000, 0x0000000085000000| Untracked 
|  35|0x0000000085100000, 0x0000000085100000, 0x0000000085200000|  0%| F|  |TAMS 0x0000000085100000, 0x0000000085100000| Untracked 
|  36|0x0000000085200000, 0x0000000085200000, 0x0000000085300000|  0%| F|  |TAMS 0x0000000085200000, 0x0000000085200000| Untracked 
|  37|0x0000000085300000, 0x0000000085300000, 0x0000000085400000|  0%| F|  |TAMS 0x0000000085300000, 0x0000000085300000| Untracked 
|  38|0x0000000085400000, 0x0000000085400000, 0x0000000085500000|  0%| F|  |TAMS 0x0000000085400000, 0x0000000085400000| Untracked 
|  39|0x0000000085500000, 0x0000000085500000, 0x0000000085600000|  0%| F|  |TAMS 0x0000000085500000, 0x0000000085500000| Untracked 
|  40|0x0000000085600000, 0x0000000085600000, 0x0000000085700000|  0%| F|  |TAMS 0x0000000085600000, 0x0000000085600000| Untracked 
|  41|0x0000000085700000, 0x0000000085700000, 0x0000000085800000|  0%| F|  |TAMS 0x0000000085700000, 0x0000000085700000| Untracked 
|  42|0x0000000085800000, 0x00000000858bdc40, 0x0000000085900000| 74%| S|CS|TAMS 0x0000000085800000, 0x0000000085800000| Complete 
|  43|0x0000000085900000, 0x0000000085a00000, 0x0000000085a00000|100%| S|CS|TAMS 0x0000000085900000, 0x0000000085900000| Complete 
|  44|0x0000000085a00000, 0x0000000085b00000, 0x0000000085b00000|100%| S|CS|TAMS 0x0000000085a00000, 0x0000000085a00000| Complete 
|  45|0x0000000085b00000, 0x0000000085c00000, 0x0000000085c00000|100%| S|CS|TAMS 0x0000000085b00000, 0x0000000085b00000| Complete 
|  46|0x0000000085c00000, 0x0000000085d00000, 0x0000000085d00000|100%| S|CS|TAMS 0x0000000085c00000, 0x0000000085c00000| Complete 
|  47|0x0000000085d00000, 0x0000000085e00000, 0x0000000085e00000|100%| S|CS|TAMS 0x0000000085d00000, 0x0000000085d00000| Complete 
|  48|0x0000000085e00000, 0x0000000085f00000, 0x0000000085f00000|100%| S|CS|TAMS 0x0000000085e00000, 0x0000000085e00000| Complete 
|  49|0x0000000085f00000, 0x0000000086000000, 0x0000000086000000|100%| S|CS|TAMS 0x0000000085f00000, 0x0000000085f00000| Complete 
|  50|0x0000000086000000, 0x0000000086100000, 0x0000000086100000|100%| S|CS|TAMS 0x0000000086000000, 0x0000000086000000| Complete 
|  51|0x0000000086100000, 0x0000000086100000, 0x0000000086200000|  0%| F|  |TAMS 0x0000000086100000, 0x0000000086100000| Untracked 
|  52|0x0000000086200000, 0x0000000086200000, 0x0000000086300000|  0%| F|  |TAMS 0x0000000086200000, 0x0000000086200000| Untracked 
|  53|0x0000000086300000, 0x0000000086300000, 0x0000000086400000|  0%| F|  |TAMS 0x0000000086300000, 0x0000000086300000| Untracked 
|  54|0x0000000086400000, 0x0000000086400000, 0x0000000086500000|  0%| F|  |TAMS 0x0000000086400000, 0x0000000086400000| Untracked 
|  55|0x0000000086500000, 0x0000000086500000, 0x0000000086600000|  0%| F|  |TAMS 0x0000000086500000, 0x0000000086500000| Untracked 
|  56|0x0000000086600000, 0x0000000086600000, 0x0000000086700000|  0%| F|  |TAMS 0x0000000086600000, 0x0000000086600000| Untracked 
|  57|0x0000000086700000, 0x0000000086700000, 0x0000000086800000|  0%| F|  |TAMS 0x0000000086700000, 0x0000000086700000| Untracked 
|  58|0x0000000086800000, 0x0000000086800000, 0x0000000086900000|  0%| F|  |TAMS 0x0000000086800000, 0x0000000086800000| Untracked 
|  59|0x0000000086900000, 0x0000000086900000, 0x0000000086a00000|  0%| F|  |TAMS 0x0000000086900000, 0x0000000086900000| Untracked 
|  60|0x0000000086a00000, 0x0000000086a00000, 0x0000000086b00000|  0%| F|  |TAMS 0x0000000086a00000, 0x0000000086a00000| Untracked 
|  61|0x0000000086b00000, 0x0000000086b00000, 0x0000000086c00000|  0%| F|  |TAMS 0x0000000086b00000, 0x0000000086b00000| Untracked 
|  62|0x0000000086c00000, 0x0000000086c00000, 0x0000000086d00000|  0%| F|  |TAMS 0x0000000086c00000, 0x0000000086c00000| Untracked 
|  63|0x0000000086d00000, 0x0000000086d00000, 0x0000000086e00000|  0%| F|  |TAMS 0x0000000086d00000, 0x0000000086d00000| Untracked 
|  64|0x0000000086e00000, 0x0000000086e00000, 0x0000000086f00000|  0%| F|  |TAMS 0x0000000086e00000, 0x0000000086e00000| Untracked 
|  65|0x0000000086f00000, 0x0000000086f00000, 0x0000000087000000|  0%| F|  |TAMS 0x0000000086f00000, 0x0000000086f00000| Untracked 
|  66|0x0000000087000000, 0x0000000087000000, 0x0000000087100000|  0%| F|  |TAMS 0x0000000087000000, 0x0000000087000000| Untracked 
|  67|0x0000000087100000, 0x0000000087100000, 0x0000000087200000|  0%| F|  |TAMS 0x0000000087100000, 0x0000000087100000| Untracked 
|  68|0x0000000087200000, 0x0000000087200000, 0x0000000087300000|  0%| F|  |TAMS 0x0000000087200000, 0x0000000087200000| Untracked 
|  69|0x0000000087300000, 0x0000000087300000, 0x0000000087400000|  0%| F|  |TAMS 0x0000000087300000, 0x0000000087300000| Untracked 
|  70|0x0000000087400000, 0x0000000087400000, 0x0000000087500000|  0%| F|  |TAMS 0x0000000087400000, 0x0000000087400000| Untracked 
|  71|0x0000000087500000, 0x0000000087500000, 0x0000000087600000|  0%| F|  |TAMS 0x0000000087500000, 0x0000000087500000| Untracked 
|  72|0x0000000087600000, 0x0000000087600000, 0x0000000087700000|  0%| F|  |TAMS 0x0000000087600000, 0x0000000087600000| Untracked 
|  73|0x0000000087700000, 0x0000000087700000, 0x0000000087800000|  0%| F|  |TAMS 0x0000000087700000, 0x0000000087700000| Untracked 
|  74|0x0000000087800000, 0x0000000087800000, 0x0000000087900000|  0%| F|  |TAMS 0x0000000087800000, 0x0000000087800000| Untracked 
|  75|0x0000000087900000, 0x0000000087900000, 0x0000000087a00000|  0%| F|  |TAMS 0x0000000087900000, 0x0000000087900000| Untracked 
|  76|0x0000000087a00000, 0x0000000087a00000, 0x0000000087b00000|  0%| F|  |TAMS 0x0000000087a00000, 0x0000000087a00000| Untracked 
|  77|0x0000000087b00000, 0x0000000087b00000, 0x0000000087c00000|  0%| F|  |TAMS 0x0000000087b00000, 0x0000000087b00000| Untracked 
|  78|0x0000000087c00000, 0x0000000087c00000, 0x0000000087d00000|  0%| F|  |TAMS 0x0000000087c00000, 0x0000000087c00000| Untracked 
|  79|0x0000000087d00000, 0x0000000087d00000, 0x0000000087e00000|  0%| F|  |TAMS 0x0000000087d00000, 0x0000000087d00000| Untracked 
|  80|0x0000000087e00000, 0x0000000087e00000, 0x0000000087f00000|  0%| F|  |TAMS 0x0000000087e00000, 0x0000000087e00000| Untracked 
|  81|0x0000000087f00000, 0x0000000087f00000, 0x0000000088000000|  0%| F|  |TAMS 0x0000000087f00000, 0x0000000087f00000| Untracked 
|  82|0x0000000088000000, 0x0000000088000000, 0x0000000088100000|  0%| F|  |TAMS 0x0000000088000000, 0x0000000088000000| Untracked 
|  83|0x0000000088100000, 0x0000000088100000, 0x0000000088200000|  0%| F|  |TAMS 0x0000000088100000, 0x0000000088100000| Untracked 
|  84|0x0000000088200000, 0x0000000088200000, 0x0000000088300000|  0%| F|  |TAMS 0x0000000088200000, 0x0000000088200000| Untracked 
|  85|0x0000000088300000, 0x0000000088300000, 0x0000000088400000|  0%| F|  |TAMS 0x0000000088300000, 0x0000000088300000| Untracked 
|  86|0x0000000088400000, 0x0000000088400000, 0x0000000088500000|  0%| F|  |TAMS 0x0000000088400000, 0x0000000088400000| Untracked 
|  87|0x0000000088500000, 0x0000000088500000, 0x0000000088600000|  0%| F|  |TAMS 0x0000000088500000, 0x0000000088500000| Untracked 
|  88|0x0000000088600000, 0x0000000088600000, 0x0000000088700000|  0%| F|  |TAMS 0x0000000088600000, 0x0000000088600000| Untracked 
|  89|0x0000000088700000, 0x0000000088700000, 0x0000000088800000|  0%| F|  |TAMS 0x0000000088700000, 0x0000000088700000| Untracked 
|  90|0x0000000088800000, 0x0000000088800000, 0x0000000088900000|  0%| F|  |TAMS 0x0000000088800000, 0x0000000088800000| Untracked 
|  91|0x0000000088900000, 0x0000000088900000, 0x0000000088a00000|  0%| F|  |TAMS 0x0000000088900000, 0x0000000088900000| Untracked 
|  92|0x0000000088a00000, 0x0000000088a00000, 0x0000000088b00000|  0%| F|  |TAMS 0x0000000088a00000, 0x0000000088a00000| Untracked 
|  93|0x0000000088b00000, 0x0000000088b00000, 0x0000000088c00000|  0%| F|  |TAMS 0x0000000088b00000, 0x0000000088b00000| Untracked 
|  94|0x0000000088c00000, 0x0000000088c00000, 0x0000000088d00000|  0%| F|  |TAMS 0x0000000088c00000, 0x0000000088c00000| Untracked 
|  95|0x0000000088d00000, 0x0000000088d00000, 0x0000000088e00000|  0%| F|  |TAMS 0x0000000088d00000, 0x0000000088d00000| Untracked 
|  96|0x0000000088e00000, 0x0000000088e00000, 0x0000000088f00000|  0%| F|  |TAMS 0x0000000088e00000, 0x0000000088e00000| Untracked 
|  97|0x0000000088f00000, 0x0000000088f00000, 0x0000000089000000|  0%| F|  |TAMS 0x0000000088f00000, 0x0000000088f00000| Untracked 
|  98|0x0000000089000000, 0x0000000089000000, 0x0000000089100000|  0%| F|  |TAMS 0x0000000089000000, 0x0000000089000000| Untracked 
|  99|0x0000000089100000, 0x0000000089100000, 0x0000000089200000|  0%| F|  |TAMS 0x0000000089100000, 0x0000000089100000| Untracked 
| 100|0x0000000089200000, 0x0000000089200000, 0x0000000089300000|  0%| F|  |TAMS 0x0000000089200000, 0x0000000089200000| Untracked 
| 101|0x0000000089300000, 0x0000000089300000, 0x0000000089400000|  0%| F|  |TAMS 0x0000000089300000, 0x0000000089300000| Untracked 
| 102|0x0000000089400000, 0x0000000089400000, 0x0000000089500000|  0%| F|  |TAMS 0x0000000089400000, 0x0000000089400000| Untracked 
| 103|0x0000000089500000, 0x0000000089500000, 0x0000000089600000|  0%| F|  |TAMS 0x0000000089500000, 0x0000000089500000| Untracked 
| 104|0x0000000089600000, 0x0000000089600000, 0x0000000089700000|  0%| F|  |TAMS 0x0000000089600000, 0x0000000089600000| Untracked 
| 105|0x0000000089700000, 0x0000000089700000, 0x0000000089800000|  0%| F|  |TAMS 0x0000000089700000, 0x0000000089700000| Untracked 
| 106|0x0000000089800000, 0x0000000089800000, 0x0000000089900000|  0%| F|  |TAMS 0x0000000089800000, 0x0000000089800000| Untracked 
| 107|0x0000000089900000, 0x0000000089900000, 0x0000000089a00000|  0%| F|  |TAMS 0x0000000089900000, 0x0000000089900000| Untracked 
| 108|0x0000000089a00000, 0x0000000089a00000, 0x0000000089b00000|  0%| F|  |TAMS 0x0000000089a00000, 0x0000000089a00000| Untracked 
| 109|0x0000000089b00000, 0x0000000089b00000, 0x0000000089c00000|  0%| F|  |TAMS 0x0000000089b00000, 0x0000000089b00000| Untracked 
| 110|0x0000000089c00000, 0x0000000089c613b0, 0x0000000089d00000| 37%| E|  |TAMS 0x0000000089c00000, 0x0000000089c00000| Complete 
| 111|0x0000000089d00000, 0x0000000089e00000, 0x0000000089e00000|100%| E|CS|TAMS 0x0000000089d00000, 0x0000000089d00000| Complete 
| 112|0x0000000089e00000, 0x0000000089f00000, 0x0000000089f00000|100%| E|CS|TAMS 0x0000000089e00000, 0x0000000089e00000| Complete 
| 113|0x0000000089f00000, 0x000000008a000000, 0x000000008a000000|100%| E|CS|TAMS 0x0000000089f00000, 0x0000000089f00000| Complete 
| 114|0x000000008a000000, 0x000000008a100000, 0x000000008a100000|100%| E|CS|TAMS 0x000000008a000000, 0x000000008a000000| Complete 
| 115|0x000000008a100000, 0x000000008a200000, 0x000000008a200000|100%| E|CS|TAMS 0x000000008a100000, 0x000000008a100000| Complete 
| 116|0x000000008a200000, 0x000000008a300000, 0x000000008a300000|100%| E|CS|TAMS 0x000000008a200000, 0x000000008a200000| Complete 
| 117|0x000000008a300000, 0x000000008a400000, 0x000000008a400000|100%| E|CS|TAMS 0x000000008a300000, 0x000000008a300000| Complete 
| 118|0x000000008a400000, 0x000000008a500000, 0x000000008a500000|100%| E|CS|TAMS 0x000000008a400000, 0x000000008a400000| Complete 
| 119|0x000000008a500000, 0x000000008a600000, 0x000000008a600000|100%| E|CS|TAMS 0x000000008a500000, 0x000000008a500000| Complete 
| 120|0x000000008a600000, 0x000000008a700000, 0x000000008a700000|100%| E|CS|TAMS 0x000000008a600000, 0x000000008a600000| Complete 
| 121|0x000000008a700000, 0x000000008a800000, 0x000000008a800000|100%| E|CS|TAMS 0x000000008a700000, 0x000000008a700000| Complete 
| 122|0x000000008a800000, 0x000000008a900000, 0x000000008a900000|100%| E|CS|TAMS 0x000000008a800000, 0x000000008a800000| Complete 
| 123|0x000000008a900000, 0x000000008aa00000, 0x000000008aa00000|100%| E|CS|TAMS 0x000000008a900000, 0x000000008a900000| Complete 
| 124|0x000000008aa00000, 0x000000008ab00000, 0x000000008ab00000|100%| E|CS|TAMS 0x000000008aa00000, 0x000000008aa00000| Complete 
| 125|0x000000008ab00000, 0x000000008ac00000, 0x000000008ac00000|100%| E|CS|TAMS 0x000000008ab00000, 0x000000008ab00000| Complete 

Card table byte_map: [0x0000018776ec0000,0x00000187772b0000] _byte_map_base: 0x0000018776aa9000

Marking Bits (Prev, Next): (CMBitMap*) 0x0000018772908458, (CMBitMap*) 0x0000018772908490
 Prev Bits: [0x00000187776a0000, 0x00000187795e8000)
 Next Bits: [0x00000187795f0000, 0x000001877b538000)

Polling page: 0x00000187707c0000

Metaspace:

Usage:
  Non-class:     17.65 MB capacity,    17.12 MB ( 97%) used,   439.16 KB (  2%) free+waste,    96.00 KB ( <1%) overhead. 
      Class:      2.98 MB capacity,     2.59 MB ( 87%) used,   356.36 KB ( 12%) free+waste,    50.00 KB (  2%) overhead. 
       Both:     20.63 MB capacity,    19.71 MB ( 96%) used,   795.52 KB (  4%) free+waste,   146.00 KB ( <1%) overhead. 

Virtual space:
  Non-class space:       18.00 MB reserved,      17.75 MB ( 99%) committed 
      Class space:        1.00 GB reserved,       3.00 MB ( <1%) committed 
             Both:        1.02 GB reserved,      20.75 MB (  2%) committed 

Chunk freelists:
   Non-Class:  43.00 KB
       Class:  16.00 KB
        Both:  59.00 KB

MaxMetaspaceSize: 17179869184.00 GB
CompressedClassSpaceSize: 1.00 GB

CodeHeap 'non-profiled nmethods': size=120000Kb used=1695Kb max_used=1695Kb free=118305Kb
 bounds [0x0000018707ad0000, 0x0000018707d40000, 0x000001870f000000]
CodeHeap 'profiled nmethods': size=120000Kb used=7696Kb max_used=7696Kb free=112303Kb
 bounds [0x00000187005a0000, 0x0000018700d30000, 0x0000018707ad0000]
CodeHeap 'non-nmethods': size=5760Kb used=1392Kb max_used=1408Kb free=4367Kb
 bounds [0x0000018700000000, 0x0000018700270000, 0x00000187005a0000]
 total_blobs=5727 nmethods=3741 adapters=746
 compilation: enabled
              stopped_count=0, restarted_count=0
 full_count=0

Compilation events (20 events):
Event: 7.636 Thread 0x000001877df7c800 3710       3       com.sun.marlin.DHelpers::quadraticRoots (187 bytes)
Event: 7.637 Thread 0x000001877df7c800 nmethod 3710 0x0000018700d0f890 code [0x0000018700d0fb00, 0x0000018700d10058]
Event: 7.637 Thread 0x000001877df7c800 3711       3       com.sun.marlin.DCurve::ROCsq (130 bytes)
Event: 7.637 Thread 0x000001877df7c800 nmethod 3711 0x0000018700d10290 code [0x0000018700d10460, 0x0000018700d10698]
Event: 7.637 Thread 0x000001877df7c800 3708       3       com.sun.javafx.geom.Arc2D::getPathIterator (10 bytes)
Event: 7.637 Thread 0x000001877df7c800 nmethod 3708 0x0000018700d10790 code [0x0000018700d10960, 0x0000018700d10bb0]
Event: 7.637 Thread 0x000001877df7c800 3709       3       com.sun.javafx.geom.ArcIterator::<init> (278 bytes)
Event: 7.638 Thread 0x000001877df7c800 nmethod 3709 0x0000018700d10c90 code [0x0000018700d10f80, 0x0000018700d11970]
Event: 7.638 Thread 0x000001877df7c800 3712       1       com.sun.prism.impl.shape.MaskData::getOriginX (5 bytes)
Event: 7.638 Thread 0x000001877df7c800 nmethod 3712 0x0000018707c76710 code [0x0000018707c768c0, 0x0000018707c769f8]
Event: 7.638 Thread 0x000001877df7c800 3713       1       com.sun.prism.impl.shape.MaskData::getOriginY (5 bytes)
Event: 7.638 Thread 0x000001877df7c800 nmethod 3713 0x0000018707c76a90 code [0x0000018707c76c40, 0x0000018707c76d78]
Event: 7.640 Thread 0x000001877df7c800 3714       3       javafx.scene.shape.Shape$2::invalidated (111 bytes)
Event: 7.641 Thread 0x000001877df7c800 nmethod 3714 0x0000018700d11b90 code [0x0000018700d11ea0, 0x0000018700d130f0]
Event: 7.641 Thread 0x000001877df7c800 3716       3       com.sun.javafx.collections.ListListenerHelper::addListener (34 bytes)
Event: 7.641 Thread 0x000001877df7c800 nmethod 3716 0x0000018700d13690 code [0x0000018700d138a0, 0x0000018700d13ec0]
Event: 7.641 Thread 0x000001877df7c800 3717       3       com.sun.javafx.geom.transform.Identity::transform (24 bytes)
Event: 7.641 Thread 0x000001877df7c800 nmethod 3717 0x0000018700d14090 code [0x0000018700d14260, 0x0000018700d14510]
Event: 7.641 Thread 0x000001877df7c800 3718       3       com.sun.prism.BasicStroke::accumulateCubic (111 bytes)
Event: 7.641 Thread 0x000001877df7c800 nmethod 3718 0x0000018700d14610 code [0x0000018700d14800, 0x0000018700d14bf8]

GC Heap History (4 events):
Event: 0.709 GC heap before
{Heap before GC invocations=0 (full 0):
 garbage-first heap   total 129024K, used 23552K [0x0000000082e00000, 0x0000000100000000)
  region size 1024K, 24 young (24576K), 0 survivors (0K)
 Metaspace       used 8173K, capacity 9530K, committed 9728K, reserved 1058816K
  class space    used 972K, capacity 1220K, committed 1280K, reserved 1048576K
}
Event: 0.714 GC heap after
{Heap after GC invocations=1 (full 0):
 garbage-first heap   total 129024K, used 3305K [0x0000000082e00000, 0x0000000100000000)
  region size 1024K, 3 young (3072K), 3 survivors (3072K)
 Metaspace       used 8173K, capacity 9530K, committed 9728K, reserved 1058816K
  class space    used 972K, capacity 1220K, committed 1280K, reserved 1048576K
}
Event: 7.437 GC heap before
{Heap before GC invocations=1 (full 0):
 garbage-first heap   total 129024K, used 88297K [0x0000000082e00000, 0x0000000100000000)
  region size 1024K, 75 young (76800K), 3 survivors (3072K)
 Metaspace       used 19560K, capacity 20486K, committed 20736K, reserved 1067008K
  class space    used 2574K, capacity 2973K, committed 3072K, reserved 1048576K
}
Event: 7.444 GC heap after
{Heap after GC invocations=2 (full 0):
 garbage-first heap   total 129024K, used 20448K [0x0000000082e00000, 0x0000000100000000)
  region size 1024K, 9 young (9216K), 9 survivors (9216K)
 Metaspace       used 19560K, capacity 20486K, committed 20736K, reserved 1067008K
  class space    used 2574K, capacity 2973K, committed 3072K, reserved 1048576K
}

Deoptimization events (20 events):
Event: 7.548 Thread 0x000001877ed3d800 DEOPT PACKING pc=0x0000018700b67cdf sp=0x0000007eef1fd9b0
Event: 7.548 Thread 0x000001877ed3d800 DEOPT UNPACKING pc=0x000001870002904e sp=0x0000007eef1fce40 mode 0
Event: 7.548 Thread 0x000001877ed3d800 DEOPT PACKING pc=0x0000018700711063 sp=0x0000007eef1fd9b0
Event: 7.548 Thread 0x000001877ed3d800 DEOPT UNPACKING pc=0x000001870002904e sp=0x0000007eef1fce40 mode 0
Event: 7.549 Thread 0x000001877ed3d800 Uncommon trap: trap_request=0xffffff4d fr.pc=0x0000018707b1dc88 relative=0x0000000000000068
Event: 7.549 Thread 0x000001877ed3d800 Uncommon trap: reason=unstable_if action=reinterpret pc=0x0000018707b1dc88 method=java.lang.ref.ReferenceQueue.poll()Ljava/lang/ref/Reference; @ 4 c2
Event: 7.549 Thread 0x000001877ed3d800 DEOPT PACKING pc=0x0000018707b1dc88 sp=0x0000007eef1fed20
Event: 7.549 Thread 0x000001877ed3d800 DEOPT UNPACKING pc=0x000001870002922f sp=0x0000007eef1fecb0 mode 2
Event: 7.550 Thread 0x000001877ed3d800 Uncommon trap: trap_request=0xffffff4d fr.pc=0x0000018707c457e0 relative=0x0000000000000360
Event: 7.550 Thread 0x000001877ed3d800 Uncommon trap: reason=unstable_if action=reinterpret pc=0x0000018707c457e0 method=com.sun.javafx.sg.prism.NGNode.markCullRegions(Lcom/sun/javafx/geom/DirtyRegionContainer;ILcom/sun/javafx/geom/transform/BaseTransform;Lcom/sun/javafx/geom/transform/General
Event: 7.550 Thread 0x000001877ed3d800 DEOPT PACKING pc=0x0000018707c457e0 sp=0x0000007eef1fe7f0
Event: 7.550 Thread 0x000001877ed3d800 DEOPT UNPACKING pc=0x000001870002922f sp=0x0000007eef1fe778 mode 2
Event: 7.552 Thread 0x000001877ed3d800 DEOPT PACKING pc=0x0000018700b67cdf sp=0x0000007eef1fd9b0
Event: 7.552 Thread 0x000001877ed3d800 DEOPT UNPACKING pc=0x000001870002904e sp=0x0000007eef1fce40 mode 0
Event: 7.553 Thread 0x000001877ed3d800 DEOPT PACKING pc=0x0000018700b67cdf sp=0x0000007eef1fd9b0
Event: 7.553 Thread 0x000001877ed3d800 DEOPT UNPACKING pc=0x000001870002904e sp=0x0000007eef1fce40 mode 0
Event: 7.570 Thread 0x000001877ed3d800 DEOPT PACKING pc=0x0000018700b61e21 sp=0x0000007eef1fd6e0
Event: 7.570 Thread 0x000001877ed3d800 DEOPT UNPACKING pc=0x000001870002904e sp=0x0000007eef1fcb10 mode 0
Event: 7.570 Thread 0x000001877ed3d800 DEOPT PACKING pc=0x0000018700bd773c sp=0x0000007eef1fdd50
Event: 7.570 Thread 0x000001877ed3d800 DEOPT UNPACKING pc=0x000001870002904e sp=0x0000007eef1fd170 mode 0

Classes redefined (0 events):
No events

Internal exceptions (20 events):
Event: 1.062 Thread 0x000001877eda7800 Exception <a 'java/io/FileNotFoundException'{0x0000000089ef52b8}> (0x0000000089ef52b8) thrown at [c:/BuildAgent/work/5ff2f6c26000d570/src/hotspot/share/prims/jni.cpp, line 615]
Event: 1.110 Thread 0x000001877eda7800 Implicit null exception at 0x0000018707b4dba5 to 0x0000018707b4df9e
Event: 1.110 Thread 0x000001877eda7800 Implicit null exception at 0x0000018707b1ed08 to 0x0000018707b1ed9a
Event: 1.281 Thread 0x000001877eda7800 Exception <a 'java/lang/NoSuchMethodError'{0x0000000089593768}: 'java.lang.Object java.lang.invoke.Invokers$Holder.linkToTargetMethod(java.lang.Object, int, java.lang.Object)'> (0x0000000089593768) thrown at [c:/BuildAgent/work/5ff2f6c26000d570/src/hotspo
Event: 1.297 Thread 0x000001877eda7800 Exception <a 'java/lang/NoSuchMethodError'{0x00000000895fdbb8}: 'java.lang.Object java.lang.invoke.DirectMethodHandle$Holder.invokeInterface(java.lang.Object, java.lang.Object, java.lang.Object)'> (0x00000000895fdbb8) thrown at [c:/BuildAgent/work/5ff2f6c
Event: 1.297 Thread 0x000001877eda7800 Exception <a 'java/lang/IncompatibleClassChangeError'{0x0000000089401378}: Found class java.lang.Object, but interface was expected> (0x0000000089401378) thrown at [c:/BuildAgent/work/5ff2f6c26000d570/src/hotspot/share/interpreter/linkResolver.cpp, line 8
Event: 1.347 Thread 0x000001877eda7800 Exception <a 'java/lang/NoSuchMethodError'{0x0000000089048180}: 'long java.lang.invoke.DirectMethodHandle$Holder.invokeStaticInit(java.lang.Object, java.lang.Object, java.lang.Object)'> (0x0000000089048180) thrown at [c:/BuildAgent/work/5ff2f6c26000d570/s
Event: 1.350 Thread 0x000001877eda7800 Exception <a 'java/lang/NoSuchMethodError'{0x00000000890607c8}: 'java.lang.Object java.lang.invoke.DirectMethodHandle$Holder.invokeStatic(java.lang.Object, java.lang.Object, long)'> (0x00000000890607c8) thrown at [c:/BuildAgent/work/5ff2f6c26000d570/src/h
Event: 1.350 Thread 0x000001877eda7800 Exception <a 'java/lang/NoSuchMethodError'{0x0000000089066940}: 'java.lang.Object java.lang.invoke.Invokers$Holder.linkToTargetMethod(java.lang.Object, long, java.lang.Object)'> (0x0000000089066940) thrown at [c:/BuildAgent/work/5ff2f6c26000d570/src/hotsp
Event: 1.374 Thread 0x000001877ed3d800 Exception <a 'java/lang/NoSuchMethodError'{0x0000000088f9ee60}: 'int java.lang.invoke.DirectMethodHandle$Holder.invokeStaticInit(java.lang.Object, java.lang.Object)'> (0x0000000088f9ee60) thrown at [c:/BuildAgent/work/5ff2f6c26000d570/src/hotspot/share/in
Event: 1.439 Thread 0x000001877ed3d800 Exception <a 'java/lang/NoSuchMethodError'{0x0000000088d49848}: 'java.lang.Object java.lang.invoke.DirectMethodHandle$Holder.invokeStaticInit(java.lang.Object, int)'> (0x0000000088d49848) thrown at [c:/BuildAgent/work/5ff2f6c26000d570/src/hotspot/share/in
Event: 3.714 Thread 0x000001877eda7800 Exception <a 'java/io/FileNotFoundException'{0x0000000088670b68}> (0x0000000088670b68) thrown at [c:/BuildAgent/work/5ff2f6c26000d570/src/hotspot/share/prims/jni.cpp, line 615]
Event: 3.719 Thread 0x000001877eda7800 Exception <a 'java/io/FileNotFoundException'{0x000000008867e588}> (0x000000008867e588) thrown at [c:/BuildAgent/work/5ff2f6c26000d570/src/hotspot/share/prims/jni.cpp, line 615]
Event: 3.753 Thread 0x000001877eda7800 Exception <a 'java/lang/ClassNotFoundException'{0x00000000885ef460}: com/sun/javafx/scene/control/skin/resources/controls> (0x00000000885ef460) thrown at [c:/BuildAgent/work/5ff2f6c26000d570/src/hotspot/share/prims/jni.cpp, line 636]
Event: 3.753 Thread 0x000001877eda7800 Exception <a 'java/lang/ClassNotFoundException'{0x0000000088400900}: com/sun/javafx/scene/control/skin/resources/controls_en> (0x0000000088400900) thrown at [c:/BuildAgent/work/5ff2f6c26000d570/src/hotspot/share/prims/jni.cpp, line 636]
Event: 3.753 Thread 0x000001877eda7800 Exception <a 'java/lang/ClassNotFoundException'{0x0000000088401e80}: com/sun/javafx/scene/control/skin/resources/controls_en_US> (0x0000000088401e80) thrown at [c:/BuildAgent/work/5ff2f6c26000d570/src/hotspot/share/prims/jni.cpp, line 636]
Event: 3.777 Thread 0x000001877eda7800 Exception <a 'java/lang/NoSuchMethodError'{0x00000000880feb80}: 'void java.lang.invoke.DirectMethodHandle$Holder.invokeSpecial(java.lang.Object, java.lang.Object, java.lang.Object, java.lang.Object, java.lang.Object, java.lang.Object)'> (0x00000000880feb8
Event: 7.468 Thread 0x000001877eda7800 Exception <a 'java/io/FileNotFoundException'{0x000000008ab448a8}> (0x000000008ab448a8) thrown at [c:/BuildAgent/work/5ff2f6c26000d570/src/hotspot/share/prims/jni.cpp, line 615]
Event: 7.520 Thread 0x000001877eda7800 Exception <a 'java/lang/NoSuchMethodError'{0x000000008a391da8}: 'void java.lang.invoke.DirectMethodHandle$Holder.invokeSpecial(java.lang.Object, java.lang.Object, double)'> (0x000000008a391da8) thrown at [c:/BuildAgent/work/5ff2f6c26000d570/src/hotspot/sh
Event: 7.520 Thread 0x000001877eda7800 Exception <a 'java/lang/NoSuchMethodError'{0x000000008a397870}: 'java.lang.Object java.lang.invoke.DirectMethodHandle$Holder.invokeStatic(java.lang.Object, java.lang.Object, double)'> (0x000000008a397870) thrown at [c:/BuildAgent/work/5ff2f6c26000d570/src

Events (20 events):
Event: 7.563 Thread 0x0000018715f66000 Thread added: 0x0000018715f66000
Event: 7.563 Thread 0x0000018715f66000 Thread exited: 0x0000018715f66000
Event: 7.563 Thread 0x0000018715f63000 Thread added: 0x0000018715f63000
Event: 7.563 Thread 0x0000018715f63000 Thread exited: 0x0000018715f63000
Event: 7.563 Thread 0x0000018715f66000 Thread added: 0x0000018715f66000
Event: 7.563 Thread 0x0000018715f66000 Thread exited: 0x0000018715f66000
Event: 7.563 Thread 0x0000018715f63000 Thread added: 0x0000018715f63000
Event: 7.564 Thread 0x0000018715f63000 Thread exited: 0x0000018715f63000
Event: 7.625 Thread 0x0000018715f66000 Thread added: 0x0000018715f66000
Event: 7.625 Thread 0x0000018715f66000 Thread exited: 0x0000018715f66000
Event: 7.625 Thread 0x0000018715f66000 Thread added: 0x0000018715f66000
Event: 7.625 Thread 0x0000018715f66000 Thread exited: 0x0000018715f66000
Event: 7.625 Thread 0x0000018715f63000 Thread added: 0x0000018715f63000
Event: 7.626 Thread 0x0000018715f63000 Thread exited: 0x0000018715f63000
Event: 7.626 Thread 0x0000018715f66000 Thread added: 0x0000018715f66000
Event: 7.626 Thread 0x0000018715f66000 Thread exited: 0x0000018715f66000
Event: 7.626 Thread 0x0000018715f63000 Thread added: 0x0000018715f63000
Event: 7.626 Thread 0x0000018715f63000 Thread exited: 0x0000018715f63000
Event: 7.626 Thread 0x0000018715f66000 Thread added: 0x0000018715f66000
Event: 7.626 Thread 0x0000018715f66000 Thread exited: 0x0000018715f66000


Dynamic libraries:
0x00007ff7258e0000 - 0x00007ff7258ea000 	C:\Program Files\JetBrains\IntelliJ IDEA Community Edition 2019.3.1\jbr\bin\java.exe
0x00007ffe05260000 - 0x00007ffe05450000 	C:\WINDOWS\SYSTEM32\ntdll.dll
0x00007ffe05030000 - 0x00007ffe050e2000 	C:\WINDOWS\System32\KERNEL32.DLL
0x00007ffe024c0000 - 0x00007ffe02765000 	C:\WINDOWS\System32\KERNELBASE.dll
0x00007ffe02800000 - 0x00007ffe028fa000 	C:\WINDOWS\System32\ucrtbase.dll
0x00007ffdf6c90000 - 0x00007ffdf6ca7000 	C:\Program Files\JetBrains\IntelliJ IDEA Community Edition 2019.3.1\jbr\bin\VCRUNTIME140.dll
0x00007ffdf01b0000 - 0x00007ffdf01c9000 	C:\Program Files\JetBrains\IntelliJ IDEA Community Edition 2019.3.1\jbr\bin\jli.dll
0x00007ffe03800000 - 0x00007ffe03994000 	C:\WINDOWS\System32\USER32.dll
0x00007ffe03230000 - 0x00007ffe03251000 	C:\WINDOWS\System32\win32u.dll
0x00007ffe03d20000 - 0x00007ffe03d46000 	C:\WINDOWS\System32\GDI32.dll
0x00007ffe02900000 - 0x00007ffe02a96000 	C:\WINDOWS\System32\gdi32full.dll
0x00007ffdf2c00000 - 0x00007ffdf2e84000 	C:\WINDOWS\WinSxS\amd64_microsoft.windows.common-controls_6595b64144ccf1df_6.0.18362.1256_none_9e7e379be45e40e2\COMCTL32.dll
0x00007ffe02420000 - 0x00007ffe024be000 	C:\WINDOWS\System32\msvcp_win.dll
0x00007ffe03760000 - 0x00007ffe037fe000 	C:\WINDOWS\System32\msvcrt.dll
0x00007ffe041c0000 - 0x00007ffe044f6000 	C:\WINDOWS\System32\combase.dll
0x00007ffe04520000 - 0x00007ffe04640000 	C:\WINDOWS\System32\RPCRT4.dll
0x00007ffe021d0000 - 0x00007ffe02251000 	C:\WINDOWS\System32\bcryptPrimitives.dll
0x00007ffe03450000 - 0x00007ffe0347e000 	C:\WINDOWS\System32\IMM32.DLL
0x00007ffdd6ea0000 - 0x00007ffdd6f3d000 	C:\Program Files\JetBrains\IntelliJ IDEA Community Edition 2019.3.1\jbr\bin\msvcp140.dll
0x00007ffdbcd70000 - 0x00007ffdbd82b000 	C:\Program Files\JetBrains\IntelliJ IDEA Community Edition 2019.3.1\jbr\bin\server\jvm.dll
0x00007ffe03550000 - 0x00007ffe035f3000 	C:\WINDOWS\System32\ADVAPI32.dll
0x00007ffe04de0000 - 0x00007ffe04e77000 	C:\WINDOWS\System32\sechost.dll
0x00007ffe03310000 - 0x00007ffe03318000 	C:\WINDOWS\System32\PSAPI.DLL
0x00007ffdf3920000 - 0x00007ffdf3944000 	C:\WINDOWS\SYSTEM32\WINMM.dll
0x00007ffde8fa0000 - 0x00007ffde8fa9000 	C:\WINDOWS\SYSTEM32\WSOCK32.dll
0x00007ffe04fc0000 - 0x00007ffe0502f000 	C:\WINDOWS\System32\WS2_32.dll
0x00007ffdf9390000 - 0x00007ffdf939a000 	C:\WINDOWS\SYSTEM32\VERSION.dll
0x00007ffdf3040000 - 0x00007ffdf306d000 	C:\WINDOWS\SYSTEM32\winmmbase.dll
0x00007ffe023d0000 - 0x00007ffe0241a000 	C:\WINDOWS\System32\cfgmgr32.dll
0x00007ffe02160000 - 0x00007ffe02171000 	C:\WINDOWS\System32\kernel.appcore.dll
0x00007ffdfaab0000 - 0x00007ffdfaac1000 	C:\Program Files\JetBrains\IntelliJ IDEA Community Edition 2019.3.1\jbr\bin\verify.dll
0x00007ffe00a00000 - 0x00007ffe00bf4000 	C:\WINDOWS\SYSTEM32\DBGHELP.DLL
0x00007ffdf8dd0000 - 0x00007ffdf8dfa000 	C:\WINDOWS\SYSTEM32\dbgcore.DLL
0x00007ffdfa6f0000 - 0x00007ffdfa719000 	C:\Program Files\JetBrains\IntelliJ IDEA Community Edition 2019.3.1\jbr\bin\java.dll
0x00007ffdfa730000 - 0x00007ffdfa73f000 	C:\Program Files\JetBrains\IntelliJ IDEA Community Edition 2019.3.1\jbr\bin\instrument.dll
0x00007ffdfaa90000 - 0x00007ffdfaaa7000 	C:\Program Files\JetBrains\IntelliJ IDEA Community Edition 2019.3.1\jbr\bin\zip.dll
0x00007ffdfe8a0000 - 0x00007ffdfe8ab000 	C:\Program Files\JetBrains\IntelliJ IDEA Community Edition 2019.3.1\jbr\bin\jimage.dll
0x00007ffe046f0000 - 0x00007ffe04dd7000 	C:\WINDOWS\System32\SHELL32.dll
0x00007ffe050f0000 - 0x00007ffe05199000 	C:\WINDOWS\System32\shcore.dll
0x00007ffe02aa0000 - 0x00007ffe03221000 	C:\WINDOWS\System32\windows.storage.dll
0x00007ffe02130000 - 0x00007ffe02153000 	C:\WINDOWS\System32\profapi.dll
0x00007ffe02180000 - 0x00007ffe021ca000 	C:\WINDOWS\System32\powrprof.dll
0x00007ffe02100000 - 0x00007ffe02110000 	C:\WINDOWS\System32\UMPDC.dll
0x00007ffe033f0000 - 0x00007ffe03442000 	C:\WINDOWS\System32\shlwapi.dll
0x00007ffe023b0000 - 0x00007ffe023c7000 	C:\WINDOWS\System32\cryptsp.dll
0x00007ffdfa450000 - 0x00007ffdfa46a000 	C:\Program Files\JetBrains\IntelliJ IDEA Community Edition 2019.3.1\jbr\bin\net.dll
0x00007ffdf5cf0000 - 0x00007ffdf5de0000 	C:\WINDOWS\SYSTEM32\WINHTTP.dll
0x00007ffe01950000 - 0x00007ffe019b7000 	C:\WINDOWS\system32\mswsock.dll
0x00007ffdf9190000 - 0x00007ffdf91a4000 	C:\Program Files\JetBrains\IntelliJ IDEA Community Edition 2019.3.1\jbr\bin\nio.dll
0x00007ffdf79c0000 - 0x00007ffdf79da000 	C:\Program Files\JetBrains\IntelliJ IDEA Community Edition 2019.3.1\bin\breakgen64.dll
0x0000018772880000 - 0x0000018772883000 	C:\Program Files\JetBrains\IntelliJ IDEA Community Edition 2019.3.1\jbr\bin\api-ms-win-core-console-l1-1-0.dll
0x0000018772890000 - 0x0000018772893000 	C:\Program Files\JetBrains\IntelliJ IDEA Community Edition 2019.3.1\jbr\bin\api-ms-win-core-datetime-l1-1-0.dll
0x000001877f4d0000 - 0x000001877f4d3000 	C:\Program Files\JetBrains\IntelliJ IDEA Community Edition 2019.3.1\jbr\bin\api-ms-win-core-debug-l1-1-0.dll
0x000001877f4e0000 - 0x000001877f4e3000 	C:\Program Files\JetBrains\IntelliJ IDEA Community Edition 2019.3.1\jbr\bin\api-ms-win-core-errorhandling-l1-1-0.dll
0x000001877f4f0000 - 0x000001877f4f4000 	C:\Program Files\JetBrains\IntelliJ IDEA Community Edition 2019.3.1\jbr\bin\api-ms-win-core-file-l1-1-0.dll
0x000001877f500000 - 0x000001877f503000 	C:\Program Files\JetBrains\IntelliJ IDEA Community Edition 2019.3.1\jbr\bin\api-ms-win-core-file-l1-2-0.dll
0x000001877f510000 - 0x000001877f513000 	C:\Program Files\JetBrains\IntelliJ IDEA Community Edition 2019.3.1\jbr\bin\api-ms-win-core-file-l2-1-0.dll
0x000001877f520000 - 0x000001877f523000 	C:\Program Files\JetBrains\IntelliJ IDEA Community Edition 2019.3.1\jbr\bin\api-ms-win-core-handle-l1-1-0.dll
0x000001877f530000 - 0x000001877f533000 	C:\Program Files\JetBrains\IntelliJ IDEA Community Edition 2019.3.1\jbr\bin\api-ms-win-core-heap-l1-1-0.dll
0x000001877f540000 - 0x000001877f543000 	C:\Program Files\JetBrains\IntelliJ IDEA Community Edition 2019.3.1\jbr\bin\api-ms-win-core-interlocked-l1-1-0.dll
0x000001877f550000 - 0x000001877f553000 	C:\Program Files\JetBrains\IntelliJ IDEA Community Edition 2019.3.1\jbr\bin\api-ms-win-core-libraryloader-l1-1-0.dll
0x000001877f560000 - 0x000001877f563000 	C:\Program Files\JetBrains\IntelliJ IDEA Community Edition 2019.3.1\jbr\bin\api-ms-win-core-localization-l1-2-0.dll
0x000001877f570000 - 0x000001877f573000 	C:\Program Files\JetBrains\IntelliJ IDEA Community Edition 2019.3.1\jbr\bin\api-ms-win-core-memory-l1-1-0.dll
0x000001877f580000 - 0x000001877f583000 	C:\Program Files\JetBrains\IntelliJ IDEA Community Edition 2019.3.1\jbr\bin\api-ms-win-core-namedpipe-l1-1-0.dll
0x000001877f590000 - 0x000001877f593000 	C:\Program Files\JetBrains\IntelliJ IDEA Community Edition 2019.3.1\jbr\bin\api-ms-win-core-processenvironment-l1-1-0.dll
0x000001877f5a0000 - 0x000001877f5a3000 	C:\Program Files\JetBrains\IntelliJ IDEA Community Edition 2019.3.1\jbr\bin\api-ms-win-core-processthreads-l1-1-0.dll
0x000001877f5b0000 - 0x000001877f5b3000 	C:\Program Files\JetBrains\IntelliJ IDEA Community Edition 2019.3.1\jbr\bin\api-ms-win-core-processthreads-l1-1-1.dll
0x000001877f5c0000 - 0x000001877f5c3000 	C:\Program Files\JetBrains\IntelliJ IDEA Community Edition 2019.3.1\jbr\bin\api-ms-win-core-profile-l1-1-0.dll
0x000001877f5d0000 - 0x000001877f5d3000 	C:\Program Files\JetBrains\IntelliJ IDEA Community Edition 2019.3.1\jbr\bin\api-ms-win-core-rtlsupport-l1-1-0.dll
0x000001877f5e0000 - 0x000001877f5e3000 	C:\Program Files\JetBrains\IntelliJ IDEA Community Edition 2019.3.1\jbr\bin\api-ms-win-core-string-l1-1-0.dll
0x000001877f5f0000 - 0x000001877f5f3000 	C:\Program Files\JetBrains\IntelliJ IDEA Community Edition 2019.3.1\jbr\bin\api-ms-win-core-synch-l1-1-0.dll
0x000001877f600000 - 0x000001877f603000 	C:\Program Files\JetBrains\IntelliJ IDEA Community Edition 2019.3.1\jbr\bin\api-ms-win-core-synch-l1-2-0.dll
0x000001877f610000 - 0x000001877f613000 	C:\Program Files\JetBrains\IntelliJ IDEA Community Edition 2019.3.1\jbr\bin\api-ms-win-core-sysinfo-l1-1-0.dll
0x000001877f620000 - 0x000001877f623000 	C:\Program Files\JetBrains\IntelliJ IDEA Community Edition 2019.3.1\jbr\bin\api-ms-win-core-timezone-l1-1-0.dll
0x000001877f630000 - 0x000001877f633000 	C:\Program Files\JetBrains\IntelliJ IDEA Community Edition 2019.3.1\jbr\bin\api-ms-win-core-util-l1-1-0.dll
0x000001877f640000 - 0x000001877f643000 	C:\Program Files\JetBrains\IntelliJ IDEA Community Edition 2019.3.1\jbr\bin\api-ms-win-crt-conio-l1-1-0.dll
0x000001877f650000 - 0x000001877f654000 	C:\Program Files\JetBrains\IntelliJ IDEA Community Edition 2019.3.1\jbr\bin\api-ms-win-crt-convert-l1-1-0.dll
0x000001877f660000 - 0x000001877f663000 	C:\Program Files\JetBrains\IntelliJ IDEA Community Edition 2019.3.1\jbr\bin\api-ms-win-crt-environment-l1-1-0.dll
0x000001877f670000 - 0x000001877f673000 	C:\Program Files\JetBrains\IntelliJ IDEA Community Edition 2019.3.1\jbr\bin\api-ms-win-crt-filesystem-l1-1-0.dll
0x000001877f680000 - 0x000001877f683000 	C:\Program Files\JetBrains\IntelliJ IDEA Community Edition 2019.3.1\jbr\bin\api-ms-win-crt-heap-l1-1-0.dll
0x000001877f690000 - 0x000001877f693000 	C:\Program Files\JetBrains\IntelliJ IDEA Community Edition 2019.3.1\jbr\bin\api-ms-win-crt-locale-l1-1-0.dll
0x000001877f6a0000 - 0x000001877f6a5000 	C:\Program Files\JetBrains\IntelliJ IDEA Community Edition 2019.3.1\jbr\bin\api-ms-win-crt-math-l1-1-0.dll
0x000001877f6b0000 - 0x000001877f6b5000 	C:\Program Files\JetBrains\IntelliJ IDEA Community Edition 2019.3.1\jbr\bin\api-ms-win-crt-multibyte-l1-1-0.dll
0x000001877f6c0000 - 0x000001877f6d0000 	C:\Program Files\JetBrains\IntelliJ IDEA Community Edition 2019.3.1\jbr\bin\api-ms-win-crt-private-l1-1-0.dll
0x000001877f6d0000 - 0x000001877f6d3000 	C:\Program Files\JetBrains\IntelliJ IDEA Community Edition 2019.3.1\jbr\bin\api-ms-win-crt-process-l1-1-0.dll
0x000001877f6e0000 - 0x000001877f6e4000 	C:\Program Files\JetBrains\IntelliJ IDEA Community Edition 2019.3.1\jbr\bin\api-ms-win-crt-runtime-l1-1-0.dll
0x000001877f6f0000 - 0x000001877f6f4000 	C:\Program Files\JetBrains\IntelliJ IDEA Community Edition 2019.3.1\jbr\bin\api-ms-win-crt-stdio-l1-1-0.dll
0x000001877f700000 - 0x000001877f704000 	C:\Program Files\JetBrains\IntelliJ IDEA Community Edition 2019.3.1\jbr\bin\api-ms-win-crt-string-l1-1-0.dll
0x000001877f710000 - 0x000001877f713000 	C:\Program Files\JetBrains\IntelliJ IDEA Community Edition 2019.3.1\jbr\bin\api-ms-win-crt-time-l1-1-0.dll
0x000001877f720000 - 0x000001877f723000 	C:\Program Files\JetBrains\IntelliJ IDEA Community Edition 2019.3.1\jbr\bin\api-ms-win-crt-utility-l1-1-0.dll
0x00007ffdd7440000 - 0x00007ffdd753a000 	C:\Program Files\JetBrains\IntelliJ IDEA Community Edition 2019.3.1\jbr\bin\ucrtbase.dll
0x00007ffde57b0000 - 0x00007ffde5801000 	C:\Windows\System32\concrt140.dll
0x00007ffddd820000 - 0x00007ffddd843000 	C:\Program Files\JetBrains\IntelliJ IDEA Community Edition 2019.3.1\jbr\bin\prism_d3d.dll
0x00007ffdc52d0000 - 0x00007ffdc5497000 	C:\WINDOWS\system32\d3d9.dll
0x00007ffe004d0000 - 0x00007ffe004fd000 	C:\WINDOWS\SYSTEM32\dwmapi.dll
0x00007ffe00db0000 - 0x00007ffe00dd0000 	C:\WINDOWS\SYSTEM32\dxcore.dll
0x00007ffe000a0000 - 0x00007ffe00139000 	C:\WINDOWS\system32\uxtheme.dll
0x00007ffdc5160000 - 0x00007ffdc52c4000 	C:\WINDOWS\System32\DriverStore\FileRepository\iigd_dch.inf_amd64_440392e76b44e849\igdumdim64.dll
0x00007ffd9afa0000 - 0x00007ffd9ef7a000 	C:\WINDOWS\System32\DriverStore\FileRepository\iigd_dch.inf_amd64_440392e76b44e849\igd9dxva64.dll
0x00007ffe03600000 - 0x00007ffe03757000 	C:\WINDOWS\System32\ole32.dll
0x00007ffe03480000 - 0x00007ffe03545000 	C:\WINDOWS\System32\OLEAUT32.dll
0x00007ffde8cf0000 - 0x00007ffde8e94000 	C:\WINDOWS\System32\DriverStore\FileRepository\iigd_dch.inf_amd64_440392e76b44e849\igdgmm64.dll
0x00007ffddcdb0000 - 0x00007ffddcdf5000 	C:\Program Files\JetBrains\IntelliJ IDEA Community Edition 2019.3.1\jbr\bin\glass.dll
0x00007ffe03320000 - 0x00007ffe033f0000 	C:\WINDOWS\System32\COMDLG32.dll
0x00007ffe03bd0000 - 0x00007ffe03d05000 	C:\WINDOWS\System32\MSCTF.dll
0x00007ffdf6e10000 - 0x00007ffdf6e36000 	C:\WINDOWS\System32\DriverStore\FileRepository\iigd_dch.inf_amd64_440392e76b44e849\igdinfo64.dll
0x00007ffde58b0000 - 0x00007ffde7d4b000 	C:\WINDOWS\System32\DriverStore\FileRepository\iigd_dch.inf_amd64_440392e76b44e849\igc64.dll
0x00007ffdd6e10000 - 0x00007ffdd6ea0000 	C:\Program Files\JetBrains\IntelliJ IDEA Community Edition 2019.3.1\jbr\bin\glib-lite.dll
0x00007ffdcbb40000 - 0x00007ffdcbbf7000 	C:\Program Files\JetBrains\IntelliJ IDEA Community Edition 2019.3.1\jbr\bin\gstreamer-lite.dll
0x00007ffdd6d70000 - 0x00007ffdd6e09000 	C:\WINDOWS\SYSTEM32\DSOUND.dll
0x00007ffddd6b0000 - 0x00007ffddd6d6000 	C:\Program Files\JetBrains\IntelliJ IDEA Community Edition 2019.3.1\jbr\bin\jfxmedia.dll
0x00007ffde5770000 - 0x00007ffde5784000 	C:\Program Files\JetBrains\IntelliJ IDEA Community Edition 2019.3.1\jbr\bin\javafx_font.dll
0x00007ffdcbe10000 - 0x00007ffdcbfb1000 	C:\Program Files\JetBrains\IntelliJ IDEA Community Edition 2019.3.1\jbr\bin\awt.dll
0x00007ffdfeb00000 - 0x00007ffdff0c0000 	C:\WINDOWS\SYSTEM32\d2d1.dll
0x00007ffdfffb0000 - 0x00007ffe0003f000 	C:\WINDOWS\SYSTEM32\apphelp.dll
0x00007ffdd7e10000 - 0x00007ffdd7e95000 	C:\Program Files\JetBrains\IntelliJ IDEA Community Edition 2019.3.1\jbr\bin\freetype.dll
0x00007ffdd7bd0000 - 0x00007ffdd7c78000 	C:\Program Files\JetBrains\IntelliJ IDEA Community Edition 2019.3.1\jbr\bin\fontmanager.dll
0x00007ffde4c00000 - 0x00007ffde4efe000 	C:\WINDOWS\SYSTEM32\dwrite.dll
0x00007ffe04640000 - 0x00007ffe046e2000 	C:\WINDOWS\System32\clbcatq.dll
0x00007ffdefa80000 - 0x00007ffdefc2f000 	C:\WINDOWS\SYSTEM32\WindowsCodecs.dll
0x00007ffdce270000 - 0x00007ffdce2aa000 	C:\WINDOWS\system32\dataexchange.dll
0x00007ffdff820000 - 0x00007ffdff9fd000 	C:\WINDOWS\system32\dcomp.dll
0x00007ffdff110000 - 0x00007ffdff36b000 	C:\WINDOWS\system32\d3d11.dll
0x00007ffe00dd0000 - 0x00007ffe00ebb000 	C:\WINDOWS\system32\dxgi.dll
0x00007ffe00160000 - 0x00007ffe003c2000 	C:\WINDOWS\system32\twinapi.appcore.dll
0x00007ffe00500000 - 0x00007ffe00529000 	C:\WINDOWS\system32\RMCLIENT.dll
0x00007ffdd1eb0000 - 0x00007ffdd1ee3000 	C:\Program Files\Common Files\Microsoft Shared\Ink\rtscom.dll
0x00007ffdeeec0000 - 0x00007ffdeef5e000 	C:\WINDOWS\System32\TextInputFramework.dll

dbghelp: loaded successfully - version: 4.0.5 - missing functions: none
symbol engine: initialized successfully - sym options: 0x614 - pdb path: .;C:\Program Files\JetBrains\IntelliJ IDEA Community Edition 2019.3.1\jbr\bin;C:\WINDOWS\SYSTEM32;C:\WINDOWS\WinSxS\amd64_microsoft.windows.common-controls_6595b64144ccf1df_6.0.18362.1256_none_9e7e379be45e40e2;C:\Program Files\JetBrains\IntelliJ IDEA Community Edition 2019.3.1\jbr\bin\server;C:\Program Files\JetBrains\IntelliJ IDEA Community Edition 2019.3.1\bin;C:\WINDOWS\System32\DriverStore\FileRepository\iigd_dch.inf_amd64_440392e76b44e849;C:\Program Files\Common Files\Microsoft Shared\Ink

VM Arguments:
jvm_args: --module-path=C:\Users\user\Downloads\javafx-sdk-15.0.1\lib --add-modules=javafx.controls,javafx.fxml -javaagent:C:\Program Files\JetBrains\IntelliJ IDEA Community Edition 2019.3.1\lib\idea_rt.jar=56873:C:\Program Files\JetBrains\IntelliJ IDEA Community Edition 2019.3.1\bin -Dfile.encoding=UTF-8 
java_command: sample.Main
java_class_path (initial): C:\Users\aksha\IdeaProjects\AP_Project_1\out\production\AP_project
Launcher Type: SUN_STANDARD

[Global flags]
     intx CICompilerCount                          = 4                                         {product} {ergonomic}
     uint ConcGCThreads                            = 2                                         {product} {ergonomic}
     uint G1ConcRefinementThreads                  = 8                                         {product} {ergonomic}
   size_t G1HeapRegionSize                         = 1048576                                   {product} {ergonomic}
    uintx GCDrainStackTargetSize                   = 64                                        {product} {ergonomic}
   size_t InitialHeapSize                          = 132120576                                 {product} {ergonomic}
   size_t MarkStackSize                            = 4194304                                   {product} {ergonomic}
   size_t MaxHeapSize                              = 2099249152                                {product} {ergonomic}
   size_t MaxNewSize                               = 1259339776                                {product} {ergonomic}
   size_t MinHeapDeltaBytes                        = 1048576                                   {product} {ergonomic}
    uintx NonNMethodCodeHeapSize                   = 5836300                                {pd product} {ergonomic}
    uintx NonProfiledCodeHeapSize                  = 122910970                              {pd product} {ergonomic}
    uintx ProfiledCodeHeapSize                     = 122910970                              {pd product} {ergonomic}
    uintx ReservedCodeCacheSize                    = 251658240                              {pd product} {ergonomic}
     bool SegmentedCodeCache                       = true                                      {product} {ergonomic}
     bool UseCompressedClassPointers               = true                                 {lp64_product} {ergonomic}
     bool UseCompressedOops                        = true                                 {lp64_product} {ergonomic}
     bool UseG1GC                                  = true                                      {product} {ergonomic}
     bool UseLargePagesIndividualAllocation        = false                                  {pd product} {ergonomic}

Logging:
Log output configuration:
 #0: stdout all=warning uptime,level,tags
 #1: stderr all=off uptime,level,tags

Environment Variables:
PATH=C:\WINDOWS\system32;C:\WINDOWS;C:\WINDOWS\System32\Wbem;C:\WINDOWS\System32\WindowsPowerShell\v1.0\;C:\WINDOWS\System32\OpenSSH\;C:\Users\aksha\Scripts;C:\Program Files\Java\jdk-13\bin;C:\Program Files\MATLAB\R2020a\bin;C:\Program Files (x86)\mingw-w64\i686-8.1.0-posix-dwarf-rt_v6-rev0\mingw32\bin;C:\Program Files (x86)\AOMEI Backupper;C:\Program Files\Git\cmd;C:\Users\aksha\Scripts\;C:\Users\aksha\;C:\Users\aksha\AppData\Local\Microsoft\WindowsApps;;C:\Program Files\JetBrains\PyCharm Community Edition 2019.2.3\bin;
USERNAME=aksha
OS=Windows_NT
PROCESSOR_IDENTIFIER=Intel64 Family 6 Model 142 Stepping 12, GenuineIntel



---------------  S Y S T E M  ---------------

OS: Windows 10 , 64 bit Build 18362 (10.0.18362.1110)

CPU:total 8 (initial active 8) (4 cores per cpu, 2 threads per core) family 6 model 142 stepping 12, cmov, cx8, fxsr, mmx, sse, sse2, sse3, ssse3, sse4.1, sse4.2, popcnt, avx, avx2, aes, clmul, erms, 3dnowpref, lzcnt, ht, tsc, tscinvbit, bmi1, bmi2, adx, fma

Memory: 4k page, system-wide physical 8005M (1094M free)
TotalPageFile size 10005M (AvailPageFile size 5M)
current process WorkingSet (physical memory assigned to process): 282M, peak: 282M
current process commit charge ("private bytes"): 355M, peak: 355M

vm_info: OpenJDK 64-Bit Server VM (11.0.5+10-b520.17) for windows-amd64 JRE (11.0.5+10-b520.17), built on Dec  2 2019 12:11:34 by "" with MS VC++ 14.0 (VS2015)

END.
