#
# There is insufficient memory for the Java Runtime Environment to continue.
# Native memory allocation (malloc) failed to allocate 1035376 bytes for Chunk::new
# Possible reasons:
#   The system is out of physical RAM or swap space
#   The process is running with CompressedOops enabled, and the Java Heap may be blocking the growth of the native heap
# Possible solutions:
#   Reduce memory load on the system
#   Increase physical memory or swap space
#   Check if swap backing store is full
#   Decrease Java heap size (-Xmx/-Xms)
#   Decrease number of Java threads
#   Decrease Java thread stack sizes (-Xss)
#   Set larger code cache with -XX:ReservedCodeCacheSize=
#   JVM is running with Unscaled Compressed Oops mode in which the Java heap is
#     placed in the first 4GB address space. The Java Heap base address is the
#     maximum limit for the native heap growth. Please use -XX:HeapBaseMinAddress
#     to set the Java Heap base and to place the Java Heap above 4GB virtual address.
# This output file may be truncated or incomplete.
#
#  Out of Memory Error (c:/BuildAgent/work/5ff2f6c26000d570/src/hotspot/share/memory/arena.cpp:197), pid=14884, tid=11396
#
# JRE version: OpenJDK Runtime Environment (11.0.5+10) (build 11.0.5+10-b520.17)
# Java VM: OpenJDK 64-Bit Server VM (11.0.5+10-b520.17, mixed mode, sharing, tiered, compressed oops, g1 gc, windows-amd64)
# No core dump will be written. Minidumps are not enabled by default on client versions of Windows
#

---------------  S U M M A R Y ------------

Command Line: -javaagent:C:\Program Files\JetBrains\IntelliJ IDEA Community Edition 2019.3.1\lib\idea_rt.jar=52545:C:\Program Files\JetBrains\IntelliJ IDEA Community Edition 2019.3.1\bin -Dfile.encoding=UTF-8 sample.Main

Host: Intel(R) Core(TM) i5-8265U CPU @ 1.60GHz, 8 cores, 7G,  Windows 10 , 64 bit Build 18362 (10.0.18362.1110)
Time: Wed Dec 16 21:51:39 2020 India Standard Time elapsed time: 6 seconds (0d 0h 0m 6s)

---------------  T H R E A D  ---------------

Current thread (0x00000267cfad8800):  JavaThread "C2 CompilerThread1" daemon [_thread_in_native, id=11396, stack(0x000000b78c700000,0x000000b78c800000)]


Current CompileTask:
C2:   6263 4064       4       com.sun.prism.impl.shape.DMarlinPrismUtils::feedConsumer (555 bytes)

Stack: [0x000000b78c700000,0x000000b78c800000]
Native frames: (J=compiled Java code, j=interpreted, Vv=VM code, C=native code)
V  [jvm.dll+0x5dcafa]
V  [jvm.dll+0x70e375]
V  [jvm.dll+0x70f898]
V  [jvm.dll+0x70ff63]
V  [jvm.dll+0x23e238]
V  [jvm.dll+0xb8a9c]
V  [jvm.dll+0xb8fac]
V  [jvm.dll+0x2b1f94]
V  [jvm.dll+0x501372]
V  [jvm.dll+0x1f941c]
V  [jvm.dll+0x1f6a1f]
V  [jvm.dll+0x17f6fc]
V  [jvm.dll+0x204f77]
V  [jvm.dll+0x2037f1]
V  [jvm.dll+0x6d835f]
V  [jvm.dll+0x6d114d]
V  [jvm.dll+0x5dbdd6]
C  [ucrtbase.dll+0x210b2]
C  [KERNEL32.DLL+0x17c24]
C  [ntdll.dll+0x6d4d1]


---------------  P R O C E S S  ---------------

Threads class SMR info:
_java_thread_list=0x00000267cfd21f60, length=25, elements={
0x00000267acae8800, 0x00000267c7199000, 0x00000267c719c800, 0x00000267c71b1800,
0x00000267c71b3000, 0x00000267c71b6000, 0x00000267c71c1000, 0x00000267c71c6000,
0x00000267c7be1000, 0x00000267c7d6b000, 0x00000267c7d6e800, 0x00000267c806a000,
0x00000267c8084800, 0x00000267c808b800, 0x00000267c82ae000, 0x00000267c8228000,
0x00000267cf079000, 0x00000267cf7cf800, 0x00000267cf662800, 0x00000267cf65f000,
0x00000267cf65d800, 0x00000267cf65e800, 0x00000267cfad8800, 0x00000267cff9d800,
0x00000267cf660000
}

Java Threads: ( => current thread )
  0x00000267acae8800 JavaThread "main" [_thread_blocked, id=18116, stack(0x000000b789500000,0x000000b789600000)]
  0x00000267c7199000 JavaThread "Reference Handler" daemon [_thread_blocked, id=16572, stack(0x000000b789c00000,0x000000b789d00000)]
  0x00000267c719c800 JavaThread "Finalizer" daemon [_thread_blocked, id=13224, stack(0x000000b789d00000,0x000000b789e00000)]
  0x00000267c71b1800 JavaThread "Signal Dispatcher" daemon [_thread_blocked, id=2488, stack(0x000000b789e00000,0x000000b789f00000)]
  0x00000267c71b3000 JavaThread "Attach Listener" daemon [_thread_blocked, id=18584, stack(0x000000b789f00000,0x000000b78a000000)]
  0x00000267c71b6000 JavaThread "C2 CompilerThread0" daemon [_thread_in_native, id=11804, stack(0x000000b78a000000,0x000000b78a100000)]
  0x00000267c71c1000 JavaThread "C1 CompilerThread0" daemon [_thread_blocked, id=22156, stack(0x000000b78a100000,0x000000b78a200000)]
  0x00000267c71c6000 JavaThread "Sweeper thread" daemon [_thread_blocked, id=21028, stack(0x000000b78a200000,0x000000b78a300000)]
  0x00000267c7be1000 JavaThread "Common-Cleaner" daemon [_thread_blocked, id=18408, stack(0x000000b78a300000,0x000000b78a400000)]
  0x00000267c7d6b000 JavaThread "Monitor Ctrl-Break" daemon [_thread_in_native, id=4220, stack(0x000000b78a500000,0x000000b78a600000)]
  0x00000267c7d6e800 JavaThread "Service Thread" daemon [_thread_blocked, id=14608, stack(0x000000b78a600000,0x000000b78a700000)]
  0x00000267c806a000 JavaThread "QuantumRenderer-0" daemon [_thread_in_native, id=4784, stack(0x000000b78a800000,0x000000b78a900000)]
  0x00000267c8084800 JavaThread "InvokeLaterDispatcher" daemon [_thread_blocked, id=6316, stack(0x000000b78a900000,0x000000b78aa00000)]
  0x00000267c808b800 JavaThread "JavaFX Application Thread" [_thread_in_native, id=7240, stack(0x000000b78aa00000,0x000000b78ab00000)]
  0x00000267c82ae000 JavaThread "Thread-1" daemon [_thread_in_native, id=5956, stack(0x000000b78ae00000,0x000000b78af00000)]
  0x00000267c8228000 JavaThread "JavaFX-Launcher" [_thread_blocked, id=22044, stack(0x000000b78af00000,0x000000b78b000000)]
  0x00000267cf079000 JavaThread "Java2D Disposer" daemon [_thread_blocked, id=19344, stack(0x000000b78b500000,0x000000b78b600000)]
  0x00000267cf7cf800 JavaThread "Prism Font Disposer" daemon [_thread_blocked, id=15464, stack(0x000000b78ba00000,0x000000b78bb00000)]
  0x00000267cf662800 JavaThread "Media Resource Disposer" daemon [_thread_blocked, id=1204, stack(0x000000b78a400000,0x000000b78a500000)]
  0x00000267cf65f000 JavaThread "Cleaner-0" daemon [_thread_blocked, id=4224, stack(0x000000b78b600000,0x000000b78b700000)]
  0x00000267cf65d800 JavaThread "Thread-3" daemon [_thread_blocked, id=21748, stack(0x000000b78bd00000,0x000000b78be00000)]
  0x00000267cf65e800 JavaThread "JFXMedia Player EventQueueThread" daemon [_thread_blocked, id=4312, stack(0x000000b78bf00000,0x000000b78c000000)]
=>0x00000267cfad8800 JavaThread "C2 CompilerThread1" daemon [_thread_in_native, id=11396, stack(0x000000b78c700000,0x000000b78c800000)]
  0x00000267cff9d800 JavaThread "C2 CompilerThread2" daemon [_thread_blocked, id=7052, stack(0x000000b78c800000,0x000000b78c900000)]
  0x00000267cf660000 JavaThread "Timer-0" daemon [_thread_blocked, id=15192, stack(0x000000b78ce00000,0x000000b78cf00000)]
  0x00000267cf660800 Thread [stack: 0x000000b78c600000,0x000000b78c700000] [id=10416]

Other Threads:
  0x00000267c7198000 VMThread "VM Thread" [stack: 0x000000b789b00000,0x000000b789c00000] [id=11568]
  0x00000267c7d6c000 WatcherThread [stack: 0x000000b78a700000,0x000000b78a800000] [id=9604]
  0x00000267acb02800 GCTaskThread "GC Thread#0" [stack: 0x000000b789600000,0x000000b789700000] [id=22160]
  0x00000267c8667000 GCTaskThread "GC Thread#1" [stack: 0x000000b78b000000,0x000000b78b100000] [id=16148]
  0x00000267c8582000 GCTaskThread "GC Thread#2" [stack: 0x000000b78b100000,0x000000b78b200000] [id=13980]
  0x00000267c85ed000 GCTaskThread "GC Thread#3" [stack: 0x000000b78b200000,0x000000b78b300000] [id=18180]
  0x00000267c85ee000 GCTaskThread "GC Thread#4" [stack: 0x000000b78b300000,0x000000b78b400000] [id=10168]
  0x00000267c85ee800 GCTaskThread "GC Thread#5" [stack: 0x000000b78b400000,0x000000b78b500000] [id=16756]
  0x00000267acb32800 ConcurrentGCThread "G1 Main Marker" [stack: 0x000000b789700000,0x000000b789800000] [id=5448]
  0x00000267acb35000 ConcurrentGCThread "G1 Conc#0" [stack: 0x000000b789800000,0x000000b789900000] [id=17016]
  0x00000267d945d800 ConcurrentGCThread "G1 Conc#1" [stack: 0x000000b78cf00000,0x000000b78d000000] [id=6156]
  0x00000267c7029800 ConcurrentGCThread "G1 Refine#0" [stack: 0x000000b789900000,0x000000b789a00000] [id=8044]
  0x00000267c702a800 ConcurrentGCThread "G1 Young RemSet Sampling" [stack: 0x000000b789a00000,0x000000b789b00000] [id=16728]

Threads with active compile tasks:
C2 CompilerThread0   6293 4013 %     4       com.sun.javafx.geom.AreaOp::pruneEdges @ 464 (981 bytes)
C2 CompilerThread1   6293 4064       4       com.sun.prism.impl.shape.DMarlinPrismUtils::feedConsumer (555 bytes)

VM state:not at safepoint (normal execution)

VM Mutex/Monitor currently owned by a thread: None

Heap address: 0x0000000082e00000, size: 2002 MB, Compressed Oops mode: 32-bit
Narrow klass base: 0x0000000800000000, Narrow klass shift: 3
Compressed class space size: 1073741824 Address: 0x0000000840000000

Heap:
 garbage-first heap   total 129024K, used 34921K [0x0000000082e00000, 0x0000000100000000)
  region size 1024K, 13 young (13312K), 1 survivors (1024K)
 Metaspace       used 20249K, capacity 21255K, committed 21504K, reserved 1067008K
  class space    used 2641K, capacity 3050K, committed 3072K, reserved 1048576K
Heap Regions: E=young(eden), S=young(survivor), O=old, HS=humongous(starts), HC=humongous(continues), CS=collection set, F=free, A=archive, TAMS=top-at-mark-start (previous, next)
|   0|0x0000000082e00000, 0x0000000082f00000, 0x0000000082f00000|100%| O|  |TAMS 0x0000000082f00000, 0x0000000082e00000| Untracked 
|   1|0x0000000082f00000, 0x0000000083000000, 0x0000000083000000|100%|HS|  |TAMS 0x0000000083000000, 0x0000000082f00000| Complete 
|   2|0x0000000083000000, 0x0000000083100000, 0x0000000083100000|100%|HC|  |TAMS 0x0000000083100000, 0x0000000083000000| Complete 
|   3|0x0000000083100000, 0x0000000083200000, 0x0000000083200000|100%|HC|  |TAMS 0x0000000083200000, 0x0000000083100000| Complete 
|   4|0x0000000083200000, 0x0000000083300000, 0x0000000083300000|100%|HC|  |TAMS 0x0000000083300000, 0x0000000083200000| Complete 
|   5|0x0000000083300000, 0x0000000083400000, 0x0000000083400000|100%|HC|  |TAMS 0x0000000083400000, 0x0000000083300000| Complete 
|   6|0x0000000083400000, 0x0000000083500000, 0x0000000083500000|100%|HS|  |TAMS 0x0000000083500000, 0x0000000083400000| Complete 
|   7|0x0000000083500000, 0x0000000083600000, 0x0000000083600000|100%|HS|  |TAMS 0x0000000083600000, 0x0000000083500000| Complete 
|   8|0x0000000083600000, 0x0000000083700000, 0x0000000083700000|100%| O|  |TAMS 0x0000000083700000, 0x0000000083600000| Untracked 
|   9|0x0000000083700000, 0x0000000083800000, 0x0000000083800000|100%| O|  |TAMS 0x0000000083800000, 0x0000000083700000| Untracked 
|  10|0x0000000083800000, 0x0000000083900000, 0x0000000083900000|100%|HS|  |TAMS 0x0000000083900000, 0x0000000083800000| Complete 
|  11|0x0000000083900000, 0x0000000083a00000, 0x0000000083a00000|100%|HC|  |TAMS 0x0000000083a00000, 0x0000000083900000| Complete 
|  12|0x0000000083a00000, 0x0000000083b00000, 0x0000000083b00000|100%|HS|  |TAMS 0x0000000083b00000, 0x0000000083a00000| Complete 
|  13|0x0000000083b00000, 0x0000000083c00000, 0x0000000083c00000|100%|HS|  |TAMS 0x0000000083c00000, 0x0000000083b00000| Complete 
|  14|0x0000000083c00000, 0x0000000083d00000, 0x0000000083d00000|100%|HS|  |TAMS 0x0000000083d00000, 0x0000000083c00000| Complete 
|  15|0x0000000083d00000, 0x0000000083e00000, 0x0000000083e00000|100%|HS|  |TAMS 0x0000000083e00000, 0x0000000083d00000| Complete 
|  16|0x0000000083e00000, 0x0000000083f00000, 0x0000000083f00000|100%| O|  |TAMS 0x0000000083f00000, 0x0000000083e00000| Untracked 
|  17|0x0000000083f00000, 0x0000000084000000, 0x0000000084000000|100%| O|  |TAMS 0x0000000084000000, 0x0000000083f00000| Untracked 
|  18|0x0000000084000000, 0x0000000084100000, 0x0000000084100000|100%| O|  |TAMS 0x0000000084100000, 0x0000000084000000| Untracked 
|  19|0x0000000084100000, 0x0000000084200000, 0x0000000084200000|100%| O|  |TAMS 0x0000000084200000, 0x0000000084100000| Untracked 
|  20|0x0000000084200000, 0x0000000084300000, 0x0000000084300000|100%| O|  |TAMS 0x0000000084300000, 0x0000000084200000| Untracked 
|  21|0x0000000084300000, 0x0000000084400000, 0x0000000084400000|100%| O|  |TAMS 0x0000000084400000, 0x0000000084300000| Untracked 
|  22|0x0000000084400000, 0x000000008441a600, 0x0000000084500000| 10%| O|  |TAMS 0x000000008441a600, 0x0000000084400000| Untracked 
|  23|0x0000000084500000, 0x0000000084500000, 0x0000000084600000|  0%| F|  |TAMS 0x0000000084500000, 0x0000000084500000| Untracked 
|  24|0x0000000084600000, 0x0000000084600000, 0x0000000084700000|  0%| F|  |TAMS 0x0000000084600000, 0x0000000084600000| Untracked 
|  25|0x0000000084700000, 0x0000000084700000, 0x0000000084800000|  0%| F|  |TAMS 0x0000000084700000, 0x0000000084700000| Untracked 
|  26|0x0000000084800000, 0x0000000084800000, 0x0000000084900000|  0%| F|  |TAMS 0x0000000084800000, 0x0000000084800000| Untracked 
|  27|0x0000000084900000, 0x0000000084900000, 0x0000000084a00000|  0%| F|  |TAMS 0x0000000084900000, 0x0000000084900000| Untracked 
|  28|0x0000000084a00000, 0x0000000084a00000, 0x0000000084b00000|  0%| F|  |TAMS 0x0000000084a00000, 0x0000000084a00000| Untracked 
|  29|0x0000000084b00000, 0x0000000084b00000, 0x0000000084c00000|  0%| F|  |TAMS 0x0000000084b00000, 0x0000000084b00000| Untracked 
|  30|0x0000000084c00000, 0x0000000084c00000, 0x0000000084d00000|  0%| F|  |TAMS 0x0000000084c00000, 0x0000000084c00000| Untracked 
|  31|0x0000000084d00000, 0x0000000084d00000, 0x0000000084e00000|  0%| F|  |TAMS 0x0000000084d00000, 0x0000000084d00000| Untracked 
|  32|0x0000000084e00000, 0x0000000084e00000, 0x0000000084f00000|  0%| F|  |TAMS 0x0000000084e00000, 0x0000000084e00000| Untracked 
|  33|0x0000000084f00000, 0x0000000084f00000, 0x0000000085000000|  0%| F|  |TAMS 0x0000000084f00000, 0x0000000084f00000| Untracked 
|  34|0x0000000085000000, 0x0000000085000000, 0x0000000085100000|  0%| F|  |TAMS 0x0000000085000000, 0x0000000085000000| Untracked 
|  35|0x0000000085100000, 0x0000000085100000, 0x0000000085200000|  0%| F|  |TAMS 0x0000000085100000, 0x0000000085100000| Untracked 
|  36|0x0000000085200000, 0x0000000085200000, 0x0000000085300000|  0%| F|  |TAMS 0x0000000085200000, 0x0000000085200000| Untracked 
|  37|0x0000000085300000, 0x0000000085300000, 0x0000000085400000|  0%| F|  |TAMS 0x0000000085300000, 0x0000000085300000| Untracked 
|  38|0x0000000085400000, 0x0000000085400000, 0x0000000085500000|  0%| F|  |TAMS 0x0000000085400000, 0x0000000085400000| Untracked 
|  39|0x0000000085500000, 0x0000000085500000, 0x0000000085600000|  0%| F|  |TAMS 0x0000000085500000, 0x0000000085500000| Untracked 
|  40|0x0000000085600000, 0x0000000085600000, 0x0000000085700000|  0%| F|  |TAMS 0x0000000085600000, 0x0000000085600000| Untracked 
|  41|0x0000000085700000, 0x0000000085700000, 0x0000000085800000|  0%| F|  |TAMS 0x0000000085700000, 0x0000000085700000| Untracked 
|  42|0x0000000085800000, 0x0000000085800000, 0x0000000085900000|  0%| F|  |TAMS 0x0000000085800000, 0x0000000085800000| Untracked 
|  43|0x0000000085900000, 0x0000000085900000, 0x0000000085a00000|  0%| F|  |TAMS 0x0000000085900000, 0x0000000085900000| Untracked 
|  44|0x0000000085a00000, 0x0000000085a00000, 0x0000000085b00000|  0%| F|  |TAMS 0x0000000085a00000, 0x0000000085a00000| Untracked 
|  45|0x0000000085b00000, 0x0000000085b00000, 0x0000000085c00000|  0%| F|  |TAMS 0x0000000085b00000, 0x0000000085b00000| Untracked 
|  46|0x0000000085c00000, 0x0000000085c00000, 0x0000000085d00000|  0%| F|  |TAMS 0x0000000085c00000, 0x0000000085c00000| Untracked 
|  47|0x0000000085d00000, 0x0000000085d00000, 0x0000000085e00000|  0%| F|  |TAMS 0x0000000085d00000, 0x0000000085d00000| Untracked 
|  48|0x0000000085e00000, 0x0000000085e00000, 0x0000000085f00000|  0%| F|  |TAMS 0x0000000085e00000, 0x0000000085e00000| Untracked 
|  49|0x0000000085f00000, 0x0000000085f00000, 0x0000000086000000|  0%| F|  |TAMS 0x0000000085f00000, 0x0000000085f00000| Untracked 
|  50|0x0000000086000000, 0x0000000086000000, 0x0000000086100000|  0%| F|  |TAMS 0x0000000086000000, 0x0000000086000000| Untracked 
|  51|0x0000000086100000, 0x0000000086100000, 0x0000000086200000|  0%| F|  |TAMS 0x0000000086100000, 0x0000000086100000| Untracked 
|  52|0x0000000086200000, 0x0000000086200000, 0x0000000086300000|  0%| F|  |TAMS 0x0000000086200000, 0x0000000086200000| Untracked 
|  53|0x0000000086300000, 0x0000000086300000, 0x0000000086400000|  0%| F|  |TAMS 0x0000000086300000, 0x0000000086300000| Untracked 
|  54|0x0000000086400000, 0x0000000086400000, 0x0000000086500000|  0%| F|  |TAMS 0x0000000086400000, 0x0000000086400000| Untracked 
|  55|0x0000000086500000, 0x0000000086500000, 0x0000000086600000|  0%| F|  |TAMS 0x0000000086500000, 0x0000000086500000| Untracked 
|  56|0x0000000086600000, 0x0000000086600000, 0x0000000086700000|  0%| F|  |TAMS 0x0000000086600000, 0x0000000086600000| Untracked 
|  57|0x0000000086700000, 0x0000000086700000, 0x0000000086800000|  0%| F|  |TAMS 0x0000000086700000, 0x0000000086700000| Untracked 
|  58|0x0000000086800000, 0x0000000086800000, 0x0000000086900000|  0%| F|  |TAMS 0x0000000086800000, 0x0000000086800000| Untracked 
|  59|0x0000000086900000, 0x0000000086900000, 0x0000000086a00000|  0%| F|  |TAMS 0x0000000086900000, 0x0000000086900000| Untracked 
|  60|0x0000000086a00000, 0x0000000086a00000, 0x0000000086b00000|  0%| F|  |TAMS 0x0000000086a00000, 0x0000000086a00000| Untracked 
|  61|0x0000000086b00000, 0x0000000086b00000, 0x0000000086c00000|  0%| F|  |TAMS 0x0000000086b00000, 0x0000000086b00000| Untracked 
|  62|0x0000000086c00000, 0x0000000086c00000, 0x0000000086d00000|  0%| F|  |TAMS 0x0000000086c00000, 0x0000000086c00000| Untracked 
|  63|0x0000000086d00000, 0x0000000086d00000, 0x0000000086e00000|  0%| F|  |TAMS 0x0000000086d00000, 0x0000000086d00000| Untracked 
|  64|0x0000000086e00000, 0x0000000086e00000, 0x0000000086f00000|  0%| F|  |TAMS 0x0000000086e00000, 0x0000000086e00000| Untracked 
|  65|0x0000000086f00000, 0x0000000086f00000, 0x0000000087000000|  0%| F|  |TAMS 0x0000000086f00000, 0x0000000086f00000| Untracked 
|  66|0x0000000087000000, 0x0000000087000000, 0x0000000087100000|  0%| F|  |TAMS 0x0000000087000000, 0x0000000087000000| Untracked 
|  67|0x0000000087100000, 0x0000000087100000, 0x0000000087200000|  0%| F|  |TAMS 0x0000000087100000, 0x0000000087100000| Untracked 
|  68|0x0000000087200000, 0x0000000087200000, 0x0000000087300000|  0%| F|  |TAMS 0x0000000087200000, 0x0000000087200000| Untracked 
|  69|0x0000000087300000, 0x0000000087300000, 0x0000000087400000|  0%| F|  |TAMS 0x0000000087300000, 0x0000000087300000| Untracked 
|  70|0x0000000087400000, 0x0000000087400000, 0x0000000087500000|  0%| F|  |TAMS 0x0000000087400000, 0x0000000087400000| Untracked 
|  71|0x0000000087500000, 0x0000000087500000, 0x0000000087600000|  0%| F|  |TAMS 0x0000000087500000, 0x0000000087500000| Untracked 
|  72|0x0000000087600000, 0x0000000087600000, 0x0000000087700000|  0%| F|  |TAMS 0x0000000087600000, 0x0000000087600000| Untracked 
|  73|0x0000000087700000, 0x0000000087700000, 0x0000000087800000|  0%| F|  |TAMS 0x0000000087700000, 0x0000000087700000| Untracked 
|  74|0x0000000087800000, 0x0000000087800000, 0x0000000087900000|  0%| F|  |TAMS 0x0000000087800000, 0x0000000087800000| Untracked 
|  75|0x0000000087900000, 0x0000000087900000, 0x0000000087a00000|  0%| F|  |TAMS 0x0000000087900000, 0x0000000087900000| Untracked 
|  76|0x0000000087a00000, 0x0000000087a00000, 0x0000000087b00000|  0%| F|  |TAMS 0x0000000087a00000, 0x0000000087a00000| Untracked 
|  77|0x0000000087b00000, 0x0000000087b00000, 0x0000000087c00000|  0%| F|  |TAMS 0x0000000087b00000, 0x0000000087b00000| Untracked 
|  78|0x0000000087c00000, 0x0000000087c00000, 0x0000000087d00000|  0%| F|  |TAMS 0x0000000087c00000, 0x0000000087c00000| Untracked 
|  79|0x0000000087d00000, 0x0000000087d00000, 0x0000000087e00000|  0%| F|  |TAMS 0x0000000087d00000, 0x0000000087d00000| Untracked 
|  80|0x0000000087e00000, 0x0000000087e00000, 0x0000000087f00000|  0%| F|  |TAMS 0x0000000087e00000, 0x0000000087e00000| Untracked 
|  81|0x0000000087f00000, 0x0000000087f00000, 0x0000000088000000|  0%| F|  |TAMS 0x0000000087f00000, 0x0000000087f00000| Untracked 
|  82|0x0000000088000000, 0x0000000088000000, 0x0000000088100000|  0%| F|  |TAMS 0x0000000088000000, 0x0000000088000000| Untracked 
|  83|0x0000000088100000, 0x0000000088100000, 0x0000000088200000|  0%| F|  |TAMS 0x0000000088100000, 0x0000000088100000| Untracked 
|  84|0x0000000088200000, 0x0000000088200000, 0x0000000088300000|  0%| F|  |TAMS 0x0000000088200000, 0x0000000088200000| Untracked 
|  85|0x0000000088300000, 0x0000000088300000, 0x0000000088400000|  0%| F|  |TAMS 0x0000000088300000, 0x0000000088300000| Untracked 
|  86|0x0000000088400000, 0x0000000088400000, 0x0000000088500000|  0%| F|  |TAMS 0x0000000088400000, 0x0000000088400000| Untracked 
|  87|0x0000000088500000, 0x0000000088500000, 0x0000000088600000|  0%| F|  |TAMS 0x0000000088500000, 0x0000000088500000| Untracked 
|  88|0x0000000088600000, 0x0000000088600000, 0x0000000088700000|  0%| F|  |TAMS 0x0000000088600000, 0x0000000088600000| Untracked 
|  89|0x0000000088700000, 0x0000000088700000, 0x0000000088800000|  0%| F|  |TAMS 0x0000000088700000, 0x0000000088700000| Untracked 
|  90|0x0000000088800000, 0x0000000088800000, 0x0000000088900000|  0%| F|  |TAMS 0x0000000088800000, 0x0000000088800000| Untracked 
|  91|0x0000000088900000, 0x0000000088900000, 0x0000000088a00000|  0%| F|  |TAMS 0x0000000088900000, 0x0000000088900000| Untracked 
|  92|0x0000000088a00000, 0x0000000088a00000, 0x0000000088b00000|  0%| F|  |TAMS 0x0000000088a00000, 0x0000000088a00000| Untracked 
|  93|0x0000000088b00000, 0x0000000088b00000, 0x0000000088c00000|  0%| F|  |TAMS 0x0000000088b00000, 0x0000000088b00000| Untracked 
|  94|0x0000000088c00000, 0x0000000088c00000, 0x0000000088d00000|  0%| F|  |TAMS 0x0000000088c00000, 0x0000000088c00000| Untracked 
|  95|0x0000000088d00000, 0x0000000088d00000, 0x0000000088e00000|  0%| F|  |TAMS 0x0000000088d00000, 0x0000000088d00000| Untracked 
|  96|0x0000000088e00000, 0x0000000088e00000, 0x0000000088f00000|  0%| F|  |TAMS 0x0000000088e00000, 0x0000000088e00000| Untracked 
|  97|0x0000000088f00000, 0x0000000088f00000, 0x0000000089000000|  0%| F|  |TAMS 0x0000000088f00000, 0x0000000088f00000| Untracked 
|  98|0x0000000089000000, 0x0000000089000000, 0x0000000089100000|  0%| F|  |TAMS 0x0000000089000000, 0x0000000089000000| Untracked 
|  99|0x0000000089100000, 0x0000000089100000, 0x0000000089200000|  0%| F|  |TAMS 0x0000000089100000, 0x0000000089100000| Untracked 
| 100|0x0000000089200000, 0x0000000089200000, 0x0000000089300000|  0%| F|  |TAMS 0x0000000089200000, 0x0000000089200000| Untracked 
| 101|0x0000000089300000, 0x0000000089400000, 0x0000000089400000|100%| S|CS|TAMS 0x0000000089300000, 0x0000000089300000| Complete 
| 102|0x0000000089400000, 0x0000000089400000, 0x0000000089500000|  0%| F|  |TAMS 0x0000000089400000, 0x0000000089400000| Untracked 
| 103|0x0000000089500000, 0x0000000089500000, 0x0000000089600000|  0%| F|  |TAMS 0x0000000089500000, 0x0000000089500000| Untracked 
| 104|0x0000000089600000, 0x0000000089600000, 0x0000000089700000|  0%| F|  |TAMS 0x0000000089600000, 0x0000000089600000| Untracked 
| 105|0x0000000089700000, 0x0000000089700000, 0x0000000089800000|  0%| F|  |TAMS 0x0000000089700000, 0x0000000089700000| Untracked 
| 106|0x0000000089800000, 0x0000000089800000, 0x0000000089900000|  0%| F|  |TAMS 0x0000000089800000, 0x0000000089800000| Untracked 
| 107|0x0000000089900000, 0x0000000089900000, 0x0000000089a00000|  0%| F|  |TAMS 0x0000000089900000, 0x0000000089900000| Untracked 
| 108|0x0000000089a00000, 0x0000000089a00000, 0x0000000089b00000|  0%| F|  |TAMS 0x0000000089a00000, 0x0000000089a00000| Untracked 
| 109|0x0000000089b00000, 0x0000000089b00000, 0x0000000089c00000|  0%| F|  |TAMS 0x0000000089b00000, 0x0000000089b00000| Untracked 
| 110|0x0000000089c00000, 0x0000000089c00000, 0x0000000089d00000|  0%| F|  |TAMS 0x0000000089c00000, 0x0000000089c00000| Untracked 
| 111|0x0000000089d00000, 0x0000000089d00000, 0x0000000089e00000|  0%| F|  |TAMS 0x0000000089d00000, 0x0000000089d00000| Untracked 
| 112|0x0000000089e00000, 0x0000000089e00000, 0x0000000089f00000|  0%| F|  |TAMS 0x0000000089e00000, 0x0000000089e00000| Untracked 
| 113|0x0000000089f00000, 0x0000000089f00000, 0x000000008a000000|  0%| F|  |TAMS 0x0000000089f00000, 0x0000000089f00000| Untracked 
| 114|0x000000008a000000, 0x000000008a0dc620, 0x000000008a100000| 86%| E|  |TAMS 0x000000008a000000, 0x000000008a000000| Complete 
| 115|0x000000008a100000, 0x000000008a200000, 0x000000008a200000|100%| E|CS|TAMS 0x000000008a100000, 0x000000008a100000| Complete 
| 116|0x000000008a200000, 0x000000008a300000, 0x000000008a300000|100%| E|CS|TAMS 0x000000008a200000, 0x000000008a200000| Complete 
| 117|0x000000008a300000, 0x000000008a400000, 0x000000008a400000|100%| E|CS|TAMS 0x000000008a300000, 0x000000008a300000| Complete 
| 118|0x000000008a400000, 0x000000008a500000, 0x000000008a500000|100%| E|CS|TAMS 0x000000008a400000, 0x000000008a400000| Complete 
| 119|0x000000008a500000, 0x000000008a600000, 0x000000008a600000|100%| E|CS|TAMS 0x000000008a500000, 0x000000008a500000| Complete 
| 120|0x000000008a600000, 0x000000008a700000, 0x000000008a700000|100%| E|CS|TAMS 0x000000008a600000, 0x000000008a600000| Complete 
| 121|0x000000008a700000, 0x000000008a800000, 0x000000008a800000|100%| E|CS|TAMS 0x000000008a700000, 0x000000008a700000| Complete 
| 122|0x000000008a800000, 0x000000008a900000, 0x000000008a900000|100%| E|CS|TAMS 0x000000008a800000, 0x000000008a800000| Complete 
| 123|0x000000008a900000, 0x000000008aa00000, 0x000000008aa00000|100%| E|CS|TAMS 0x000000008a900000, 0x000000008a900000| Complete 
| 124|0x000000008aa00000, 0x000000008ab00000, 0x000000008ab00000|100%| E|CS|TAMS 0x000000008aa00000, 0x000000008aa00000| Complete 
| 125|0x000000008ab00000, 0x000000008ac00000, 0x000000008ac00000|100%| E|CS|TAMS 0x000000008ab00000, 0x000000008ab00000| Complete 

Card table byte_map: [0x00000267c00d0000,0x00000267c04c0000] _byte_map_base: 0x00000267bfcb9000

Marking Bits (Prev, Next): (CMBitMap*) 0x00000267acb29ff0, (CMBitMap*) 0x00000267acb29fb8
 Prev Bits: [0x00000267c2800000, 0x00000267c4748000)
 Next Bits: [0x00000267c08b0000, 0x00000267c27f8000)

Polling page: 0x00000267aaaa0000

Metaspace:

Usage:
  Non-class:     17.78 MB capacity,    17.20 MB ( 97%) used,   500.95 KB (  3%) free+waste,    95.88 KB ( <1%) overhead. 
      Class:      2.98 MB capacity,     2.58 MB ( 87%) used,   358.63 KB ( 12%) free+waste,    49.63 KB (  2%) overhead. 
       Both:     20.76 MB capacity,    19.78 MB ( 95%) used,   859.58 KB (  4%) free+waste,   145.50 KB ( <1%) overhead. 

Virtual space:
  Non-class space:       18.00 MB reserved,      18.00 MB (100%) committed 
      Class space:        1.00 GB reserved,       3.00 MB ( <1%) committed 
             Both:        1.02 GB reserved,      21.00 MB (  2%) committed 

Chunk freelists:
   Non-Class:  35.00 KB
       Class:  22.00 KB
        Both:  57.00 KB

MaxMetaspaceSize: 17179869184.00 GB
CompressedClassSpaceSize: 1.00 GB

CodeHeap 'non-profiled nmethods': size=120000Kb used=2414Kb max_used=2414Kb free=117585Kb
 bounds [0x00000267b8480000, 0x00000267b86f0000, 0x00000267bf9b0000]
CodeHeap 'profiled nmethods': size=120000Kb used=8291Kb max_used=8291Kb free=111708Kb
 bounds [0x00000267b0f50000, 0x00000267b1770000, 0x00000267b8480000]
CodeHeap 'non-nmethods': size=5760Kb used=1396Kb max_used=1456Kb free=4363Kb
 bounds [0x00000267b09b0000, 0x00000267b0c20000, 0x00000267b0f50000]
 total_blobs=6295 nmethods=4066 adapters=750
 compilation: enabled
              stopped_count=0, restarted_count=0
 full_count=0

Compilation events (20 events):
Event: 6.175 Thread 0x00000267c71c1000 4056       3       com.sun.prism.d3d.D3DTexture::update (216 bytes)
Event: 6.176 Thread 0x00000267cfad8800 nmethod 4058 0x00000267b86d5f90 code [0x00000267b86d61c0, 0x00000267b86d6558]
Event: 6.177 Thread 0x00000267c71c1000 nmethod 4056 0x00000267b1764b10 code [0x00000267b1764f80, 0x00000267b1767a90]
Event: 6.184 Thread 0x00000267cff9d800 4059       4       javafx.scene.Node::layoutBoundsChanged (47 bytes)
Event: 6.184 Thread 0x00000267cfad8800 4061       4       javafx.scene.Node::doNotifyLayoutBoundsChanged (47 bytes)
Event: 6.192 Thread 0x00000267cff9d800 nmethod 4059 0x00000267b86d6690 code [0x00000267b86d68e0, 0x00000267b86d6ee0]
Event: 6.192 Thread 0x00000267cff9d800 4060       4       com.sun.javafx.scene.NodeHelper::notifyLayoutBoundsChangedImpl (10 bytes)
Event: 6.194 Thread 0x00000267cfad8800 nmethod 4061 0x00000267b86d7690 code [0x00000267b86d7900, 0x00000267b86d80c0]
Event: 6.197 Thread 0x00000267cff9d800 nmethod 4060 0x00000267b86d8a10 code [0x00000267b86d8c80, 0x00000267b86d91e8]
Event: 6.200 Thread 0x00000267cfad8800 4062       4       com.sun.javafx.geom.EllipseIterator::currentSegment (229 bytes)
Event: 6.203 Thread 0x00000267cfad8800 nmethod 4062 0x00000267b86d9990 code [0x00000267b86d9b60, 0x00000267b86d9ef8]
Event: 6.222 Thread 0x00000267cff9d800 4063       4       com.sun.javafx.sg.prism.NGNode::needsBlending (22 bytes)
Event: 6.222 Thread 0x00000267cfad8800 4064       4       com.sun.prism.impl.shape.DMarlinPrismUtils::feedConsumer (555 bytes)
Event: 6.222 Thread 0x00000267cff9d800 nmethod 4063 0x00000267b86da210 code [0x00000267b86da3a0, 0x00000267b86da438]
Event: 6.232 Thread 0x00000267cff9d800 4065       4       javafx.beans.property.ObjectPropertyBase::set (76 bytes)
Event: 6.234 Thread 0x00000267cff9d800 nmethod 4065 0x00000267b86da510 code [0x00000267b86da6a0, 0x00000267b86da878]
Event: 6.248 Thread 0x00000267c71c1000 4066       3       java.util.concurrent.locks.AbstractQueuedSynchronizer::acquireSharedInterruptibly (28 bytes)
Event: 6.249 Thread 0x00000267c71c1000 nmethod 4066 0x00000267b1768690 code [0x00000267b17688a0, 0x00000267b1768d40]
Event: 6.255 Thread 0x00000267cff9d800 4067       4       com.sun.javafx.geom.RectBounds::unionWith (81 bytes)
Event: 6.257 Thread 0x00000267cff9d800 nmethod 4067 0x00000267b86da990 code [0x00000267b86dab60, 0x00000267b86db058]

GC Heap History (6 events):
Event: 0.520 GC heap before
{Heap before GC invocations=0 (full 0):
 garbage-first heap   total 129024K, used 23552K [0x0000000082e00000, 0x0000000100000000)
  region size 1024K, 24 young (24576K), 0 survivors (0K)
 Metaspace       used 8204K, capacity 9572K, committed 9728K, reserved 1058816K
  class space    used 976K, capacity 1212K, committed 1280K, reserved 1048576K
}
Event: 0.523 GC heap after
{Heap after GC invocations=1 (full 0):
 garbage-first heap   total 129024K, used 3352K [0x0000000082e00000, 0x0000000100000000)
  region size 1024K, 3 young (3072K), 3 survivors (3072K)
 Metaspace       used 8204K, capacity 9572K, committed 9728K, reserved 1058816K
  class space    used 976K, capacity 1212K, committed 1280K, reserved 1048576K
}
Event: 5.185 GC heap before
{Heap before GC invocations=1 (full 0):
 garbage-first heap   total 129024K, used 91416K [0x0000000082e00000, 0x0000000100000000)
  region size 1024K, 75 young (76800K), 3 survivors (3072K)
 Metaspace       used 19831K, capacity 20734K, committed 20992K, reserved 1067008K
  class space    used 2637K, capacity 3049K, committed 3072K, reserved 1048576K
}
Event: 5.192 GC heap after
{Heap after GC invocations=2 (full 0):
 garbage-first heap   total 129024K, used 23416K [0x0000000082e00000, 0x0000000100000000)
  region size 1024K, 10 young (10240K), 10 survivors (10240K)
 Metaspace       used 19831K, capacity 20734K, committed 20992K, reserved 1067008K
  class space    used 2637K, capacity 3049K, committed 3072K, reserved 1048576K
}
Event: 5.941 GC heap before
{Heap before GC invocations=2 (full 0):
 garbage-first heap   total 129024K, used 46968K [0x0000000082e00000, 0x0000000100000000)
  region size 1024K, 34 young (34816K), 10 survivors (10240K)
 Metaspace       used 20238K, capacity 21255K, committed 21504K, reserved 1067008K
  class space    used 2641K, capacity 3050K, committed 3072K, reserved 1048576K
}
Event: 5.951 GC heap after
{Heap after GC invocations=3 (full 0):
 garbage-first heap   total 129024K, used 23657K [0x0000000082e00000, 0x0000000100000000)
  region size 1024K, 1 young (1024K), 1 survivors (1024K)
 Metaspace       used 20238K, capacity 21255K, committed 21504K, reserved 1067008K
  class space    used 2641K, capacity 3050K, committed 3072K, reserved 1048576K
}

Deoptimization events (20 events):
Event: 6.024 Thread 0x00000267c808b800 Uncommon trap: trap_request=0xffffff4d fr.pc=0x00000267b86311b0 relative=0x0000000000001130
Event: 6.024 Thread 0x00000267c808b800 Uncommon trap: reason=unstable_if action=reinterpret pc=0x00000267b86311b0 method=com.sun.javafx.geom.Curve.findIntersect(Lcom/sun/javafx/geom/Curve;[DDIIDDDDDDDDDDDD)Z @ 13 c2
Event: 6.024 Thread 0x00000267c808b800 DEOPT PACKING pc=0x00000267b86311b0 sp=0x000000b78aafc3d0
Event: 6.024 Thread 0x00000267c808b800 DEOPT UNPACKING pc=0x00000267b09d922f sp=0x000000b78aafc278 mode 2
Event: 6.056 Thread 0x00000267c806a000 DEOPT PACKING pc=0x00000267b15d93c2 sp=0x000000b78a8fd440
Event: 6.056 Thread 0x00000267c806a000 DEOPT UNPACKING pc=0x00000267b09d904e sp=0x000000b78a8fcab0 mode 0
Event: 6.088 Thread 0x00000267c806a000 DEOPT PACKING pc=0x00000267b15d93c2 sp=0x000000b78a8fd440
Event: 6.088 Thread 0x00000267c806a000 DEOPT UNPACKING pc=0x00000267b09d904e sp=0x000000b78a8fcab0 mode 0
Event: 6.096 Thread 0x00000267cf661800 Uncommon trap: trap_request=0xffffff4d fr.pc=0x00000267b853c65c relative=0x00000000000000bc
Event: 6.096 Thread 0x00000267cf661800 Uncommon trap: reason=unstable_if action=reinterpret pc=0x00000267b853c65c method=java.util.ArrayList$Itr.checkForComodification()V @ 11 c2
Event: 6.096 Thread 0x00000267cf661800 DEOPT PACKING pc=0x00000267b853c65c sp=0x000000b78c0ff100
Event: 6.096 Thread 0x00000267cf661800 DEOPT UNPACKING pc=0x00000267b09d922f sp=0x000000b78c0ff038 mode 2
Event: 6.106 Thread 0x00000267c806a000 DEOPT PACKING pc=0x00000267b15d93c2 sp=0x000000b78a8fd440
Event: 6.106 Thread 0x00000267c806a000 DEOPT UNPACKING pc=0x00000267b09d904e sp=0x000000b78a8fcab0 mode 0
Event: 6.122 Thread 0x00000267c806a000 DEOPT PACKING pc=0x00000267b15d93c2 sp=0x000000b78a8fd440
Event: 6.122 Thread 0x00000267c806a000 DEOPT UNPACKING pc=0x00000267b09d904e sp=0x000000b78a8fcab0 mode 0
Event: 6.190 Thread 0x00000267c806a000 DEOPT PACKING pc=0x00000267b15d9c34 sp=0x000000b78a8fd580
Event: 6.190 Thread 0x00000267c806a000 DEOPT UNPACKING pc=0x00000267b09d904e sp=0x000000b78a8fcbe8 mode 0
Event: 6.216 Thread 0x00000267c808b800 DEOPT PACKING pc=0x00000267b15d98c7 sp=0x000000b78aafcaa0
Event: 6.216 Thread 0x00000267c808b800 DEOPT UNPACKING pc=0x00000267b09d904e sp=0x000000b78aafc110 mode 0

Classes redefined (0 events):
No events

Internal exceptions (20 events):
Event: 0.932 Thread 0x00000267c808b800 Exception <a 'java/lang/NoSuchMethodError'{0x00000000896d31e0}: 'long java.lang.invoke.DirectMethodHandle$Holder.invokeStaticInit(java.lang.Object, java.lang.Object, java.lang.Object)'> (0x00000000896d31e0) thrown at [c:/BuildAgent/work/5ff2f6c26000d570/s
Event: 0.934 Thread 0x00000267c808b800 Exception <a 'java/lang/NoSuchMethodError'{0x00000000896eb828}: 'java.lang.Object java.lang.invoke.DirectMethodHandle$Holder.invokeStatic(java.lang.Object, java.lang.Object, long)'> (0x00000000896eb828) thrown at [c:/BuildAgent/work/5ff2f6c26000d570/src/h
Event: 0.934 Thread 0x00000267c808b800 Exception <a 'java/lang/NoSuchMethodError'{0x00000000896f19a0}: 'java.lang.Object java.lang.invoke.Invokers$Holder.linkToTargetMethod(java.lang.Object, long, java.lang.Object)'> (0x00000000896f19a0) thrown at [c:/BuildAgent/work/5ff2f6c26000d570/src/hotsp
Event: 0.950 Thread 0x00000267c806a000 Exception <a 'java/lang/NoSuchMethodError'{0x000000008949e8d8}: 'int java.lang.invoke.DirectMethodHandle$Holder.invokeStaticInit(java.lang.Object, java.lang.Object)'> (0x000000008949e8d8) thrown at [c:/BuildAgent/work/5ff2f6c26000d570/src/hotspot/share/in
Event: 0.978 Thread 0x00000267c806a000 Exception <a 'java/lang/NoSuchMethodError'{0x00000000890c81d0}: 'java.lang.Object java.lang.invoke.DirectMethodHandle$Holder.invokeStaticInit(java.lang.Object, int)'> (0x00000000890c81d0) thrown at [c:/BuildAgent/work/5ff2f6c26000d570/src/hotspot/share/in
Event: 2.784 Thread 0x00000267c808b800 Exception <a 'java/lang/UnsatisfiedLinkError'{0x000000008892cc28}: 'boolean com.sun.media.jfxmediaimpl.NativeAudioClip.nacInit()'> (0x000000008892cc28) thrown at [c:/BuildAgent/work/5ff2f6c26000d570/src/hotspot/share/prims/nativeLookup.cpp, line 385]
Event: 2.785 Thread 0x00000267c808b800 Exception <a 'java/lang/UnsatisfiedLinkError'{0x00000000889316a0}: 'void com.sun.media.jfxmedia.logging.Logger.nativeSetNativeLevel(int)'> (0x00000000889316a0) thrown at [c:/BuildAgent/work/5ff2f6c26000d570/src/hotspot/share/prims/nativeLookup.cpp, line 3
Event: 2.800 Thread 0x00000267c808b800 Implicit null exception at 0x00000267b84b2807 to 0x00000267b84b2d2a
Event: 2.800 Thread 0x00000267c808b800 Implicit null exception at 0x00000267b84c6b04 to 0x00000267b84c7052
Event: 2.821 Thread 0x00000267c808b800 Exception <a 'java/lang/NoSuchMethodError'{0x00000000888c62d8}: 'void java.lang.invoke.DirectMethodHandle$Holder.invokeSpecial(java.lang.Object, java.lang.Object, java.lang.Object, java.lang.Object)'> (0x00000000888c62d8) thrown at [c:/BuildAgent/work/5ff
Event: 2.830 Thread 0x00000267c808b800 Exception <a 'java/io/FileNotFoundException'{0x000000008874c9a8}> (0x000000008874c9a8) thrown at [c:/BuildAgent/work/5ff2f6c26000d570/src/hotspot/share/prims/jni.cpp, line 615]
Event: 2.834 Thread 0x00000267c808b800 Exception <a 'java/io/FileNotFoundException'{0x000000008875a448}> (0x000000008875a448) thrown at [c:/BuildAgent/work/5ff2f6c26000d570/src/hotspot/share/prims/jni.cpp, line 615]
Event: 2.858 Thread 0x00000267c808b800 Exception <a 'java/lang/ClassNotFoundException'{0x000000008868b3d8}: com/sun/javafx/scene/control/skin/resources/controls> (0x000000008868b3d8) thrown at [c:/BuildAgent/work/5ff2f6c26000d570/src/hotspot/share/prims/jni.cpp, line 636]
Event: 2.858 Thread 0x00000267c808b800 Exception <a 'java/lang/ClassNotFoundException'{0x000000008869c3e0}: com/sun/javafx/scene/control/skin/resources/controls_en> (0x000000008869c3e0) thrown at [c:/BuildAgent/work/5ff2f6c26000d570/src/hotspot/share/prims/jni.cpp, line 636]
Event: 2.859 Thread 0x00000267c808b800 Exception <a 'java/lang/ClassNotFoundException'{0x000000008869d960}: com/sun/javafx/scene/control/skin/resources/controls_en_US> (0x000000008869d960) thrown at [c:/BuildAgent/work/5ff2f6c26000d570/src/hotspot/share/prims/jni.cpp, line 636]
Event: 2.879 Thread 0x00000267c808b800 Exception <a 'java/lang/NoSuchMethodError'{0x00000000885f2eb0}: 'void java.lang.invoke.DirectMethodHandle$Holder.invokeSpecial(java.lang.Object, java.lang.Object, java.lang.Object, java.lang.Object, java.lang.Object, java.lang.Object)'> (0x00000000885f2eb
Event: 4.959 Thread 0x00000267c808b800 Exception <a 'java/io/FileNotFoundException'{0x0000000087953060}> (0x0000000087953060) thrown at [c:/BuildAgent/work/5ff2f6c26000d570/src/hotspot/share/prims/jni.cpp, line 615]
Event: 5.017 Thread 0x00000267c808b800 Exception <a 'java/lang/NoSuchMethodError'{0x000000008703cc88}: 'void java.lang.invoke.DirectMethodHandle$Holder.invokeSpecial(java.lang.Object, java.lang.Object, double)'> (0x000000008703cc88) thrown at [c:/BuildAgent/work/5ff2f6c26000d570/src/hotspot/sh
Event: 5.017 Thread 0x00000267c808b800 Exception <a 'java/lang/NoSuchMethodError'{0x00000000870426a8}: 'java.lang.Object java.lang.invoke.DirectMethodHandle$Holder.invokeStatic(java.lang.Object, java.lang.Object, double)'> (0x00000000870426a8) thrown at [c:/BuildAgent/work/5ff2f6c26000d570/src
Event: 5.199 Thread 0x00000267c806a000 Implicit null exception at 0x00000267b85c3e2c to 0x00000267b85c3eaa

Events (20 events):
Event: 6.190 Thread 0x00000267cf664000 Thread added: 0x00000267cf664000
Event: 6.191 Thread 0x00000267cf664000 Thread exited: 0x00000267cf664000
Event: 6.191 Thread 0x00000267cf660800 Thread added: 0x00000267cf660800
Event: 6.191 Thread 0x00000267cf660800 Thread exited: 0x00000267cf660800
Event: 6.191 Thread 0x00000267cf660800 Thread added: 0x00000267cf660800
Event: 6.192 Thread 0x00000267cf660800 Thread exited: 0x00000267cf660800
Event: 6.192 Thread 0x00000267cf660800 Thread added: 0x00000267cf660800
Event: 6.192 Thread 0x00000267cf660800 Thread exited: 0x00000267cf660800
Event: 6.192 Thread 0x00000267cf663000 Thread added: 0x00000267cf663000
Event: 6.192 Thread 0x00000267cf663000 Thread exited: 0x00000267cf663000
Event: 6.192 Thread 0x00000267cf660800 Thread added: 0x00000267cf660800
Event: 6.192 Thread 0x00000267cf660800 Thread exited: 0x00000267cf660800
Event: 6.192 Thread 0x00000267cf663000 Thread added: 0x00000267cf663000
Event: 6.192 Thread 0x00000267cf663000 Thread exited: 0x00000267cf663000
Event: 6.192 Thread 0x00000267cf663000 Thread added: 0x00000267cf663000
Event: 6.192 Thread 0x00000267cf663000 Thread exited: 0x00000267cf663000
Event: 6.192 Thread 0x00000267cf660800 Thread added: 0x00000267cf660800
Event: 6.192 Thread 0x00000267cf660800 Thread exited: 0x00000267cf660800
Event: 6.192 Thread 0x00000267cf661800 Thread added: 0x00000267cf661800
Event: 6.192 Thread 0x00000267cf661800 Thread exited: 0x00000267cf661800


Dynamic libraries:
0x00007ff7258e0000 - 0x00007ff7258ea000 	C:\Program Files\JetBrains\IntelliJ IDEA Community Edition 2019.3.1\jbr\bin\java.exe
0x00007ffe05260000 - 0x00007ffe05450000 	C:\WINDOWS\SYSTEM32\ntdll.dll
0x00007ffe05030000 - 0x00007ffe050e2000 	C:\WINDOWS\System32\KERNEL32.DLL
0x00007ffe024c0000 - 0x00007ffe02765000 	C:\WINDOWS\System32\KERNELBASE.dll
0x00007ffe02800000 - 0x00007ffe028fa000 	C:\WINDOWS\System32\ucrtbase.dll
0x00007ffdfaa90000 - 0x00007ffdfaaa7000 	C:\Program Files\JetBrains\IntelliJ IDEA Community Edition 2019.3.1\jbr\bin\VCRUNTIME140.dll
0x00007ffdfaab0000 - 0x00007ffdfaac9000 	C:\Program Files\JetBrains\IntelliJ IDEA Community Edition 2019.3.1\jbr\bin\jli.dll
0x00007ffe03800000 - 0x00007ffe03994000 	C:\WINDOWS\System32\USER32.dll
0x00007ffe03230000 - 0x00007ffe03251000 	C:\WINDOWS\System32\win32u.dll
0x00007ffe03d20000 - 0x00007ffe03d46000 	C:\WINDOWS\System32\GDI32.dll
0x00007ffdf2c00000 - 0x00007ffdf2e84000 	C:\WINDOWS\WinSxS\amd64_microsoft.windows.common-controls_6595b64144ccf1df_6.0.18362.1256_none_9e7e379be45e40e2\COMCTL32.dll
0x00007ffe02900000 - 0x00007ffe02a96000 	C:\WINDOWS\System32\gdi32full.dll
0x00007ffe03760000 - 0x00007ffe037fe000 	C:\WINDOWS\System32\msvcrt.dll
0x00007ffe02420000 - 0x00007ffe024be000 	C:\WINDOWS\System32\msvcp_win.dll
0x00007ffe041c0000 - 0x00007ffe044f6000 	C:\WINDOWS\System32\combase.dll
0x00007ffe04520000 - 0x00007ffe04640000 	C:\WINDOWS\System32\RPCRT4.dll
0x00007ffe021d0000 - 0x00007ffe02251000 	C:\WINDOWS\System32\bcryptPrimitives.dll
0x00007ffe03450000 - 0x00007ffe0347e000 	C:\WINDOWS\System32\IMM32.DLL
0x00007ffdf7960000 - 0x00007ffdf79fd000 	C:\Program Files\JetBrains\IntelliJ IDEA Community Edition 2019.3.1\jbr\bin\msvcp140.dll
0x00007ffdb2e50000 - 0x00007ffdb390b000 	C:\Program Files\JetBrains\IntelliJ IDEA Community Edition 2019.3.1\jbr\bin\server\jvm.dll
0x00007ffe03550000 - 0x00007ffe035f3000 	C:\WINDOWS\System32\ADVAPI32.dll
0x00007ffe04de0000 - 0x00007ffe04e77000 	C:\WINDOWS\System32\sechost.dll
0x00007ffe03310000 - 0x00007ffe03318000 	C:\WINDOWS\System32\PSAPI.DLL
0x00007ffde8fa0000 - 0x00007ffde8fa9000 	C:\WINDOWS\SYSTEM32\WSOCK32.dll
0x00007ffe04fc0000 - 0x00007ffe0502f000 	C:\WINDOWS\System32\WS2_32.dll
0x00007ffdf3920000 - 0x00007ffdf3944000 	C:\WINDOWS\SYSTEM32\WINMM.dll
0x00007ffdf9390000 - 0x00007ffdf939a000 	C:\WINDOWS\SYSTEM32\VERSION.dll
0x00007ffdf3040000 - 0x00007ffdf306d000 	C:\WINDOWS\SYSTEM32\WINMMBASE.dll
0x00007ffe023d0000 - 0x00007ffe0241a000 	C:\WINDOWS\System32\cfgmgr32.dll
0x00007ffe02160000 - 0x00007ffe02171000 	C:\WINDOWS\System32\kernel.appcore.dll
0x00007ffdfa700000 - 0x00007ffdfa711000 	C:\Program Files\JetBrains\IntelliJ IDEA Community Edition 2019.3.1\jbr\bin\verify.dll
0x00007ffe00a00000 - 0x00007ffe00bf4000 	C:\WINDOWS\SYSTEM32\DBGHELP.DLL
0x00007ffdf8dd0000 - 0x00007ffdf8dfa000 	C:\WINDOWS\SYSTEM32\dbgcore.DLL
0x00007ffdf9180000 - 0x00007ffdf91a9000 	C:\Program Files\JetBrains\IntelliJ IDEA Community Edition 2019.3.1\jbr\bin\java.dll
0x00007ffdfa720000 - 0x00007ffdfa72f000 	C:\Program Files\JetBrains\IntelliJ IDEA Community Edition 2019.3.1\jbr\bin\instrument.dll
0x00007ffdfa450000 - 0x00007ffdfa467000 	C:\Program Files\JetBrains\IntelliJ IDEA Community Edition 2019.3.1\jbr\bin\zip.dll
0x00007ffdfa6f0000 - 0x00007ffdfa6fb000 	C:\Program Files\JetBrains\IntelliJ IDEA Community Edition 2019.3.1\jbr\bin\jimage.dll
0x00007ffe046f0000 - 0x00007ffe04dd7000 	C:\WINDOWS\System32\SHELL32.dll
0x00007ffe050f0000 - 0x00007ffe05199000 	C:\WINDOWS\System32\shcore.dll
0x00007ffe02aa0000 - 0x00007ffe03221000 	C:\WINDOWS\System32\windows.storage.dll
0x00007ffe02130000 - 0x00007ffe02153000 	C:\WINDOWS\System32\profapi.dll
0x00007ffe02180000 - 0x00007ffe021ca000 	C:\WINDOWS\System32\powrprof.dll
0x00007ffe02100000 - 0x00007ffe02110000 	C:\WINDOWS\System32\UMPDC.dll
0x00007ffe033f0000 - 0x00007ffe03442000 	C:\WINDOWS\System32\shlwapi.dll
0x00007ffe023b0000 - 0x00007ffe023c7000 	C:\WINDOWS\System32\cryptsp.dll
0x00007ffdf6d80000 - 0x00007ffdf6d9a000 	C:\Program Files\JetBrains\IntelliJ IDEA Community Edition 2019.3.1\jbr\bin\net.dll
0x00007ffdf5cf0000 - 0x00007ffdf5de0000 	C:\WINDOWS\SYSTEM32\WINHTTP.dll
0x00007ffe01950000 - 0x00007ffe019b7000 	C:\WINDOWS\system32\mswsock.dll
0x00007ffdf6d60000 - 0x00007ffdf6d74000 	C:\Program Files\JetBrains\IntelliJ IDEA Community Edition 2019.3.1\jbr\bin\nio.dll
0x00007ffdf2fb0000 - 0x00007ffdf2fca000 	C:\Program Files\JetBrains\IntelliJ IDEA Community Edition 2019.3.1\bin\breakgen64.dll
0x00000267acaa0000 - 0x00000267acaa3000 	C:\Program Files\JetBrains\IntelliJ IDEA Community Edition 2019.3.1\jbr\bin\api-ms-win-core-console-l1-1-0.dll
0x00000267acab0000 - 0x00000267acab3000 	C:\Program Files\JetBrains\IntelliJ IDEA Community Edition 2019.3.1\jbr\bin\api-ms-win-core-datetime-l1-1-0.dll
0x00000267c86e0000 - 0x00000267c86e3000 	C:\Program Files\JetBrains\IntelliJ IDEA Community Edition 2019.3.1\jbr\bin\api-ms-win-core-debug-l1-1-0.dll
0x00000267c86f0000 - 0x00000267c86f3000 	C:\Program Files\JetBrains\IntelliJ IDEA Community Edition 2019.3.1\jbr\bin\api-ms-win-core-errorhandling-l1-1-0.dll
0x00000267c8700000 - 0x00000267c8704000 	C:\Program Files\JetBrains\IntelliJ IDEA Community Edition 2019.3.1\jbr\bin\api-ms-win-core-file-l1-1-0.dll
0x00000267c8710000 - 0x00000267c8713000 	C:\Program Files\JetBrains\IntelliJ IDEA Community Edition 2019.3.1\jbr\bin\api-ms-win-core-file-l1-2-0.dll
0x00000267c8720000 - 0x00000267c8723000 	C:\Program Files\JetBrains\IntelliJ IDEA Community Edition 2019.3.1\jbr\bin\api-ms-win-core-file-l2-1-0.dll
0x00000267c8730000 - 0x00000267c8733000 	C:\Program Files\JetBrains\IntelliJ IDEA Community Edition 2019.3.1\jbr\bin\api-ms-win-core-handle-l1-1-0.dll
0x00000267c8740000 - 0x00000267c8743000 	C:\Program Files\JetBrains\IntelliJ IDEA Community Edition 2019.3.1\jbr\bin\api-ms-win-core-heap-l1-1-0.dll
0x00000267c8750000 - 0x00000267c8753000 	C:\Program Files\JetBrains\IntelliJ IDEA Community Edition 2019.3.1\jbr\bin\api-ms-win-core-interlocked-l1-1-0.dll
0x00000267c8760000 - 0x00000267c8763000 	C:\Program Files\JetBrains\IntelliJ IDEA Community Edition 2019.3.1\jbr\bin\api-ms-win-core-libraryloader-l1-1-0.dll
0x00000267c8770000 - 0x00000267c8773000 	C:\Program Files\JetBrains\IntelliJ IDEA Community Edition 2019.3.1\jbr\bin\api-ms-win-core-localization-l1-2-0.dll
0x00000267c8780000 - 0x00000267c8783000 	C:\Program Files\JetBrains\IntelliJ IDEA Community Edition 2019.3.1\jbr\bin\api-ms-win-core-memory-l1-1-0.dll
0x00000267c8790000 - 0x00000267c8793000 	C:\Program Files\JetBrains\IntelliJ IDEA Community Edition 2019.3.1\jbr\bin\api-ms-win-core-namedpipe-l1-1-0.dll
0x00000267c87a0000 - 0x00000267c87a3000 	C:\Program Files\JetBrains\IntelliJ IDEA Community Edition 2019.3.1\jbr\bin\api-ms-win-core-processenvironment-l1-1-0.dll
0x00000267c87b0000 - 0x00000267c87b3000 	C:\Program Files\JetBrains\IntelliJ IDEA Community Edition 2019.3.1\jbr\bin\api-ms-win-core-processthreads-l1-1-0.dll
0x00000267c87c0000 - 0x00000267c87c3000 	C:\Program Files\JetBrains\IntelliJ IDEA Community Edition 2019.3.1\jbr\bin\api-ms-win-core-processthreads-l1-1-1.dll
0x00000267c87d0000 - 0x00000267c87d3000 	C:\Program Files\JetBrains\IntelliJ IDEA Community Edition 2019.3.1\jbr\bin\api-ms-win-core-profile-l1-1-0.dll
0x00000267c87e0000 - 0x00000267c87e3000 	C:\Program Files\JetBrains\IntelliJ IDEA Community Edition 2019.3.1\jbr\bin\api-ms-win-core-rtlsupport-l1-1-0.dll
0x00000267c87f0000 - 0x00000267c87f3000 	C:\Program Files\JetBrains\IntelliJ IDEA Community Edition 2019.3.1\jbr\bin\api-ms-win-core-string-l1-1-0.dll
0x00000267c8800000 - 0x00000267c8803000 	C:\Program Files\JetBrains\IntelliJ IDEA Community Edition 2019.3.1\jbr\bin\api-ms-win-core-synch-l1-1-0.dll
0x00000267c8810000 - 0x00000267c8813000 	C:\Program Files\JetBrains\IntelliJ IDEA Community Edition 2019.3.1\jbr\bin\api-ms-win-core-synch-l1-2-0.dll
0x00000267c8820000 - 0x00000267c8823000 	C:\Program Files\JetBrains\IntelliJ IDEA Community Edition 2019.3.1\jbr\bin\api-ms-win-core-sysinfo-l1-1-0.dll
0x00000267c8830000 - 0x00000267c8833000 	C:\Program Files\JetBrains\IntelliJ IDEA Community Edition 2019.3.1\jbr\bin\api-ms-win-core-timezone-l1-1-0.dll
0x00000267c8840000 - 0x00000267c8843000 	C:\Program Files\JetBrains\IntelliJ IDEA Community Edition 2019.3.1\jbr\bin\api-ms-win-core-util-l1-1-0.dll
0x00000267c8850000 - 0x00000267c8853000 	C:\Program Files\JetBrains\IntelliJ IDEA Community Edition 2019.3.1\jbr\bin\api-ms-win-crt-conio-l1-1-0.dll
0x00000267c8860000 - 0x00000267c8864000 	C:\Program Files\JetBrains\IntelliJ IDEA Community Edition 2019.3.1\jbr\bin\api-ms-win-crt-convert-l1-1-0.dll
0x00000267c8870000 - 0x00000267c8873000 	C:\Program Files\JetBrains\IntelliJ IDEA Community Edition 2019.3.1\jbr\bin\api-ms-win-crt-environment-l1-1-0.dll
0x00000267c8880000 - 0x00000267c8883000 	C:\Program Files\JetBrains\IntelliJ IDEA Community Edition 2019.3.1\jbr\bin\api-ms-win-crt-filesystem-l1-1-0.dll
0x00000267c8890000 - 0x00000267c8893000 	C:\Program Files\JetBrains\IntelliJ IDEA Community Edition 2019.3.1\jbr\bin\api-ms-win-crt-heap-l1-1-0.dll
0x00000267c88a0000 - 0x00000267c88a3000 	C:\Program Files\JetBrains\IntelliJ IDEA Community Edition 2019.3.1\jbr\bin\api-ms-win-crt-locale-l1-1-0.dll
0x00000267c88b0000 - 0x00000267c88b5000 	C:\Program Files\JetBrains\IntelliJ IDEA Community Edition 2019.3.1\jbr\bin\api-ms-win-crt-math-l1-1-0.dll
0x00000267c88c0000 - 0x00000267c88c5000 	C:\Program Files\JetBrains\IntelliJ IDEA Community Edition 2019.3.1\jbr\bin\api-ms-win-crt-multibyte-l1-1-0.dll
0x00000267c88d0000 - 0x00000267c88e0000 	C:\Program Files\JetBrains\IntelliJ IDEA Community Edition 2019.3.1\jbr\bin\api-ms-win-crt-private-l1-1-0.dll
0x00000267c88e0000 - 0x00000267c88e3000 	C:\Program Files\JetBrains\IntelliJ IDEA Community Edition 2019.3.1\jbr\bin\api-ms-win-crt-process-l1-1-0.dll
0x00000267c88f0000 - 0x00000267c88f4000 	C:\Program Files\JetBrains\IntelliJ IDEA Community Edition 2019.3.1\jbr\bin\api-ms-win-crt-runtime-l1-1-0.dll
0x00000267c8900000 - 0x00000267c8904000 	C:\Program Files\JetBrains\IntelliJ IDEA Community Edition 2019.3.1\jbr\bin\api-ms-win-crt-stdio-l1-1-0.dll
0x00000267c8910000 - 0x00000267c8914000 	C:\Program Files\JetBrains\IntelliJ IDEA Community Edition 2019.3.1\jbr\bin\api-ms-win-crt-string-l1-1-0.dll
0x00000267c8920000 - 0x00000267c8923000 	C:\Program Files\JetBrains\IntelliJ IDEA Community Edition 2019.3.1\jbr\bin\api-ms-win-crt-time-l1-1-0.dll
0x00000267c8930000 - 0x00000267c8933000 	C:\Program Files\JetBrains\IntelliJ IDEA Community Edition 2019.3.1\jbr\bin\api-ms-win-crt-utility-l1-1-0.dll
0x00007ffdd7e80000 - 0x00007ffdd7f7a000 	C:\Program Files\JetBrains\IntelliJ IDEA Community Edition 2019.3.1\jbr\bin\ucrtbase.dll
0x00007ffde0090000 - 0x00007ffde00e1000 	C:\Windows\System32\concrt140.dll
0x00007ffdf01e0000 - 0x00007ffdf0203000 	C:\Program Files\JetBrains\IntelliJ IDEA Community Edition 2019.3.1\jbr\bin\prism_d3d.dll
0x00007ffdcbda0000 - 0x00007ffdcbf67000 	C:\WINDOWS\system32\d3d9.dll
0x00007ffe004d0000 - 0x00007ffe004fd000 	C:\WINDOWS\SYSTEM32\dwmapi.dll
0x00007ffe00db0000 - 0x00007ffe00dd0000 	C:\WINDOWS\SYSTEM32\dxcore.dll
0x00007ffe000a0000 - 0x00007ffe00139000 	C:\WINDOWS\system32\uxtheme.dll
0x00007ffdcbc30000 - 0x00007ffdcbd94000 	C:\WINDOWS\System32\DriverStore\FileRepository\iigd_dch.inf_amd64_440392e76b44e849\igdumdim64.dll
0x00007ffd9afa0000 - 0x00007ffd9ef7a000 	C:\WINDOWS\System32\DriverStore\FileRepository\iigd_dch.inf_amd64_440392e76b44e849\igd9dxva64.dll
0x00007ffe03600000 - 0x00007ffe03757000 	C:\WINDOWS\System32\ole32.dll
0x00007ffe03480000 - 0x00007ffe03545000 	C:\WINDOWS\System32\OLEAUT32.dll
0x00007ffde8cf0000 - 0x00007ffde8e94000 	C:\WINDOWS\System32\DriverStore\FileRepository\iigd_dch.inf_amd64_440392e76b44e849\igdgmm64.dll
0x00007ffddd800000 - 0x00007ffddd845000 	C:\Program Files\JetBrains\IntelliJ IDEA Community Edition 2019.3.1\jbr\bin\glass.dll
0x00007ffe03320000 - 0x00007ffe033f0000 	C:\WINDOWS\System32\COMDLG32.dll
0x00007ffe03bd0000 - 0x00007ffe03d05000 	C:\WINDOWS\System32\MSCTF.dll
0x00007ffdf6e10000 - 0x00007ffdf6e36000 	C:\WINDOWS\System32\DriverStore\FileRepository\iigd_dch.inf_amd64_440392e76b44e849\igdinfo64.dll
0x00007ffde58b0000 - 0x00007ffde7d4b000 	C:\WINDOWS\System32\DriverStore\FileRepository\iigd_dch.inf_amd64_440392e76b44e849\igc64.dll
0x00007ffddd940000 - 0x00007ffddd954000 	C:\Program Files\JetBrains\IntelliJ IDEA Community Edition 2019.3.1\jbr\bin\javafx_font.dll
0x00007ffdc3b00000 - 0x00007ffdc3ca1000 	C:\Program Files\JetBrains\IntelliJ IDEA Community Edition 2019.3.1\jbr\bin\awt.dll
0x00007ffdfeb00000 - 0x00007ffdff0c0000 	C:\WINDOWS\SYSTEM32\d2d1.dll
0x00007ffdfffb0000 - 0x00007ffe0003f000 	C:\WINDOWS\SYSTEM32\apphelp.dll
0x00007ffdd7df0000 - 0x00007ffdd7e75000 	C:\Program Files\JetBrains\IntelliJ IDEA Community Edition 2019.3.1\jbr\bin\freetype.dll
0x00007ffdd7490000 - 0x00007ffdd7538000 	C:\Program Files\JetBrains\IntelliJ IDEA Community Edition 2019.3.1\jbr\bin\fontmanager.dll
0x00007ffde4c00000 - 0x00007ffde4efe000 	C:\WINDOWS\SYSTEM32\dwrite.dll
0x00007ffe04640000 - 0x00007ffe046e2000 	C:\WINDOWS\System32\clbcatq.dll
0x00007ffdefa80000 - 0x00007ffdefc2f000 	C:\WINDOWS\SYSTEM32\WindowsCodecs.dll
0x00007ffdce270000 - 0x00007ffdce2aa000 	C:\WINDOWS\system32\dataexchange.dll
0x00007ffdff110000 - 0x00007ffdff36b000 	C:\WINDOWS\system32\d3d11.dll
0x00007ffdff820000 - 0x00007ffdff9fd000 	C:\WINDOWS\system32\dcomp.dll
0x00007ffe00dd0000 - 0x00007ffe00ebb000 	C:\WINDOWS\system32\dxgi.dll
0x00007ffe00160000 - 0x00007ffe003c2000 	C:\WINDOWS\system32\twinapi.appcore.dll
0x00007ffe00500000 - 0x00007ffe00529000 	C:\WINDOWS\system32\RMCLIENT.dll
0x00007ffddd710000 - 0x00007ffddd743000 	C:\Program Files\Common Files\Microsoft Shared\Ink\rtscom.dll
0x00007ffdeeec0000 - 0x00007ffdeef5e000 	C:\WINDOWS\System32\TextInputFramework.dll
0x00007ffdffd70000 - 0x00007ffdffe44000 	C:\WINDOWS\System32\CoreMessaging.dll
0x00007ffdf0670000 - 0x00007ffdf099a000 	C:\WINDOWS\System32\CoreUIComponents.dll
0x00007ffe01140000 - 0x00007ffe01171000 	C:\WINDOWS\SYSTEM32\ntmarta.dll
0x00007ffdfa740000 - 0x00007ffdfa893000 	C:\WINDOWS\SYSTEM32\wintypes.dll

dbghelp: loaded successfully - version: 4.0.5 - missing functions: none
symbol engine: initialized successfully - sym options: 0x614 - pdb path: .;C:\Program Files\JetBrains\IntelliJ IDEA Community Edition 2019.3.1\jbr\bin;C:\WINDOWS\SYSTEM32;C:\WINDOWS\WinSxS\amd64_microsoft.windows.common-controls_6595b64144ccf1df_6.0.18362.1256_none_9e7e379be45e40e2;C:\Program Files\JetBrains\IntelliJ IDEA Community Edition 2019.3.1\jbr\bin\server;C:\Program Files\JetBrains\IntelliJ IDEA Community Edition 2019.3.1\bin;C:\WINDOWS\System32\DriverStore\FileRepository\iigd_dch.inf_amd64_440392e76b44e849;C:\Program Files\Common Files\Microsoft Shared\Ink

VM Arguments:
jvm_args: -javaagent:C:\Program Files\JetBrains\IntelliJ IDEA Community Edition 2019.3.1\lib\idea_rt.jar=52545:C:\Program Files\JetBrains\IntelliJ IDEA Community Edition 2019.3.1\bin -Dfile.encoding=UTF-8 
java_command: sample.Main
java_class_path (initial): C:\Users\aksha\IdeaProjects\AP_Project_1\out\production\AP_project
Launcher Type: SUN_STANDARD

[Global flags]
     intx CICompilerCount                          = 4                                         {product} {ergonomic}
     uint ConcGCThreads                            = 2                                         {product} {ergonomic}
     uint G1ConcRefinementThreads                  = 8                                         {product} {ergonomic}
   size_t G1HeapRegionSize                         = 1048576                                   {product} {ergonomic}
    uintx GCDrainStackTargetSize                   = 64                                        {product} {ergonomic}
   size_t InitialHeapSize                          = 132120576                                 {product} {ergonomic}
   size_t MarkStackSize                            = 4194304                                   {product} {ergonomic}
   size_t MaxHeapSize                              = 2099249152                                {product} {ergonomic}
   size_t MaxNewSize                               = 1259339776                                {product} {ergonomic}
   size_t MinHeapDeltaBytes                        = 1048576                                   {product} {ergonomic}
    uintx NonNMethodCodeHeapSize                   = 5836300                                {pd product} {ergonomic}
    uintx NonProfiledCodeHeapSize                  = 122910970                              {pd product} {ergonomic}
    uintx ProfiledCodeHeapSize                     = 122910970                              {pd product} {ergonomic}
    uintx ReservedCodeCacheSize                    = 251658240                              {pd product} {ergonomic}
     bool SegmentedCodeCache                       = true                                      {product} {ergonomic}
     bool UseCompressedClassPointers               = true                                 {lp64_product} {ergonomic}
     bool UseCompressedOops                        = true                                 {lp64_product} {ergonomic}
     bool UseG1GC                                  = true                                      {product} {ergonomic}
     bool UseLargePagesIndividualAllocation        = false                                  {pd product} {ergonomic}

Logging:
Log output configuration:
 #0: stdout all=warning uptime,level,tags
 #1: stderr all=off uptime,level,tags

Environment Variables:
PATH=C:\WINDOWS\system32;C:\WINDOWS;C:\WINDOWS\System32\Wbem;C:\WINDOWS\System32\WindowsPowerShell\v1.0\;C:\WINDOWS\System32\OpenSSH\;C:\Users\aksha\Scripts;C:\Program Files\Java\jdk-13\bin;C:\Program Files\MATLAB\R2020a\bin;C:\Program Files (x86)\mingw-w64\i686-8.1.0-posix-dwarf-rt_v6-rev0\mingw32\bin;C:\Program Files (x86)\AOMEI Backupper;C:\Program Files\Git\cmd;C:\Users\aksha\Scripts\;C:\Users\aksha\;C:\Users\aksha\AppData\Local\Microsoft\WindowsApps;;C:\Program Files\JetBrains\PyCharm Community Edition 2019.2.3\bin;
USERNAME=aksha
OS=Windows_NT
PROCESSOR_IDENTIFIER=Intel64 Family 6 Model 142 Stepping 12, GenuineIntel



---------------  S Y S T E M  ---------------

OS: Windows 10 , 64 bit Build 18362 (10.0.18362.1110)

CPU:total 8 (initial active 8) (4 cores per cpu, 2 threads per core) family 6 model 142 stepping 12, cmov, cx8, fxsr, mmx, sse, sse2, sse3, ssse3, sse4.1, sse4.2, popcnt, avx, avx2, aes, clmul, erms, 3dnowpref, lzcnt, ht, tsc, tscinvbit, bmi1, bmi2, adx, fma

Memory: 4k page, system-wide physical 8005M (957M free)
TotalPageFile size 10005M (AvailPageFile size 5M)
current process WorkingSet (physical memory assigned to process): 325M, peak: 325M
current process commit charge ("private bytes"): 388M, peak: 389M

vm_info: OpenJDK 64-Bit Server VM (11.0.5+10-b520.17) for windows-amd64 JRE (11.0.5+10-b520.17), built on Dec  2 2019 12:11:34 by "" with MS VC++ 14.0 (VS2015)

END.
