#
# There is insufficient memory for the Java Runtime Environment to continue.
# Native memory allocation (malloc) failed to allocate 1405376 bytes for Chunk::new
# Possible reasons:
#   The system is out of physical RAM or swap space
#   The process is running with CompressedOops enabled, and the Java Heap may be blocking the growth of the native heap
# Possible solutions:
#   Reduce memory load on the system
#   Increase physical memory or swap space
#   Check if swap backing store is full
#   Decrease Java heap size (-Xmx/-Xms)
#   Decrease number of Java threads
#   Decrease Java thread stack sizes (-Xss)
#   Set larger code cache with -XX:ReservedCodeCacheSize=
#   JVM is running with Unscaled Compressed Oops mode in which the Java heap is
#     placed in the first 4GB address space. The Java Heap base address is the
#     maximum limit for the native heap growth. Please use -XX:HeapBaseMinAddress
#     to set the Java Heap base and to place the Java Heap above 4GB virtual address.
# This output file may be truncated or incomplete.
#
#  Out of Memory Error (c:/BuildAgent/work/5ff2f6c26000d570/src/hotspot/share/memory/arena.cpp:197), pid=12256, tid=13636
#
# JRE version: OpenJDK Runtime Environment (11.0.5+10) (build 11.0.5+10-b520.17)
# Java VM: OpenJDK 64-Bit Server VM (11.0.5+10-b520.17, mixed mode, sharing, tiered, compressed oops, g1 gc, windows-amd64)
# No core dump will be written. Minidumps are not enabled by default on client versions of Windows
#

---------------  S U M M A R Y ------------

Command Line: --module-path=C:\Users\user\Downloads\javafx-sdk-15.0.1\lib --add-modules=javafx.controls,javafx.fxml -javaagent:C:\Program Files\JetBrains\IntelliJ IDEA Community Edition 2019.3.1\lib\idea_rt.jar=58053:C:\Program Files\JetBrains\IntelliJ IDEA Community Edition 2019.3.1\bin -Dfile.encoding=UTF-8 sample.Main

Host: Intel(R) Core(TM) i5-8265U CPU @ 1.60GHz, 8 cores, 7G,  Windows 10 , 64 bit Build 18362 (10.0.18362.1110)
Time: Thu Dec 17 16:20:30 2020 India Standard Time elapsed time: 7 seconds (0d 0h 0m 7s)

---------------  T H R E A D  ---------------

Current thread (0x00000219d7fa8800):  JavaThread "C2 CompilerThread0" daemon [_thread_in_native, id=13636, stack(0x000000a863b00000,0x000000a863c00000)]


Current CompileTask:
C2:   7829 3389       4       com.sun.scenario.effect.FilterEffect::filter (265 bytes)

Stack: [0x000000a863b00000,0x000000a863c00000]
Native frames: (J=compiled Java code, j=interpreted, Vv=VM code, C=native code)
V  [jvm.dll+0x5dcafa]
V  [jvm.dll+0x70e375]
V  [jvm.dll+0x70f898]
V  [jvm.dll+0x70ff63]
V  [jvm.dll+0x23e238]
V  [jvm.dll+0xb8a9c]
V  [jvm.dll+0xb8fac]
V  [jvm.dll+0x2b1f94]
V  [jvm.dll+0x501372]
V  [jvm.dll+0x1f941c]
V  [jvm.dll+0x1f6a1f]
V  [jvm.dll+0x17f6fc]
V  [jvm.dll+0x204f77]
V  [jvm.dll+0x2037f1]
V  [jvm.dll+0x6d835f]
V  [jvm.dll+0x6d114d]
V  [jvm.dll+0x5dbdd6]
C  [ucrtbase.dll+0x210b2]
C  [KERNEL32.DLL+0x17c24]
C  [ntdll.dll+0x6d4d1]


---------------  P R O C E S S  ---------------

Threads class SMR info:
_java_thread_list=0x00000219d8de0840, length=22, elements={
0x00000219bd917800, 0x00000219d7f8e000, 0x00000219d7f8f000, 0x00000219d7fa5800,
0x00000219d7fa6800, 0x00000219d7fa8800, 0x00000219d7fb6000, 0x00000219d7fda800,
0x00000219d89f4800, 0x00000219d8b38800, 0x00000219d8b3c000, 0x00000219d8e5e800,
0x00000219d8e20800, 0x00000219d8f55000, 0x00000219d8d23800, 0x00000219d909b000,
0x00000219d92ed000, 0x00000219d93e5000, 0x00000219e0533800, 0x00000219e0535800,
0x00000219e0531000, 0x00000219e0536000
}

Java Threads: ( => current thread )
  0x00000219bd917800 JavaThread "main" [_thread_blocked, id=21656, stack(0x000000a863000000,0x000000a863100000)]
  0x00000219d7f8e000 JavaThread "Reference Handler" daemon [_thread_blocked, id=16024, stack(0x000000a863700000,0x000000a863800000)]
  0x00000219d7f8f000 JavaThread "Finalizer" daemon [_thread_blocked, id=20616, stack(0x000000a863800000,0x000000a863900000)]
  0x00000219d7fa5800 JavaThread "Signal Dispatcher" daemon [_thread_blocked, id=7916, stack(0x000000a863900000,0x000000a863a00000)]
  0x00000219d7fa6800 JavaThread "Attach Listener" daemon [_thread_blocked, id=19820, stack(0x000000a863a00000,0x000000a863b00000)]
=>0x00000219d7fa8800 JavaThread "C2 CompilerThread0" daemon [_thread_in_native, id=13636, stack(0x000000a863b00000,0x000000a863c00000)]
  0x00000219d7fb6000 JavaThread "C1 CompilerThread0" daemon [_thread_blocked, id=18288, stack(0x000000a863c00000,0x000000a863d00000)]
  0x00000219d7fda800 JavaThread "Sweeper thread" daemon [_thread_blocked, id=22064, stack(0x000000a863d00000,0x000000a863e00000)]
  0x00000219d89f4800 JavaThread "Common-Cleaner" daemon [_thread_blocked, id=5028, stack(0x000000a863e00000,0x000000a863f00000)]
  0x00000219d8b38800 JavaThread "Monitor Ctrl-Break" daemon [_thread_in_native, id=7212, stack(0x000000a864000000,0x000000a864100000)]
  0x00000219d8b3c000 JavaThread "Service Thread" daemon [_thread_blocked, id=6540, stack(0x000000a864100000,0x000000a864200000)]
  0x00000219d8e5e800 JavaThread "QuantumRenderer-0" daemon [_thread_in_native, id=5576, stack(0x000000a864300000,0x000000a864400000)]
  0x00000219d8e20800 JavaThread "InvokeLaterDispatcher" daemon [_thread_blocked, id=2972, stack(0x000000a864400000,0x000000a864500000)]
  0x00000219d8f55000 JavaThread "JavaFX Application Thread" [_thread_in_native, id=9884, stack(0x000000a864500000,0x000000a864600000)]
  0x00000219d8d23800 JavaThread "Thread-1" daemon [_thread_in_native, id=15400, stack(0x000000a864900000,0x000000a864a00000)]
  0x00000219d909b000 JavaThread "JavaFX-Launcher" [_thread_blocked, id=18496, stack(0x000000a864a00000,0x000000a864b00000)]
  0x00000219d92ed000 JavaThread "Media Resource Disposer" daemon [_thread_blocked, id=22364, stack(0x000000a864b00000,0x000000a864c00000)]
  0x00000219d93e5000 JavaThread "Java2D Disposer" daemon [_thread_blocked, id=10644, stack(0x000000a865100000,0x000000a865200000)]
  0x00000219e0533800 JavaThread "JFXMedia Player EventQueueThread" daemon [_thread_blocked, id=9348, stack(0x000000a865600000,0x000000a865700000)]
  0x00000219e0535800 JavaThread "Prism Font Disposer" daemon [_thread_blocked, id=6960, stack(0x000000a865f00000,0x000000a866000000)]
  0x00000219e0531000 JavaThread "Thread-37" daemon [_thread_blocked, id=19284, stack(0x000000a863f00000,0x000000a864000000)]
  0x00000219e0536000 JavaThread "Cleaner-0" daemon [_thread_blocked, id=18328, stack(0x000000a866400000,0x000000a866500000)]

Other Threads:
  0x00000219d7f8d000 VMThread "VM Thread" [stack: 0x000000a863600000,0x000000a863700000] [id=9608]
  0x00000219d8b3f800 WatcherThread [stack: 0x000000a864200000,0x000000a864300000] [id=2616]
  0x00000219bd931800 GCTaskThread "GC Thread#0" [stack: 0x000000a863100000,0x000000a863200000] [id=20532]
  0x00000219d94fe800 GCTaskThread "GC Thread#1" [stack: 0x000000a864c00000,0x000000a864d00000] [id=17172]
  0x00000219dfdf2800 GCTaskThread "GC Thread#2" [stack: 0x000000a864d00000,0x000000a864e00000] [id=21772]
  0x00000219d913a800 GCTaskThread "GC Thread#3" [stack: 0x000000a864e00000,0x000000a864f00000] [id=14216]
  0x00000219d913b000 GCTaskThread "GC Thread#4" [stack: 0x000000a864f00000,0x000000a865000000] [id=10564]
  0x00000219dfe36000 GCTaskThread "GC Thread#5" [stack: 0x000000a865000000,0x000000a865100000] [id=16120]
  0x00000219bd961000 ConcurrentGCThread "G1 Main Marker" [stack: 0x000000a863200000,0x000000a863300000] [id=5788]
  0x00000219bd965800 ConcurrentGCThread "G1 Conc#0" [stack: 0x000000a863300000,0x000000a863400000] [id=16376]
  0x00000219d7e20800 ConcurrentGCThread "G1 Refine#0" [stack: 0x000000a863400000,0x000000a863500000] [id=19492]
  0x00000219d7e21800 ConcurrentGCThread "G1 Young RemSet Sampling" [stack: 0x000000a863500000,0x000000a863600000] [id=15900]

Threads with active compile tasks:
C2 CompilerThread0   7850 3389       4       com.sun.scenario.effect.FilterEffect::filter (265 bytes)

VM state:not at safepoint (normal execution)

VM Mutex/Monitor currently owned by a thread: None

Heap address: 0x0000000082e00000, size: 2002 MB, Compressed Oops mode: 32-bit
Narrow klass base: 0x0000000800000000, Narrow klass shift: 3
Compressed class space size: 1073741824 Address: 0x0000000840000000

Heap:
 garbage-first heap   total 129024K, used 85371K [0x0000000082e00000, 0x0000000100000000)
  region size 1024K, 73 young (74752K), 3 survivors (3072K)
 Metaspace       used 19543K, capacity 20457K, committed 20736K, reserved 1067008K
  class space    used 2577K, capacity 2969K, committed 3072K, reserved 1048576K
Heap Regions: E=young(eden), S=young(survivor), O=old, HS=humongous(starts), HC=humongous(continues), CS=collection set, F=free, A=archive, TAMS=top-at-mark-start (previous, next)
|   0|0x0000000082e00000, 0x0000000082e5ee00, 0x0000000082f00000| 37%| O|  |TAMS 0x0000000082e00000, 0x0000000082e00000| Untracked 
|   1|0x0000000082f00000, 0x0000000083000000, 0x0000000083000000|100%|HS|  |TAMS 0x0000000082f00000, 0x0000000082f00000| Complete 
|   2|0x0000000083000000, 0x0000000083100000, 0x0000000083100000|100%|HC|  |TAMS 0x0000000083000000, 0x0000000083000000| Complete 
|   3|0x0000000083100000, 0x0000000083200000, 0x0000000083200000|100%|HC|  |TAMS 0x0000000083100000, 0x0000000083100000| Complete 
|   4|0x0000000083200000, 0x0000000083300000, 0x0000000083300000|100%|HC|  |TAMS 0x0000000083200000, 0x0000000083200000| Complete 
|   5|0x0000000083300000, 0x0000000083400000, 0x0000000083400000|100%|HC|  |TAMS 0x0000000083300000, 0x0000000083300000| Complete 
|   6|0x0000000083400000, 0x0000000083500000, 0x0000000083500000|100%|HS|  |TAMS 0x0000000083400000, 0x0000000083400000| Complete 
|   7|0x0000000083500000, 0x0000000083600000, 0x0000000083600000|100%|HS|  |TAMS 0x0000000083500000, 0x0000000083500000| Complete 
|   8|0x0000000083600000, 0x0000000083700000, 0x0000000083700000|100%|HS|  |TAMS 0x0000000083600000, 0x0000000083600000| Complete 
|   9|0x0000000083700000, 0x0000000083800000, 0x0000000083800000|100%|HS|  |TAMS 0x0000000083700000, 0x0000000083700000| Complete 
|  10|0x0000000083800000, 0x0000000083900000, 0x0000000083900000|100%|HS|  |TAMS 0x0000000083800000, 0x0000000083800000| Complete 
|  11|0x0000000083900000, 0x0000000083a00000, 0x0000000083a00000|100%|HC|  |TAMS 0x0000000083900000, 0x0000000083900000| Complete 
|  12|0x0000000083a00000, 0x0000000083a00000, 0x0000000083b00000|  0%| F|  |TAMS 0x0000000083a00000, 0x0000000083a00000| Untracked 
|  13|0x0000000083b00000, 0x0000000083b00000, 0x0000000083c00000|  0%| F|  |TAMS 0x0000000083b00000, 0x0000000083b00000| Untracked 
|  14|0x0000000083c00000, 0x0000000083c00000, 0x0000000083d00000|  0%| F|  |TAMS 0x0000000083c00000, 0x0000000083c00000| Untracked 
|  15|0x0000000083d00000, 0x0000000083d00000, 0x0000000083e00000|  0%| F|  |TAMS 0x0000000083d00000, 0x0000000083d00000| Untracked 
|  16|0x0000000083e00000, 0x0000000083e00000, 0x0000000083f00000|  0%| F|  |TAMS 0x0000000083e00000, 0x0000000083e00000| Untracked 
|  17|0x0000000083f00000, 0x0000000083f00000, 0x0000000084000000|  0%| F|  |TAMS 0x0000000083f00000, 0x0000000083f00000| Untracked 
|  18|0x0000000084000000, 0x0000000084000000, 0x0000000084100000|  0%| F|  |TAMS 0x0000000084000000, 0x0000000084000000| Untracked 
|  19|0x0000000084100000, 0x0000000084100000, 0x0000000084200000|  0%| F|  |TAMS 0x0000000084100000, 0x0000000084100000| Untracked 
|  20|0x0000000084200000, 0x0000000084200000, 0x0000000084300000|  0%| F|  |TAMS 0x0000000084200000, 0x0000000084200000| Untracked 
|  21|0x0000000084300000, 0x0000000084300000, 0x0000000084400000|  0%| F|  |TAMS 0x0000000084300000, 0x0000000084300000| Untracked 
|  22|0x0000000084400000, 0x0000000084400000, 0x0000000084500000|  0%| F|  |TAMS 0x0000000084400000, 0x0000000084400000| Untracked 
|  23|0x0000000084500000, 0x0000000084500000, 0x0000000084600000|  0%| F|  |TAMS 0x0000000084500000, 0x0000000084500000| Untracked 
|  24|0x0000000084600000, 0x0000000084600000, 0x0000000084700000|  0%| F|  |TAMS 0x0000000084600000, 0x0000000084600000| Untracked 
|  25|0x0000000084700000, 0x0000000084700000, 0x0000000084800000|  0%| F|  |TAMS 0x0000000084700000, 0x0000000084700000| Untracked 
|  26|0x0000000084800000, 0x0000000084800000, 0x0000000084900000|  0%| F|  |TAMS 0x0000000084800000, 0x0000000084800000| Untracked 
|  27|0x0000000084900000, 0x0000000084900000, 0x0000000084a00000|  0%| F|  |TAMS 0x0000000084900000, 0x0000000084900000| Untracked 
|  28|0x0000000084a00000, 0x0000000084a00000, 0x0000000084b00000|  0%| F|  |TAMS 0x0000000084a00000, 0x0000000084a00000| Untracked 
|  29|0x0000000084b00000, 0x0000000084b00000, 0x0000000084c00000|  0%| F|  |TAMS 0x0000000084b00000, 0x0000000084b00000| Untracked 
|  30|0x0000000084c00000, 0x0000000084c00000, 0x0000000084d00000|  0%| F|  |TAMS 0x0000000084c00000, 0x0000000084c00000| Untracked 
|  31|0x0000000084d00000, 0x0000000084d00000, 0x0000000084e00000|  0%| F|  |TAMS 0x0000000084d00000, 0x0000000084d00000| Untracked 
|  32|0x0000000084e00000, 0x0000000084e00000, 0x0000000084f00000|  0%| F|  |TAMS 0x0000000084e00000, 0x0000000084e00000| Untracked 
|  33|0x0000000084f00000, 0x0000000084f00000, 0x0000000085000000|  0%| F|  |TAMS 0x0000000084f00000, 0x0000000084f00000| Untracked 
|  34|0x0000000085000000, 0x0000000085000000, 0x0000000085100000|  0%| F|  |TAMS 0x0000000085000000, 0x0000000085000000| Untracked 
|  35|0x0000000085100000, 0x0000000085100000, 0x0000000085200000|  0%| F|  |TAMS 0x0000000085100000, 0x0000000085100000| Untracked 
|  36|0x0000000085200000, 0x0000000085200000, 0x0000000085300000|  0%| F|  |TAMS 0x0000000085200000, 0x0000000085200000| Untracked 
|  37|0x0000000085300000, 0x0000000085300000, 0x0000000085400000|  0%| F|  |TAMS 0x0000000085300000, 0x0000000085300000| Untracked 
|  38|0x0000000085400000, 0x0000000085400000, 0x0000000085500000|  0%| F|  |TAMS 0x0000000085400000, 0x0000000085400000| Untracked 
|  39|0x0000000085500000, 0x0000000085500000, 0x0000000085600000|  0%| F|  |TAMS 0x0000000085500000, 0x0000000085500000| Untracked 
|  40|0x0000000085600000, 0x0000000085600000, 0x0000000085700000|  0%| F|  |TAMS 0x0000000085600000, 0x0000000085600000| Untracked 
|  41|0x0000000085700000, 0x0000000085700000, 0x0000000085800000|  0%| F|  |TAMS 0x0000000085700000, 0x0000000085700000| Untracked 
|  42|0x0000000085800000, 0x0000000085800000, 0x0000000085900000|  0%| F|  |TAMS 0x0000000085800000, 0x0000000085800000| Untracked 
|  43|0x0000000085900000, 0x0000000085900000, 0x0000000085a00000|  0%| F|  |TAMS 0x0000000085900000, 0x0000000085900000| Untracked 
|  44|0x0000000085a00000, 0x0000000085a00000, 0x0000000085b00000|  0%| F|  |TAMS 0x0000000085a00000, 0x0000000085a00000| Untracked 
|  45|0x0000000085b00000, 0x0000000085b00000, 0x0000000085c00000|  0%| F|  |TAMS 0x0000000085b00000, 0x0000000085b00000| Untracked 
|  46|0x0000000085c00000, 0x0000000085c00000, 0x0000000085d00000|  0%| F|  |TAMS 0x0000000085c00000, 0x0000000085c00000| Untracked 
|  47|0x0000000085d00000, 0x0000000085d00000, 0x0000000085e00000|  0%| F|  |TAMS 0x0000000085d00000, 0x0000000085d00000| Untracked 
|  48|0x0000000085e00000, 0x0000000085e00000, 0x0000000085f00000|  0%| F|  |TAMS 0x0000000085e00000, 0x0000000085e00000| Untracked 
|  49|0x0000000085f00000, 0x0000000085f00000, 0x0000000086000000|  0%| F|  |TAMS 0x0000000085f00000, 0x0000000085f00000| Untracked 
|  50|0x0000000086000000, 0x0000000086000000, 0x0000000086100000|  0%| F|  |TAMS 0x0000000086000000, 0x0000000086000000| Untracked 
|  51|0x0000000086100000, 0x0000000086100000, 0x0000000086200000|  0%| F|  |TAMS 0x0000000086100000, 0x0000000086100000| Untracked 
|  52|0x0000000086200000, 0x0000000086200000, 0x0000000086300000|  0%| F|  |TAMS 0x0000000086200000, 0x0000000086200000| Untracked 
|  53|0x0000000086300000, 0x0000000086380800, 0x0000000086400000| 50%| E|  |TAMS 0x0000000086300000, 0x0000000086300000| Complete 
|  54|0x0000000086400000, 0x0000000086500000, 0x0000000086500000|100%| E|CS|TAMS 0x0000000086400000, 0x0000000086400000| Complete 
|  55|0x0000000086500000, 0x0000000086600000, 0x0000000086600000|100%| E|CS|TAMS 0x0000000086500000, 0x0000000086500000| Complete 
|  56|0x0000000086600000, 0x0000000086700000, 0x0000000086700000|100%| E|CS|TAMS 0x0000000086600000, 0x0000000086600000| Complete 
|  57|0x0000000086700000, 0x0000000086800000, 0x0000000086800000|100%| E|CS|TAMS 0x0000000086700000, 0x0000000086700000| Complete 
|  58|0x0000000086800000, 0x0000000086900000, 0x0000000086900000|100%| E|CS|TAMS 0x0000000086800000, 0x0000000086800000| Complete 
|  59|0x0000000086900000, 0x0000000086a00000, 0x0000000086a00000|100%| E|CS|TAMS 0x0000000086900000, 0x0000000086900000| Complete 
|  60|0x0000000086a00000, 0x0000000086b00000, 0x0000000086b00000|100%| E|CS|TAMS 0x0000000086a00000, 0x0000000086a00000| Complete 
|  61|0x0000000086b00000, 0x0000000086c00000, 0x0000000086c00000|100%| E|CS|TAMS 0x0000000086b00000, 0x0000000086b00000| Complete 
|  62|0x0000000086c00000, 0x0000000086d00000, 0x0000000086d00000|100%| E|CS|TAMS 0x0000000086c00000, 0x0000000086c00000| Complete 
|  63|0x0000000086d00000, 0x0000000086e00000, 0x0000000086e00000|100%| E|CS|TAMS 0x0000000086d00000, 0x0000000086d00000| Complete 
|  64|0x0000000086e00000, 0x0000000086f00000, 0x0000000086f00000|100%| E|CS|TAMS 0x0000000086e00000, 0x0000000086e00000| Complete 
|  65|0x0000000086f00000, 0x0000000087000000, 0x0000000087000000|100%| E|CS|TAMS 0x0000000086f00000, 0x0000000086f00000| Complete 
|  66|0x0000000087000000, 0x0000000087100000, 0x0000000087100000|100%| E|CS|TAMS 0x0000000087000000, 0x0000000087000000| Complete 
|  67|0x0000000087100000, 0x0000000087200000, 0x0000000087200000|100%| E|CS|TAMS 0x0000000087100000, 0x0000000087100000| Complete 
|  68|0x0000000087200000, 0x0000000087300000, 0x0000000087300000|100%| E|CS|TAMS 0x0000000087200000, 0x0000000087200000| Complete 
|  69|0x0000000087300000, 0x0000000087400000, 0x0000000087400000|100%| E|CS|TAMS 0x0000000087300000, 0x0000000087300000| Complete 
|  70|0x0000000087400000, 0x0000000087500000, 0x0000000087500000|100%| E|CS|TAMS 0x0000000087400000, 0x0000000087400000| Complete 
|  71|0x0000000087500000, 0x0000000087600000, 0x0000000087600000|100%| E|CS|TAMS 0x0000000087500000, 0x0000000087500000| Complete 
|  72|0x0000000087600000, 0x0000000087700000, 0x0000000087700000|100%| E|CS|TAMS 0x0000000087600000, 0x0000000087600000| Complete 
|  73|0x0000000087700000, 0x0000000087800000, 0x0000000087800000|100%| E|CS|TAMS 0x0000000087700000, 0x0000000087700000| Complete 
|  74|0x0000000087800000, 0x0000000087900000, 0x0000000087900000|100%| E|CS|TAMS 0x0000000087800000, 0x0000000087800000| Complete 
|  75|0x0000000087900000, 0x0000000087a00000, 0x0000000087a00000|100%| E|CS|TAMS 0x0000000087900000, 0x0000000087900000| Complete 
|  76|0x0000000087a00000, 0x0000000087b00000, 0x0000000087b00000|100%| E|CS|TAMS 0x0000000087a00000, 0x0000000087a00000| Complete 
|  77|0x0000000087b00000, 0x0000000087c00000, 0x0000000087c00000|100%| E|CS|TAMS 0x0000000087b00000, 0x0000000087b00000| Complete 
|  78|0x0000000087c00000, 0x0000000087d00000, 0x0000000087d00000|100%| E|CS|TAMS 0x0000000087c00000, 0x0000000087c00000| Complete 
|  79|0x0000000087d00000, 0x0000000087e00000, 0x0000000087e00000|100%| E|CS|TAMS 0x0000000087d00000, 0x0000000087d00000| Complete 
|  80|0x0000000087e00000, 0x0000000087f00000, 0x0000000087f00000|100%| E|CS|TAMS 0x0000000087e00000, 0x0000000087e00000| Complete 
|  81|0x0000000087f00000, 0x0000000088000000, 0x0000000088000000|100%| E|CS|TAMS 0x0000000087f00000, 0x0000000087f00000| Complete 
|  82|0x0000000088000000, 0x0000000088100000, 0x0000000088100000|100%| E|CS|TAMS 0x0000000088000000, 0x0000000088000000| Complete 
|  83|0x0000000088100000, 0x0000000088200000, 0x0000000088200000|100%| E|CS|TAMS 0x0000000088100000, 0x0000000088100000| Complete 
|  84|0x0000000088200000, 0x0000000088300000, 0x0000000088300000|100%| E|CS|TAMS 0x0000000088200000, 0x0000000088200000| Complete 
|  85|0x0000000088300000, 0x0000000088400000, 0x0000000088400000|100%| E|CS|TAMS 0x0000000088300000, 0x0000000088300000| Complete 
|  86|0x0000000088400000, 0x0000000088500000, 0x0000000088500000|100%| E|CS|TAMS 0x0000000088400000, 0x0000000088400000| Complete 
|  87|0x0000000088500000, 0x0000000088600000, 0x0000000088600000|100%| E|CS|TAMS 0x0000000088500000, 0x0000000088500000| Complete 
|  88|0x0000000088600000, 0x0000000088700000, 0x0000000088700000|100%| E|CS|TAMS 0x0000000088600000, 0x0000000088600000| Complete 
|  89|0x0000000088700000, 0x0000000088800000, 0x0000000088800000|100%| E|CS|TAMS 0x0000000088700000, 0x0000000088700000| Complete 
|  90|0x0000000088800000, 0x0000000088900000, 0x0000000088900000|100%| E|CS|TAMS 0x0000000088800000, 0x0000000088800000| Complete 
|  91|0x0000000088900000, 0x0000000088a00000, 0x0000000088a00000|100%| E|CS|TAMS 0x0000000088900000, 0x0000000088900000| Complete 
|  92|0x0000000088a00000, 0x0000000088b00000, 0x0000000088b00000|100%| E|CS|TAMS 0x0000000088a00000, 0x0000000088a00000| Complete 
|  93|0x0000000088b00000, 0x0000000088c00000, 0x0000000088c00000|100%| E|CS|TAMS 0x0000000088b00000, 0x0000000088b00000| Complete 
|  94|0x0000000088c00000, 0x0000000088d00000, 0x0000000088d00000|100%| E|CS|TAMS 0x0000000088c00000, 0x0000000088c00000| Complete 
|  95|0x0000000088d00000, 0x0000000088e00000, 0x0000000088e00000|100%| E|CS|TAMS 0x0000000088d00000, 0x0000000088d00000| Complete 
|  96|0x0000000088e00000, 0x0000000088f00000, 0x0000000088f00000|100%| E|CS|TAMS 0x0000000088e00000, 0x0000000088e00000| Complete 
|  97|0x0000000088f00000, 0x0000000089000000, 0x0000000089000000|100%| E|CS|TAMS 0x0000000088f00000, 0x0000000088f00000| Complete 
|  98|0x0000000089000000, 0x0000000089100000, 0x0000000089100000|100%| E|CS|TAMS 0x0000000089000000, 0x0000000089000000| Complete 
|  99|0x0000000089100000, 0x0000000089200000, 0x0000000089200000|100%| S|CS|TAMS 0x0000000089100000, 0x0000000089100000| Complete 
| 100|0x0000000089200000, 0x0000000089300000, 0x0000000089300000|100%| S|CS|TAMS 0x0000000089200000, 0x0000000089200000| Complete 
| 101|0x0000000089300000, 0x0000000089400000, 0x0000000089400000|100%| S|CS|TAMS 0x0000000089300000, 0x0000000089300000| Complete 
| 102|0x0000000089400000, 0x0000000089500000, 0x0000000089500000|100%| E|CS|TAMS 0x0000000089400000, 0x0000000089400000| Complete 
| 103|0x0000000089500000, 0x0000000089600000, 0x0000000089600000|100%| E|CS|TAMS 0x0000000089500000, 0x0000000089500000| Complete 
| 104|0x0000000089600000, 0x0000000089700000, 0x0000000089700000|100%| E|CS|TAMS 0x0000000089600000, 0x0000000089600000| Complete 
| 105|0x0000000089700000, 0x0000000089800000, 0x0000000089800000|100%| E|CS|TAMS 0x0000000089700000, 0x0000000089700000| Complete 
| 106|0x0000000089800000, 0x0000000089900000, 0x0000000089900000|100%| E|CS|TAMS 0x0000000089800000, 0x0000000089800000| Complete 
| 107|0x0000000089900000, 0x0000000089a00000, 0x0000000089a00000|100%| E|CS|TAMS 0x0000000089900000, 0x0000000089900000| Complete 
| 108|0x0000000089a00000, 0x0000000089b00000, 0x0000000089b00000|100%| E|CS|TAMS 0x0000000089a00000, 0x0000000089a00000| Complete 
| 109|0x0000000089b00000, 0x0000000089c00000, 0x0000000089c00000|100%| E|CS|TAMS 0x0000000089b00000, 0x0000000089b00000| Complete 
| 110|0x0000000089c00000, 0x0000000089d00000, 0x0000000089d00000|100%| E|CS|TAMS 0x0000000089c00000, 0x0000000089c00000| Complete 
| 111|0x0000000089d00000, 0x0000000089e00000, 0x0000000089e00000|100%| E|CS|TAMS 0x0000000089d00000, 0x0000000089d00000| Complete 
| 112|0x0000000089e00000, 0x0000000089f00000, 0x0000000089f00000|100%| E|CS|TAMS 0x0000000089e00000, 0x0000000089e00000| Complete 
| 113|0x0000000089f00000, 0x000000008a000000, 0x000000008a000000|100%| E|CS|TAMS 0x0000000089f00000, 0x0000000089f00000| Complete 
| 114|0x000000008a000000, 0x000000008a100000, 0x000000008a100000|100%| E|CS|TAMS 0x000000008a000000, 0x000000008a000000| Complete 
| 115|0x000000008a100000, 0x000000008a200000, 0x000000008a200000|100%| E|CS|TAMS 0x000000008a100000, 0x000000008a100000| Complete 
| 116|0x000000008a200000, 0x000000008a300000, 0x000000008a300000|100%| E|CS|TAMS 0x000000008a200000, 0x000000008a200000| Complete 
| 117|0x000000008a300000, 0x000000008a400000, 0x000000008a400000|100%| E|CS|TAMS 0x000000008a300000, 0x000000008a300000| Complete 
| 118|0x000000008a400000, 0x000000008a500000, 0x000000008a500000|100%| E|CS|TAMS 0x000000008a400000, 0x000000008a400000| Complete 
| 119|0x000000008a500000, 0x000000008a600000, 0x000000008a600000|100%| E|CS|TAMS 0x000000008a500000, 0x000000008a500000| Complete 
| 120|0x000000008a600000, 0x000000008a700000, 0x000000008a700000|100%| E|CS|TAMS 0x000000008a600000, 0x000000008a600000| Complete 
| 121|0x000000008a700000, 0x000000008a800000, 0x000000008a800000|100%| E|CS|TAMS 0x000000008a700000, 0x000000008a700000| Complete 
| 122|0x000000008a800000, 0x000000008a900000, 0x000000008a900000|100%| E|CS|TAMS 0x000000008a800000, 0x000000008a800000| Complete 
| 123|0x000000008a900000, 0x000000008aa00000, 0x000000008aa00000|100%| E|CS|TAMS 0x000000008a900000, 0x000000008a900000| Complete 
| 124|0x000000008aa00000, 0x000000008ab00000, 0x000000008ab00000|100%| E|CS|TAMS 0x000000008aa00000, 0x000000008aa00000| Complete 
| 125|0x000000008ab00000, 0x000000008ac00000, 0x000000008ac00000|100%| E|CS|TAMS 0x000000008ab00000, 0x000000008ab00000| Complete 

Card table byte_map: [0x00000219d0f00000,0x00000219d12f0000] _byte_map_base: 0x00000219d0ae9000

Marking Bits (Prev, Next): (CMBitMap*) 0x00000219bd958518, (CMBitMap*) 0x00000219bd958550
 Prev Bits: [0x00000219d16e0000, 0x00000219d3628000)
 Next Bits: [0x00000219d3630000, 0x00000219d5578000)

Polling page: 0x00000219bb670000

Metaspace:

Usage:
  Non-class:     17.08 MB capacity,    16.57 MB ( 97%) used,   429.20 KB (  2%) free+waste,    92.88 KB ( <1%) overhead. 
      Class:      2.90 MB capacity,     2.52 MB ( 87%) used,   343.02 KB ( 12%) free+waste,    48.44 KB (  2%) overhead. 
       Both:     19.98 MB capacity,    19.09 MB ( 96%) used,   772.22 KB (  4%) free+waste,   141.31 KB ( <1%) overhead. 

Virtual space:
  Non-class space:       18.00 MB reserved,      17.25 MB ( 96%) committed 
      Class space:        1.00 GB reserved,       3.00 MB ( <1%) committed 
             Both:        1.02 GB reserved,      20.25 MB (  2%) committed 

Chunk freelists:
   Non-Class:  48.00 KB
       Class:  7.00 KB
        Both:  55.00 KB

MaxMetaspaceSize: 17179869184.00 GB
CompressedClassSpaceSize: 1.00 GB

CodeHeap 'non-profiled nmethods': size=120000Kb used=1554Kb max_used=1554Kb free=118445Kb
 bounds [0x00000219c92b0000, 0x00000219c9520000, 0x00000219d07e0000]
CodeHeap 'profiled nmethods': size=120000Kb used=7108Kb max_used=7108Kb free=112891Kb
 bounds [0x00000219c1d80000, 0x00000219c2480000, 0x00000219c92b0000]
CodeHeap 'non-nmethods': size=5760Kb used=1386Kb max_used=1401Kb free=4373Kb
 bounds [0x00000219c17e0000, 0x00000219c1a50000, 0x00000219c1d80000]
 total_blobs=5360 nmethods=3442 adapters=734
 compilation: enabled
              stopped_count=0, restarted_count=0
 full_count=0

Compilation events (20 events):
Event: 7.790 Thread 0x00000219d7fb6000 nmethod 3430 0x00000219c2455810 code [0x00000219c24559c0, 0x00000219c2455bb0]
Event: 7.790 Thread 0x00000219d7fb6000 3431       3       javafx.scene.Group::minHeight (6 bytes)
Event: 7.790 Thread 0x00000219d7fb6000 nmethod 3431 0x00000219c2455c90 code [0x00000219c2455e40, 0x00000219c2456090]
Event: 7.797 Thread 0x00000219d7fb6000 3432       3       com.sun.javafx.tk.quantum.QuantumToolkit::endPulseRunning (29 bytes)
Event: 7.798 Thread 0x00000219d7fb6000 nmethod 3432 0x00000219c2456190 code [0x00000219c2456380, 0x00000219c24566a0]
Event: 7.804 Thread 0x00000219d7fb6000 3433   !   3       com.sun.javafx.tk.quantum.QuantumToolkit::pulse (152 bytes)
Event: 7.804 Thread 0x00000219d7fb6000 nmethod 3433 0x00000219c2456810 code [0x00000219c2456a40, 0x00000219c2457170]
Event: 7.804 Thread 0x00000219d7fb6000 3434       3       com.sun.scenario.animation.AbstractMasterTimer$MainLoop::run (61 bytes)
Event: 7.805 Thread 0x00000219d7fb6000 nmethod 3434 0x00000219c2457490 code [0x00000219c24576a0, 0x00000219c2457ca0]
Event: 7.805 Thread 0x00000219d7fb6000 3435       3       com.sun.javafx.tk.quantum.MasterTimer::recordStart (8 bytes)
Event: 7.805 Thread 0x00000219d7fb6000 nmethod 3435 0x00000219c2457e90 code [0x00000219c2458080, 0x00000219c2458500]
Event: 7.805 Thread 0x00000219d7fb6000 3436       3       com.sun.scenario.animation.AnimationPulse::recordStart (27 bytes)
Event: 7.805 Thread 0x00000219d7fb6000 nmethod 3436 0x00000219c2458690 code [0x00000219c2458860, 0x00000219c2458ba0]
Event: 7.805 Thread 0x00000219d7fb6000 3437       3       com.sun.javafx.tk.quantum.MasterTimer::recordEnd (7 bytes)
Event: 7.805 Thread 0x00000219d7fb6000 nmethod 3437 0x00000219c2458c90 code [0x00000219c2458e60, 0x00000219c24590f0]
Event: 7.805 Thread 0x00000219d7fb6000 3438       3       com.sun.scenario.animation.AnimationPulse::recordEnd (81 bytes)
Event: 7.805 Thread 0x00000219d7fb6000 nmethod 3438 0x00000219c2459210 code [0x00000219c24594c0, 0x00000219c245a020]
Event: 7.814 Thread 0x00000219d7fb6000 3439       3       com.sun.javafx.tk.quantum.QuantumToolkit::shouldWaitForRenderingToComplete (12 bytes)
Event: 7.814 Thread 0x00000219d7fb6000 nmethod 3439 0x00000219c245a410 code [0x00000219c245a5c0, 0x00000219c245a758]
Event: 7.814 Thread 0x00000219d7fb6000 3440   !   3       com.sun.javafx.tk.quantum.PresentingPainter::run (675 bytes)

GC Heap History (2 events):
Event: 0.523 GC heap before
{Heap before GC invocations=0 (full 0):
 garbage-first heap   total 129024K, used 23552K [0x0000000082e00000, 0x0000000100000000)
  region size 1024K, 24 young (24576K), 0 survivors (0K)
 Metaspace       used 8094K, capacity 9464K, committed 9728K, reserved 1058816K
  class space    used 971K, capacity 1209K, committed 1280K, reserved 1048576K
}
Event: 0.528 GC heap after
{Heap after GC invocations=1 (full 0):
 garbage-first heap   total 129024K, used 3451K [0x0000000082e00000, 0x0000000100000000)
  region size 1024K, 3 young (3072K), 3 survivors (3072K)
 Metaspace       used 8094K, capacity 9464K, committed 9728K, reserved 1058816K
  class space    used 971K, capacity 1209K, committed 1280K, reserved 1048576K
}

Deoptimization events (20 events):
Event: 6.528 Thread 0x00000219d8e5e800 Uncommon trap: trap_request=0xffffff4d fr.pc=0x00000219c93f7110 relative=0x0000000000001450
Event: 6.528 Thread 0x00000219d8e5e800 Uncommon trap: reason=unstable_if action=reinterpret pc=0x00000219c93f7110 method=com.sun.javafx.geom.transform.AffineBase.updateState2D()V @ 42 c2
Event: 6.528 Thread 0x00000219d8e5e800 DEOPT PACKING pc=0x00000219c93f7110 sp=0x000000a8643fec90
Event: 6.529 Thread 0x00000219d8e5e800 DEOPT UNPACKING pc=0x00000219c180922f sp=0x000000a8643fe9a0 mode 2
Event: 6.533 Thread 0x00000219d8e5e800 Uncommon trap: trap_request=0xffffff4d fr.pc=0x00000219c93a2ba0 relative=0x00000000000000e0
Event: 6.533 Thread 0x00000219d8e5e800 Uncommon trap: reason=unstable_if action=reinterpret pc=0x00000219c93a2ba0 method=com.sun.prism.impl.BaseContext.flushMask()V @ 11 c2
Event: 6.533 Thread 0x00000219d8e5e800 DEOPT PACKING pc=0x00000219c93a2ba0 sp=0x000000a8643ff120
Event: 6.533 Thread 0x00000219d8e5e800 DEOPT UNPACKING pc=0x00000219c180922f sp=0x000000a8643fef98 mode 2
Event: 6.965 Thread 0x00000219d8e5e800 Uncommon trap: trap_request=0xffffffbe fr.pc=0x00000219c9405714 relative=0x00000000000004f4
Event: 6.965 Thread 0x00000219d8e5e800 Uncommon trap: reason=profile_predicate action=maybe_recompile pc=0x00000219c9405714 method=com.sun.javafx.sg.prism.NGNode.markCullRegions(Lcom/sun/javafx/geom/DirtyRegionContainer;ILcom/sun/javafx/geom/transform/BaseTransform;Lcom/sun/javafx/geom/transfo
Event: 6.965 Thread 0x00000219d8e5e800 DEOPT PACKING pc=0x00000219c9405714 sp=0x000000a8643fea10
Event: 6.965 Thread 0x00000219d8e5e800 DEOPT UNPACKING pc=0x00000219c180922f sp=0x000000a8643fe980 mode 2
Event: 7.304 Thread 0x00000219e0530800 Uncommon trap: trap_request=0xffffff4d fr.pc=0x00000219c937c1dc relative=0x00000000000000bc
Event: 7.304 Thread 0x00000219e0530800 Uncommon trap: reason=unstable_if action=reinterpret pc=0x00000219c937c1dc method=java.util.ArrayList$Itr.checkForComodification()V @ 11 c2
Event: 7.304 Thread 0x00000219e0530800 DEOPT PACKING pc=0x00000219c937c1dc sp=0x000000a8652ff400
Event: 7.304 Thread 0x00000219e0530800 DEOPT UNPACKING pc=0x00000219c180922f sp=0x000000a8652ff338 mode 2
Event: 7.465 Thread 0x00000219d8e5e800 Uncommon trap: trap_request=0xffffffbe fr.pc=0x00000219c9405714 relative=0x00000000000004f4
Event: 7.465 Thread 0x00000219d8e5e800 Uncommon trap: reason=profile_predicate action=maybe_recompile pc=0x00000219c9405714 method=com.sun.javafx.sg.prism.NGNode.markCullRegions(Lcom/sun/javafx/geom/DirtyRegionContainer;ILcom/sun/javafx/geom/transform/BaseTransform;Lcom/sun/javafx/geom/transfo
Event: 7.465 Thread 0x00000219d8e5e800 DEOPT PACKING pc=0x00000219c9405714 sp=0x000000a8643fe9f0
Event: 7.465 Thread 0x00000219d8e5e800 DEOPT UNPACKING pc=0x00000219c180922f sp=0x000000a8643fe960 mode 2

Classes redefined (0 events):
No events

Internal exceptions (20 events):
Event: 0.932 Thread 0x00000219d8f55000 Implicit null exception at 0x00000219c932c025 to 0x00000219c932c41e
Event: 0.932 Thread 0x00000219d8f55000 Implicit null exception at 0x00000219c92fbf88 to 0x00000219c92fc01a
Event: 1.067 Thread 0x00000219d8f55000 Exception <a 'java/lang/NoSuchMethodError'{0x0000000088ab0d10}: 'java.lang.Object java.lang.invoke.DirectMethodHandle$Holder.invokeInterface(java.lang.Object, java.lang.Object, java.lang.Object)'> (0x0000000088ab0d10) thrown at [c:/BuildAgent/work/5ff2f6c
Event: 1.068 Thread 0x00000219d8f55000 Exception <a 'java/lang/IncompatibleClassChangeError'{0x0000000088ab3ec8}: Found class java.lang.Object, but interface was expected> (0x0000000088ab3ec8) thrown at [c:/BuildAgent/work/5ff2f6c26000d570/src/hotspot/share/interpreter/linkResolver.cpp, line 8
Event: 1.106 Thread 0x00000219d8f55000 Exception <a 'java/lang/NoSuchMethodError'{0x00000000888837e0}: 'long java.lang.invoke.DirectMethodHandle$Holder.invokeStaticInit(java.lang.Object, java.lang.Object, java.lang.Object)'> (0x00000000888837e0) thrown at [c:/BuildAgent/work/5ff2f6c26000d570/s
Event: 1.109 Thread 0x00000219d8f55000 Exception <a 'java/lang/NoSuchMethodError'{0x000000008889be28}: 'java.lang.Object java.lang.invoke.DirectMethodHandle$Holder.invokeStatic(java.lang.Object, java.lang.Object, long)'> (0x000000008889be28) thrown at [c:/BuildAgent/work/5ff2f6c26000d570/src/h
Event: 1.109 Thread 0x00000219d8f55000 Exception <a 'java/lang/NoSuchMethodError'{0x00000000888a1fa0}: 'java.lang.Object java.lang.invoke.Invokers$Holder.linkToTargetMethod(java.lang.Object, long, java.lang.Object)'> (0x00000000888a1fa0) thrown at [c:/BuildAgent/work/5ff2f6c26000d570/src/hotsp
Event: 1.123 Thread 0x00000219d8f55000 Exception <a 'java/lang/NoSuchMethodError'{0x0000000088728998}: 'void java.lang.invoke.DirectMethodHandle$Holder.invokeSpecial(java.lang.Object, java.lang.Object, double)'> (0x0000000088728998) thrown at [c:/BuildAgent/work/5ff2f6c26000d570/src/hotspot/sh
Event: 1.123 Thread 0x00000219d8f55000 Exception <a 'java/lang/NoSuchMethodError'{0x000000008872e790}: 'java.lang.Object java.lang.invoke.DirectMethodHandle$Holder.invokeStatic(java.lang.Object, java.lang.Object, double)'> (0x000000008872e790) thrown at [c:/BuildAgent/work/5ff2f6c26000d570/src
Event: 1.125 Thread 0x00000219d8e5e800 Exception <a 'java/lang/NoSuchMethodError'{0x000000008879ee60}: 'int java.lang.invoke.DirectMethodHandle$Holder.invokeStaticInit(java.lang.Object, java.lang.Object)'> (0x000000008879ee60) thrown at [c:/BuildAgent/work/5ff2f6c26000d570/src/hotspot/share/in
Event: 1.171 Thread 0x00000219d8e5e800 Exception <a 'java/lang/NoSuchMethodError'{0x00000000886c8560}: 'java.lang.Object java.lang.invoke.DirectMethodHandle$Holder.invokeStaticInit(java.lang.Object, int)'> (0x00000000886c8560) thrown at [c:/BuildAgent/work/5ff2f6c26000d570/src/hotspot/share/in
Event: 6.355 Thread 0x00000219d8f55000 Exception <a 'java/io/FileNotFoundException'{0x000000008728a518}> (0x000000008728a518) thrown at [c:/BuildAgent/work/5ff2f6c26000d570/src/hotspot/share/prims/jni.cpp, line 615]
Event: 6.360 Thread 0x00000219d8f55000 Exception <a 'java/io/FileNotFoundException'{0x000000008729c2f0}> (0x000000008729c2f0) thrown at [c:/BuildAgent/work/5ff2f6c26000d570/src/hotspot/share/prims/jni.cpp, line 615]
Event: 6.363 Thread 0x00000219d8f55000 Implicit null exception at 0x00000219c93c0a95 to 0x00000219c93c0ad6
Event: 6.370 Thread 0x00000219d8f55000 Implicit null exception at 0x00000219c9407860 to 0x00000219c94078b2
Event: 6.386 Thread 0x00000219d8f55000 Exception <a 'java/lang/ClassNotFoundException'{0x0000000086da2190}: com/sun/javafx/scene/control/skin/resources/controls> (0x0000000086da2190) thrown at [c:/BuildAgent/work/5ff2f6c26000d570/src/hotspot/share/prims/jni.cpp, line 636]
Event: 6.387 Thread 0x00000219d8f55000 Exception <a 'java/lang/ClassNotFoundException'{0x0000000086db3198}: com/sun/javafx/scene/control/skin/resources/controls_en> (0x0000000086db3198) thrown at [c:/BuildAgent/work/5ff2f6c26000d570/src/hotspot/share/prims/jni.cpp, line 636]
Event: 6.387 Thread 0x00000219d8f55000 Exception <a 'java/lang/ClassNotFoundException'{0x0000000086db4718}: com/sun/javafx/scene/control/skin/resources/controls_en_US> (0x0000000086db4718) thrown at [c:/BuildAgent/work/5ff2f6c26000d570/src/hotspot/share/prims/jni.cpp, line 636]
Event: 6.407 Thread 0x00000219d8f55000 Implicit null exception at 0x00000219c9403182 to 0x00000219c9403f2e
Event: 6.408 Thread 0x00000219d8f55000 Exception <a 'java/lang/NoSuchMethodError'{0x0000000086b0a2c8}: 'void java.lang.invoke.DirectMethodHandle$Holder.invokeSpecial(java.lang.Object, java.lang.Object, java.lang.Object, java.lang.Object, java.lang.Object, java.lang.Object)'> (0x0000000086b0a2c

Events (20 events):
Event: 6.525 loading class com/sun/prism/PixelSource
Event: 6.525 loading class com/sun/prism/PixelSource done
Event: 6.526 loading class com/sun/javafx/tk/quantum/SceneState
Event: 6.526 loading class com/sun/javafx/tk/quantum/SceneState done
Event: 6.526 Executing VM operation: RevokeBias
Event: 6.526 Executing VM operation: RevokeBias done
Event: 6.528 Executing VM operation: RevokeBias
Event: 6.528 Executing VM operation: RevokeBias done
Event: 6.531 loading class com/sun/prism/impl/ps/CachingShapeRepState$CacheEntry
Event: 6.531 loading class com/sun/prism/impl/ps/CachingShapeRepState$CacheEntry done
Event: 6.531 loading class com/sun/prism/impl/ps/CachingShapeRepState$CacheEntry
Event: 6.531 loading class com/sun/prism/impl/ps/CachingShapeRepState$CacheEntry done
Event: 6.815 Thread 0x00000219d94df000 Thread exited: 0x00000219d94df000
Event: 7.303 Thread 0x00000219e0532000 Thread added: 0x00000219e0532000
Event: 7.303 Thread 0x00000219e0532000 Thread exited: 0x00000219e0532000
Event: 7.304 Executing VM operation: RevokeBias
Event: 7.304 Executing VM operation: RevokeBias done
Event: 7.304 Executing VM operation: RevokeBias
Event: 7.304 Executing VM operation: RevokeBias done
Event: 7.304 Thread 0x00000219e0530800 Thread exited: 0x00000219e0530800


Dynamic libraries:
0x00007ff7258e0000 - 0x00007ff7258ea000 	C:\Program Files\JetBrains\IntelliJ IDEA Community Edition 2019.3.1\jbr\bin\java.exe
0x00007ffe05260000 - 0x00007ffe05450000 	C:\WINDOWS\SYSTEM32\ntdll.dll
0x00007ffe05030000 - 0x00007ffe050e2000 	C:\WINDOWS\System32\KERNEL32.DLL
0x00007ffe024c0000 - 0x00007ffe02765000 	C:\WINDOWS\System32\KERNELBASE.dll
0x00007ffe02800000 - 0x00007ffe028fa000 	C:\WINDOWS\System32\ucrtbase.dll
0x00007ffdf6c90000 - 0x00007ffdf6ca7000 	C:\Program Files\JetBrains\IntelliJ IDEA Community Edition 2019.3.1\jbr\bin\VCRUNTIME140.dll
0x00007ffdf79e0000 - 0x00007ffdf79f9000 	C:\Program Files\JetBrains\IntelliJ IDEA Community Edition 2019.3.1\jbr\bin\jli.dll
0x00007ffe03800000 - 0x00007ffe03994000 	C:\WINDOWS\System32\USER32.dll
0x00007ffe03230000 - 0x00007ffe03251000 	C:\WINDOWS\System32\win32u.dll
0x00007ffdf2c00000 - 0x00007ffdf2e84000 	C:\WINDOWS\WinSxS\amd64_microsoft.windows.common-controls_6595b64144ccf1df_6.0.18362.1256_none_9e7e379be45e40e2\COMCTL32.dll
0x00007ffe03d20000 - 0x00007ffe03d46000 	C:\WINDOWS\System32\GDI32.dll
0x00007ffe03760000 - 0x00007ffe037fe000 	C:\WINDOWS\System32\msvcrt.dll
0x00007ffe02900000 - 0x00007ffe02a96000 	C:\WINDOWS\System32\gdi32full.dll
0x00007ffe041c0000 - 0x00007ffe044f6000 	C:\WINDOWS\System32\combase.dll
0x00007ffe02420000 - 0x00007ffe024be000 	C:\WINDOWS\System32\msvcp_win.dll
0x00007ffe04520000 - 0x00007ffe04640000 	C:\WINDOWS\System32\RPCRT4.dll
0x00007ffe021d0000 - 0x00007ffe02251000 	C:\WINDOWS\System32\bcryptPrimitives.dll
0x00007ffe03450000 - 0x00007ffe0347e000 	C:\WINDOWS\System32\IMM32.DLL
0x00007ffdd6ea0000 - 0x00007ffdd6f3d000 	C:\Program Files\JetBrains\IntelliJ IDEA Community Edition 2019.3.1\jbr\bin\msvcp140.dll
0x00007ffdbcd70000 - 0x00007ffdbd82b000 	C:\Program Files\JetBrains\IntelliJ IDEA Community Edition 2019.3.1\jbr\bin\server\jvm.dll
0x00007ffe03550000 - 0x00007ffe035f3000 	C:\WINDOWS\System32\ADVAPI32.dll
0x00007ffe04de0000 - 0x00007ffe04e77000 	C:\WINDOWS\System32\sechost.dll
0x00007ffe03310000 - 0x00007ffe03318000 	C:\WINDOWS\System32\PSAPI.DLL
0x00007ffde8fa0000 - 0x00007ffde8fa9000 	C:\WINDOWS\SYSTEM32\WSOCK32.dll
0x00007ffe04fc0000 - 0x00007ffe0502f000 	C:\WINDOWS\System32\WS2_32.dll
0x00007ffdf9390000 - 0x00007ffdf939a000 	C:\WINDOWS\SYSTEM32\VERSION.dll
0x00007ffdf3920000 - 0x00007ffdf3944000 	C:\WINDOWS\SYSTEM32\WINMM.dll
0x00007ffdf3040000 - 0x00007ffdf306d000 	C:\WINDOWS\SYSTEM32\winmmbase.dll
0x00007ffe023d0000 - 0x00007ffe0241a000 	C:\WINDOWS\System32\cfgmgr32.dll
0x00007ffe02160000 - 0x00007ffe02171000 	C:\WINDOWS\System32\kernel.appcore.dll
0x00007ffdfaab0000 - 0x00007ffdfaac1000 	C:\Program Files\JetBrains\IntelliJ IDEA Community Edition 2019.3.1\jbr\bin\verify.dll
0x00007ffe00a00000 - 0x00007ffe00bf4000 	C:\WINDOWS\SYSTEM32\DBGHELP.DLL
0x00007ffdf8dd0000 - 0x00007ffdf8dfa000 	C:\WINDOWS\SYSTEM32\dbgcore.DLL
0x00007ffdfa6f0000 - 0x00007ffdfa719000 	C:\Program Files\JetBrains\IntelliJ IDEA Community Edition 2019.3.1\jbr\bin\java.dll
0x00007ffdfaa80000 - 0x00007ffdfaa8f000 	C:\Program Files\JetBrains\IntelliJ IDEA Community Edition 2019.3.1\jbr\bin\instrument.dll
0x00007ffdfaa90000 - 0x00007ffdfaaa7000 	C:\Program Files\JetBrains\IntelliJ IDEA Community Edition 2019.3.1\jbr\bin\zip.dll
0x00007ffdfe8a0000 - 0x00007ffdfe8ab000 	C:\Program Files\JetBrains\IntelliJ IDEA Community Edition 2019.3.1\jbr\bin\jimage.dll
0x00007ffe046f0000 - 0x00007ffe04dd7000 	C:\WINDOWS\System32\SHELL32.dll
0x00007ffe050f0000 - 0x00007ffe05199000 	C:\WINDOWS\System32\shcore.dll
0x00007ffe02aa0000 - 0x00007ffe03221000 	C:\WINDOWS\System32\windows.storage.dll
0x00007ffe02130000 - 0x00007ffe02153000 	C:\WINDOWS\System32\profapi.dll
0x00007ffe02180000 - 0x00007ffe021ca000 	C:\WINDOWS\System32\powrprof.dll
0x00007ffe02100000 - 0x00007ffe02110000 	C:\WINDOWS\System32\UMPDC.dll
0x00007ffe033f0000 - 0x00007ffe03442000 	C:\WINDOWS\System32\shlwapi.dll
0x00007ffe023b0000 - 0x00007ffe023c7000 	C:\WINDOWS\System32\cryptsp.dll
0x00007ffdfa450000 - 0x00007ffdfa46a000 	C:\Program Files\JetBrains\IntelliJ IDEA Community Edition 2019.3.1\jbr\bin\net.dll
0x00007ffdf5cf0000 - 0x00007ffdf5de0000 	C:\WINDOWS\SYSTEM32\WINHTTP.dll
0x00007ffe01950000 - 0x00007ffe019b7000 	C:\WINDOWS\system32\mswsock.dll
0x00007ffdf9190000 - 0x00007ffdf91a4000 	C:\Program Files\JetBrains\IntelliJ IDEA Community Edition 2019.3.1\jbr\bin\nio.dll
0x00007ffde0090000 - 0x00007ffde00aa000 	C:\Program Files\JetBrains\IntelliJ IDEA Community Edition 2019.3.1\bin\breakgen64.dll
0x00000219bb920000 - 0x00000219bb923000 	C:\Program Files\JetBrains\IntelliJ IDEA Community Edition 2019.3.1\jbr\bin\api-ms-win-core-console-l1-1-0.dll
0x00000219bb930000 - 0x00000219bb933000 	C:\Program Files\JetBrains\IntelliJ IDEA Community Edition 2019.3.1\jbr\bin\api-ms-win-core-datetime-l1-1-0.dll
0x00000219bd820000 - 0x00000219bd823000 	C:\Program Files\JetBrains\IntelliJ IDEA Community Edition 2019.3.1\jbr\bin\api-ms-win-core-debug-l1-1-0.dll
0x00000219bd830000 - 0x00000219bd833000 	C:\Program Files\JetBrains\IntelliJ IDEA Community Edition 2019.3.1\jbr\bin\api-ms-win-core-errorhandling-l1-1-0.dll
0x00000219bd840000 - 0x00000219bd844000 	C:\Program Files\JetBrains\IntelliJ IDEA Community Edition 2019.3.1\jbr\bin\api-ms-win-core-file-l1-1-0.dll
0x00000219bd850000 - 0x00000219bd853000 	C:\Program Files\JetBrains\IntelliJ IDEA Community Edition 2019.3.1\jbr\bin\api-ms-win-core-file-l1-2-0.dll
0x00000219bd860000 - 0x00000219bd863000 	C:\Program Files\JetBrains\IntelliJ IDEA Community Edition 2019.3.1\jbr\bin\api-ms-win-core-file-l2-1-0.dll
0x00000219bd870000 - 0x00000219bd873000 	C:\Program Files\JetBrains\IntelliJ IDEA Community Edition 2019.3.1\jbr\bin\api-ms-win-core-handle-l1-1-0.dll
0x00000219bd880000 - 0x00000219bd883000 	C:\Program Files\JetBrains\IntelliJ IDEA Community Edition 2019.3.1\jbr\bin\api-ms-win-core-heap-l1-1-0.dll
0x00000219bd890000 - 0x00000219bd893000 	C:\Program Files\JetBrains\IntelliJ IDEA Community Edition 2019.3.1\jbr\bin\api-ms-win-core-interlocked-l1-1-0.dll
0x00000219bd8a0000 - 0x00000219bd8a3000 	C:\Program Files\JetBrains\IntelliJ IDEA Community Edition 2019.3.1\jbr\bin\api-ms-win-core-libraryloader-l1-1-0.dll
0x00000219bd8b0000 - 0x00000219bd8b3000 	C:\Program Files\JetBrains\IntelliJ IDEA Community Edition 2019.3.1\jbr\bin\api-ms-win-core-localization-l1-2-0.dll
0x00000219bd8c0000 - 0x00000219bd8c3000 	C:\Program Files\JetBrains\IntelliJ IDEA Community Edition 2019.3.1\jbr\bin\api-ms-win-core-memory-l1-1-0.dll
0x00000219bd8d0000 - 0x00000219bd8d3000 	C:\Program Files\JetBrains\IntelliJ IDEA Community Edition 2019.3.1\jbr\bin\api-ms-win-core-namedpipe-l1-1-0.dll
0x00000219bd8e0000 - 0x00000219bd8e3000 	C:\Program Files\JetBrains\IntelliJ IDEA Community Edition 2019.3.1\jbr\bin\api-ms-win-core-processenvironment-l1-1-0.dll
0x00000219d9500000 - 0x00000219d9503000 	C:\Program Files\JetBrains\IntelliJ IDEA Community Edition 2019.3.1\jbr\bin\api-ms-win-core-processthreads-l1-1-0.dll
0x00000219d9510000 - 0x00000219d9513000 	C:\Program Files\JetBrains\IntelliJ IDEA Community Edition 2019.3.1\jbr\bin\api-ms-win-core-processthreads-l1-1-1.dll
0x00000219d9520000 - 0x00000219d9523000 	C:\Program Files\JetBrains\IntelliJ IDEA Community Edition 2019.3.1\jbr\bin\api-ms-win-core-profile-l1-1-0.dll
0x00000219d9530000 - 0x00000219d9533000 	C:\Program Files\JetBrains\IntelliJ IDEA Community Edition 2019.3.1\jbr\bin\api-ms-win-core-rtlsupport-l1-1-0.dll
0x00000219d9540000 - 0x00000219d9543000 	C:\Program Files\JetBrains\IntelliJ IDEA Community Edition 2019.3.1\jbr\bin\api-ms-win-core-string-l1-1-0.dll
0x00000219d9550000 - 0x00000219d9553000 	C:\Program Files\JetBrains\IntelliJ IDEA Community Edition 2019.3.1\jbr\bin\api-ms-win-core-synch-l1-1-0.dll
0x00000219d9560000 - 0x00000219d9563000 	C:\Program Files\JetBrains\IntelliJ IDEA Community Edition 2019.3.1\jbr\bin\api-ms-win-core-synch-l1-2-0.dll
0x00000219d9570000 - 0x00000219d9573000 	C:\Program Files\JetBrains\IntelliJ IDEA Community Edition 2019.3.1\jbr\bin\api-ms-win-core-sysinfo-l1-1-0.dll
0x00000219d9580000 - 0x00000219d9583000 	C:\Program Files\JetBrains\IntelliJ IDEA Community Edition 2019.3.1\jbr\bin\api-ms-win-core-timezone-l1-1-0.dll
0x00000219d9590000 - 0x00000219d9593000 	C:\Program Files\JetBrains\IntelliJ IDEA Community Edition 2019.3.1\jbr\bin\api-ms-win-core-util-l1-1-0.dll
0x00000219d95a0000 - 0x00000219d95a3000 	C:\Program Files\JetBrains\IntelliJ IDEA Community Edition 2019.3.1\jbr\bin\api-ms-win-crt-conio-l1-1-0.dll
0x00000219d95b0000 - 0x00000219d95b4000 	C:\Program Files\JetBrains\IntelliJ IDEA Community Edition 2019.3.1\jbr\bin\api-ms-win-crt-convert-l1-1-0.dll
0x00000219d95c0000 - 0x00000219d95c3000 	C:\Program Files\JetBrains\IntelliJ IDEA Community Edition 2019.3.1\jbr\bin\api-ms-win-crt-environment-l1-1-0.dll
0x00000219d95d0000 - 0x00000219d95d3000 	C:\Program Files\JetBrains\IntelliJ IDEA Community Edition 2019.3.1\jbr\bin\api-ms-win-crt-filesystem-l1-1-0.dll
0x00000219d95e0000 - 0x00000219d95e3000 	C:\Program Files\JetBrains\IntelliJ IDEA Community Edition 2019.3.1\jbr\bin\api-ms-win-crt-heap-l1-1-0.dll
0x00000219d95f0000 - 0x00000219d95f3000 	C:\Program Files\JetBrains\IntelliJ IDEA Community Edition 2019.3.1\jbr\bin\api-ms-win-crt-locale-l1-1-0.dll
0x00000219d9600000 - 0x00000219d9605000 	C:\Program Files\JetBrains\IntelliJ IDEA Community Edition 2019.3.1\jbr\bin\api-ms-win-crt-math-l1-1-0.dll
0x00000219d9610000 - 0x00000219d9615000 	C:\Program Files\JetBrains\IntelliJ IDEA Community Edition 2019.3.1\jbr\bin\api-ms-win-crt-multibyte-l1-1-0.dll
0x00000219d9620000 - 0x00000219d9630000 	C:\Program Files\JetBrains\IntelliJ IDEA Community Edition 2019.3.1\jbr\bin\api-ms-win-crt-private-l1-1-0.dll
0x00000219d9630000 - 0x00000219d9633000 	C:\Program Files\JetBrains\IntelliJ IDEA Community Edition 2019.3.1\jbr\bin\api-ms-win-crt-process-l1-1-0.dll
0x00000219d9640000 - 0x00000219d9644000 	C:\Program Files\JetBrains\IntelliJ IDEA Community Edition 2019.3.1\jbr\bin\api-ms-win-crt-runtime-l1-1-0.dll
0x00000219d9650000 - 0x00000219d9654000 	C:\Program Files\JetBrains\IntelliJ IDEA Community Edition 2019.3.1\jbr\bin\api-ms-win-crt-stdio-l1-1-0.dll
0x00000219d9660000 - 0x00000219d9664000 	C:\Program Files\JetBrains\IntelliJ IDEA Community Edition 2019.3.1\jbr\bin\api-ms-win-crt-string-l1-1-0.dll
0x00000219d9670000 - 0x00000219d9673000 	C:\Program Files\JetBrains\IntelliJ IDEA Community Edition 2019.3.1\jbr\bin\api-ms-win-crt-time-l1-1-0.dll
0x00000219d9680000 - 0x00000219d9683000 	C:\Program Files\JetBrains\IntelliJ IDEA Community Edition 2019.3.1\jbr\bin\api-ms-win-crt-utility-l1-1-0.dll
0x00007ffdd7440000 - 0x00007ffdd753a000 	C:\Program Files\JetBrains\IntelliJ IDEA Community Edition 2019.3.1\jbr\bin\ucrtbase.dll
0x00007ffddce90000 - 0x00007ffddcee1000 	C:\Windows\System32\concrt140.dll
0x00007ffddd820000 - 0x00007ffddd843000 	C:\Program Files\JetBrains\IntelliJ IDEA Community Edition 2019.3.1\jbr\bin\prism_d3d.dll
0x00007ffdc52d0000 - 0x00007ffdc5497000 	C:\WINDOWS\system32\d3d9.dll
0x00007ffe004d0000 - 0x00007ffe004fd000 	C:\WINDOWS\SYSTEM32\dwmapi.dll
0x00007ffe00db0000 - 0x00007ffe00dd0000 	C:\WINDOWS\SYSTEM32\dxcore.dll
0x00007ffe000a0000 - 0x00007ffe00139000 	C:\WINDOWS\system32\uxtheme.dll
0x00007ffdc5160000 - 0x00007ffdc52c4000 	C:\WINDOWS\System32\DriverStore\FileRepository\iigd_dch.inf_amd64_440392e76b44e849\igdumdim64.dll
0x00007ffd9afa0000 - 0x00007ffd9ef7a000 	C:\WINDOWS\System32\DriverStore\FileRepository\iigd_dch.inf_amd64_440392e76b44e849\igd9dxva64.dll
0x00007ffe03600000 - 0x00007ffe03757000 	C:\WINDOWS\System32\ole32.dll
0x00007ffe03480000 - 0x00007ffe03545000 	C:\WINDOWS\System32\OLEAUT32.dll
0x00007ffde8cf0000 - 0x00007ffde8e94000 	C:\WINDOWS\System32\DriverStore\FileRepository\iigd_dch.inf_amd64_440392e76b44e849\igdgmm64.dll
0x00007ffddcdb0000 - 0x00007ffddcdf5000 	C:\Program Files\JetBrains\IntelliJ IDEA Community Edition 2019.3.1\jbr\bin\glass.dll
0x00007ffe03320000 - 0x00007ffe033f0000 	C:\WINDOWS\System32\COMDLG32.dll
0x00007ffe03bd0000 - 0x00007ffe03d05000 	C:\WINDOWS\System32\MSCTF.dll
0x00007ffdf6e10000 - 0x00007ffdf6e36000 	C:\WINDOWS\System32\DriverStore\FileRepository\iigd_dch.inf_amd64_440392e76b44e849\igdinfo64.dll
0x00007ffde58b0000 - 0x00007ffde7d4b000 	C:\WINDOWS\System32\DriverStore\FileRepository\iigd_dch.inf_amd64_440392e76b44e849\igc64.dll
0x00007ffdcb840000 - 0x00007ffdcb8d0000 	C:\Program Files\JetBrains\IntelliJ IDEA Community Edition 2019.3.1\jbr\bin\glib-lite.dll
0x00007ffdc4c20000 - 0x00007ffdc4cd7000 	C:\Program Files\JetBrains\IntelliJ IDEA Community Edition 2019.3.1\jbr\bin\gstreamer-lite.dll
0x00007ffdc5d80000 - 0x00007ffdc5e19000 	C:\WINDOWS\SYSTEM32\DSOUND.dll
0x00007ffddd7f0000 - 0x00007ffddd816000 	C:\Program Files\JetBrains\IntelliJ IDEA Community Edition 2019.3.1\jbr\bin\jfxmedia.dll
0x00007ffde5770000 - 0x00007ffde5784000 	C:\Program Files\JetBrains\IntelliJ IDEA Community Edition 2019.3.1\jbr\bin\javafx_font.dll
0x00007ffdcbe10000 - 0x00007ffdcbfb1000 	C:\Program Files\JetBrains\IntelliJ IDEA Community Edition 2019.3.1\jbr\bin\awt.dll
0x00007ffdfeb00000 - 0x00007ffdff0c0000 	C:\WINDOWS\SYSTEM32\d2d1.dll
0x00007ffdfffb0000 - 0x00007ffe0003f000 	C:\WINDOWS\SYSTEM32\apphelp.dll
0x00007ffdd7e10000 - 0x00007ffdd7e95000 	C:\Program Files\JetBrains\IntelliJ IDEA Community Edition 2019.3.1\jbr\bin\freetype.dll
0x00007ffdd7bd0000 - 0x00007ffdd7c78000 	C:\Program Files\JetBrains\IntelliJ IDEA Community Edition 2019.3.1\jbr\bin\fontmanager.dll
0x00007ffe04640000 - 0x00007ffe046e2000 	C:\WINDOWS\System32\clbcatq.dll
0x00007ffdfe780000 - 0x00007ffdfe870000 	C:\WINDOWS\system32\propsys.dll
0x00007ffddd6b0000 - 0x00007ffddd6d2000 	C:\Program Files\JetBrains\IntelliJ IDEA Community Edition 2019.3.1\jbr\bin\fxplugins.dll
0x00007ffdf8e60000 - 0x00007ffdf8ed2000 	C:\WINDOWS\System32\MMDevApi.dll
0x00007ffe01ef0000 - 0x00007ffe01f1a000 	C:\WINDOWS\System32\DEVOBJ.dll
0x00007ffdf91d0000 - 0x00007ffdf932d000 	C:\WINDOWS\SYSTEM32\AUDIOSES.DLL
0x00007ffdfa740000 - 0x00007ffdfa893000 	C:\WINDOWS\SYSTEM32\wintypes.dll
0x00007ffe01b20000 - 0x00007ffe01b2c000 	C:\WINDOWS\SYSTEM32\CRYPTBASE.DLL
0x00007ffdd7410000 - 0x00007ffdd743a000 	C:\Windows\System32\qasf.dll
0x00007ffdf8f10000 - 0x00007ffdf8f1b000 	C:\Windows\System32\msdmo.dll
0x00007ffdc4500000 - 0x00007ffdc4752000 	C:\Windows\System32\WMVCore.DLL

dbghelp: loaded successfully - version: 4.0.5 - missing functions: none
symbol engine: initialized successfully - sym options: 0x614 - pdb path: .;C:\Program Files\JetBrains\IntelliJ IDEA Community Edition 2019.3.1\jbr\bin;C:\WINDOWS\SYSTEM32;C:\WINDOWS\WinSxS\amd64_microsoft.windows.common-controls_6595b64144ccf1df_6.0.18362.1256_none_9e7e379be45e40e2;C:\Program Files\JetBrains\IntelliJ IDEA Community Edition 2019.3.1\jbr\bin\server;C:\Program Files\JetBrains\IntelliJ IDEA Community Edition 2019.3.1\bin;C:\WINDOWS\System32\DriverStore\FileRepository\iigd_dch.inf_amd64_440392e76b44e849;C:\Program Files\Common Files\Microsoft Shared\Ink

VM Arguments:
jvm_args: --module-path=C:\Users\user\Downloads\javafx-sdk-15.0.1\lib --add-modules=javafx.controls,javafx.fxml -javaagent:C:\Program Files\JetBrains\IntelliJ IDEA Community Edition 2019.3.1\lib\idea_rt.jar=58053:C:\Program Files\JetBrains\IntelliJ IDEA Community Edition 2019.3.1\bin -Dfile.encoding=UTF-8 
java_command: sample.Main
java_class_path (initial): C:\Users\aksha\IdeaProjects\AP_Project_1\out\production\AP_project
Launcher Type: SUN_STANDARD

[Global flags]
     intx CICompilerCount                          = 4                                         {product} {ergonomic}
     uint ConcGCThreads                            = 2                                         {product} {ergonomic}
     uint G1ConcRefinementThreads                  = 8                                         {product} {ergonomic}
   size_t G1HeapRegionSize                         = 1048576                                   {product} {ergonomic}
    uintx GCDrainStackTargetSize                   = 64                                        {product} {ergonomic}
   size_t InitialHeapSize                          = 132120576                                 {product} {ergonomic}
   size_t MarkStackSize                            = 4194304                                   {product} {ergonomic}
   size_t MaxHeapSize                              = 2099249152                                {product} {ergonomic}
   size_t MaxNewSize                               = 1259339776                                {product} {ergonomic}
   size_t MinHeapDeltaBytes                        = 1048576                                   {product} {ergonomic}
    uintx NonNMethodCodeHeapSize                   = 5836300                                {pd product} {ergonomic}
    uintx NonProfiledCodeHeapSize                  = 122910970                              {pd product} {ergonomic}
    uintx ProfiledCodeHeapSize                     = 122910970                              {pd product} {ergonomic}
    uintx ReservedCodeCacheSize                    = 251658240                              {pd product} {ergonomic}
     bool SegmentedCodeCache                       = true                                      {product} {ergonomic}
     bool UseCompressedClassPointers               = true                                 {lp64_product} {ergonomic}
     bool UseCompressedOops                        = true                                 {lp64_product} {ergonomic}
     bool UseG1GC                                  = true                                      {product} {ergonomic}
     bool UseLargePagesIndividualAllocation        = false                                  {pd product} {ergonomic}

Logging:
Log output configuration:
 #0: stdout all=warning uptime,level,tags
 #1: stderr all=off uptime,level,tags

Environment Variables:
PATH=C:\WINDOWS\system32;C:\WINDOWS;C:\WINDOWS\System32\Wbem;C:\WINDOWS\System32\WindowsPowerShell\v1.0\;C:\WINDOWS\System32\OpenSSH\;C:\Users\aksha\Scripts;C:\Program Files\Java\jdk-13\bin;C:\Program Files\MATLAB\R2020a\bin;C:\Program Files (x86)\mingw-w64\i686-8.1.0-posix-dwarf-rt_v6-rev0\mingw32\bin;C:\Program Files (x86)\AOMEI Backupper;C:\Program Files\Git\cmd;C:\Users\aksha\Scripts\;C:\Users\aksha\;C:\Users\aksha\AppData\Local\Microsoft\WindowsApps;;C:\Program Files\JetBrains\PyCharm Community Edition 2019.2.3\bin;
USERNAME=aksha
OS=Windows_NT
PROCESSOR_IDENTIFIER=Intel64 Family 6 Model 142 Stepping 12, GenuineIntel



---------------  S Y S T E M  ---------------

OS: Windows 10 , 64 bit Build 18362 (10.0.18362.1110)

CPU:total 8 (initial active 8) (4 cores per cpu, 2 threads per core) family 6 model 142 stepping 12, cmov, cx8, fxsr, mmx, sse, sse2, sse3, ssse3, sse4.1, sse4.2, popcnt, avx, avx2, aes, clmul, erms, 3dnowpref, lzcnt, ht, tsc, tscinvbit, bmi1, bmi2, adx, fma

Memory: 4k page, system-wide physical 8005M (1102M free)
TotalPageFile size 10005M (AvailPageFile size 5M)
current process WorkingSet (physical memory assigned to process): 266M, peak: 266M
current process commit charge ("private bytes"): 343M, peak: 344M

vm_info: OpenJDK 64-Bit Server VM (11.0.5+10-b520.17) for windows-amd64 JRE (11.0.5+10-b520.17), built on Dec  2 2019 12:11:34 by "" with MS VC++ 14.0 (VS2015)

END.
