#
# There is insufficient memory for the Java Runtime Environment to continue.
# Native memory allocation (malloc) failed to allocate 1198416 bytes for Chunk::new
# Possible reasons:
#   The system is out of physical RAM or swap space
#   The process is running with CompressedOops enabled, and the Java Heap may be blocking the growth of the native heap
# Possible solutions:
#   Reduce memory load on the system
#   Increase physical memory or swap space
#   Check if swap backing store is full
#   Decrease Java heap size (-Xmx/-Xms)
#   Decrease number of Java threads
#   Decrease Java thread stack sizes (-Xss)
#   Set larger code cache with -XX:ReservedCodeCacheSize=
#   JVM is running with Unscaled Compressed Oops mode in which the Java heap is
#     placed in the first 4GB address space. The Java Heap base address is the
#     maximum limit for the native heap growth. Please use -XX:HeapBaseMinAddress
#     to set the Java Heap base and to place the Java Heap above 4GB virtual address.
# This output file may be truncated or incomplete.
#
#  Out of Memory Error (c:/BuildAgent/work/5ff2f6c26000d570/src/hotspot/share/memory/arena.cpp:197), pid=19052, tid=11364
#
# JRE version: OpenJDK Runtime Environment (11.0.5+10) (build 11.0.5+10-b520.17)
# Java VM: OpenJDK 64-Bit Server VM (11.0.5+10-b520.17, mixed mode, sharing, tiered, compressed oops, g1 gc, windows-amd64)
# No core dump will be written. Minidumps are not enabled by default on client versions of Windows
#

---------------  S U M M A R Y ------------

Command Line: --module-path=C:\Users\user\Downloads\javafx-sdk-15.0.1\lib --add-modules=javafx.controls,javafx.fxml -javaagent:C:\Program Files\JetBrains\IntelliJ IDEA Community Edition 2019.3.1\lib\idea_rt.jar=53693:C:\Program Files\JetBrains\IntelliJ IDEA Community Edition 2019.3.1\bin -Dfile.encoding=UTF-8 sample.Main

Host: Intel(R) Core(TM) i5-8265U CPU @ 1.60GHz, 8 cores, 7G,  Windows 10 , 64 bit Build 18362 (10.0.18362.1110)
Time: Sun Dec 13 18:50:45 2020 India Standard Time elapsed time: 5 seconds (0d 0h 0m 5s)

---------------  T H R E A D  ---------------

Current thread (0x00000224ef8f4800):  JavaThread "C2 CompilerThread2" daemon [_thread_in_native, id=11364, stack(0x000000ec12500000,0x000000ec12600000)]


Current CompileTask:
C2:   5834 3246 %     4       com.sun.javafx.geom.AreaOp::pruneEdges @ 96 (981 bytes)

Stack: [0x000000ec12500000,0x000000ec12600000]
Native frames: (J=compiled Java code, j=interpreted, Vv=VM code, C=native code)
V  [jvm.dll+0x5dcafa]
V  [jvm.dll+0x70e375]
V  [jvm.dll+0x70f898]
V  [jvm.dll+0x70ff63]
V  [jvm.dll+0x23e238]
V  [jvm.dll+0xb8a9c]
V  [jvm.dll+0xb8fac]
V  [jvm.dll+0x34fc9d]
V  [jvm.dll+0x31d9d3]
V  [jvm.dll+0x31cf6a]
V  [jvm.dll+0x1f78c2]
V  [jvm.dll+0x1f6a94]
V  [jvm.dll+0x17f6fc]
V  [jvm.dll+0x204f77]
V  [jvm.dll+0x2037f1]
V  [jvm.dll+0x6d835f]
V  [jvm.dll+0x6d114d]
V  [jvm.dll+0x5dbdd6]
C  [ucrtbase.dll+0x210b2]
C  [KERNEL32.DLL+0x17c24]
C  [ntdll.dll+0x6d4d1]


---------------  P R O C E S S  ---------------

Threads class SMR info:
_java_thread_list=0x00000224ef901590, length=21, elements={
0x00000224ccdc8800, 0x00000224e745c800, 0x00000224e745e800, 0x00000224e7473800,
0x00000224e7475800, 0x00000224e7477800, 0x00000224e747e000, 0x00000224e74a3000,
0x00000224e743e000, 0x00000224e8009800, 0x00000224e7fad800, 0x00000224e82bf000,
0x00000224e82bb800, 0x00000224e82b9000, 0x00000224e82bc800, 0x00000224e82ba800,
0x00000224e82be000, 0x00000224e82bf800, 0x00000224e82bd000, 0x00000224e82ba000,
0x00000224ef8f4800
}

Java Threads: ( => current thread )
  0x00000224ccdc8800 JavaThread "main" [_thread_blocked, id=14288, stack(0x000000ec0ff00000,0x000000ec10000000)]
  0x00000224e745c800 JavaThread "Reference Handler" daemon [_thread_blocked, id=21068, stack(0x000000ec10600000,0x000000ec10700000)]
  0x00000224e745e800 JavaThread "Finalizer" daemon [_thread_blocked, id=11648, stack(0x000000ec10700000,0x000000ec10800000)]
  0x00000224e7473800 JavaThread "Signal Dispatcher" daemon [_thread_blocked, id=21048, stack(0x000000ec10800000,0x000000ec10900000)]
  0x00000224e7475800 JavaThread "Attach Listener" daemon [_thread_blocked, id=18268, stack(0x000000ec10900000,0x000000ec10a00000)]
  0x00000224e7477800 JavaThread "C2 CompilerThread0" daemon [_thread_in_native, id=10800, stack(0x000000ec10a00000,0x000000ec10b00000)]
  0x00000224e747e000 JavaThread "C1 CompilerThread0" daemon [_thread_blocked, id=18672, stack(0x000000ec10b00000,0x000000ec10c00000)]
  0x00000224e74a3000 JavaThread "Sweeper thread" daemon [_thread_blocked, id=22340, stack(0x000000ec10c00000,0x000000ec10d00000)]
  0x00000224e743e000 JavaThread "Common-Cleaner" daemon [_thread_blocked, id=13552, stack(0x000000ec10d00000,0x000000ec10e00000)]
  0x00000224e8009800 JavaThread "Monitor Ctrl-Break" daemon [_thread_in_native, id=2104, stack(0x000000ec10e00000,0x000000ec10f00000)]
  0x00000224e7fad800 JavaThread "Service Thread" daemon [_thread_blocked, id=15264, stack(0x000000ec10f00000,0x000000ec11000000)]
  0x00000224e82bf000 JavaThread "QuantumRenderer-0" daemon [_thread_in_native, id=16312, stack(0x000000ec11100000,0x000000ec11200000)]
  0x00000224e82bb800 JavaThread "InvokeLaterDispatcher" daemon [_thread_blocked, id=7648, stack(0x000000ec11300000,0x000000ec11400000)]
  0x00000224e82b9000 JavaThread "JavaFX Application Thread" [_thread_blocked, id=17132, stack(0x000000ec11400000,0x000000ec11500000)]
  0x00000224e82bc800 JavaThread "JavaFX-Launcher" [_thread_blocked, id=11168, stack(0x000000ec11900000,0x000000ec11a00000)]
  0x00000224e82ba800 JavaThread "Thread-2" daemon [_thread_in_native, id=20576, stack(0x000000ec11800000,0x000000ec11900000)]
  0x00000224e82be000 JavaThread "Java2D Disposer" daemon [_thread_blocked, id=9056, stack(0x000000ec11f00000,0x000000ec12000000)]
  0x00000224e82bf800 JavaThread "Prism Font Disposer" daemon [_thread_blocked, id=21312, stack(0x000000ec12400000,0x000000ec12500000)]
  0x00000224e82bd000 JavaThread "Cleaner-0" daemon [_thread_blocked, id=21084, stack(0x000000ec11200000,0x000000ec11300000)]
  0x00000224e82ba000 JavaThread "C2 CompilerThread1" daemon [_thread_blocked, id=16580, stack(0x000000ec12000000,0x000000ec12100000)]
=>0x00000224ef8f4800 JavaThread "C2 CompilerThread2" daemon [_thread_in_native, id=11364, stack(0x000000ec12500000,0x000000ec12600000)]

Other Threads:
  0x00000224e7458800 VMThread "VM Thread" [stack: 0x000000ec10500000,0x000000ec10600000] [id=19740]
  0x00000224e7fb3800 WatcherThread [stack: 0x000000ec11000000,0x000000ec11100000] [id=15632]
  0x00000224ccde2800 GCTaskThread "GC Thread#0" [stack: 0x000000ec10000000,0x000000ec10100000] [id=19764]
  0x00000224e86cb000 GCTaskThread "GC Thread#1" [stack: 0x000000ec11a00000,0x000000ec11b00000] [id=16128]
  0x00000224e8832000 GCTaskThread "GC Thread#2" [stack: 0x000000ec11b00000,0x000000ec11c00000] [id=21656]
  0x00000224e85bb800 GCTaskThread "GC Thread#3" [stack: 0x000000ec11c00000,0x000000ec11d00000] [id=15132]
  0x00000224ef63c000 GCTaskThread "GC Thread#4" [stack: 0x000000ec11d00000,0x000000ec11e00000] [id=9624]
  0x00000224e8579800 GCTaskThread "GC Thread#5" [stack: 0x000000ec11e00000,0x000000ec11f00000] [id=18708]
  0x00000224cce12000 ConcurrentGCThread "G1 Main Marker" [stack: 0x000000ec10100000,0x000000ec10200000] [id=16976]
  0x00000224cce15000 ConcurrentGCThread "G1 Conc#0" [stack: 0x000000ec10200000,0x000000ec10300000] [id=8980]
  0x00000224e72ea800 ConcurrentGCThread "G1 Refine#0" [stack: 0x000000ec10300000,0x000000ec10400000] [id=8588]
  0x00000224e72eb000 ConcurrentGCThread "G1 Young RemSet Sampling" [stack: 0x000000ec10400000,0x000000ec10500000] [id=21296]

Threads with active compile tasks:
C2 CompilerThread0   5862 3248       4       com.sun.prism.impl.shape.DMarlinPrismUtils::feedConsumer (555 bytes)
C2 CompilerThread2   5862 3246 %     4       com.sun.javafx.geom.AreaOp::pruneEdges @ 96 (981 bytes)

VM state:not at safepoint (normal execution)

VM Mutex/Monitor currently owned by a thread: None

Heap address: 0x0000000082e00000, size: 2002 MB, Compressed Oops mode: 32-bit
Narrow klass base: 0x0000000800000000, Narrow klass shift: 3
Compressed class space size: 1073741824 Address: 0x0000000840000000

Heap:
 garbage-first heap   total 129024K, used 74000K [0x0000000082e00000, 0x0000000100000000)
  region size 1024K, 58 young (59392K), 3 survivors (3072K)
 Metaspace       used 16766K, capacity 17467K, committed 17664K, reserved 1064960K
  class space    used 2129K, capacity 2448K, committed 2560K, reserved 1048576K
Heap Regions: E=young(eden), S=young(survivor), O=old, HS=humongous(starts), HC=humongous(continues), CS=collection set, F=free, A=archive, TAMS=top-at-mark-start (previous, next)
|   0|0x0000000082e00000, 0x0000000082e44000, 0x0000000082f00000| 26%| O|  |TAMS 0x0000000082e00000, 0x0000000082e00000| Untracked 
|   1|0x0000000082f00000, 0x0000000083000000, 0x0000000083000000|100%|HS|  |TAMS 0x0000000082f00000, 0x0000000082f00000| Complete 
|   2|0x0000000083000000, 0x0000000083100000, 0x0000000083100000|100%|HC|  |TAMS 0x0000000083000000, 0x0000000083000000| Complete 
|   3|0x0000000083100000, 0x0000000083200000, 0x0000000083200000|100%|HC|  |TAMS 0x0000000083100000, 0x0000000083100000| Complete 
|   4|0x0000000083200000, 0x0000000083300000, 0x0000000083300000|100%|HC|  |TAMS 0x0000000083200000, 0x0000000083200000| Complete 
|   5|0x0000000083300000, 0x0000000083400000, 0x0000000083400000|100%|HC|  |TAMS 0x0000000083300000, 0x0000000083300000| Complete 
|   6|0x0000000083400000, 0x0000000083500000, 0x0000000083500000|100%|HC|  |TAMS 0x0000000083400000, 0x0000000083400000| Complete 
|   7|0x0000000083500000, 0x0000000083600000, 0x0000000083600000|100%|HC|  |TAMS 0x0000000083500000, 0x0000000083500000| Complete 
|   8|0x0000000083600000, 0x0000000083700000, 0x0000000083700000|100%|HC|  |TAMS 0x0000000083600000, 0x0000000083600000| Complete 
|   9|0x0000000083700000, 0x0000000083800000, 0x0000000083800000|100%|HS|  |TAMS 0x0000000083700000, 0x0000000083700000| Complete 
|  10|0x0000000083800000, 0x0000000083900000, 0x0000000083900000|100%|HS|  |TAMS 0x0000000083800000, 0x0000000083800000| Complete 
|  11|0x0000000083900000, 0x0000000083a00000, 0x0000000083a00000|100%|HS|  |TAMS 0x0000000083900000, 0x0000000083900000| Complete 
|  12|0x0000000083a00000, 0x0000000083b00000, 0x0000000083b00000|100%|HS|  |TAMS 0x0000000083a00000, 0x0000000083a00000| Complete 
|  13|0x0000000083b00000, 0x0000000083c00000, 0x0000000083c00000|100%|HS|  |TAMS 0x0000000083b00000, 0x0000000083b00000| Complete 
|  14|0x0000000083c00000, 0x0000000083d00000, 0x0000000083d00000|100%|HS|  |TAMS 0x0000000083c00000, 0x0000000083c00000| Complete 
|  15|0x0000000083d00000, 0x0000000083e00000, 0x0000000083e00000|100%|HS|  |TAMS 0x0000000083d00000, 0x0000000083d00000| Complete 
|  16|0x0000000083e00000, 0x0000000083f00000, 0x0000000083f00000|100%|HC|  |TAMS 0x0000000083e00000, 0x0000000083e00000| Complete 
|  17|0x0000000083f00000, 0x0000000083f00000, 0x0000000084000000|  0%| F|  |TAMS 0x0000000083f00000, 0x0000000083f00000| Untracked 
|  18|0x0000000084000000, 0x0000000084000000, 0x0000000084100000|  0%| F|  |TAMS 0x0000000084000000, 0x0000000084000000| Untracked 
|  19|0x0000000084100000, 0x0000000084100000, 0x0000000084200000|  0%| F|  |TAMS 0x0000000084100000, 0x0000000084100000| Untracked 
|  20|0x0000000084200000, 0x0000000084200000, 0x0000000084300000|  0%| F|  |TAMS 0x0000000084200000, 0x0000000084200000| Untracked 
|  21|0x0000000084300000, 0x0000000084300000, 0x0000000084400000|  0%| F|  |TAMS 0x0000000084300000, 0x0000000084300000| Untracked 
|  22|0x0000000084400000, 0x0000000084400000, 0x0000000084500000|  0%| F|  |TAMS 0x0000000084400000, 0x0000000084400000| Untracked 
|  23|0x0000000084500000, 0x0000000084500000, 0x0000000084600000|  0%| F|  |TAMS 0x0000000084500000, 0x0000000084500000| Untracked 
|  24|0x0000000084600000, 0x0000000084600000, 0x0000000084700000|  0%| F|  |TAMS 0x0000000084600000, 0x0000000084600000| Untracked 
|  25|0x0000000084700000, 0x0000000084700000, 0x0000000084800000|  0%| F|  |TAMS 0x0000000084700000, 0x0000000084700000| Untracked 
|  26|0x0000000084800000, 0x0000000084800000, 0x0000000084900000|  0%| F|  |TAMS 0x0000000084800000, 0x0000000084800000| Untracked 
|  27|0x0000000084900000, 0x0000000084900000, 0x0000000084a00000|  0%| F|  |TAMS 0x0000000084900000, 0x0000000084900000| Untracked 
|  28|0x0000000084a00000, 0x0000000084a00000, 0x0000000084b00000|  0%| F|  |TAMS 0x0000000084a00000, 0x0000000084a00000| Untracked 
|  29|0x0000000084b00000, 0x0000000084b00000, 0x0000000084c00000|  0%| F|  |TAMS 0x0000000084b00000, 0x0000000084b00000| Untracked 
|  30|0x0000000084c00000, 0x0000000084c00000, 0x0000000084d00000|  0%| F|  |TAMS 0x0000000084c00000, 0x0000000084c00000| Untracked 
|  31|0x0000000084d00000, 0x0000000084d00000, 0x0000000084e00000|  0%| F|  |TAMS 0x0000000084d00000, 0x0000000084d00000| Untracked 
|  32|0x0000000084e00000, 0x0000000084e00000, 0x0000000084f00000|  0%| F|  |TAMS 0x0000000084e00000, 0x0000000084e00000| Untracked 
|  33|0x0000000084f00000, 0x0000000084f00000, 0x0000000085000000|  0%| F|  |TAMS 0x0000000084f00000, 0x0000000084f00000| Untracked 
|  34|0x0000000085000000, 0x0000000085000000, 0x0000000085100000|  0%| F|  |TAMS 0x0000000085000000, 0x0000000085000000| Untracked 
|  35|0x0000000085100000, 0x0000000085100000, 0x0000000085200000|  0%| F|  |TAMS 0x0000000085100000, 0x0000000085100000| Untracked 
|  36|0x0000000085200000, 0x0000000085200000, 0x0000000085300000|  0%| F|  |TAMS 0x0000000085200000, 0x0000000085200000| Untracked 
|  37|0x0000000085300000, 0x0000000085300000, 0x0000000085400000|  0%| F|  |TAMS 0x0000000085300000, 0x0000000085300000| Untracked 
|  38|0x0000000085400000, 0x0000000085400000, 0x0000000085500000|  0%| F|  |TAMS 0x0000000085400000, 0x0000000085400000| Untracked 
|  39|0x0000000085500000, 0x0000000085500000, 0x0000000085600000|  0%| F|  |TAMS 0x0000000085500000, 0x0000000085500000| Untracked 
|  40|0x0000000085600000, 0x0000000085600000, 0x0000000085700000|  0%| F|  |TAMS 0x0000000085600000, 0x0000000085600000| Untracked 
|  41|0x0000000085700000, 0x0000000085700000, 0x0000000085800000|  0%| F|  |TAMS 0x0000000085700000, 0x0000000085700000| Untracked 
|  42|0x0000000085800000, 0x0000000085800000, 0x0000000085900000|  0%| F|  |TAMS 0x0000000085800000, 0x0000000085800000| Untracked 
|  43|0x0000000085900000, 0x0000000085900000, 0x0000000085a00000|  0%| F|  |TAMS 0x0000000085900000, 0x0000000085900000| Untracked 
|  44|0x0000000085a00000, 0x0000000085a00000, 0x0000000085b00000|  0%| F|  |TAMS 0x0000000085a00000, 0x0000000085a00000| Untracked 
|  45|0x0000000085b00000, 0x0000000085b00000, 0x0000000085c00000|  0%| F|  |TAMS 0x0000000085b00000, 0x0000000085b00000| Untracked 
|  46|0x0000000085c00000, 0x0000000085c00000, 0x0000000085d00000|  0%| F|  |TAMS 0x0000000085c00000, 0x0000000085c00000| Untracked 
|  47|0x0000000085d00000, 0x0000000085d00000, 0x0000000085e00000|  0%| F|  |TAMS 0x0000000085d00000, 0x0000000085d00000| Untracked 
|  48|0x0000000085e00000, 0x0000000085e00000, 0x0000000085f00000|  0%| F|  |TAMS 0x0000000085e00000, 0x0000000085e00000| Untracked 
|  49|0x0000000085f00000, 0x0000000085f00000, 0x0000000086000000|  0%| F|  |TAMS 0x0000000085f00000, 0x0000000085f00000| Untracked 
|  50|0x0000000086000000, 0x0000000086000000, 0x0000000086100000|  0%| F|  |TAMS 0x0000000086000000, 0x0000000086000000| Untracked 
|  51|0x0000000086100000, 0x0000000086100000, 0x0000000086200000|  0%| F|  |TAMS 0x0000000086100000, 0x0000000086100000| Untracked 
|  52|0x0000000086200000, 0x0000000086200000, 0x0000000086300000|  0%| F|  |TAMS 0x0000000086200000, 0x0000000086200000| Untracked 
|  53|0x0000000086300000, 0x0000000086300000, 0x0000000086400000|  0%| F|  |TAMS 0x0000000086300000, 0x0000000086300000| Untracked 
|  54|0x0000000086400000, 0x0000000086400000, 0x0000000086500000|  0%| F|  |TAMS 0x0000000086400000, 0x0000000086400000| Untracked 
|  55|0x0000000086500000, 0x0000000086500000, 0x0000000086600000|  0%| F|  |TAMS 0x0000000086500000, 0x0000000086500000| Untracked 
|  56|0x0000000086600000, 0x0000000086600000, 0x0000000086700000|  0%| F|  |TAMS 0x0000000086600000, 0x0000000086600000| Untracked 
|  57|0x0000000086700000, 0x0000000086700000, 0x0000000086800000|  0%| F|  |TAMS 0x0000000086700000, 0x0000000086700000| Untracked 
|  58|0x0000000086800000, 0x0000000086800000, 0x0000000086900000|  0%| F|  |TAMS 0x0000000086800000, 0x0000000086800000| Untracked 
|  59|0x0000000086900000, 0x0000000086900000, 0x0000000086a00000|  0%| F|  |TAMS 0x0000000086900000, 0x0000000086900000| Untracked 
|  60|0x0000000086a00000, 0x0000000086a00000, 0x0000000086b00000|  0%| F|  |TAMS 0x0000000086a00000, 0x0000000086a00000| Untracked 
|  61|0x0000000086b00000, 0x0000000086b00000, 0x0000000086c00000|  0%| F|  |TAMS 0x0000000086b00000, 0x0000000086b00000| Untracked 
|  62|0x0000000086c00000, 0x0000000086c00000, 0x0000000086d00000|  0%| F|  |TAMS 0x0000000086c00000, 0x0000000086c00000| Untracked 
|  63|0x0000000086d00000, 0x0000000086d00000, 0x0000000086e00000|  0%| F|  |TAMS 0x0000000086d00000, 0x0000000086d00000| Untracked 
|  64|0x0000000086e00000, 0x0000000086e00000, 0x0000000086f00000|  0%| F|  |TAMS 0x0000000086e00000, 0x0000000086e00000| Untracked 
|  65|0x0000000086f00000, 0x0000000086f00000, 0x0000000087000000|  0%| F|  |TAMS 0x0000000086f00000, 0x0000000086f00000| Untracked 
|  66|0x0000000087000000, 0x0000000087000000, 0x0000000087100000|  0%| F|  |TAMS 0x0000000087000000, 0x0000000087000000| Untracked 
|  67|0x0000000087100000, 0x0000000087100000, 0x0000000087200000|  0%| F|  |TAMS 0x0000000087100000, 0x0000000087100000| Untracked 
|  68|0x0000000087200000, 0x0000000087300000, 0x0000000087300000|100%| E|  |TAMS 0x0000000087200000, 0x0000000087200000| Complete 
|  69|0x0000000087300000, 0x0000000087400000, 0x0000000087400000|100%| E|CS|TAMS 0x0000000087300000, 0x0000000087300000| Complete 
|  70|0x0000000087400000, 0x0000000087500000, 0x0000000087500000|100%| E|CS|TAMS 0x0000000087400000, 0x0000000087400000| Complete 
|  71|0x0000000087500000, 0x0000000087600000, 0x0000000087600000|100%| E|CS|TAMS 0x0000000087500000, 0x0000000087500000| Complete 
|  72|0x0000000087600000, 0x0000000087700000, 0x0000000087700000|100%| E|CS|TAMS 0x0000000087600000, 0x0000000087600000| Complete 
|  73|0x0000000087700000, 0x0000000087800000, 0x0000000087800000|100%| E|CS|TAMS 0x0000000087700000, 0x0000000087700000| Complete 
|  74|0x0000000087800000, 0x0000000087900000, 0x0000000087900000|100%| E|CS|TAMS 0x0000000087800000, 0x0000000087800000| Complete 
|  75|0x0000000087900000, 0x0000000087a00000, 0x0000000087a00000|100%| E|CS|TAMS 0x0000000087900000, 0x0000000087900000| Complete 
|  76|0x0000000087a00000, 0x0000000087b00000, 0x0000000087b00000|100%| E|CS|TAMS 0x0000000087a00000, 0x0000000087a00000| Complete 
|  77|0x0000000087b00000, 0x0000000087c00000, 0x0000000087c00000|100%| E|CS|TAMS 0x0000000087b00000, 0x0000000087b00000| Complete 
|  78|0x0000000087c00000, 0x0000000087d00000, 0x0000000087d00000|100%| E|CS|TAMS 0x0000000087c00000, 0x0000000087c00000| Complete 
|  79|0x0000000087d00000, 0x0000000087e00000, 0x0000000087e00000|100%| E|CS|TAMS 0x0000000087d00000, 0x0000000087d00000| Complete 
|  80|0x0000000087e00000, 0x0000000087f00000, 0x0000000087f00000|100%| E|CS|TAMS 0x0000000087e00000, 0x0000000087e00000| Complete 
|  81|0x0000000087f00000, 0x0000000088000000, 0x0000000088000000|100%| E|CS|TAMS 0x0000000087f00000, 0x0000000087f00000| Complete 
|  82|0x0000000088000000, 0x0000000088100000, 0x0000000088100000|100%| E|CS|TAMS 0x0000000088000000, 0x0000000088000000| Complete 
|  83|0x0000000088100000, 0x0000000088200000, 0x0000000088200000|100%| E|CS|TAMS 0x0000000088100000, 0x0000000088100000| Complete 
|  84|0x0000000088200000, 0x0000000088300000, 0x0000000088300000|100%| E|CS|TAMS 0x0000000088200000, 0x0000000088200000| Complete 
|  85|0x0000000088300000, 0x0000000088400000, 0x0000000088400000|100%| E|CS|TAMS 0x0000000088300000, 0x0000000088300000| Complete 
|  86|0x0000000088400000, 0x0000000088500000, 0x0000000088500000|100%| E|CS|TAMS 0x0000000088400000, 0x0000000088400000| Complete 
|  87|0x0000000088500000, 0x0000000088600000, 0x0000000088600000|100%| E|CS|TAMS 0x0000000088500000, 0x0000000088500000| Complete 
|  88|0x0000000088600000, 0x0000000088700000, 0x0000000088700000|100%| E|CS|TAMS 0x0000000088600000, 0x0000000088600000| Complete 
|  89|0x0000000088700000, 0x0000000088800000, 0x0000000088800000|100%| E|CS|TAMS 0x0000000088700000, 0x0000000088700000| Complete 
|  90|0x0000000088800000, 0x0000000088900000, 0x0000000088900000|100%| E|CS|TAMS 0x0000000088800000, 0x0000000088800000| Complete 
|  91|0x0000000088900000, 0x0000000088a00000, 0x0000000088a00000|100%| E|CS|TAMS 0x0000000088900000, 0x0000000088900000| Complete 
|  92|0x0000000088a00000, 0x0000000088b00000, 0x0000000088b00000|100%| E|CS|TAMS 0x0000000088a00000, 0x0000000088a00000| Complete 
|  93|0x0000000088b00000, 0x0000000088c00000, 0x0000000088c00000|100%| E|CS|TAMS 0x0000000088b00000, 0x0000000088b00000| Complete 
|  94|0x0000000088c00000, 0x0000000088d00000, 0x0000000088d00000|100%| E|CS|TAMS 0x0000000088c00000, 0x0000000088c00000| Complete 
|  95|0x0000000088d00000, 0x0000000088e00000, 0x0000000088e00000|100%| E|CS|TAMS 0x0000000088d00000, 0x0000000088d00000| Complete 
|  96|0x0000000088e00000, 0x0000000088f00000, 0x0000000088f00000|100%| E|CS|TAMS 0x0000000088e00000, 0x0000000088e00000| Complete 
|  97|0x0000000088f00000, 0x0000000089000000, 0x0000000089000000|100%| E|CS|TAMS 0x0000000088f00000, 0x0000000088f00000| Complete 
|  98|0x0000000089000000, 0x0000000089100000, 0x0000000089100000|100%| E|CS|TAMS 0x0000000089000000, 0x0000000089000000| Complete 
|  99|0x0000000089100000, 0x0000000089200000, 0x0000000089200000|100%| S|CS|TAMS 0x0000000089100000, 0x0000000089100000| Complete 
| 100|0x0000000089200000, 0x0000000089300000, 0x0000000089300000|100%| S|CS|TAMS 0x0000000089200000, 0x0000000089200000| Complete 
| 101|0x0000000089300000, 0x0000000089400000, 0x0000000089400000|100%| S|CS|TAMS 0x0000000089300000, 0x0000000089300000| Complete 
| 102|0x0000000089400000, 0x0000000089500000, 0x0000000089500000|100%| E|CS|TAMS 0x0000000089400000, 0x0000000089400000| Complete 
| 103|0x0000000089500000, 0x0000000089600000, 0x0000000089600000|100%| E|CS|TAMS 0x0000000089500000, 0x0000000089500000| Complete 
| 104|0x0000000089600000, 0x0000000089700000, 0x0000000089700000|100%| E|CS|TAMS 0x0000000089600000, 0x0000000089600000| Complete 
| 105|0x0000000089700000, 0x0000000089800000, 0x0000000089800000|100%| E|CS|TAMS 0x0000000089700000, 0x0000000089700000| Complete 
| 106|0x0000000089800000, 0x0000000089900000, 0x0000000089900000|100%| E|CS|TAMS 0x0000000089800000, 0x0000000089800000| Complete 
| 107|0x0000000089900000, 0x0000000089a00000, 0x0000000089a00000|100%| E|CS|TAMS 0x0000000089900000, 0x0000000089900000| Complete 
| 108|0x0000000089a00000, 0x0000000089b00000, 0x0000000089b00000|100%| E|CS|TAMS 0x0000000089a00000, 0x0000000089a00000| Complete 
| 109|0x0000000089b00000, 0x0000000089c00000, 0x0000000089c00000|100%| E|CS|TAMS 0x0000000089b00000, 0x0000000089b00000| Complete 
| 110|0x0000000089c00000, 0x0000000089d00000, 0x0000000089d00000|100%| E|CS|TAMS 0x0000000089c00000, 0x0000000089c00000| Complete 
| 111|0x0000000089d00000, 0x0000000089e00000, 0x0000000089e00000|100%| E|CS|TAMS 0x0000000089d00000, 0x0000000089d00000| Complete 
| 112|0x0000000089e00000, 0x0000000089f00000, 0x0000000089f00000|100%| E|CS|TAMS 0x0000000089e00000, 0x0000000089e00000| Complete 
| 113|0x0000000089f00000, 0x000000008a000000, 0x000000008a000000|100%| E|CS|TAMS 0x0000000089f00000, 0x0000000089f00000| Complete 
| 114|0x000000008a000000, 0x000000008a100000, 0x000000008a100000|100%| E|CS|TAMS 0x000000008a000000, 0x000000008a000000| Complete 
| 115|0x000000008a100000, 0x000000008a200000, 0x000000008a200000|100%| E|CS|TAMS 0x000000008a100000, 0x000000008a100000| Complete 
| 116|0x000000008a200000, 0x000000008a300000, 0x000000008a300000|100%| E|CS|TAMS 0x000000008a200000, 0x000000008a200000| Complete 
| 117|0x000000008a300000, 0x000000008a400000, 0x000000008a400000|100%| E|CS|TAMS 0x000000008a300000, 0x000000008a300000| Complete 
| 118|0x000000008a400000, 0x000000008a500000, 0x000000008a500000|100%| E|CS|TAMS 0x000000008a400000, 0x000000008a400000| Complete 
| 119|0x000000008a500000, 0x000000008a600000, 0x000000008a600000|100%| E|CS|TAMS 0x000000008a500000, 0x000000008a500000| Complete 
| 120|0x000000008a600000, 0x000000008a700000, 0x000000008a700000|100%| E|CS|TAMS 0x000000008a600000, 0x000000008a600000| Complete 
| 121|0x000000008a700000, 0x000000008a800000, 0x000000008a800000|100%| E|CS|TAMS 0x000000008a700000, 0x000000008a700000| Complete 
| 122|0x000000008a800000, 0x000000008a900000, 0x000000008a900000|100%| E|  |TAMS 0x000000008a800000, 0x000000008a800000| Complete 
| 123|0x000000008a900000, 0x000000008aa00000, 0x000000008aa00000|100%| E|CS|TAMS 0x000000008a900000, 0x000000008a900000| Complete 
| 124|0x000000008aa00000, 0x000000008ab00000, 0x000000008ab00000|100%| E|CS|TAMS 0x000000008aa00000, 0x000000008aa00000| Complete 
| 125|0x000000008ab00000, 0x000000008ac00000, 0x000000008ac00000|100%| E|CS|TAMS 0x000000008ab00000, 0x000000008ab00000| Complete 

Card table byte_map: [0x00000224e03b0000,0x00000224e07a0000] _byte_map_base: 0x00000224dff99000

Marking Bits (Prev, Next): (CMBitMap*) 0x00000224cce092f8, (CMBitMap*) 0x00000224cce09330
 Prev Bits: [0x00000224e0b90000, 0x00000224e2ad8000)
 Next Bits: [0x00000224e2ae0000, 0x00000224e4a28000)

Polling page: 0x00000224caca0000

Metaspace:

Usage:
  Non-class:     14.67 MB capacity,    14.30 MB ( 97%) used,   304.29 KB (  2%) free+waste,    73.75 KB ( <1%) overhead. 
      Class:      2.39 MB capacity,     2.08 MB ( 87%) used,   279.93 KB ( 11%) free+waste,    39.06 KB (  2%) overhead. 
       Both:     17.06 MB capacity,    16.38 MB ( 96%) used,   584.22 KB (  3%) free+waste,   112.81 KB ( <1%) overhead. 

Virtual space:
  Non-class space:       16.00 MB reserved,      14.75 MB ( 92%) committed 
      Class space:        1.00 GB reserved,       2.50 MB ( <1%) committed 
             Both:        1.02 GB reserved,      17.25 MB (  2%) committed 

Chunk freelists:
   Non-Class:  21.00 KB
       Class:  16.00 KB
        Both:  37.00 KB

MaxMetaspaceSize: 17179869184.00 GB
CompressedClassSpaceSize: 1.00 GB

CodeHeap 'non-profiled nmethods': size=120000Kb used=1824Kb max_used=1824Kb free=118175Kb
 bounds [0x00000224d8760000, 0x00000224d89d0000, 0x00000224dfc90000]
CodeHeap 'profiled nmethods': size=120000Kb used=6421Kb max_used=6421Kb free=113578Kb
 bounds [0x00000224d1230000, 0x00000224d1880000, 0x00000224d8760000]
CodeHeap 'non-nmethods': size=5760Kb used=1367Kb max_used=1429Kb free=4392Kb
 bounds [0x00000224d0c90000, 0x00000224d0f00000, 0x00000224d1230000]
 total_blobs=5146 nmethods=3303 adapters=702
 compilation: enabled
              stopped_count=0, restarted_count=0
 full_count=0

Compilation events (20 events):
Event: 5.798 Thread 0x00000224e747e000 3284       3       javafx.scene.shape.Shape::updatePGShape (201 bytes)
Event: 5.799 Thread 0x00000224e82ba000 3285       4       com.sun.javafx.geom.Curve::findIntersect (998 bytes)
Event: 5.803 Thread 0x00000224e747e000 nmethod 3284 0x00000224d1862490 code [0x00000224d1862b40, 0x00000224d1867010]
Event: 5.811 Thread 0x00000224e747e000 3286       3       com.sun.javafx.scene.shape.ShapeHelper::markDirtyImpl (17 bytes)
Event: 5.812 Thread 0x00000224e747e000 nmethod 3286 0x00000224d1868310 code [0x00000224d1868520, 0x00000224d1868ae0]
Event: 5.812 Thread 0x00000224e747e000 3287       3       javafx.collections.ListChangeBuilder$SingleChange::getFrom (12 bytes)
Event: 5.812 Thread 0x00000224e747e000 nmethod 3287 0x00000224d1868d90 code [0x00000224d1868f60, 0x00000224d1869270]
Event: 5.812 Thread 0x00000224e747e000 3288       3       javafx.scene.Parent::recomputeBounds (163 bytes)
Event: 5.813 Thread 0x00000224e747e000 nmethod 3288 0x00000224d1869390 code [0x00000224d1869640, 0x00000224d186a6b0]
Event: 5.814 Thread 0x00000224e82ba000 nmethod 3285 0x00000224d8923290 code [0x00000224d8923580, 0x00000224d8925570]
Event: 5.816 Thread 0x00000224e82ba000 3289       4       com.sun.javafx.geom.Edge::compareTo (118 bytes)
Event: 5.819 Thread 0x00000224e82ba000 nmethod 3289 0x00000224d8926a10 code [0x00000224d8926be0, 0x00000224d8926ef8]
Event: 5.827 Thread 0x00000224e747e000 3290       3       sample.Game::getObsQ (12 bytes)
Event: 5.828 Thread 0x00000224e747e000 nmethod 3290 0x00000224d186aa10 code [0x00000224d186ac20, 0x00000224d186b210]
Event: 5.828 Thread 0x00000224e747e000 3291       3       java.util.regex.Pattern$BmpCharPropertyGreedy::match (89 bytes)
Event: 5.828 Thread 0x00000224e82ba000 3293       4       com.sun.javafx.geom.Path2D::curveTo (150 bytes)
Event: 5.828 Thread 0x00000224e747e000 nmethod 3291 0x00000224d186b410 code [0x00000224d186b620, 0x00000224d186bd10]
Event: 5.828 Thread 0x00000224e747e000 3292       3       java.util.regex.Pattern$GroupTail::match (111 bytes)
Event: 5.828 Thread 0x00000224e747e000 nmethod 3292 0x00000224d186bf10 code [0x00000224d186c100, 0x00000224d186c510]
Event: 5.832 Thread 0x00000224e82ba000 nmethod 3293 0x00000224d8927110 code [0x00000224d89272c0, 0x00000224d8927728]

GC Heap History (2 events):
Event: 0.546 GC heap before
{Heap before GC invocations=0 (full 0):
 garbage-first heap   total 129024K, used 23552K [0x0000000082e00000, 0x0000000100000000)
  region size 1024K, 24 young (24576K), 0 survivors (0K)
 Metaspace       used 7810K, capacity 9543K, committed 9728K, reserved 1058816K
  class space    used 953K, capacity 1194K, committed 1280K, reserved 1048576K
}
Event: 0.549 GC heap after
{Heap after GC invocations=1 (full 0):
 garbage-first heap   total 129024K, used 3344K [0x0000000082e00000, 0x0000000100000000)
  region size 1024K, 3 young (3072K), 3 survivors (3072K)
 Metaspace       used 7810K, capacity 9543K, committed 9728K, reserved 1058816K
  class space    used 953K, capacity 1194K, committed 1280K, reserved 1048576K
}

Deoptimization events (20 events):
Event: 5.731 Thread 0x00000224e82b9000 Uncommon trap: trap_request=0xffffff4d fr.pc=0x00000224d88da7a8 relative=0x0000000000001c28
Event: 5.731 Thread 0x00000224e82b9000 Uncommon trap: reason=unstable_if action=reinterpret pc=0x00000224d88da7a8 method=com.sun.javafx.geom.Curve.findIntersect(Lcom/sun/javafx/geom/Curve;[DDIIDDDDDDDDDDDD)Z @ 470 c2
Event: 5.731 Thread 0x00000224e82b9000 DEOPT PACKING pc=0x00000224d88da7a8 sp=0x000000ec114fc060
Event: 5.731 Thread 0x00000224e82b9000 DEOPT UNPACKING pc=0x00000224d0cb922f sp=0x000000ec114fbf08 mode 2
Event: 5.731 Thread 0x00000224e82b9000 Uncommon trap: trap_request=0xffffff4d fr.pc=0x00000224d88fb644 relative=0x0000000000004de4
Event: 5.731 Thread 0x00000224e82b9000 Uncommon trap: reason=unstable_if action=reinterpret pc=0x00000224d88fb644 method=com.sun.javafx.geom.AreaOp.obstructs(DDI)Z @ 4 c2
Event: 5.731 Thread 0x00000224e82b9000 DEOPT PACKING pc=0x00000224d88fb644 sp=0x000000ec114fc900
Event: 5.731 Thread 0x00000224e82b9000 DEOPT UNPACKING pc=0x00000224d0cb922f sp=0x000000ec114fc858 mode 2
Event: 5.731 Thread 0x00000224e82b9000 Uncommon trap: trap_request=0xffffff4d fr.pc=0x00000224d8870bc8 relative=0x00000000000001e8
Event: 5.731 Thread 0x00000224e82b9000 Uncommon trap: reason=unstable_if action=reinterpret pc=0x00000224d8870bc8 method=com.sun.javafx.geom.Edge.compareTo(Lcom/sun/javafx/geom/Edge;[D)I @ 58 c2
Event: 5.731 Thread 0x00000224e82b9000 DEOPT PACKING pc=0x00000224d8870bc8 sp=0x000000ec114fc990
Event: 5.731 Thread 0x00000224e82b9000 DEOPT UNPACKING pc=0x00000224d0cb922f sp=0x000000ec114fc950 mode 2
Event: 5.731 Thread 0x00000224e82b9000 Uncommon trap: trap_request=0xffffff4d fr.pc=0x00000224d88e5908 relative=0x00000000000002a8
Event: 5.731 Thread 0x00000224e82b9000 Uncommon trap: reason=unstable_if action=reinterpret pc=0x00000224d88e5908 method=com.sun.javafx.geom.AreaIterator.currentSegment([F)I @ 99 c2
Event: 5.731 Thread 0x00000224e82b9000 DEOPT PACKING pc=0x00000224d88e5908 sp=0x000000ec114fcb20
Event: 5.731 Thread 0x00000224e82b9000 DEOPT UNPACKING pc=0x00000224d0cb922f sp=0x000000ec114fcab0 mode 2
Event: 5.794 Thread 0x00000224e82b9000 Uncommon trap: trap_request=0xffffff4d fr.pc=0x00000224d88f5dc0 relative=0x0000000000000440
Event: 5.794 Thread 0x00000224e82b9000 Uncommon trap: reason=unstable_if action=reinterpret pc=0x00000224d88f5dc0 method=javafx.scene.Scene.addToDirtyList(Ljavafx/scene/Node;)V @ 43 c2
Event: 5.794 Thread 0x00000224e82b9000 DEOPT PACKING pc=0x00000224d88f5dc0 sp=0x000000ec114fca70
Event: 5.794 Thread 0x00000224e82b9000 DEOPT UNPACKING pc=0x00000224d0cb922f sp=0x000000ec114fc7a8 mode 2

Classes redefined (0 events):
No events

Internal exceptions (20 events):
Event: 0.676 Thread 0x00000224e82b9000 Exception <a 'java/io/FileNotFoundException'{0x000000008a966688}> (0x000000008a966688) thrown at [c:/BuildAgent/work/5ff2f6c26000d570/src/hotspot/share/prims/jni.cpp, line 615]
Event: 0.679 Thread 0x00000224e82b9000 Exception <a 'java/io/FileNotFoundException'{0x000000008a972420}> (0x000000008a972420) thrown at [c:/BuildAgent/work/5ff2f6c26000d570/src/hotspot/share/prims/jni.cpp, line 615]
Event: 0.682 Thread 0x00000224e82b9000 Exception <a 'java/io/FileNotFoundException'{0x000000008a97c020}> (0x000000008a97c020) thrown at [c:/BuildAgent/work/5ff2f6c26000d570/src/hotspot/share/prims/jni.cpp, line 615]
Event: 0.685 Thread 0x00000224e82b9000 Exception <a 'java/io/FileNotFoundException'{0x000000008a886c20}> (0x000000008a886c20) thrown at [c:/BuildAgent/work/5ff2f6c26000d570/src/hotspot/share/prims/jni.cpp, line 615]
Event: 0.768 Thread 0x00000224e82b9000 Exception <a 'java/lang/NoSuchMethodError'{0x000000008a17cfb8}: 'void java.lang.invoke.DirectMethodHandle$Holder.invokeStaticInit(java.lang.Object, java.lang.Object)'> (0x000000008a17cfb8) thrown at [c:/BuildAgent/work/5ff2f6c26000d570/src/hotspot/share/i
Event: 0.775 Thread 0x00000224e82b9000 Exception <a 'java/io/FileNotFoundException'{0x000000008a1e50f8}> (0x000000008a1e50f8) thrown at [c:/BuildAgent/work/5ff2f6c26000d570/src/hotspot/share/prims/jni.cpp, line 615]
Event: 0.784 Thread 0x00000224e82b9000 Exception <a 'java/io/FileNotFoundException'{0x000000008a058e60}> (0x000000008a058e60) thrown at [c:/BuildAgent/work/5ff2f6c26000d570/src/hotspot/share/prims/jni.cpp, line 615]
Event: 0.787 Thread 0x00000224e82b9000 Exception <a 'java/io/FileNotFoundException'{0x000000008a0717f8}> (0x000000008a0717f8) thrown at [c:/BuildAgent/work/5ff2f6c26000d570/src/hotspot/share/prims/jni.cpp, line 615]
Event: 0.789 Thread 0x00000224e82b9000 Exception <a 'java/io/FileNotFoundException'{0x000000008a08a410}> (0x000000008a08a410) thrown at [c:/BuildAgent/work/5ff2f6c26000d570/src/hotspot/share/prims/jni.cpp, line 615]
Event: 0.824 Thread 0x00000224e82b9000 Implicit null exception at 0x00000224d87cb305 to 0x00000224d87cb4ba
Event: 0.827 Thread 0x00000224e82b9000 Implicit null exception at 0x00000224d87cc2af to 0x00000224d87cc32d
Event: 0.948 Thread 0x00000224e82b9000 Exception <a 'java/lang/NoSuchMethodError'{0x0000000089738c00}: 'java.lang.Object java.lang.invoke.Invokers$Holder.linkToTargetMethod(java.lang.Object, int, java.lang.Object)'> (0x0000000089738c00) thrown at [c:/BuildAgent/work/5ff2f6c26000d570/src/hotspo
Event: 0.959 Thread 0x00000224e82b9000 Exception <a 'java/lang/NoSuchMethodError'{0x00000000897c3078}: 'java.lang.Object java.lang.invoke.DirectMethodHandle$Holder.invokeInterface(java.lang.Object, java.lang.Object, java.lang.Object)'> (0x00000000897c3078) thrown at [c:/BuildAgent/work/5ff2f6c
Event: 0.959 Thread 0x00000224e82b9000 Exception <a 'java/lang/IncompatibleClassChangeError'{0x00000000897c6230}: Found class java.lang.Object, but interface was expected> (0x00000000897c6230) thrown at [c:/BuildAgent/work/5ff2f6c26000d570/src/hotspot/share/interpreter/linkResolver.cpp, line 8
Event: 0.999 Thread 0x00000224e82b9000 Exception <a 'java/lang/NoSuchMethodError'{0x0000000089592120}: 'long java.lang.invoke.DirectMethodHandle$Holder.invokeStaticInit(java.lang.Object, java.lang.Object, java.lang.Object)'> (0x0000000089592120) thrown at [c:/BuildAgent/work/5ff2f6c26000d570/s
Event: 1.002 Thread 0x00000224e82b9000 Exception <a 'java/lang/NoSuchMethodError'{0x00000000895aa768}: 'java.lang.Object java.lang.invoke.DirectMethodHandle$Holder.invokeStatic(java.lang.Object, java.lang.Object, long)'> (0x00000000895aa768) thrown at [c:/BuildAgent/work/5ff2f6c26000d570/src/h
Event: 1.002 Thread 0x00000224e82b9000 Exception <a 'java/lang/NoSuchMethodError'{0x00000000895b08e0}: 'java.lang.Object java.lang.invoke.Invokers$Holder.linkToTargetMethod(java.lang.Object, long, java.lang.Object)'> (0x00000000895b08e0) thrown at [c:/BuildAgent/work/5ff2f6c26000d570/src/hotsp
Event: 1.019 Thread 0x00000224e82bf000 Exception <a 'java/lang/NoSuchMethodError'{0x000000008941e8d8}: 'int java.lang.invoke.DirectMethodHandle$Holder.invokeStaticInit(java.lang.Object, java.lang.Object)'> (0x000000008941e8d8) thrown at [c:/BuildAgent/work/5ff2f6c26000d570/src/hotspot/share/in
Event: 4.423 Thread 0x00000224e82b9000 Exception <a 'java/io/FileNotFoundException'{0x0000000088e51998}> (0x0000000088e51998) thrown at [c:/BuildAgent/work/5ff2f6c26000d570/src/hotspot/share/prims/jni.cpp, line 615]
Event: 5.731 Thread 0x00000224e82b9000 Implicit null exception at 0x00000224d88e581a to 0x00000224d88e58f2

Events (20 events):
Event: 4.537 loading class sun/text/bidi/BidiLine
Event: 4.537 loading class sun/text/bidi/BidiLine done
Event: 4.540 loading class java/lang/FdLibm$Hypot
Event: 4.540 loading class java/lang/FdLibm$Hypot done
Event: 4.555 Executing VM operation: RevokeBias
Event: 4.555 Executing VM operation: RevokeBias done
Event: 4.563 loading class com/sun/prism/impl/ps/CachingShapeRepState$CacheEntry
Event: 4.563 loading class com/sun/prism/impl/ps/CachingShapeRepState$CacheEntry done
Event: 4.563 loading class com/sun/prism/impl/ps/CachingShapeRepState$CacheEntry
Event: 4.563 loading class com/sun/prism/impl/ps/CachingShapeRepState$CacheEntry done
Event: 4.563 Thread 0x00000224e82ba000 Thread added: 0x00000224e82ba000
Event: 4.575 Executing VM operation: RevokeBias
Event: 4.575 Executing VM operation: RevokeBias done
Event: 4.666 Executing VM operation: RevokeBias
Event: 4.666 Executing VM operation: RevokeBias done
Event: 4.733 Thread 0x00000224ef8f4800 Thread added: 0x00000224ef8f4800
Event: 4.882 loading class com/sun/javafx/tk/quantum/GlassViewEventHandler
Event: 4.882 loading class com/sun/javafx/tk/quantum/GlassViewEventHandler done
Event: 5.427 Executing VM operation: ICBufferFull
Event: 5.427 Executing VM operation: ICBufferFull done


Dynamic libraries:
0x00007ff7258e0000 - 0x00007ff7258ea000 	C:\Program Files\JetBrains\IntelliJ IDEA Community Edition 2019.3.1\jbr\bin\java.exe
0x00007ffe05260000 - 0x00007ffe05450000 	C:\WINDOWS\SYSTEM32\ntdll.dll
0x00007ffe05030000 - 0x00007ffe050e2000 	C:\WINDOWS\System32\KERNEL32.DLL
0x00007ffe024c0000 - 0x00007ffe02765000 	C:\WINDOWS\System32\KERNELBASE.dll
0x00007ffe02800000 - 0x00007ffe028fa000 	C:\WINDOWS\System32\ucrtbase.dll
0x00007ffdfa410000 - 0x00007ffdfa427000 	C:\Program Files\JetBrains\IntelliJ IDEA Community Edition 2019.3.1\jbr\bin\VCRUNTIME140.dll
0x00007ffdf6b60000 - 0x00007ffdf6b79000 	C:\Program Files\JetBrains\IntelliJ IDEA Community Edition 2019.3.1\jbr\bin\jli.dll
0x00007ffe03800000 - 0x00007ffe03994000 	C:\WINDOWS\System32\USER32.dll
0x00007ffe03230000 - 0x00007ffe03251000 	C:\WINDOWS\System32\win32u.dll
0x00007ffe03d20000 - 0x00007ffe03d46000 	C:\WINDOWS\System32\GDI32.dll
0x00007ffe02900000 - 0x00007ffe02a96000 	C:\WINDOWS\System32\gdi32full.dll
0x00007ffe02420000 - 0x00007ffe024be000 	C:\WINDOWS\System32\msvcp_win.dll
0x00007ffdf2c00000 - 0x00007ffdf2e84000 	C:\WINDOWS\WinSxS\amd64_microsoft.windows.common-controls_6595b64144ccf1df_6.0.18362.1256_none_9e7e379be45e40e2\COMCTL32.dll
0x00007ffe03760000 - 0x00007ffe037fe000 	C:\WINDOWS\System32\msvcrt.dll
0x00007ffe041c0000 - 0x00007ffe044f6000 	C:\WINDOWS\System32\combase.dll
0x00007ffe04520000 - 0x00007ffe04640000 	C:\WINDOWS\System32\RPCRT4.dll
0x00007ffe021d0000 - 0x00007ffe02251000 	C:\WINDOWS\System32\bcryptPrimitives.dll
0x00007ffe03450000 - 0x00007ffe0347e000 	C:\WINDOWS\System32\IMM32.DLL
0x00007ffddd000000 - 0x00007ffddd09d000 	C:\Program Files\JetBrains\IntelliJ IDEA Community Edition 2019.3.1\jbr\bin\msvcp140.dll
0x00007ffdb2580000 - 0x00007ffdb303b000 	C:\Program Files\JetBrains\IntelliJ IDEA Community Edition 2019.3.1\jbr\bin\server\jvm.dll
0x00007ffe03550000 - 0x00007ffe035f3000 	C:\WINDOWS\System32\ADVAPI32.dll
0x00007ffe04de0000 - 0x00007ffe04e77000 	C:\WINDOWS\System32\sechost.dll
0x00007ffe03310000 - 0x00007ffe03318000 	C:\WINDOWS\System32\PSAPI.DLL
0x00007ffde8fa0000 - 0x00007ffde8fa9000 	C:\WINDOWS\SYSTEM32\WSOCK32.dll
0x00007ffdf3920000 - 0x00007ffdf3944000 	C:\WINDOWS\SYSTEM32\WINMM.dll
0x00007ffe04fc0000 - 0x00007ffe0502f000 	C:\WINDOWS\System32\WS2_32.dll
0x00007ffdf3040000 - 0x00007ffdf306d000 	C:\WINDOWS\SYSTEM32\WINMMBASE.dll
0x00007ffdf9390000 - 0x00007ffdf939a000 	C:\WINDOWS\SYSTEM32\VERSION.dll
0x00007ffe023d0000 - 0x00007ffe0241a000 	C:\WINDOWS\System32\cfgmgr32.dll
0x00007ffe02160000 - 0x00007ffe02171000 	C:\WINDOWS\System32\kernel.appcore.dll
0x00007ffdfaa80000 - 0x00007ffdfaa91000 	C:\Program Files\JetBrains\IntelliJ IDEA Community Edition 2019.3.1\jbr\bin\verify.dll
0x00007ffe00a00000 - 0x00007ffe00bf4000 	C:\WINDOWS\SYSTEM32\DBGHELP.DLL
0x00007ffdf8dd0000 - 0x00007ffdf8dfa000 	C:\WINDOWS\SYSTEM32\dbgcore.DLL
0x00007ffdf9180000 - 0x00007ffdf91a9000 	C:\Program Files\JetBrains\IntelliJ IDEA Community Edition 2019.3.1\jbr\bin\java.dll
0x00007ffdfa6f0000 - 0x00007ffdfa6ff000 	C:\Program Files\JetBrains\IntelliJ IDEA Community Edition 2019.3.1\jbr\bin\instrument.dll
0x00007ffdfa450000 - 0x00007ffdfa467000 	C:\Program Files\JetBrains\IntelliJ IDEA Community Edition 2019.3.1\jbr\bin\zip.dll
0x00007ffdfa730000 - 0x00007ffdfa73b000 	C:\Program Files\JetBrains\IntelliJ IDEA Community Edition 2019.3.1\jbr\bin\jimage.dll
0x00007ffe046f0000 - 0x00007ffe04dd7000 	C:\WINDOWS\System32\SHELL32.dll
0x00007ffe050f0000 - 0x00007ffe05199000 	C:\WINDOWS\System32\shcore.dll
0x00007ffe02aa0000 - 0x00007ffe03221000 	C:\WINDOWS\System32\windows.storage.dll
0x00007ffe02130000 - 0x00007ffe02153000 	C:\WINDOWS\System32\profapi.dll
0x00007ffe02180000 - 0x00007ffe021ca000 	C:\WINDOWS\System32\powrprof.dll
0x00007ffe02100000 - 0x00007ffe02110000 	C:\WINDOWS\System32\UMPDC.dll
0x00007ffe033f0000 - 0x00007ffe03442000 	C:\WINDOWS\System32\shlwapi.dll
0x00007ffe023b0000 - 0x00007ffe023c7000 	C:\WINDOWS\System32\cryptsp.dll
0x00007ffdf6b10000 - 0x00007ffdf6b2a000 	C:\Program Files\JetBrains\IntelliJ IDEA Community Edition 2019.3.1\jbr\bin\net.dll
0x00007ffdf5cf0000 - 0x00007ffdf5de0000 	C:\WINDOWS\SYSTEM32\WINHTTP.dll
0x00007ffe01950000 - 0x00007ffe019b7000 	C:\WINDOWS\system32\mswsock.dll
0x00007ffddd200000 - 0x00007ffddd214000 	C:\Program Files\JetBrains\IntelliJ IDEA Community Edition 2019.3.1\jbr\bin\nio.dll
0x00007ffdf6b40000 - 0x00007ffdf6b5a000 	C:\Program Files\JetBrains\IntelliJ IDEA Community Edition 2019.3.1\bin\breakgen64.dll
0x00000224e89e0000 - 0x00000224e89e3000 	C:\Program Files\JetBrains\IntelliJ IDEA Community Edition 2019.3.1\jbr\bin\api-ms-win-core-console-l1-1-0.dll
0x00000224e89f0000 - 0x00000224e89f3000 	C:\Program Files\JetBrains\IntelliJ IDEA Community Edition 2019.3.1\jbr\bin\api-ms-win-core-datetime-l1-1-0.dll
0x00000224e8a00000 - 0x00000224e8a03000 	C:\Program Files\JetBrains\IntelliJ IDEA Community Edition 2019.3.1\jbr\bin\api-ms-win-core-debug-l1-1-0.dll
0x00000224e8a10000 - 0x00000224e8a13000 	C:\Program Files\JetBrains\IntelliJ IDEA Community Edition 2019.3.1\jbr\bin\api-ms-win-core-errorhandling-l1-1-0.dll
0x00000224e8a20000 - 0x00000224e8a24000 	C:\Program Files\JetBrains\IntelliJ IDEA Community Edition 2019.3.1\jbr\bin\api-ms-win-core-file-l1-1-0.dll
0x00000224e8a30000 - 0x00000224e8a33000 	C:\Program Files\JetBrains\IntelliJ IDEA Community Edition 2019.3.1\jbr\bin\api-ms-win-core-file-l1-2-0.dll
0x00000224e8a40000 - 0x00000224e8a43000 	C:\Program Files\JetBrains\IntelliJ IDEA Community Edition 2019.3.1\jbr\bin\api-ms-win-core-file-l2-1-0.dll
0x00000224e8a50000 - 0x00000224e8a53000 	C:\Program Files\JetBrains\IntelliJ IDEA Community Edition 2019.3.1\jbr\bin\api-ms-win-core-handle-l1-1-0.dll
0x00000224e8a60000 - 0x00000224e8a63000 	C:\Program Files\JetBrains\IntelliJ IDEA Community Edition 2019.3.1\jbr\bin\api-ms-win-core-heap-l1-1-0.dll
0x00000224e8a70000 - 0x00000224e8a73000 	C:\Program Files\JetBrains\IntelliJ IDEA Community Edition 2019.3.1\jbr\bin\api-ms-win-core-interlocked-l1-1-0.dll
0x00000224e8a80000 - 0x00000224e8a83000 	C:\Program Files\JetBrains\IntelliJ IDEA Community Edition 2019.3.1\jbr\bin\api-ms-win-core-libraryloader-l1-1-0.dll
0x00000224e8a90000 - 0x00000224e8a93000 	C:\Program Files\JetBrains\IntelliJ IDEA Community Edition 2019.3.1\jbr\bin\api-ms-win-core-localization-l1-2-0.dll
0x00000224e8aa0000 - 0x00000224e8aa3000 	C:\Program Files\JetBrains\IntelliJ IDEA Community Edition 2019.3.1\jbr\bin\api-ms-win-core-memory-l1-1-0.dll
0x00000224e8ab0000 - 0x00000224e8ab3000 	C:\Program Files\JetBrains\IntelliJ IDEA Community Edition 2019.3.1\jbr\bin\api-ms-win-core-namedpipe-l1-1-0.dll
0x00000224e8ac0000 - 0x00000224e8ac3000 	C:\Program Files\JetBrains\IntelliJ IDEA Community Edition 2019.3.1\jbr\bin\api-ms-win-core-processenvironment-l1-1-0.dll
0x00000224e8ad0000 - 0x00000224e8ad3000 	C:\Program Files\JetBrains\IntelliJ IDEA Community Edition 2019.3.1\jbr\bin\api-ms-win-core-processthreads-l1-1-0.dll
0x00000224e8ae0000 - 0x00000224e8ae3000 	C:\Program Files\JetBrains\IntelliJ IDEA Community Edition 2019.3.1\jbr\bin\api-ms-win-core-processthreads-l1-1-1.dll
0x00000224e8af0000 - 0x00000224e8af3000 	C:\Program Files\JetBrains\IntelliJ IDEA Community Edition 2019.3.1\jbr\bin\api-ms-win-core-profile-l1-1-0.dll
0x00000224e8b00000 - 0x00000224e8b03000 	C:\Program Files\JetBrains\IntelliJ IDEA Community Edition 2019.3.1\jbr\bin\api-ms-win-core-rtlsupport-l1-1-0.dll
0x00000224e8b10000 - 0x00000224e8b13000 	C:\Program Files\JetBrains\IntelliJ IDEA Community Edition 2019.3.1\jbr\bin\api-ms-win-core-string-l1-1-0.dll
0x00000224e8b20000 - 0x00000224e8b23000 	C:\Program Files\JetBrains\IntelliJ IDEA Community Edition 2019.3.1\jbr\bin\api-ms-win-core-synch-l1-1-0.dll
0x00000224e8b30000 - 0x00000224e8b33000 	C:\Program Files\JetBrains\IntelliJ IDEA Community Edition 2019.3.1\jbr\bin\api-ms-win-core-synch-l1-2-0.dll
0x00000224e8b40000 - 0x00000224e8b43000 	C:\Program Files\JetBrains\IntelliJ IDEA Community Edition 2019.3.1\jbr\bin\api-ms-win-core-sysinfo-l1-1-0.dll
0x00000224e8b50000 - 0x00000224e8b53000 	C:\Program Files\JetBrains\IntelliJ IDEA Community Edition 2019.3.1\jbr\bin\api-ms-win-core-timezone-l1-1-0.dll
0x00000224e8b60000 - 0x00000224e8b63000 	C:\Program Files\JetBrains\IntelliJ IDEA Community Edition 2019.3.1\jbr\bin\api-ms-win-core-util-l1-1-0.dll
0x00000224e8b70000 - 0x00000224e8b73000 	C:\Program Files\JetBrains\IntelliJ IDEA Community Edition 2019.3.1\jbr\bin\api-ms-win-crt-conio-l1-1-0.dll
0x00000224e8b80000 - 0x00000224e8b84000 	C:\Program Files\JetBrains\IntelliJ IDEA Community Edition 2019.3.1\jbr\bin\api-ms-win-crt-convert-l1-1-0.dll
0x00000224e8b90000 - 0x00000224e8b93000 	C:\Program Files\JetBrains\IntelliJ IDEA Community Edition 2019.3.1\jbr\bin\api-ms-win-crt-environment-l1-1-0.dll
0x00000224e8ba0000 - 0x00000224e8ba3000 	C:\Program Files\JetBrains\IntelliJ IDEA Community Edition 2019.3.1\jbr\bin\api-ms-win-crt-filesystem-l1-1-0.dll
0x00000224e8bb0000 - 0x00000224e8bb3000 	C:\Program Files\JetBrains\IntelliJ IDEA Community Edition 2019.3.1\jbr\bin\api-ms-win-crt-heap-l1-1-0.dll
0x00000224e8bc0000 - 0x00000224e8bc3000 	C:\Program Files\JetBrains\IntelliJ IDEA Community Edition 2019.3.1\jbr\bin\api-ms-win-crt-locale-l1-1-0.dll
0x00000224e8bd0000 - 0x00000224e8bd5000 	C:\Program Files\JetBrains\IntelliJ IDEA Community Edition 2019.3.1\jbr\bin\api-ms-win-crt-math-l1-1-0.dll
0x00000224e8be0000 - 0x00000224e8be5000 	C:\Program Files\JetBrains\IntelliJ IDEA Community Edition 2019.3.1\jbr\bin\api-ms-win-crt-multibyte-l1-1-0.dll
0x00000224e8bf0000 - 0x00000224e8c00000 	C:\Program Files\JetBrains\IntelliJ IDEA Community Edition 2019.3.1\jbr\bin\api-ms-win-crt-private-l1-1-0.dll
0x00000224e8c00000 - 0x00000224e8c03000 	C:\Program Files\JetBrains\IntelliJ IDEA Community Edition 2019.3.1\jbr\bin\api-ms-win-crt-process-l1-1-0.dll
0x00000224e8c10000 - 0x00000224e8c14000 	C:\Program Files\JetBrains\IntelliJ IDEA Community Edition 2019.3.1\jbr\bin\api-ms-win-crt-runtime-l1-1-0.dll
0x00000224e8c20000 - 0x00000224e8c24000 	C:\Program Files\JetBrains\IntelliJ IDEA Community Edition 2019.3.1\jbr\bin\api-ms-win-crt-stdio-l1-1-0.dll
0x00000224e8c30000 - 0x00000224e8c34000 	C:\Program Files\JetBrains\IntelliJ IDEA Community Edition 2019.3.1\jbr\bin\api-ms-win-crt-string-l1-1-0.dll
0x00000224e8c40000 - 0x00000224e8c43000 	C:\Program Files\JetBrains\IntelliJ IDEA Community Edition 2019.3.1\jbr\bin\api-ms-win-crt-time-l1-1-0.dll
0x00000224e8c50000 - 0x00000224e8c53000 	C:\Program Files\JetBrains\IntelliJ IDEA Community Edition 2019.3.1\jbr\bin\api-ms-win-crt-utility-l1-1-0.dll
0x00007ffdceff0000 - 0x00007ffdcf0ea000 	C:\Program Files\JetBrains\IntelliJ IDEA Community Edition 2019.3.1\jbr\bin\ucrtbase.dll
0x00007ffddcb30000 - 0x00007ffddcb81000 	C:\Windows\System32\concrt140.dll
0x00007ffdd7d40000 - 0x00007ffdd7d63000 	C:\Program Files\JetBrains\IntelliJ IDEA Community Edition 2019.3.1\jbr\bin\prism_d3d.dll
0x00007ffdc4050000 - 0x00007ffdc4217000 	C:\WINDOWS\system32\d3d9.dll
0x00007ffe004d0000 - 0x00007ffe004fd000 	C:\WINDOWS\SYSTEM32\dwmapi.dll
0x00007ffe00db0000 - 0x00007ffe00dd0000 	C:\WINDOWS\SYSTEM32\dxcore.dll
0x00007ffe000a0000 - 0x00007ffe00139000 	C:\WINDOWS\system32\uxtheme.dll
0x00007ffdc5c20000 - 0x00007ffdc5d84000 	C:\WINDOWS\System32\DriverStore\FileRepository\iigd_dch.inf_amd64_440392e76b44e849\igdumdim64.dll
0x00007ffd9afa0000 - 0x00007ffd9ef7a000 	C:\WINDOWS\System32\DriverStore\FileRepository\iigd_dch.inf_amd64_440392e76b44e849\igd9dxva64.dll
0x00007ffe03600000 - 0x00007ffe03757000 	C:\WINDOWS\System32\ole32.dll
0x00007ffe03480000 - 0x00007ffe03545000 	C:\WINDOWS\System32\OLEAUT32.dll
0x00007ffde8cf0000 - 0x00007ffde8e94000 	C:\WINDOWS\System32\DriverStore\FileRepository\iigd_dch.inf_amd64_440392e76b44e849\igdgmm64.dll
0x00007ffdd6d70000 - 0x00007ffdd6db5000 	C:\Program Files\JetBrains\IntelliJ IDEA Community Edition 2019.3.1\jbr\bin\glass.dll
0x00007ffe03320000 - 0x00007ffe033f0000 	C:\WINDOWS\System32\COMDLG32.dll
0x00007ffe03bd0000 - 0x00007ffe03d05000 	C:\WINDOWS\System32\MSCTF.dll
0x00007ffdf8f10000 - 0x00007ffdf8f36000 	C:\WINDOWS\System32\DriverStore\FileRepository\iigd_dch.inf_amd64_440392e76b44e849\igdinfo64.dll
0x00007ffde58b0000 - 0x00007ffde7d4b000 	C:\WINDOWS\System32\DriverStore\FileRepository\iigd_dch.inf_amd64_440392e76b44e849\igc64.dll
0x00007ffddd940000 - 0x00007ffddd954000 	C:\Program Files\JetBrains\IntelliJ IDEA Community Edition 2019.3.1\jbr\bin\javafx_font.dll
0x00007ffdc5480000 - 0x00007ffdc5621000 	C:\Program Files\JetBrains\IntelliJ IDEA Community Edition 2019.3.1\jbr\bin\awt.dll
0x00007ffdfeb00000 - 0x00007ffdff0c0000 	C:\WINDOWS\SYSTEM32\d2d1.dll
0x00007ffdfffb0000 - 0x00007ffe0003f000 	C:\WINDOWS\SYSTEM32\apphelp.dll
0x00007ffdd7500000 - 0x00007ffdd7585000 	C:\Program Files\JetBrains\IntelliJ IDEA Community Edition 2019.3.1\jbr\bin\freetype.dll
0x00007ffdd0e30000 - 0x00007ffdd0ed8000 	C:\Program Files\JetBrains\IntelliJ IDEA Community Edition 2019.3.1\jbr\bin\fontmanager.dll
0x00007ffde4c00000 - 0x00007ffde4efe000 	C:\WINDOWS\SYSTEM32\dwrite.dll
0x00007ffe04640000 - 0x00007ffe046e2000 	C:\WINDOWS\System32\clbcatq.dll
0x00007ffdefa80000 - 0x00007ffdefc2f000 	C:\WINDOWS\SYSTEM32\WindowsCodecs.dll
0x00007ffdce270000 - 0x00007ffdce2aa000 	C:\WINDOWS\system32\dataexchange.dll
0x00007ffdff820000 - 0x00007ffdff9fd000 	C:\WINDOWS\system32\dcomp.dll
0x00007ffdff110000 - 0x00007ffdff36b000 	C:\WINDOWS\system32\d3d11.dll
0x00007ffe00dd0000 - 0x00007ffe00ebb000 	C:\WINDOWS\system32\dxgi.dll
0x00007ffe00160000 - 0x00007ffe003c2000 	C:\WINDOWS\system32\twinapi.appcore.dll
0x00007ffe00500000 - 0x00007ffe00529000 	C:\WINDOWS\system32\RMCLIENT.dll
0x00007ffdd4c30000 - 0x00007ffdd4c63000 	C:\Program Files\Common Files\Microsoft Shared\Ink\rtscom.dll
0x00007ffdeeec0000 - 0x00007ffdeef5e000 	C:\WINDOWS\System32\TextInputFramework.dll
0x00007ffdf0670000 - 0x00007ffdf099a000 	C:\WINDOWS\System32\CoreUIComponents.dll
0x00007ffdffd70000 - 0x00007ffdffe44000 	C:\WINDOWS\System32\CoreMessaging.dll
0x00007ffe01140000 - 0x00007ffe01171000 	C:\WINDOWS\SYSTEM32\ntmarta.dll
0x00007ffdfa740000 - 0x00007ffdfa893000 	C:\WINDOWS\SYSTEM32\wintypes.dll

dbghelp: loaded successfully - version: 4.0.5 - missing functions: none
symbol engine: initialized successfully - sym options: 0x614 - pdb path: .;C:\Program Files\JetBrains\IntelliJ IDEA Community Edition 2019.3.1\jbr\bin;C:\WINDOWS\SYSTEM32;C:\WINDOWS\WinSxS\amd64_microsoft.windows.common-controls_6595b64144ccf1df_6.0.18362.1256_none_9e7e379be45e40e2;C:\Program Files\JetBrains\IntelliJ IDEA Community Edition 2019.3.1\jbr\bin\server;C:\Program Files\JetBrains\IntelliJ IDEA Community Edition 2019.3.1\bin;C:\WINDOWS\System32\DriverStore\FileRepository\iigd_dch.inf_amd64_440392e76b44e849;C:\Program Files\Common Files\Microsoft Shared\Ink

VM Arguments:
jvm_args: --module-path=C:\Users\user\Downloads\javafx-sdk-15.0.1\lib --add-modules=javafx.controls,javafx.fxml -javaagent:C:\Program Files\JetBrains\IntelliJ IDEA Community Edition 2019.3.1\lib\idea_rt.jar=53693:C:\Program Files\JetBrains\IntelliJ IDEA Community Edition 2019.3.1\bin -Dfile.encoding=UTF-8 
java_command: sample.Main
java_class_path (initial): C:\Users\aksha\IdeaProjects\AP_Project_1\out\production\AP_project
Launcher Type: SUN_STANDARD

[Global flags]
     intx CICompilerCount                          = 4                                         {product} {ergonomic}
     uint ConcGCThreads                            = 2                                         {product} {ergonomic}
     uint G1ConcRefinementThreads                  = 8                                         {product} {ergonomic}
   size_t G1HeapRegionSize                         = 1048576                                   {product} {ergonomic}
    uintx GCDrainStackTargetSize                   = 64                                        {product} {ergonomic}
   size_t InitialHeapSize                          = 132120576                                 {product} {ergonomic}
   size_t MarkStackSize                            = 4194304                                   {product} {ergonomic}
   size_t MaxHeapSize                              = 2099249152                                {product} {ergonomic}
   size_t MaxNewSize                               = 1259339776                                {product} {ergonomic}
   size_t MinHeapDeltaBytes                        = 1048576                                   {product} {ergonomic}
    uintx NonNMethodCodeHeapSize                   = 5836300                                {pd product} {ergonomic}
    uintx NonProfiledCodeHeapSize                  = 122910970                              {pd product} {ergonomic}
    uintx ProfiledCodeHeapSize                     = 122910970                              {pd product} {ergonomic}
    uintx ReservedCodeCacheSize                    = 251658240                              {pd product} {ergonomic}
     bool SegmentedCodeCache                       = true                                      {product} {ergonomic}
     bool UseCompressedClassPointers               = true                                 {lp64_product} {ergonomic}
     bool UseCompressedOops                        = true                                 {lp64_product} {ergonomic}
     bool UseG1GC                                  = true                                      {product} {ergonomic}
     bool UseLargePagesIndividualAllocation        = false                                  {pd product} {ergonomic}

Logging:
Log output configuration:
 #0: stdout all=warning uptime,level,tags
 #1: stderr all=off uptime,level,tags

Environment Variables:
PATH=C:\WINDOWS\system32;C:\WINDOWS;C:\WINDOWS\System32\Wbem;C:\WINDOWS\System32\WindowsPowerShell\v1.0\;C:\WINDOWS\System32\OpenSSH\;C:\Users\aksha\Scripts;C:\Program Files\Java\jdk-13\bin;C:\Program Files\MATLAB\R2020a\bin;C:\Program Files (x86)\mingw-w64\i686-8.1.0-posix-dwarf-rt_v6-rev0\mingw32\bin;C:\Program Files (x86)\AOMEI Backupper;C:\Program Files\Git\cmd;C:\Users\aksha\Scripts\;C:\Users\aksha\;C:\Users\aksha\AppData\Local\Microsoft\WindowsApps;;C:\Program Files\JetBrains\PyCharm Community Edition 2019.2.3\bin;
USERNAME=aksha
OS=Windows_NT
PROCESSOR_IDENTIFIER=Intel64 Family 6 Model 142 Stepping 12, GenuineIntel



---------------  S Y S T E M  ---------------

OS: Windows 10 , 64 bit Build 18362 (10.0.18362.1110)

CPU:total 8 (initial active 8) (4 cores per cpu, 2 threads per core) family 6 model 142 stepping 12, cmov, cx8, fxsr, mmx, sse, sse2, sse3, ssse3, sse4.1, sse4.2, popcnt, avx, avx2, aes, clmul, erms, 3dnowpref, lzcnt, ht, tsc, tscinvbit, bmi1, bmi2, adx, fma

Memory: 4k page, system-wide physical 8005M (737M free)
TotalPageFile size 10005M (AvailPageFile size 7M)
current process WorkingSet (physical memory assigned to process): 256M, peak: 257M
current process commit charge ("private bytes"): 339M, peak: 343M

vm_info: OpenJDK 64-Bit Server VM (11.0.5+10-b520.17) for windows-amd64 JRE (11.0.5+10-b520.17), built on Dec  2 2019 12:11:34 by "" with MS VC++ 14.0 (VS2015)

END.
