#
# There is insufficient memory for the Java Runtime Environment to continue.
# Native memory allocation (malloc) failed to allocate 467216 bytes for Chunk::new
# Possible reasons:
#   The system is out of physical RAM or swap space
#   The process is running with CompressedOops enabled, and the Java Heap may be blocking the growth of the native heap
# Possible solutions:
#   Reduce memory load on the system
#   Increase physical memory or swap space
#   Check if swap backing store is full
#   Decrease Java heap size (-Xmx/-Xms)
#   Decrease number of Java threads
#   Decrease Java thread stack sizes (-Xss)
#   Set larger code cache with -XX:ReservedCodeCacheSize=
#   JVM is running with Unscaled Compressed Oops mode in which the Java heap is
#     placed in the first 4GB address space. The Java Heap base address is the
#     maximum limit for the native heap growth. Please use -XX:HeapBaseMinAddress
#     to set the Java Heap base and to place the Java Heap above 4GB virtual address.
# This output file may be truncated or incomplete.
#
#  Out of Memory Error (c:/BuildAgent/work/5ff2f6c26000d570/src/hotspot/share/memory/arena.cpp:197), pid=21900, tid=11892
#
# JRE version: OpenJDK Runtime Environment (11.0.5+10) (build 11.0.5+10-b520.17)
# Java VM: OpenJDK 64-Bit Server VM (11.0.5+10-b520.17, mixed mode, sharing, tiered, compressed oops, g1 gc, windows-amd64)
# No core dump will be written. Minidumps are not enabled by default on client versions of Windows
#

---------------  S U M M A R Y ------------

Command Line: --module-path=C:\Users\user\Downloads\javafx-sdk-15.0.1\lib --add-modules=javafx.controls,javafx.fxml -javaagent:C:\Program Files\JetBrains\IntelliJ IDEA Community Edition 2019.3.1\lib\idea_rt.jar=57401:C:\Program Files\JetBrains\IntelliJ IDEA Community Edition 2019.3.1\bin -Dfile.encoding=UTF-8 sample.Main

Host: Intel(R) Core(TM) i5-8265U CPU @ 1.60GHz, 8 cores, 7G,  Windows 10 , 64 bit Build 18362 (10.0.18362.1110)
Time: Thu Dec 17 00:01:28 2020 India Standard Time elapsed time: 2 seconds (0d 0h 0m 2s)

---------------  T H R E A D  ---------------

Current thread (0x0000024019c88000):  JavaThread "C2 CompilerThread0" daemon [_thread_in_native, id=11892, stack(0x00000081be500000,0x00000081be600000)]


Current CompileTask:
C2:   2254 2432       4       com.sun.prism.impl.ps.BaseShaderContext::checkState (208 bytes)

Stack: [0x00000081be500000,0x00000081be600000]
Native frames: (J=compiled Java code, j=interpreted, Vv=VM code, C=native code)
V  [jvm.dll+0x5dcafa]
V  [jvm.dll+0x70e375]
V  [jvm.dll+0x70f898]
V  [jvm.dll+0x70ff63]
V  [jvm.dll+0x23e238]
V  [jvm.dll+0xb8a9c]
V  [jvm.dll+0xb8fac]
V  [jvm.dll+0x34fc9d]
V  [jvm.dll+0x31d9d3]
V  [jvm.dll+0x31cf6a]
V  [jvm.dll+0x1f78c2]
V  [jvm.dll+0x1f6a94]
V  [jvm.dll+0x17f6fc]
V  [jvm.dll+0x204f77]
V  [jvm.dll+0x2037f1]
V  [jvm.dll+0x6d835f]
V  [jvm.dll+0x6d114d]
V  [jvm.dll+0x5dbdd6]
C  [ucrtbase.dll+0x210b2]
C  [KERNEL32.DLL+0x17c24]
C  [ntdll.dll+0x6d4d1]


---------------  P R O C E S S  ---------------

Threads class SMR info:
_java_thread_list=0x0000024022a8c3f0, length=20, elements={
0x000002407f579000, 0x0000024019c6f800, 0x0000024019c70800, 0x0000024019c85000,
0x0000024019c86000, 0x0000024019c88000, 0x0000024019c95000, 0x0000024019c9c000,
0x000002401a6be000, 0x000002401a707000, 0x000002401a806000, 0x000002401a806800,
0x000002401a9ab800, 0x000002401ab73000, 0x000002401ab4b800, 0x000002401acb0000,
0x000002401ad3e800, 0x000002401aef3800, 0x000002401aed1800, 0x0000024022ae2800
}

Java Threads: ( => current thread )
  0x000002407f579000 JavaThread "main" [_thread_blocked, id=12644, stack(0x00000081bda00000,0x00000081bdb00000)]
  0x0000024019c6f800 JavaThread "Reference Handler" daemon [_thread_blocked, id=14176, stack(0x00000081be100000,0x00000081be200000)]
  0x0000024019c70800 JavaThread "Finalizer" daemon [_thread_blocked, id=12108, stack(0x00000081be200000,0x00000081be300000)]
  0x0000024019c85000 JavaThread "Signal Dispatcher" daemon [_thread_blocked, id=13000, stack(0x00000081be300000,0x00000081be400000)]
  0x0000024019c86000 JavaThread "Attach Listener" daemon [_thread_blocked, id=14600, stack(0x00000081be400000,0x00000081be500000)]
=>0x0000024019c88000 JavaThread "C2 CompilerThread0" daemon [_thread_in_native, id=11892, stack(0x00000081be500000,0x00000081be600000)]
  0x0000024019c95000 JavaThread "C1 CompilerThread0" daemon [_thread_blocked, id=6880, stack(0x00000081be600000,0x00000081be700000)]
  0x0000024019c9c000 JavaThread "Sweeper thread" daemon [_thread_blocked, id=15760, stack(0x00000081be700000,0x00000081be800000)]
  0x000002401a6be000 JavaThread "Common-Cleaner" daemon [_thread_blocked, id=5152, stack(0x00000081be800000,0x00000081be900000)]
  0x000002401a707000 JavaThread "C2 CompilerThread1" daemon [_thread_blocked, id=19476, stack(0x00000081be900000,0x00000081bea00000)]
  0x000002401a806000 JavaThread "Monitor Ctrl-Break" daemon [_thread_in_native, id=14108, stack(0x00000081bea00000,0x00000081beb00000)]
  0x000002401a806800 JavaThread "Service Thread" daemon [_thread_blocked, id=4020, stack(0x00000081beb00000,0x00000081bec00000)]
  0x000002401a9ab800 JavaThread "QuantumRenderer-0" daemon [_thread_in_native, id=1688, stack(0x00000081bed00000,0x00000081bee00000)]
  0x000002401ab73000 JavaThread "InvokeLaterDispatcher" daemon [_thread_blocked, id=11536, stack(0x00000081bee00000,0x00000081bef00000)]
  0x000002401ab4b800 JavaThread "JavaFX Application Thread" [_thread_blocked, id=14952, stack(0x00000081bef00000,0x00000081bf000000)]
  0x000002401acb0000 JavaThread "Thread-1" daemon [_thread_in_native, id=18036, stack(0x00000081bf300000,0x00000081bf400000)]
  0x000002401ad3e800 JavaThread "JavaFX-Launcher" [_thread_blocked, id=836, stack(0x00000081bf400000,0x00000081bf500000)]
  0x000002401aef3800 JavaThread "Media Resource Disposer" daemon [_thread_blocked, id=16128, stack(0x00000081bf500000,0x00000081bf600000)]
  0x000002401aed1800 JavaThread "Java2D Disposer" daemon [_thread_blocked, id=5412, stack(0x00000081bfb00000,0x00000081bfc00000)]
  0x0000024022ae2800 JavaThread "Prism Font Disposer" daemon [_thread_blocked, id=5036, stack(0x00000081bff00000,0x00000081c0000000)]

Other Threads:
  0x0000024019c6e800 VMThread "VM Thread" [stack: 0x00000081be000000,0x00000081be100000] [id=17636]
  0x000002401a80a800 WatcherThread [stack: 0x00000081bec00000,0x00000081bed00000] [id=5672]
  0x000002407f591800 GCTaskThread "GC Thread#0" [stack: 0x00000081bdb00000,0x00000081bdc00000] [id=21100]
  0x000002401aea4800 GCTaskThread "GC Thread#1" [stack: 0x00000081bf600000,0x00000081bf700000] [id=15400]
  0x000002401ae2f800 GCTaskThread "GC Thread#2" [stack: 0x00000081bf700000,0x00000081bf800000] [id=19184]
  0x0000024021de3000 GCTaskThread "GC Thread#3" [stack: 0x00000081bf800000,0x00000081bf900000] [id=10256]
  0x000002401b1dd800 GCTaskThread "GC Thread#4" [stack: 0x00000081bf900000,0x00000081bfa00000] [id=20612]
  0x000002401b1de000 GCTaskThread "GC Thread#5" [stack: 0x00000081bfa00000,0x00000081bfb00000] [id=20352]
  0x000002407f5c1000 ConcurrentGCThread "G1 Main Marker" [stack: 0x00000081bdc00000,0x00000081bdd00000] [id=15856]
  0x000002407f5c3000 ConcurrentGCThread "G1 Conc#0" [stack: 0x00000081bdd00000,0x00000081bde00000] [id=12660]
  0x0000024019b00800 ConcurrentGCThread "G1 Refine#0" [stack: 0x00000081bde00000,0x00000081bdf00000] [id=18424]
  0x000002407f64d800 ConcurrentGCThread "G1 Young RemSet Sampling" [stack: 0x00000081bdf00000,0x00000081be000000] [id=11144]

Threads with active compile tasks:
C2 CompilerThread0   2293 2432       4       com.sun.prism.impl.ps.BaseShaderContext::checkState (208 bytes)

VM state:not at safepoint (normal execution)

VM Mutex/Monitor currently owned by a thread: None

Heap address: 0x0000000082e00000, size: 2002 MB, Compressed Oops mode: 32-bit
Narrow klass base: 0x0000000800000000, Narrow klass shift: 3
Compressed class space size: 1073741824 Address: 0x0000000840000000

Heap:
 garbage-first heap   total 129024K, used 40547K [0x0000000082e00000, 0x0000000100000000)
  region size 1024K, 34 young (34816K), 3 survivors (3072K)
 Metaspace       used 16158K, capacity 16989K, committed 17024K, reserved 1064960K
  class space    used 2062K, capacity 2400K, committed 2432K, reserved 1048576K
Heap Regions: E=young(eden), S=young(survivor), O=old, HS=humongous(starts), HC=humongous(continues), CS=collection set, F=free, A=archive, TAMS=top-at-mark-start (previous, next)
|   0|0x0000000082e00000, 0x0000000082e98c00, 0x0000000082f00000| 59%| O|  |TAMS 0x0000000082e00000, 0x0000000082e00000| Untracked 
|   1|0x0000000082f00000, 0x0000000083000000, 0x0000000083000000|100%|HS|  |TAMS 0x0000000082f00000, 0x0000000082f00000| Complete 
|   2|0x0000000083000000, 0x0000000083100000, 0x0000000083100000|100%|HC|  |TAMS 0x0000000083000000, 0x0000000083000000| Complete 
|   3|0x0000000083100000, 0x0000000083200000, 0x0000000083200000|100%|HC|  |TAMS 0x0000000083100000, 0x0000000083100000| Complete 
|   4|0x0000000083200000, 0x0000000083300000, 0x0000000083300000|100%|HC|  |TAMS 0x0000000083200000, 0x0000000083200000| Complete 
|   5|0x0000000083300000, 0x0000000083400000, 0x0000000083400000|100%|HC|  |TAMS 0x0000000083300000, 0x0000000083300000| Complete 
|   6|0x0000000083400000, 0x0000000083500000, 0x0000000083500000|100%|HS|  |TAMS 0x0000000083400000, 0x0000000083400000| Complete 
|   7|0x0000000083500000, 0x0000000083600000, 0x0000000083600000|100%|HS|  |TAMS 0x0000000083500000, 0x0000000083500000| Complete 
|   8|0x0000000083600000, 0x0000000083600000, 0x0000000083700000|  0%| F|  |TAMS 0x0000000083600000, 0x0000000083600000| Untracked 
|   9|0x0000000083700000, 0x0000000083700000, 0x0000000083800000|  0%| F|  |TAMS 0x0000000083700000, 0x0000000083700000| Untracked 
|  10|0x0000000083800000, 0x0000000083800000, 0x0000000083900000|  0%| F|  |TAMS 0x0000000083800000, 0x0000000083800000| Untracked 
|  11|0x0000000083900000, 0x0000000083900000, 0x0000000083a00000|  0%| F|  |TAMS 0x0000000083900000, 0x0000000083900000| Untracked 
|  12|0x0000000083a00000, 0x0000000083a00000, 0x0000000083b00000|  0%| F|  |TAMS 0x0000000083a00000, 0x0000000083a00000| Untracked 
|  13|0x0000000083b00000, 0x0000000083b00000, 0x0000000083c00000|  0%| F|  |TAMS 0x0000000083b00000, 0x0000000083b00000| Untracked 
|  14|0x0000000083c00000, 0x0000000083c00000, 0x0000000083d00000|  0%| F|  |TAMS 0x0000000083c00000, 0x0000000083c00000| Untracked 
|  15|0x0000000083d00000, 0x0000000083d00000, 0x0000000083e00000|  0%| F|  |TAMS 0x0000000083d00000, 0x0000000083d00000| Untracked 
|  16|0x0000000083e00000, 0x0000000083e00000, 0x0000000083f00000|  0%| F|  |TAMS 0x0000000083e00000, 0x0000000083e00000| Untracked 
|  17|0x0000000083f00000, 0x0000000083f00000, 0x0000000084000000|  0%| F|  |TAMS 0x0000000083f00000, 0x0000000083f00000| Untracked 
|  18|0x0000000084000000, 0x0000000084000000, 0x0000000084100000|  0%| F|  |TAMS 0x0000000084000000, 0x0000000084000000| Untracked 
|  19|0x0000000084100000, 0x0000000084100000, 0x0000000084200000|  0%| F|  |TAMS 0x0000000084100000, 0x0000000084100000| Untracked 
|  20|0x0000000084200000, 0x0000000084200000, 0x0000000084300000|  0%| F|  |TAMS 0x0000000084200000, 0x0000000084200000| Untracked 
|  21|0x0000000084300000, 0x0000000084300000, 0x0000000084400000|  0%| F|  |TAMS 0x0000000084300000, 0x0000000084300000| Untracked 
|  22|0x0000000084400000, 0x0000000084400000, 0x0000000084500000|  0%| F|  |TAMS 0x0000000084400000, 0x0000000084400000| Untracked 
|  23|0x0000000084500000, 0x0000000084500000, 0x0000000084600000|  0%| F|  |TAMS 0x0000000084500000, 0x0000000084500000| Untracked 
|  24|0x0000000084600000, 0x0000000084600000, 0x0000000084700000|  0%| F|  |TAMS 0x0000000084600000, 0x0000000084600000| Untracked 
|  25|0x0000000084700000, 0x0000000084700000, 0x0000000084800000|  0%| F|  |TAMS 0x0000000084700000, 0x0000000084700000| Untracked 
|  26|0x0000000084800000, 0x0000000084800000, 0x0000000084900000|  0%| F|  |TAMS 0x0000000084800000, 0x0000000084800000| Untracked 
|  27|0x0000000084900000, 0x0000000084900000, 0x0000000084a00000|  0%| F|  |TAMS 0x0000000084900000, 0x0000000084900000| Untracked 
|  28|0x0000000084a00000, 0x0000000084a00000, 0x0000000084b00000|  0%| F|  |TAMS 0x0000000084a00000, 0x0000000084a00000| Untracked 
|  29|0x0000000084b00000, 0x0000000084b00000, 0x0000000084c00000|  0%| F|  |TAMS 0x0000000084b00000, 0x0000000084b00000| Untracked 
|  30|0x0000000084c00000, 0x0000000084c00000, 0x0000000084d00000|  0%| F|  |TAMS 0x0000000084c00000, 0x0000000084c00000| Untracked 
|  31|0x0000000084d00000, 0x0000000084d00000, 0x0000000084e00000|  0%| F|  |TAMS 0x0000000084d00000, 0x0000000084d00000| Untracked 
|  32|0x0000000084e00000, 0x0000000084e00000, 0x0000000084f00000|  0%| F|  |TAMS 0x0000000084e00000, 0x0000000084e00000| Untracked 
|  33|0x0000000084f00000, 0x0000000084f00000, 0x0000000085000000|  0%| F|  |TAMS 0x0000000084f00000, 0x0000000084f00000| Untracked 
|  34|0x0000000085000000, 0x0000000085000000, 0x0000000085100000|  0%| F|  |TAMS 0x0000000085000000, 0x0000000085000000| Untracked 
|  35|0x0000000085100000, 0x0000000085100000, 0x0000000085200000|  0%| F|  |TAMS 0x0000000085100000, 0x0000000085100000| Untracked 
|  36|0x0000000085200000, 0x0000000085200000, 0x0000000085300000|  0%| F|  |TAMS 0x0000000085200000, 0x0000000085200000| Untracked 
|  37|0x0000000085300000, 0x0000000085300000, 0x0000000085400000|  0%| F|  |TAMS 0x0000000085300000, 0x0000000085300000| Untracked 
|  38|0x0000000085400000, 0x0000000085400000, 0x0000000085500000|  0%| F|  |TAMS 0x0000000085400000, 0x0000000085400000| Untracked 
|  39|0x0000000085500000, 0x0000000085500000, 0x0000000085600000|  0%| F|  |TAMS 0x0000000085500000, 0x0000000085500000| Untracked 
|  40|0x0000000085600000, 0x0000000085600000, 0x0000000085700000|  0%| F|  |TAMS 0x0000000085600000, 0x0000000085600000| Untracked 
|  41|0x0000000085700000, 0x0000000085700000, 0x0000000085800000|  0%| F|  |TAMS 0x0000000085700000, 0x0000000085700000| Untracked 
|  42|0x0000000085800000, 0x0000000085800000, 0x0000000085900000|  0%| F|  |TAMS 0x0000000085800000, 0x0000000085800000| Untracked 
|  43|0x0000000085900000, 0x0000000085900000, 0x0000000085a00000|  0%| F|  |TAMS 0x0000000085900000, 0x0000000085900000| Untracked 
|  44|0x0000000085a00000, 0x0000000085a00000, 0x0000000085b00000|  0%| F|  |TAMS 0x0000000085a00000, 0x0000000085a00000| Untracked 
|  45|0x0000000085b00000, 0x0000000085b00000, 0x0000000085c00000|  0%| F|  |TAMS 0x0000000085b00000, 0x0000000085b00000| Untracked 
|  46|0x0000000085c00000, 0x0000000085c00000, 0x0000000085d00000|  0%| F|  |TAMS 0x0000000085c00000, 0x0000000085c00000| Untracked 
|  47|0x0000000085d00000, 0x0000000085d00000, 0x0000000085e00000|  0%| F|  |TAMS 0x0000000085d00000, 0x0000000085d00000| Untracked 
|  48|0x0000000085e00000, 0x0000000085e00000, 0x0000000085f00000|  0%| F|  |TAMS 0x0000000085e00000, 0x0000000085e00000| Untracked 
|  49|0x0000000085f00000, 0x0000000085f00000, 0x0000000086000000|  0%| F|  |TAMS 0x0000000085f00000, 0x0000000085f00000| Untracked 
|  50|0x0000000086000000, 0x0000000086000000, 0x0000000086100000|  0%| F|  |TAMS 0x0000000086000000, 0x0000000086000000| Untracked 
|  51|0x0000000086100000, 0x0000000086100000, 0x0000000086200000|  0%| F|  |TAMS 0x0000000086100000, 0x0000000086100000| Untracked 
|  52|0x0000000086200000, 0x0000000086200000, 0x0000000086300000|  0%| F|  |TAMS 0x0000000086200000, 0x0000000086200000| Untracked 
|  53|0x0000000086300000, 0x0000000086300000, 0x0000000086400000|  0%| F|  |TAMS 0x0000000086300000, 0x0000000086300000| Untracked 
|  54|0x0000000086400000, 0x0000000086400000, 0x0000000086500000|  0%| F|  |TAMS 0x0000000086400000, 0x0000000086400000| Untracked 
|  55|0x0000000086500000, 0x0000000086500000, 0x0000000086600000|  0%| F|  |TAMS 0x0000000086500000, 0x0000000086500000| Untracked 
|  56|0x0000000086600000, 0x0000000086600000, 0x0000000086700000|  0%| F|  |TAMS 0x0000000086600000, 0x0000000086600000| Untracked 
|  57|0x0000000086700000, 0x0000000086700000, 0x0000000086800000|  0%| F|  |TAMS 0x0000000086700000, 0x0000000086700000| Untracked 
|  58|0x0000000086800000, 0x0000000086800000, 0x0000000086900000|  0%| F|  |TAMS 0x0000000086800000, 0x0000000086800000| Untracked 
|  59|0x0000000086900000, 0x0000000086900000, 0x0000000086a00000|  0%| F|  |TAMS 0x0000000086900000, 0x0000000086900000| Untracked 
|  60|0x0000000086a00000, 0x0000000086a00000, 0x0000000086b00000|  0%| F|  |TAMS 0x0000000086a00000, 0x0000000086a00000| Untracked 
|  61|0x0000000086b00000, 0x0000000086b00000, 0x0000000086c00000|  0%| F|  |TAMS 0x0000000086b00000, 0x0000000086b00000| Untracked 
|  62|0x0000000086c00000, 0x0000000086c00000, 0x0000000086d00000|  0%| F|  |TAMS 0x0000000086c00000, 0x0000000086c00000| Untracked 
|  63|0x0000000086d00000, 0x0000000086d00000, 0x0000000086e00000|  0%| F|  |TAMS 0x0000000086d00000, 0x0000000086d00000| Untracked 
|  64|0x0000000086e00000, 0x0000000086e00000, 0x0000000086f00000|  0%| F|  |TAMS 0x0000000086e00000, 0x0000000086e00000| Untracked 
|  65|0x0000000086f00000, 0x0000000086f00000, 0x0000000087000000|  0%| F|  |TAMS 0x0000000086f00000, 0x0000000086f00000| Untracked 
|  66|0x0000000087000000, 0x0000000087000000, 0x0000000087100000|  0%| F|  |TAMS 0x0000000087000000, 0x0000000087000000| Untracked 
|  67|0x0000000087100000, 0x0000000087100000, 0x0000000087200000|  0%| F|  |TAMS 0x0000000087100000, 0x0000000087100000| Untracked 
|  68|0x0000000087200000, 0x0000000087200000, 0x0000000087300000|  0%| F|  |TAMS 0x0000000087200000, 0x0000000087200000| Untracked 
|  69|0x0000000087300000, 0x0000000087300000, 0x0000000087400000|  0%| F|  |TAMS 0x0000000087300000, 0x0000000087300000| Untracked 
|  70|0x0000000087400000, 0x0000000087400000, 0x0000000087500000|  0%| F|  |TAMS 0x0000000087400000, 0x0000000087400000| Untracked 
|  71|0x0000000087500000, 0x0000000087500000, 0x0000000087600000|  0%| F|  |TAMS 0x0000000087500000, 0x0000000087500000| Untracked 
|  72|0x0000000087600000, 0x0000000087600000, 0x0000000087700000|  0%| F|  |TAMS 0x0000000087600000, 0x0000000087600000| Untracked 
|  73|0x0000000087700000, 0x0000000087700000, 0x0000000087800000|  0%| F|  |TAMS 0x0000000087700000, 0x0000000087700000| Untracked 
|  74|0x0000000087800000, 0x0000000087800000, 0x0000000087900000|  0%| F|  |TAMS 0x0000000087800000, 0x0000000087800000| Untracked 
|  75|0x0000000087900000, 0x0000000087900000, 0x0000000087a00000|  0%| F|  |TAMS 0x0000000087900000, 0x0000000087900000| Untracked 
|  76|0x0000000087a00000, 0x0000000087a00000, 0x0000000087b00000|  0%| F|  |TAMS 0x0000000087a00000, 0x0000000087a00000| Untracked 
|  77|0x0000000087b00000, 0x0000000087b00000, 0x0000000087c00000|  0%| F|  |TAMS 0x0000000087b00000, 0x0000000087b00000| Untracked 
|  78|0x0000000087c00000, 0x0000000087c00000, 0x0000000087d00000|  0%| F|  |TAMS 0x0000000087c00000, 0x0000000087c00000| Untracked 
|  79|0x0000000087d00000, 0x0000000087d00000, 0x0000000087e00000|  0%| F|  |TAMS 0x0000000087d00000, 0x0000000087d00000| Untracked 
|  80|0x0000000087e00000, 0x0000000087e00000, 0x0000000087f00000|  0%| F|  |TAMS 0x0000000087e00000, 0x0000000087e00000| Untracked 
|  81|0x0000000087f00000, 0x0000000087f00000, 0x0000000088000000|  0%| F|  |TAMS 0x0000000087f00000, 0x0000000087f00000| Untracked 
|  82|0x0000000088000000, 0x0000000088000000, 0x0000000088100000|  0%| F|  |TAMS 0x0000000088000000, 0x0000000088000000| Untracked 
|  83|0x0000000088100000, 0x0000000088100000, 0x0000000088200000|  0%| F|  |TAMS 0x0000000088100000, 0x0000000088100000| Untracked 
|  84|0x0000000088200000, 0x0000000088200000, 0x0000000088300000|  0%| F|  |TAMS 0x0000000088200000, 0x0000000088200000| Untracked 
|  85|0x0000000088300000, 0x0000000088300000, 0x0000000088400000|  0%| F|  |TAMS 0x0000000088300000, 0x0000000088300000| Untracked 
|  86|0x0000000088400000, 0x0000000088400000, 0x0000000088500000|  0%| F|  |TAMS 0x0000000088400000, 0x0000000088400000| Untracked 
|  87|0x0000000088500000, 0x0000000088500000, 0x0000000088600000|  0%| F|  |TAMS 0x0000000088500000, 0x0000000088500000| Untracked 
|  88|0x0000000088600000, 0x0000000088600000, 0x0000000088700000|  0%| F|  |TAMS 0x0000000088600000, 0x0000000088600000| Untracked 
|  89|0x0000000088700000, 0x0000000088700000, 0x0000000088800000|  0%| F|  |TAMS 0x0000000088700000, 0x0000000088700000| Untracked 
|  90|0x0000000088800000, 0x0000000088800000, 0x0000000088900000|  0%| F|  |TAMS 0x0000000088800000, 0x0000000088800000| Untracked 
|  91|0x0000000088900000, 0x0000000088900000, 0x0000000088a00000|  0%| F|  |TAMS 0x0000000088900000, 0x0000000088900000| Untracked 
|  92|0x0000000088a00000, 0x0000000088b00000, 0x0000000088b00000|100%| E|  |TAMS 0x0000000088a00000, 0x0000000088a00000| Complete 
|  93|0x0000000088b00000, 0x0000000088c00000, 0x0000000088c00000|100%| E|CS|TAMS 0x0000000088b00000, 0x0000000088b00000| Complete 
|  94|0x0000000088c00000, 0x0000000088d00000, 0x0000000088d00000|100%| E|CS|TAMS 0x0000000088c00000, 0x0000000088c00000| Complete 
|  95|0x0000000088d00000, 0x0000000088e00000, 0x0000000088e00000|100%| E|CS|TAMS 0x0000000088d00000, 0x0000000088d00000| Complete 
|  96|0x0000000088e00000, 0x0000000088f00000, 0x0000000088f00000|100%| E|CS|TAMS 0x0000000088e00000, 0x0000000088e00000| Complete 
|  97|0x0000000088f00000, 0x0000000089000000, 0x0000000089000000|100%| E|CS|TAMS 0x0000000088f00000, 0x0000000088f00000| Complete 
|  98|0x0000000089000000, 0x0000000089100000, 0x0000000089100000|100%| E|CS|TAMS 0x0000000089000000, 0x0000000089000000| Complete 
|  99|0x0000000089100000, 0x0000000089200000, 0x0000000089200000|100%| S|CS|TAMS 0x0000000089100000, 0x0000000089100000| Complete 
| 100|0x0000000089200000, 0x0000000089300000, 0x0000000089300000|100%| S|CS|TAMS 0x0000000089200000, 0x0000000089200000| Complete 
| 101|0x0000000089300000, 0x0000000089400000, 0x0000000089400000|100%| S|CS|TAMS 0x0000000089300000, 0x0000000089300000| Complete 
| 102|0x0000000089400000, 0x0000000089500000, 0x0000000089500000|100%| E|CS|TAMS 0x0000000089400000, 0x0000000089400000| Complete 
| 103|0x0000000089500000, 0x0000000089600000, 0x0000000089600000|100%| E|CS|TAMS 0x0000000089500000, 0x0000000089500000| Complete 
| 104|0x0000000089600000, 0x0000000089700000, 0x0000000089700000|100%| E|CS|TAMS 0x0000000089600000, 0x0000000089600000| Complete 
| 105|0x0000000089700000, 0x0000000089800000, 0x0000000089800000|100%| E|CS|TAMS 0x0000000089700000, 0x0000000089700000| Complete 
| 106|0x0000000089800000, 0x0000000089900000, 0x0000000089900000|100%| E|CS|TAMS 0x0000000089800000, 0x0000000089800000| Complete 
| 107|0x0000000089900000, 0x0000000089a00000, 0x0000000089a00000|100%| E|CS|TAMS 0x0000000089900000, 0x0000000089900000| Complete 
| 108|0x0000000089a00000, 0x0000000089b00000, 0x0000000089b00000|100%| E|CS|TAMS 0x0000000089a00000, 0x0000000089a00000| Complete 
| 109|0x0000000089b00000, 0x0000000089c00000, 0x0000000089c00000|100%| E|CS|TAMS 0x0000000089b00000, 0x0000000089b00000| Complete 
| 110|0x0000000089c00000, 0x0000000089d00000, 0x0000000089d00000|100%| E|CS|TAMS 0x0000000089c00000, 0x0000000089c00000| Complete 
| 111|0x0000000089d00000, 0x0000000089e00000, 0x0000000089e00000|100%| E|CS|TAMS 0x0000000089d00000, 0x0000000089d00000| Complete 
| 112|0x0000000089e00000, 0x0000000089f00000, 0x0000000089f00000|100%| E|CS|TAMS 0x0000000089e00000, 0x0000000089e00000| Complete 
| 113|0x0000000089f00000, 0x000000008a000000, 0x000000008a000000|100%| E|CS|TAMS 0x0000000089f00000, 0x0000000089f00000| Complete 
| 114|0x000000008a000000, 0x000000008a100000, 0x000000008a100000|100%| E|CS|TAMS 0x000000008a000000, 0x000000008a000000| Complete 
| 115|0x000000008a100000, 0x000000008a200000, 0x000000008a200000|100%| E|CS|TAMS 0x000000008a100000, 0x000000008a100000| Complete 
| 116|0x000000008a200000, 0x000000008a300000, 0x000000008a300000|100%| E|CS|TAMS 0x000000008a200000, 0x000000008a200000| Complete 
| 117|0x000000008a300000, 0x000000008a400000, 0x000000008a400000|100%| E|  |TAMS 0x000000008a300000, 0x000000008a300000| Complete 
| 118|0x000000008a400000, 0x000000008a500000, 0x000000008a500000|100%| E|CS|TAMS 0x000000008a400000, 0x000000008a400000| Complete 
| 119|0x000000008a500000, 0x000000008a600000, 0x000000008a600000|100%| E|CS|TAMS 0x000000008a500000, 0x000000008a500000| Complete 
| 120|0x000000008a600000, 0x000000008a700000, 0x000000008a700000|100%| E|CS|TAMS 0x000000008a600000, 0x000000008a600000| Complete 
| 121|0x000000008a700000, 0x000000008a800000, 0x000000008a800000|100%| E|CS|TAMS 0x000000008a700000, 0x000000008a700000| Complete 
| 122|0x000000008a800000, 0x000000008a900000, 0x000000008a900000|100%| E|CS|TAMS 0x000000008a800000, 0x000000008a800000| Complete 
| 123|0x000000008a900000, 0x000000008aa00000, 0x000000008aa00000|100%| E|CS|TAMS 0x000000008a900000, 0x000000008a900000| Complete 
| 124|0x000000008aa00000, 0x000000008ab00000, 0x000000008ab00000|100%| E|CS|TAMS 0x000000008aa00000, 0x000000008aa00000| Complete 
| 125|0x000000008ab00000, 0x000000008ac00000, 0x000000008ac00000|100%| E|CS|TAMS 0x000000008ab00000, 0x000000008ab00000| Complete 

Card table byte_map: [0x0000024012df0000,0x00000240131e0000] _byte_map_base: 0x00000240129d9000

Marking Bits (Prev, Next): (CMBitMap*) 0x000002407f5b84f8, (CMBitMap*) 0x000002407f5b8530
 Prev Bits: [0x00000240135d0000, 0x0000024015518000)
 Next Bits: [0x0000024015520000, 0x0000024017468000)

Polling page: 0x000002407ed50000

Metaspace:

Usage:
  Non-class:     14.25 MB capacity,    13.77 MB ( 97%) used,   414.48 KB (  3%) free+waste,    75.38 KB ( <1%) overhead. 
      Class:      2.34 MB capacity,     2.01 MB ( 86%) used,   297.56 KB ( 12%) free+waste,    40.00 KB (  2%) overhead. 
       Both:     16.59 MB capacity,    15.78 MB ( 95%) used,   712.05 KB (  4%) free+waste,   115.38 KB ( <1%) overhead. 

Virtual space:
  Non-class space:       16.00 MB reserved,      14.25 MB ( 89%) committed 
      Class space:        1.00 GB reserved,       2.38 MB ( <1%) committed 
             Both:        1.02 GB reserved,      16.63 MB (  2%) committed 

Chunk freelists:
   Non-Class:  3.00 KB
       Class:  0 bytes
        Both:  3.00 KB

MaxMetaspaceSize: 17179869184.00 GB
CompressedClassSpaceSize: 1.00 GB

CodeHeap 'non-profiled nmethods': size=120000Kb used=1000Kb max_used=1000Kb free=119000Kb
 bounds [0x000002400b8c0000, 0x000002400bb30000, 0x0000024012df0000]
CodeHeap 'profiled nmethods': size=120000Kb used=4711Kb max_used=4711Kb free=115289Kb
 bounds [0x0000024004390000, 0x0000024004830000, 0x000002400b8c0000]
CodeHeap 'non-nmethods': size=5760Kb used=1339Kb max_used=1365Kb free=4420Kb
 bounds [0x0000024003df0000, 0x0000024004060000, 0x0000024004390000]
 total_blobs=3953 nmethods=2471 adapters=662
 compilation: enabled
              stopped_count=0, restarted_count=0
 full_count=0

Compilation events (20 events):
Event: 2.218 Thread 0x0000024019c95000 2434       3       javafx.scene.layout.Region::getInsets (8 bytes)
Event: 2.219 Thread 0x0000024019c95000 nmethod 2434 0x0000024004816890 code [0x0000024004816a40, 0x0000024004816c10]
Event: 2.219 Thread 0x0000024019c95000 2435       3       javafx.scene.layout.Region$InsetsProperty::get (123 bytes)
Event: 2.219 Thread 0x000002401a707000 2440       4       com.sun.prism.impl.VertexBuffer::putColor (53 bytes)
Event: 2.220 Thread 0x0000024019c95000 nmethod 2435 0x0000024004816d10 code [0x0000024004816fa0, 0x0000024004817ed0]
Event: 2.220 Thread 0x0000024019c95000 2436       3       javafx.scene.layout.Region::getPadding (11 bytes)
Event: 2.220 Thread 0x0000024019c95000 nmethod 2436 0x0000024004818310 code [0x00000240048184e0, 0x0000024004818830]
Event: 2.220 Thread 0x0000024019c95000 2437       3       com.sun.javafx.collections.VetoableListDecorator::isEmpty (10 bytes)
Event: 2.220 Thread 0x0000024019c95000 nmethod 2437 0x0000024004818910 code [0x0000024004818ae0, 0x0000024004818d30]
Event: 2.220 Thread 0x0000024019c95000 2438       3       java.nio.FloatBuffer::limit (6 bytes)
Event: 2.221 Thread 0x0000024019c95000 nmethod 2438 0x0000024004818e10 code [0x0000024004818fe0, 0x0000024004819210]
Event: 2.221 Thread 0x0000024019c95000 2439       3       com.sun.scenario.effect.Crop::getRenderState (4 bytes)
Event: 2.221 Thread 0x000002401a707000 nmethod 2440 0x000002400b9b8210 code [0x000002400b9b83a0, 0x000002400b9b84b8]
Event: 2.221 Thread 0x0000024019c95000 nmethod 2439 0x0000024004819310 code [0x00000240048194c0, 0x0000024004819658]
Event: 2.233 Thread 0x0000024019c95000 2441       3       javafx.css.StyleableDoubleProperty::set (13 bytes)
Event: 2.234 Thread 0x0000024019c95000 nmethod 2441 0x0000024004819710 code [0x00000240048198e0, 0x0000024004819b10]
Event: 2.234 Thread 0x0000024019c95000 2442       3       com.sun.javafx.animation.TickCalculation::fromNano (10 bytes)
Event: 2.234 Thread 0x0000024019c95000 nmethod 2442 0x0000024004819c10 code [0x0000024004819de0, 0x0000024004819f70]
Event: 2.234 Thread 0x0000024019c95000 2443       3       javafx.scene.Node::minWidth (6 bytes)
Event: 2.235 Thread 0x0000024019c95000 nmethod 2443 0x000002400481a010 code [0x000002400481a1c0, 0x000002400481a410]

GC Heap History (2 events):
Event: 0.586 GC heap before
{Heap before GC invocations=0 (full 0):
 garbage-first heap   total 129024K, used 23552K [0x0000000082e00000, 0x0000000100000000)
  region size 1024K, 24 young (24576K), 0 survivors (0K)
 Metaspace       used 8112K, capacity 9495K, committed 9728K, reserved 1058816K
  class space    used 960K, capacity 1208K, committed 1280K, reserved 1048576K
}
Event: 0.589 GC heap after
{Heap after GC invocations=1 (full 0):
 garbage-first heap   total 129024K, used 3683K [0x0000000082e00000, 0x0000000100000000)
  region size 1024K, 3 young (3072K), 3 survivors (3072K)
 Metaspace       used 8112K, capacity 9495K, committed 9728K, reserved 1058816K
  class space    used 960K, capacity 1208K, committed 1280K, reserved 1048576K
}

Deoptimization events (20 events):
Event: 1.053 Thread 0x000002401ab4b800 Uncommon trap: trap_request=0xffffff4d fr.pc=0x000002400b9002a4 relative=0x0000000000000484
Event: 1.053 Thread 0x000002401ab4b800 Uncommon trap: reason=unstable_if action=reinterpret pc=0x000002400b9002a4 method=jdk.internal.org.objectweb.asm.Type.getArgumentsAndReturnSizes(Ljava/lang/String;)I @ 47 c2
Event: 1.053 Thread 0x000002401ab4b800 DEOPT PACKING pc=0x000002400b9002a4 sp=0x00000081beffbeb0
Event: 1.053 Thread 0x000002401ab4b800 DEOPT UNPACKING pc=0x0000024003e1922f sp=0x00000081beffbe40 mode 2
Event: 1.087 Thread 0x000002401a9ab800 Uncommon trap: trap_request=0xffffffc6 fr.pc=0x000002400b933e30 relative=0x0000000000000630
Event: 1.087 Thread 0x000002401a9ab800 Uncommon trap: reason=bimorphic_or_optimized_type_check action=maybe_recompile pc=0x000002400b933e30 method=java.io.BufferedInputStream.read([BII)I @ 101 c2
Event: 1.087 Thread 0x000002401a9ab800 DEOPT PACKING pc=0x000002400b933e30 sp=0x00000081bedfd7d0
Event: 1.087 Thread 0x000002401a9ab800 DEOPT UNPACKING pc=0x0000024003e1922f sp=0x00000081bedfd7c8 mode 2
Event: 1.107 Thread 0x000002401a9ab800 Uncommon trap: trap_request=0xffffffc6 fr.pc=0x000002400b933e30 relative=0x0000000000000630
Event: 1.107 Thread 0x000002401a9ab800 Uncommon trap: reason=bimorphic_or_optimized_type_check action=maybe_recompile pc=0x000002400b933e30 method=java.io.BufferedInputStream.read([BII)I @ 101 c2
Event: 1.107 Thread 0x000002401a9ab800 DEOPT PACKING pc=0x000002400b933e30 sp=0x00000081bedfd6c0
Event: 1.107 Thread 0x000002401a9ab800 DEOPT UNPACKING pc=0x0000024003e1922f sp=0x00000081bedfd6b8 mode 2
Event: 1.133 Thread 0x000002401a9ab800 Uncommon trap: trap_request=0xffffffc6 fr.pc=0x000002400b933e30 relative=0x0000000000000630
Event: 1.133 Thread 0x000002401a9ab800 Uncommon trap: reason=bimorphic_or_optimized_type_check action=maybe_recompile pc=0x000002400b933e30 method=java.io.BufferedInputStream.read([BII)I @ 101 c2
Event: 1.133 Thread 0x000002401a9ab800 DEOPT PACKING pc=0x000002400b933e30 sp=0x00000081bedfd950
Event: 1.133 Thread 0x000002401a9ab800 DEOPT UNPACKING pc=0x0000024003e1922f sp=0x00000081bedfd948 mode 2
Event: 1.183 Thread 0x000002401a9ab800 Uncommon trap: trap_request=0xffffffc6 fr.pc=0x000002400b933e30 relative=0x0000000000000630
Event: 1.183 Thread 0x000002401a9ab800 Uncommon trap: reason=bimorphic_or_optimized_type_check action=maybe_recompile pc=0x000002400b933e30 method=java.io.BufferedInputStream.read([BII)I @ 101 c2
Event: 1.183 Thread 0x000002401a9ab800 DEOPT PACKING pc=0x000002400b933e30 sp=0x00000081bedfdad0
Event: 1.183 Thread 0x000002401a9ab800 DEOPT UNPACKING pc=0x0000024003e1922f sp=0x00000081bedfdac8 mode 2

Classes redefined (0 events):
No events

Internal exceptions (20 events):
Event: 0.723 Thread 0x000002401ab4b800 Exception <a 'java/io/FileNotFoundException'{0x000000008a7cbd08}> (0x000000008a7cbd08) thrown at [c:/BuildAgent/work/5ff2f6c26000d570/src/hotspot/share/prims/jni.cpp, line 615]
Event: 0.727 Thread 0x000002401ab4b800 Exception <a 'java/io/FileNotFoundException'{0x000000008a602858}> (0x000000008a602858) thrown at [c:/BuildAgent/work/5ff2f6c26000d570/src/hotspot/share/prims/jni.cpp, line 615]
Event: 0.734 Thread 0x000002401ab4b800 Exception <a 'java/io/FileNotFoundException'{0x000000008a65c188}> (0x000000008a65c188) thrown at [c:/BuildAgent/work/5ff2f6c26000d570/src/hotspot/share/prims/jni.cpp, line 615]
Event: 0.736 Thread 0x000002401ab4b800 Exception <a 'java/io/FileNotFoundException'{0x000000008a665db8}> (0x000000008a665db8) thrown at [c:/BuildAgent/work/5ff2f6c26000d570/src/hotspot/share/prims/jni.cpp, line 615]
Event: 0.811 Thread 0x000002401ab4b800 Exception <a 'java/lang/NoSuchMethodError'{0x0000000089fa5a30}: 'void java.lang.invoke.DirectMethodHandle$Holder.invokeStaticInit(java.lang.Object, java.lang.Object)'> (0x0000000089fa5a30) thrown at [c:/BuildAgent/work/5ff2f6c26000d570/src/hotspot/share/i
Event: 0.816 Thread 0x000002401ab4b800 Exception <a 'java/io/FileNotFoundException'{0x0000000089e0a680}> (0x0000000089e0a680) thrown at [c:/BuildAgent/work/5ff2f6c26000d570/src/hotspot/share/prims/jni.cpp, line 615]
Event: 0.823 Thread 0x000002401ab4b800 Exception <a 'java/io/FileNotFoundException'{0x0000000089e830a8}> (0x0000000089e830a8) thrown at [c:/BuildAgent/work/5ff2f6c26000d570/src/hotspot/share/prims/jni.cpp, line 615]
Event: 0.826 Thread 0x000002401ab4b800 Exception <a 'java/io/FileNotFoundException'{0x0000000089d142e8}> (0x0000000089d142e8) thrown at [c:/BuildAgent/work/5ff2f6c26000d570/src/hotspot/share/prims/jni.cpp, line 615]
Event: 0.829 Thread 0x000002401ab4b800 Exception <a 'java/io/FileNotFoundException'{0x0000000089d2dcc0}> (0x0000000089d2dcc0) thrown at [c:/BuildAgent/work/5ff2f6c26000d570/src/hotspot/share/prims/jni.cpp, line 615]
Event: 0.861 Thread 0x000002401ab4b800 Implicit null exception at 0x000002400b93ffa5 to 0x000002400b94039e
Event: 0.861 Thread 0x000002401ab4b800 Implicit null exception at 0x000002400b90ed88 to 0x000002400b90ee1a
Event: 0.866 Thread 0x000002401ab4b800 Implicit null exception at 0x000002400b90e9af to 0x000002400b90ea2d
Event: 1.004 Thread 0x000002401ab4b800 Exception <a 'java/lang/NoSuchMethodError'{0x00000000895d25e0}: 'java.lang.Object java.lang.invoke.Invokers$Holder.linkToTargetMethod(java.lang.Object, int, java.lang.Object)'> (0x00000000895d25e0) thrown at [c:/BuildAgent/work/5ff2f6c26000d570/src/hotspo
Event: 1.017 Thread 0x000002401ab4b800 Exception <a 'java/lang/NoSuchMethodError'{0x000000008943d138}: 'java.lang.Object java.lang.invoke.DirectMethodHandle$Holder.invokeInterface(java.lang.Object, java.lang.Object, java.lang.Object)'> (0x000000008943d138) thrown at [c:/BuildAgent/work/5ff2f6c
Event: 1.017 Thread 0x000002401ab4b800 Exception <a 'java/lang/IncompatibleClassChangeError'{0x00000000894402f0}: Found class java.lang.Object, but interface was expected> (0x00000000894402f0) thrown at [c:/BuildAgent/work/5ff2f6c26000d570/src/hotspot/share/interpreter/linkResolver.cpp, line 8
Event: 1.053 Thread 0x000002401ab4b800 Exception <a 'java/lang/NoSuchMethodError'{0x0000000088f07720}: 'long java.lang.invoke.DirectMethodHandle$Holder.invokeStaticInit(java.lang.Object, java.lang.Object, java.lang.Object)'> (0x0000000088f07720) thrown at [c:/BuildAgent/work/5ff2f6c26000d570/s
Event: 1.055 Thread 0x000002401ab4b800 Exception <a 'java/lang/NoSuchMethodError'{0x0000000088f1fd68}: 'java.lang.Object java.lang.invoke.DirectMethodHandle$Holder.invokeStatic(java.lang.Object, java.lang.Object, long)'> (0x0000000088f1fd68) thrown at [c:/BuildAgent/work/5ff2f6c26000d570/src/h
Event: 1.056 Thread 0x000002401ab4b800 Exception <a 'java/lang/NoSuchMethodError'{0x0000000088f25ee0}: 'java.lang.Object java.lang.invoke.Invokers$Holder.linkToTargetMethod(java.lang.Object, long, java.lang.Object)'> (0x0000000088f25ee0) thrown at [c:/BuildAgent/work/5ff2f6c26000d570/src/hotsp
Event: 1.071 Thread 0x000002401a9ab800 Exception <a 'java/lang/NoSuchMethodError'{0x0000000088e1e8d8}: 'int java.lang.invoke.DirectMethodHandle$Holder.invokeStaticInit(java.lang.Object, java.lang.Object)'> (0x0000000088e1e8d8) thrown at [c:/BuildAgent/work/5ff2f6c26000d570/src/hotspot/share/in
Event: 1.123 Thread 0x000002401a9ab800 Exception <a 'java/lang/NoSuchMethodError'{0x0000000088d48590}: 'java.lang.Object java.lang.invoke.DirectMethodHandle$Holder.invokeStaticInit(java.lang.Object, int)'> (0x0000000088d48590) thrown at [c:/BuildAgent/work/5ff2f6c26000d570/src/hotspot/share/in

Events (20 events):
Event: 1.183 Executing VM operation: RevokeBias
Event: 1.183 Executing VM operation: RevokeBias done
Event: 1.216 Executing VM operation: RevokeBias
Event: 1.216 Executing VM operation: RevokeBias done
Event: 1.706 Executing VM operation: ICBufferFull
Event: 1.706 Executing VM operation: ICBufferFull done
Event: 2.115 loading class java/io/UnsupportedEncodingException
Event: 2.115 loading class java/io/UnsupportedEncodingException done
Event: 2.119 loading class javafx/animation/KeyFrame
Event: 2.119 loading class javafx/animation/KeyFrame done
Event: 2.120 loading class javafx/animation/KeyFrame
Event: 2.120 loading class javafx/animation/KeyFrame done
Event: 2.121 loading class javafx/event/Event
Event: 2.121 loading class javafx/event/Event done
Event: 2.121 loading class javafx/event/ActionEvent
Event: 2.121 loading class javafx/event/ActionEvent done
Event: 2.121 loading class javafx/event/ActionEvent
Event: 2.121 loading class javafx/event/ActionEvent done
Event: 2.121 loading class javafx/scene/Scene$ClickCounter
Event: 2.121 loading class javafx/scene/Scene$ClickCounter done


Dynamic libraries:
0x00007ff7258e0000 - 0x00007ff7258ea000 	C:\Program Files\JetBrains\IntelliJ IDEA Community Edition 2019.3.1\jbr\bin\java.exe
0x00007ffe05260000 - 0x00007ffe05450000 	C:\WINDOWS\SYSTEM32\ntdll.dll
0x00007ffe05030000 - 0x00007ffe050e2000 	C:\WINDOWS\System32\KERNEL32.DLL
0x00007ffe024c0000 - 0x00007ffe02765000 	C:\WINDOWS\System32\KERNELBASE.dll
0x00007ffe02800000 - 0x00007ffe028fa000 	C:\WINDOWS\System32\ucrtbase.dll
0x00007ffdf6c90000 - 0x00007ffdf6ca7000 	C:\Program Files\JetBrains\IntelliJ IDEA Community Edition 2019.3.1\jbr\bin\VCRUNTIME140.dll
0x00007ffdf01b0000 - 0x00007ffdf01c9000 	C:\Program Files\JetBrains\IntelliJ IDEA Community Edition 2019.3.1\jbr\bin\jli.dll
0x00007ffe03800000 - 0x00007ffe03994000 	C:\WINDOWS\System32\USER32.dll
0x00007ffe03230000 - 0x00007ffe03251000 	C:\WINDOWS\System32\win32u.dll
0x00007ffe03d20000 - 0x00007ffe03d46000 	C:\WINDOWS\System32\GDI32.dll
0x00007ffe02900000 - 0x00007ffe02a96000 	C:\WINDOWS\System32\gdi32full.dll
0x00007ffe02420000 - 0x00007ffe024be000 	C:\WINDOWS\System32\msvcp_win.dll
0x00007ffdf2c00000 - 0x00007ffdf2e84000 	C:\WINDOWS\WinSxS\amd64_microsoft.windows.common-controls_6595b64144ccf1df_6.0.18362.1256_none_9e7e379be45e40e2\COMCTL32.dll
0x00007ffe03760000 - 0x00007ffe037fe000 	C:\WINDOWS\System32\msvcrt.dll
0x00007ffe041c0000 - 0x00007ffe044f6000 	C:\WINDOWS\System32\combase.dll
0x00007ffe04520000 - 0x00007ffe04640000 	C:\WINDOWS\System32\RPCRT4.dll
0x00007ffe021d0000 - 0x00007ffe02251000 	C:\WINDOWS\System32\bcryptPrimitives.dll
0x00007ffe03450000 - 0x00007ffe0347e000 	C:\WINDOWS\System32\IMM32.DLL
0x00007ffdd6ea0000 - 0x00007ffdd6f3d000 	C:\Program Files\JetBrains\IntelliJ IDEA Community Edition 2019.3.1\jbr\bin\msvcp140.dll
0x00007ffdbcd70000 - 0x00007ffdbd82b000 	C:\Program Files\JetBrains\IntelliJ IDEA Community Edition 2019.3.1\jbr\bin\server\jvm.dll
0x00007ffe03550000 - 0x00007ffe035f3000 	C:\WINDOWS\System32\ADVAPI32.dll
0x00007ffe04de0000 - 0x00007ffe04e77000 	C:\WINDOWS\System32\sechost.dll
0x00007ffe03310000 - 0x00007ffe03318000 	C:\WINDOWS\System32\PSAPI.DLL
0x00007ffde8fa0000 - 0x00007ffde8fa9000 	C:\WINDOWS\SYSTEM32\WSOCK32.dll
0x00007ffe04fc0000 - 0x00007ffe0502f000 	C:\WINDOWS\System32\WS2_32.dll
0x00007ffdf9390000 - 0x00007ffdf939a000 	C:\WINDOWS\SYSTEM32\VERSION.dll
0x00007ffdf3920000 - 0x00007ffdf3944000 	C:\WINDOWS\SYSTEM32\WINMM.dll
0x00007ffdf3040000 - 0x00007ffdf306d000 	C:\WINDOWS\SYSTEM32\WINMMBASE.dll
0x00007ffe023d0000 - 0x00007ffe0241a000 	C:\WINDOWS\System32\cfgmgr32.dll
0x00007ffe02160000 - 0x00007ffe02171000 	C:\WINDOWS\System32\kernel.appcore.dll
0x00007ffdfaab0000 - 0x00007ffdfaac1000 	C:\Program Files\JetBrains\IntelliJ IDEA Community Edition 2019.3.1\jbr\bin\verify.dll
0x00007ffe00a00000 - 0x00007ffe00bf4000 	C:\WINDOWS\SYSTEM32\DBGHELP.DLL
0x00007ffdf8dd0000 - 0x00007ffdf8dfa000 	C:\WINDOWS\SYSTEM32\dbgcore.DLL
0x00007ffdfa6f0000 - 0x00007ffdfa719000 	C:\Program Files\JetBrains\IntelliJ IDEA Community Edition 2019.3.1\jbr\bin\java.dll
0x00007ffdfa390000 - 0x00007ffdfa39f000 	C:\Program Files\JetBrains\IntelliJ IDEA Community Edition 2019.3.1\jbr\bin\instrument.dll
0x00007ffdfaa90000 - 0x00007ffdfaaa7000 	C:\Program Files\JetBrains\IntelliJ IDEA Community Edition 2019.3.1\jbr\bin\zip.dll
0x00007ffdfe8a0000 - 0x00007ffdfe8ab000 	C:\Program Files\JetBrains\IntelliJ IDEA Community Edition 2019.3.1\jbr\bin\jimage.dll
0x00007ffe046f0000 - 0x00007ffe04dd7000 	C:\WINDOWS\System32\SHELL32.dll
0x00007ffe050f0000 - 0x00007ffe05199000 	C:\WINDOWS\System32\shcore.dll
0x00007ffe02aa0000 - 0x00007ffe03221000 	C:\WINDOWS\System32\windows.storage.dll
0x00007ffe02130000 - 0x00007ffe02153000 	C:\WINDOWS\System32\profapi.dll
0x00007ffe02180000 - 0x00007ffe021ca000 	C:\WINDOWS\System32\powrprof.dll
0x00007ffe02100000 - 0x00007ffe02110000 	C:\WINDOWS\System32\UMPDC.dll
0x00007ffe033f0000 - 0x00007ffe03442000 	C:\WINDOWS\System32\shlwapi.dll
0x00007ffe023b0000 - 0x00007ffe023c7000 	C:\WINDOWS\System32\cryptsp.dll
0x00007ffdfa450000 - 0x00007ffdfa46a000 	C:\Program Files\JetBrains\IntelliJ IDEA Community Edition 2019.3.1\jbr\bin\net.dll
0x00007ffdf5cf0000 - 0x00007ffdf5de0000 	C:\WINDOWS\SYSTEM32\WINHTTP.dll
0x00007ffe01950000 - 0x00007ffe019b7000 	C:\WINDOWS\system32\mswsock.dll
0x00007ffdf9190000 - 0x00007ffdf91a4000 	C:\Program Files\JetBrains\IntelliJ IDEA Community Edition 2019.3.1\jbr\bin\nio.dll
0x00007ffdf0230000 - 0x00007ffdf024a000 	C:\Program Files\JetBrains\IntelliJ IDEA Community Edition 2019.3.1\bin\breakgen64.dll
0x000002407ffb0000 - 0x000002407ffb3000 	C:\Program Files\JetBrains\IntelliJ IDEA Community Edition 2019.3.1\jbr\bin\api-ms-win-core-console-l1-1-0.dll
0x000002407ffc0000 - 0x000002407ffc3000 	C:\Program Files\JetBrains\IntelliJ IDEA Community Edition 2019.3.1\jbr\bin\api-ms-win-core-datetime-l1-1-0.dll
0x000002407ffd0000 - 0x000002407ffd3000 	C:\Program Files\JetBrains\IntelliJ IDEA Community Edition 2019.3.1\jbr\bin\api-ms-win-core-debug-l1-1-0.dll
0x000002407ffe0000 - 0x000002407ffe3000 	C:\Program Files\JetBrains\IntelliJ IDEA Community Edition 2019.3.1\jbr\bin\api-ms-win-core-errorhandling-l1-1-0.dll
0x000002407fff0000 - 0x000002407fff4000 	C:\Program Files\JetBrains\IntelliJ IDEA Community Edition 2019.3.1\jbr\bin\api-ms-win-core-file-l1-1-0.dll
0x000002401b1e0000 - 0x000002401b1e3000 	C:\Program Files\JetBrains\IntelliJ IDEA Community Edition 2019.3.1\jbr\bin\api-ms-win-core-file-l1-2-0.dll
0x000002401b1f0000 - 0x000002401b1f3000 	C:\Program Files\JetBrains\IntelliJ IDEA Community Edition 2019.3.1\jbr\bin\api-ms-win-core-file-l2-1-0.dll
0x000002401b200000 - 0x000002401b203000 	C:\Program Files\JetBrains\IntelliJ IDEA Community Edition 2019.3.1\jbr\bin\api-ms-win-core-handle-l1-1-0.dll
0x000002401b210000 - 0x000002401b213000 	C:\Program Files\JetBrains\IntelliJ IDEA Community Edition 2019.3.1\jbr\bin\api-ms-win-core-heap-l1-1-0.dll
0x000002401b220000 - 0x000002401b223000 	C:\Program Files\JetBrains\IntelliJ IDEA Community Edition 2019.3.1\jbr\bin\api-ms-win-core-interlocked-l1-1-0.dll
0x000002401b230000 - 0x000002401b233000 	C:\Program Files\JetBrains\IntelliJ IDEA Community Edition 2019.3.1\jbr\bin\api-ms-win-core-libraryloader-l1-1-0.dll
0x000002401b240000 - 0x000002401b243000 	C:\Program Files\JetBrains\IntelliJ IDEA Community Edition 2019.3.1\jbr\bin\api-ms-win-core-localization-l1-2-0.dll
0x000002401b250000 - 0x000002401b253000 	C:\Program Files\JetBrains\IntelliJ IDEA Community Edition 2019.3.1\jbr\bin\api-ms-win-core-memory-l1-1-0.dll
0x000002401b260000 - 0x000002401b263000 	C:\Program Files\JetBrains\IntelliJ IDEA Community Edition 2019.3.1\jbr\bin\api-ms-win-core-namedpipe-l1-1-0.dll
0x000002401b270000 - 0x000002401b273000 	C:\Program Files\JetBrains\IntelliJ IDEA Community Edition 2019.3.1\jbr\bin\api-ms-win-core-processenvironment-l1-1-0.dll
0x000002401b280000 - 0x000002401b283000 	C:\Program Files\JetBrains\IntelliJ IDEA Community Edition 2019.3.1\jbr\bin\api-ms-win-core-processthreads-l1-1-0.dll
0x000002401b290000 - 0x000002401b293000 	C:\Program Files\JetBrains\IntelliJ IDEA Community Edition 2019.3.1\jbr\bin\api-ms-win-core-processthreads-l1-1-1.dll
0x000002401b2a0000 - 0x000002401b2a3000 	C:\Program Files\JetBrains\IntelliJ IDEA Community Edition 2019.3.1\jbr\bin\api-ms-win-core-profile-l1-1-0.dll
0x000002401b2b0000 - 0x000002401b2b3000 	C:\Program Files\JetBrains\IntelliJ IDEA Community Edition 2019.3.1\jbr\bin\api-ms-win-core-rtlsupport-l1-1-0.dll
0x000002401b2c0000 - 0x000002401b2c3000 	C:\Program Files\JetBrains\IntelliJ IDEA Community Edition 2019.3.1\jbr\bin\api-ms-win-core-string-l1-1-0.dll
0x000002401b2d0000 - 0x000002401b2d3000 	C:\Program Files\JetBrains\IntelliJ IDEA Community Edition 2019.3.1\jbr\bin\api-ms-win-core-synch-l1-1-0.dll
0x000002401b2e0000 - 0x000002401b2e3000 	C:\Program Files\JetBrains\IntelliJ IDEA Community Edition 2019.3.1\jbr\bin\api-ms-win-core-synch-l1-2-0.dll
0x000002401b2f0000 - 0x000002401b2f3000 	C:\Program Files\JetBrains\IntelliJ IDEA Community Edition 2019.3.1\jbr\bin\api-ms-win-core-sysinfo-l1-1-0.dll
0x000002401b300000 - 0x000002401b303000 	C:\Program Files\JetBrains\IntelliJ IDEA Community Edition 2019.3.1\jbr\bin\api-ms-win-core-timezone-l1-1-0.dll
0x000002401b310000 - 0x000002401b313000 	C:\Program Files\JetBrains\IntelliJ IDEA Community Edition 2019.3.1\jbr\bin\api-ms-win-core-util-l1-1-0.dll
0x000002401b320000 - 0x000002401b323000 	C:\Program Files\JetBrains\IntelliJ IDEA Community Edition 2019.3.1\jbr\bin\api-ms-win-crt-conio-l1-1-0.dll
0x000002401b330000 - 0x000002401b334000 	C:\Program Files\JetBrains\IntelliJ IDEA Community Edition 2019.3.1\jbr\bin\api-ms-win-crt-convert-l1-1-0.dll
0x000002401b340000 - 0x000002401b343000 	C:\Program Files\JetBrains\IntelliJ IDEA Community Edition 2019.3.1\jbr\bin\api-ms-win-crt-environment-l1-1-0.dll
0x000002401b350000 - 0x000002401b353000 	C:\Program Files\JetBrains\IntelliJ IDEA Community Edition 2019.3.1\jbr\bin\api-ms-win-crt-filesystem-l1-1-0.dll
0x000002401b360000 - 0x000002401b363000 	C:\Program Files\JetBrains\IntelliJ IDEA Community Edition 2019.3.1\jbr\bin\api-ms-win-crt-heap-l1-1-0.dll
0x000002401b370000 - 0x000002401b373000 	C:\Program Files\JetBrains\IntelliJ IDEA Community Edition 2019.3.1\jbr\bin\api-ms-win-crt-locale-l1-1-0.dll
0x000002401b380000 - 0x000002401b385000 	C:\Program Files\JetBrains\IntelliJ IDEA Community Edition 2019.3.1\jbr\bin\api-ms-win-crt-math-l1-1-0.dll
0x000002401b390000 - 0x000002401b395000 	C:\Program Files\JetBrains\IntelliJ IDEA Community Edition 2019.3.1\jbr\bin\api-ms-win-crt-multibyte-l1-1-0.dll
0x000002401b3a0000 - 0x000002401b3b0000 	C:\Program Files\JetBrains\IntelliJ IDEA Community Edition 2019.3.1\jbr\bin\api-ms-win-crt-private-l1-1-0.dll
0x000002401b3b0000 - 0x000002401b3b3000 	C:\Program Files\JetBrains\IntelliJ IDEA Community Edition 2019.3.1\jbr\bin\api-ms-win-crt-process-l1-1-0.dll
0x000002401b3c0000 - 0x000002401b3c4000 	C:\Program Files\JetBrains\IntelliJ IDEA Community Edition 2019.3.1\jbr\bin\api-ms-win-crt-runtime-l1-1-0.dll
0x000002401b3d0000 - 0x000002401b3d4000 	C:\Program Files\JetBrains\IntelliJ IDEA Community Edition 2019.3.1\jbr\bin\api-ms-win-crt-stdio-l1-1-0.dll
0x000002401b3e0000 - 0x000002401b3e4000 	C:\Program Files\JetBrains\IntelliJ IDEA Community Edition 2019.3.1\jbr\bin\api-ms-win-crt-string-l1-1-0.dll
0x000002401b3f0000 - 0x000002401b3f3000 	C:\Program Files\JetBrains\IntelliJ IDEA Community Edition 2019.3.1\jbr\bin\api-ms-win-crt-time-l1-1-0.dll
0x000002401b400000 - 0x000002401b403000 	C:\Program Files\JetBrains\IntelliJ IDEA Community Edition 2019.3.1\jbr\bin\api-ms-win-crt-utility-l1-1-0.dll
0x00007ffdd7440000 - 0x00007ffdd753a000 	C:\Program Files\JetBrains\IntelliJ IDEA Community Edition 2019.3.1\jbr\bin\ucrtbase.dll
0x00007ffddd040000 - 0x00007ffddd091000 	C:\Windows\System32\concrt140.dll
0x00007ffddd820000 - 0x00007ffddd843000 	C:\Program Files\JetBrains\IntelliJ IDEA Community Edition 2019.3.1\jbr\bin\prism_d3d.dll
0x00007ffdc52d0000 - 0x00007ffdc5497000 	C:\WINDOWS\system32\d3d9.dll
0x00007ffe004d0000 - 0x00007ffe004fd000 	C:\WINDOWS\SYSTEM32\dwmapi.dll
0x00007ffe00db0000 - 0x00007ffe00dd0000 	C:\WINDOWS\SYSTEM32\dxcore.dll
0x00007ffe000a0000 - 0x00007ffe00139000 	C:\WINDOWS\system32\uxtheme.dll
0x00007ffdc5160000 - 0x00007ffdc52c4000 	C:\WINDOWS\System32\DriverStore\FileRepository\iigd_dch.inf_amd64_440392e76b44e849\igdumdim64.dll
0x00007ffd9afa0000 - 0x00007ffd9ef7a000 	C:\WINDOWS\System32\DriverStore\FileRepository\iigd_dch.inf_amd64_440392e76b44e849\igd9dxva64.dll
0x00007ffe03600000 - 0x00007ffe03757000 	C:\WINDOWS\System32\ole32.dll
0x00007ffe03480000 - 0x00007ffe03545000 	C:\WINDOWS\System32\OLEAUT32.dll
0x00007ffde8cf0000 - 0x00007ffde8e94000 	C:\WINDOWS\System32\DriverStore\FileRepository\iigd_dch.inf_amd64_440392e76b44e849\igdgmm64.dll
0x00007ffddcdb0000 - 0x00007ffddcdf5000 	C:\Program Files\JetBrains\IntelliJ IDEA Community Edition 2019.3.1\jbr\bin\glass.dll
0x00007ffe03320000 - 0x00007ffe033f0000 	C:\WINDOWS\System32\COMDLG32.dll
0x00007ffe03bd0000 - 0x00007ffe03d05000 	C:\WINDOWS\System32\MSCTF.dll
0x00007ffdf6e10000 - 0x00007ffdf6e36000 	C:\WINDOWS\System32\DriverStore\FileRepository\iigd_dch.inf_amd64_440392e76b44e849\igdinfo64.dll
0x00007ffde58b0000 - 0x00007ffde7d4b000 	C:\WINDOWS\System32\DriverStore\FileRepository\iigd_dch.inf_amd64_440392e76b44e849\igc64.dll
0x00007ffdd6e10000 - 0x00007ffdd6ea0000 	C:\Program Files\JetBrains\IntelliJ IDEA Community Edition 2019.3.1\jbr\bin\glib-lite.dll
0x00007ffdcb920000 - 0x00007ffdcb9d7000 	C:\Program Files\JetBrains\IntelliJ IDEA Community Edition 2019.3.1\jbr\bin\gstreamer-lite.dll
0x00007ffdd6d70000 - 0x00007ffdd6e09000 	C:\WINDOWS\SYSTEM32\DSOUND.dll
0x00007ffdf0200000 - 0x00007ffdf0226000 	C:\Program Files\JetBrains\IntelliJ IDEA Community Edition 2019.3.1\jbr\bin\jfxmedia.dll
0x00007ffde5770000 - 0x00007ffde5784000 	C:\Program Files\JetBrains\IntelliJ IDEA Community Edition 2019.3.1\jbr\bin\javafx_font.dll
0x00007ffdcbe10000 - 0x00007ffdcbfb1000 	C:\Program Files\JetBrains\IntelliJ IDEA Community Edition 2019.3.1\jbr\bin\awt.dll
0x00007ffdfeb00000 - 0x00007ffdff0c0000 	C:\WINDOWS\SYSTEM32\d2d1.dll
0x00007ffdfffb0000 - 0x00007ffe0003f000 	C:\WINDOWS\SYSTEM32\apphelp.dll
0x00007ffdd7e10000 - 0x00007ffdd7e95000 	C:\Program Files\JetBrains\IntelliJ IDEA Community Edition 2019.3.1\jbr\bin\freetype.dll
0x00007ffdd7bd0000 - 0x00007ffdd7c78000 	C:\Program Files\JetBrains\IntelliJ IDEA Community Edition 2019.3.1\jbr\bin\fontmanager.dll
0x00007ffde4c00000 - 0x00007ffde4efe000 	C:\WINDOWS\SYSTEM32\dwrite.dll
0x00007ffe04640000 - 0x00007ffe046e2000 	C:\WINDOWS\System32\clbcatq.dll
0x00007ffdefa80000 - 0x00007ffdefc2f000 	C:\WINDOWS\SYSTEM32\WindowsCodecs.dll
0x00007ffdce270000 - 0x00007ffdce2aa000 	C:\WINDOWS\system32\dataexchange.dll
0x00007ffdff110000 - 0x00007ffdff36b000 	C:\WINDOWS\system32\d3d11.dll
0x00007ffdff820000 - 0x00007ffdff9fd000 	C:\WINDOWS\system32\dcomp.dll
0x00007ffe00dd0000 - 0x00007ffe00ebb000 	C:\WINDOWS\system32\dxgi.dll
0x00007ffe00160000 - 0x00007ffe003c2000 	C:\WINDOWS\system32\twinapi.appcore.dll
0x00007ffe00500000 - 0x00007ffe00529000 	C:\WINDOWS\system32\RMCLIENT.dll
0x00007ffde57d0000 - 0x00007ffde5803000 	C:\Program Files\Common Files\Microsoft Shared\Ink\rtscom.dll
0x00007ffdeeec0000 - 0x00007ffdeef5e000 	C:\WINDOWS\System32\TextInputFramework.dll

dbghelp: loaded successfully - version: 4.0.5 - missing functions: none
symbol engine: initialized successfully - sym options: 0x614 - pdb path: .;C:\Program Files\JetBrains\IntelliJ IDEA Community Edition 2019.3.1\jbr\bin;C:\WINDOWS\SYSTEM32;C:\WINDOWS\WinSxS\amd64_microsoft.windows.common-controls_6595b64144ccf1df_6.0.18362.1256_none_9e7e379be45e40e2;C:\Program Files\JetBrains\IntelliJ IDEA Community Edition 2019.3.1\jbr\bin\server;C:\Program Files\JetBrains\IntelliJ IDEA Community Edition 2019.3.1\bin;C:\WINDOWS\System32\DriverStore\FileRepository\iigd_dch.inf_amd64_440392e76b44e849;C:\Program Files\Common Files\Microsoft Shared\Ink

VM Arguments:
jvm_args: --module-path=C:\Users\user\Downloads\javafx-sdk-15.0.1\lib --add-modules=javafx.controls,javafx.fxml -javaagent:C:\Program Files\JetBrains\IntelliJ IDEA Community Edition 2019.3.1\lib\idea_rt.jar=57401:C:\Program Files\JetBrains\IntelliJ IDEA Community Edition 2019.3.1\bin -Dfile.encoding=UTF-8 
java_command: sample.Main
java_class_path (initial): C:\Users\aksha\IdeaProjects\AP_Project_1\out\production\AP_project
Launcher Type: SUN_STANDARD

[Global flags]
     intx CICompilerCount                          = 4                                         {product} {ergonomic}
     uint ConcGCThreads                            = 2                                         {product} {ergonomic}
     uint G1ConcRefinementThreads                  = 8                                         {product} {ergonomic}
   size_t G1HeapRegionSize                         = 1048576                                   {product} {ergonomic}
    uintx GCDrainStackTargetSize                   = 64                                        {product} {ergonomic}
   size_t InitialHeapSize                          = 132120576                                 {product} {ergonomic}
   size_t MarkStackSize                            = 4194304                                   {product} {ergonomic}
   size_t MaxHeapSize                              = 2099249152                                {product} {ergonomic}
   size_t MaxNewSize                               = 1259339776                                {product} {ergonomic}
   size_t MinHeapDeltaBytes                        = 1048576                                   {product} {ergonomic}
    uintx NonNMethodCodeHeapSize                   = 5836300                                {pd product} {ergonomic}
    uintx NonProfiledCodeHeapSize                  = 122910970                              {pd product} {ergonomic}
    uintx ProfiledCodeHeapSize                     = 122910970                              {pd product} {ergonomic}
    uintx ReservedCodeCacheSize                    = 251658240                              {pd product} {ergonomic}
     bool SegmentedCodeCache                       = true                                      {product} {ergonomic}
     bool UseCompressedClassPointers               = true                                 {lp64_product} {ergonomic}
     bool UseCompressedOops                        = true                                 {lp64_product} {ergonomic}
     bool UseG1GC                                  = true                                      {product} {ergonomic}
     bool UseLargePagesIndividualAllocation        = false                                  {pd product} {ergonomic}

Logging:
Log output configuration:
 #0: stdout all=warning uptime,level,tags
 #1: stderr all=off uptime,level,tags

Environment Variables:
PATH=C:\WINDOWS\system32;C:\WINDOWS;C:\WINDOWS\System32\Wbem;C:\WINDOWS\System32\WindowsPowerShell\v1.0\;C:\WINDOWS\System32\OpenSSH\;C:\Users\aksha\Scripts;C:\Program Files\Java\jdk-13\bin;C:\Program Files\MATLAB\R2020a\bin;C:\Program Files (x86)\mingw-w64\i686-8.1.0-posix-dwarf-rt_v6-rev0\mingw32\bin;C:\Program Files (x86)\AOMEI Backupper;C:\Program Files\Git\cmd;C:\Users\aksha\Scripts\;C:\Users\aksha\;C:\Users\aksha\AppData\Local\Microsoft\WindowsApps;;C:\Program Files\JetBrains\PyCharm Community Edition 2019.2.3\bin;
USERNAME=aksha
OS=Windows_NT
PROCESSOR_IDENTIFIER=Intel64 Family 6 Model 142 Stepping 12, GenuineIntel



---------------  S Y S T E M  ---------------

OS: Windows 10 , 64 bit Build 18362 (10.0.18362.1110)

CPU:total 8 (initial active 8) (4 cores per cpu, 2 threads per core) family 6 model 142 stepping 12, cmov, cx8, fxsr, mmx, sse, sse2, sse3, ssse3, sse4.1, sse4.2, popcnt, avx, avx2, aes, clmul, erms, 3dnowpref, lzcnt, ht, tsc, tscinvbit, bmi1, bmi2, adx, fma

Memory: 4k page, system-wide physical 8005M (1074M free)
TotalPageFile size 10005M (AvailPageFile size 5M)
current process WorkingSet (physical memory assigned to process): 187M, peak: 187M
current process commit charge ("private bytes"): 301M, peak: 303M

vm_info: OpenJDK 64-Bit Server VM (11.0.5+10-b520.17) for windows-amd64 JRE (11.0.5+10-b520.17), built on Dec  2 2019 12:11:34 by "" with MS VC++ 14.0 (VS2015)

END.
