#
# There is insufficient memory for the Java Runtime Environment to continue.
# Native memory allocation (malloc) failed to allocate 1782896 bytes for Chunk::new
# Possible reasons:
#   The system is out of physical RAM or swap space
#   The process is running with CompressedOops enabled, and the Java Heap may be blocking the growth of the native heap
# Possible solutions:
#   Reduce memory load on the system
#   Increase physical memory or swap space
#   Check if swap backing store is full
#   Decrease Java heap size (-Xmx/-Xms)
#   Decrease number of Java threads
#   Decrease Java thread stack sizes (-Xss)
#   Set larger code cache with -XX:ReservedCodeCacheSize=
#   JVM is running with Unscaled Compressed Oops mode in which the Java heap is
#     placed in the first 4GB address space. The Java Heap base address is the
#     maximum limit for the native heap growth. Please use -XX:HeapBaseMinAddress
#     to set the Java Heap base and to place the Java Heap above 4GB virtual address.
# This output file may be truncated or incomplete.
#
#  Out of Memory Error (c:/BuildAgent/work/5ff2f6c26000d570/src/hotspot/share/memory/arena.cpp:197), pid=7360, tid=14228
#
# JRE version: OpenJDK Runtime Environment (11.0.5+10) (build 11.0.5+10-b520.17)
# Java VM: OpenJDK 64-Bit Server VM (11.0.5+10-b520.17, mixed mode, sharing, tiered, compressed oops, g1 gc, windows-amd64)
# No core dump will be written. Minidumps are not enabled by default on client versions of Windows
#

---------------  S U M M A R Y ------------

Command Line: --module-path=C:\Users\aksha\Downloads\javafx-sdk-15.0.1\lib --add-modules=javafx.controls,javafx.fxml -javaagent:C:\Program Files\JetBrains\IntelliJ IDEA Community Edition 2019.3.1\lib\idea_rt.jar=63096:C:\Program Files\JetBrains\IntelliJ IDEA Community Edition 2019.3.1\bin -Dfile.encoding=UTF-8 sample.Main

Host: Intel(R) Core(TM) i5-8265U CPU @ 1.60GHz, 8 cores, 7G,  Windows 10 , 64 bit Build 18362 (10.0.18362.1110)
Time: Tue Dec  1 23:33:25 2020 India Standard Time elapsed time: 1 seconds (0d 0h 0m 1s)

---------------  T H R E A D  ---------------

Current thread (0x00000290c9c4f800):  JavaThread "C2 CompilerThread2" daemon [_thread_in_native, id=14228, stack(0x000000dafbf00000,0x000000dafc000000)]


Current CompileTask:
C2:   1834 1241   !   4       com.sun.javafx.css.ParsedValueImpl::readBinary (688 bytes)

Stack: [0x000000dafbf00000,0x000000dafc000000]
Native frames: (J=compiled Java code, j=interpreted, Vv=VM code, C=native code)
V  [jvm.dll+0x5dcafa]
V  [jvm.dll+0x70e375]
V  [jvm.dll+0x70f898]
V  [jvm.dll+0x70ff63]
V  [jvm.dll+0x23e238]
V  [jvm.dll+0xb8a9c]
V  [jvm.dll+0xb8fac]
V  [jvm.dll+0x34fc5b]
V  [jvm.dll+0x193f6c]
V  [jvm.dll+0x1f79ce]
V  [jvm.dll+0x1f6a94]
V  [jvm.dll+0x17f6fc]
V  [jvm.dll+0x204f77]
V  [jvm.dll+0x2037f1]
V  [jvm.dll+0x6d835f]
V  [jvm.dll+0x6d114d]
V  [jvm.dll+0x5dbdd6]
C  [ucrtbase.dll+0x210b2]
C  [KERNEL32.DLL+0x17c24]
C  [ntdll.dll+0x6d4d1]


---------------  P R O C E S S  ---------------

Threads class SMR info:
_java_thread_list=0x00000290c9c0c140, length=20, elements={
0x00000290adf98000, 0x00000290c862b800, 0x00000290c862c800, 0x00000290c8641800,
0x00000290c8642800, 0x00000290c8644800, 0x00000290c8649000, 0x00000290c8657800,
0x00000290c907c800, 0x00000290c91b6000, 0x00000290c91b7000, 0x00000290c958c800,
0x00000290c95f2800, 0x00000290c95f4800, 0x00000290c9793800, 0x00000290c97b9000,
0x00000290c98d0000, 0x00000290c9a29800, 0x00000290c9c4f800, 0x00000290c9c71800
}

Java Threads: ( => current thread )
  0x00000290adf98000 JavaThread "main" [_thread_blocked, id=13884, stack(0x000000daf9e00000,0x000000daf9f00000)]
  0x00000290c862b800 JavaThread "Reference Handler" daemon [_thread_blocked, id=3140, stack(0x000000dafa500000,0x000000dafa600000)]
  0x00000290c862c800 JavaThread "Finalizer" daemon [_thread_blocked, id=10516, stack(0x000000dafa600000,0x000000dafa700000)]
  0x00000290c8641800 JavaThread "Signal Dispatcher" daemon [_thread_blocked, id=17628, stack(0x000000dafa700000,0x000000dafa800000)]
  0x00000290c8642800 JavaThread "Attach Listener" daemon [_thread_blocked, id=10024, stack(0x000000dafa800000,0x000000dafa900000)]
  0x00000290c8644800 JavaThread "C2 CompilerThread0" daemon [_thread_blocked, id=20684, stack(0x000000dafa900000,0x000000dafaa00000)]
  0x00000290c8649000 JavaThread "C1 CompilerThread0" daemon [_thread_blocked, id=19280, stack(0x000000dafaa00000,0x000000dafab00000)]
  0x00000290c8657800 JavaThread "Sweeper thread" daemon [_thread_blocked, id=7564, stack(0x000000dafab00000,0x000000dafac00000)]
  0x00000290c907c800 JavaThread "Common-Cleaner" daemon [_thread_blocked, id=17924, stack(0x000000dafac00000,0x000000dafad00000)]
  0x00000290c91b6000 JavaThread "Monitor Ctrl-Break" daemon [_thread_in_native, id=21948, stack(0x000000dafae00000,0x000000dafaf00000)]
  0x00000290c91b7000 JavaThread "Service Thread" daemon [_thread_blocked, id=8052, stack(0x000000dafaf00000,0x000000dafb000000)]
  0x00000290c958c800 JavaThread "QuantumRenderer-0" daemon [_thread_blocked, id=15616, stack(0x000000dafb100000,0x000000dafb200000)]
  0x00000290c95f2800 JavaThread "InvokeLaterDispatcher" daemon [_thread_blocked, id=4040, stack(0x000000dafad00000,0x000000dafae00000)]
  0x00000290c95f4800 JavaThread "JavaFX Application Thread" [_thread_in_vm, id=15224, stack(0x000000dafb200000,0x000000dafb300000)]
  0x00000290c9793800 JavaThread "Thread-2" daemon [_thread_in_native, id=20816, stack(0x000000dafb600000,0x000000dafb700000)]
  0x00000290c97b9000 JavaThread "JavaFX-Launcher" [_thread_blocked, id=892, stack(0x000000dafb700000,0x000000dafb800000)]
  0x00000290c98d0000 JavaThread "C2 CompilerThread1" daemon [_thread_in_native, id=21536, stack(0x000000dafb800000,0x000000dafb900000)]
  0x00000290c9a29800 JavaThread "Java2D Disposer" daemon [_thread_blocked, id=3280, stack(0x000000dafbe00000,0x000000dafbf00000)]
=>0x00000290c9c4f800 JavaThread "C2 CompilerThread2" daemon [_thread_in_native, id=14228, stack(0x000000dafbf00000,0x000000dafc000000)]
  0x00000290c9c71800 JavaThread "Prism Font Disposer" daemon [_thread_blocked, id=4908, stack(0x000000dafc300000,0x000000dafc400000)]

Other Threads:
  0x00000290c862a800 VMThread "VM Thread" [stack: 0x000000dafa400000,0x000000dafa500000] [id=20024]
  0x00000290c91bb800 WatcherThread [stack: 0x000000dafb000000,0x000000dafb100000] [id=19316]
  0x00000290adfb1000 GCTaskThread "GC Thread#0" [stack: 0x000000daf9f00000,0x000000dafa000000] [id=17704]
  0x00000290c9d2e800 GCTaskThread "GC Thread#1" [stack: 0x000000dafb900000,0x000000dafba00000] [id=20708]
  0x00000290d0839800 GCTaskThread "GC Thread#2" [stack: 0x000000dafba00000,0x000000dafbb00000] [id=21268]
  0x00000290d0932800 GCTaskThread "GC Thread#3" [stack: 0x000000dafbb00000,0x000000dafbc00000] [id=3800]
  0x00000290c9955000 GCTaskThread "GC Thread#4" [stack: 0x000000dafbc00000,0x000000dafbd00000] [id=13660]
  0x00000290c9a98000 GCTaskThread "GC Thread#5" [stack: 0x000000dafbd00000,0x000000dafbe00000] [id=21112]
  0x00000290adfe0800 ConcurrentGCThread "G1 Main Marker" [stack: 0x000000dafa000000,0x000000dafa100000] [id=20772]
  0x00000290adfe2800 ConcurrentGCThread "G1 Conc#0" [stack: 0x000000dafa100000,0x000000dafa200000] [id=10096]
  0x00000290c84c0800 ConcurrentGCThread "G1 Refine#0" [stack: 0x000000dafa200000,0x000000dafa300000] [id=9316]
  0x00000290ae069000 ConcurrentGCThread "G1 Young RemSet Sampling" [stack: 0x000000dafa300000,0x000000dafa400000] [id=11164]

Threads with active compile tasks:
C2 CompilerThread1   1859 1390       4       java.lang.invoke.InvokerBytecodeGenerator::emitImplicitConversion (159 bytes)
C2 CompilerThread2   1859 1241   !   4       com.sun.javafx.css.ParsedValueImpl::readBinary (688 bytes)

VM state:not at safepoint (normal execution)

VM Mutex/Monitor currently owned by a thread: None

Heap address: 0x0000000082e00000, size: 2002 MB, Compressed Oops mode: 32-bit
Narrow klass base: 0x0000000800000000, Narrow klass shift: 3
Compressed class space size: 1073741824 Address: 0x0000000840000000

Heap:
 garbage-first heap   total 129024K, used 36048K [0x0000000082e00000, 0x0000000100000000)
  region size 1024K, 27 young (27648K), 3 survivors (3072K)
 Metaspace       used 13663K, capacity 14546K, committed 14720K, reserved 1062912K
  class space    used 1837K, capacity 2136K, committed 2176K, reserved 1048576K
Heap Regions: E=young(eden), S=young(survivor), O=old, HS=humongous(starts), HC=humongous(continues), CS=collection set, F=free, A=archive, TAMS=top-at-mark-start (previous, next)
|   0|0x0000000082e00000, 0x0000000082e34000, 0x0000000082f00000| 20%| O|  |TAMS 0x0000000082e00000, 0x0000000082e00000| Untracked 
|   1|0x0000000082f00000, 0x0000000083000000, 0x0000000083000000|100%|HS|  |TAMS 0x0000000082f00000, 0x0000000082f00000| Complete 
|   2|0x0000000083000000, 0x0000000083100000, 0x0000000083100000|100%|HC|  |TAMS 0x0000000083000000, 0x0000000083000000| Complete 
|   3|0x0000000083100000, 0x0000000083200000, 0x0000000083200000|100%|HC|  |TAMS 0x0000000083100000, 0x0000000083100000| Complete 
|   4|0x0000000083200000, 0x0000000083300000, 0x0000000083300000|100%|HC|  |TAMS 0x0000000083200000, 0x0000000083200000| Complete 
|   5|0x0000000083300000, 0x0000000083400000, 0x0000000083400000|100%|HC|  |TAMS 0x0000000083300000, 0x0000000083300000| Complete 
|   6|0x0000000083400000, 0x0000000083500000, 0x0000000083500000|100%|HC|  |TAMS 0x0000000083400000, 0x0000000083400000| Complete 
|   7|0x0000000083500000, 0x0000000083600000, 0x0000000083600000|100%|HC|  |TAMS 0x0000000083500000, 0x0000000083500000| Complete 
|   8|0x0000000083600000, 0x0000000083700000, 0x0000000083700000|100%|HC|  |TAMS 0x0000000083600000, 0x0000000083600000| Complete 
|   9|0x0000000083700000, 0x0000000083800000, 0x0000000083800000|100%|HS|  |TAMS 0x0000000083700000, 0x0000000083700000| Complete 
|  10|0x0000000083800000, 0x0000000083900000, 0x0000000083900000|100%|HS|  |TAMS 0x0000000083800000, 0x0000000083800000| Complete 
|  11|0x0000000083900000, 0x0000000083900000, 0x0000000083a00000|  0%| F|  |TAMS 0x0000000083900000, 0x0000000083900000| Untracked 
|  12|0x0000000083a00000, 0x0000000083a00000, 0x0000000083b00000|  0%| F|  |TAMS 0x0000000083a00000, 0x0000000083a00000| Untracked 
|  13|0x0000000083b00000, 0x0000000083b00000, 0x0000000083c00000|  0%| F|  |TAMS 0x0000000083b00000, 0x0000000083b00000| Untracked 
|  14|0x0000000083c00000, 0x0000000083c00000, 0x0000000083d00000|  0%| F|  |TAMS 0x0000000083c00000, 0x0000000083c00000| Untracked 
|  15|0x0000000083d00000, 0x0000000083d00000, 0x0000000083e00000|  0%| F|  |TAMS 0x0000000083d00000, 0x0000000083d00000| Untracked 
|  16|0x0000000083e00000, 0x0000000083e00000, 0x0000000083f00000|  0%| F|  |TAMS 0x0000000083e00000, 0x0000000083e00000| Untracked 
|  17|0x0000000083f00000, 0x0000000083f00000, 0x0000000084000000|  0%| F|  |TAMS 0x0000000083f00000, 0x0000000083f00000| Untracked 
|  18|0x0000000084000000, 0x0000000084000000, 0x0000000084100000|  0%| F|  |TAMS 0x0000000084000000, 0x0000000084000000| Untracked 
|  19|0x0000000084100000, 0x0000000084100000, 0x0000000084200000|  0%| F|  |TAMS 0x0000000084100000, 0x0000000084100000| Untracked 
|  20|0x0000000084200000, 0x0000000084200000, 0x0000000084300000|  0%| F|  |TAMS 0x0000000084200000, 0x0000000084200000| Untracked 
|  21|0x0000000084300000, 0x0000000084300000, 0x0000000084400000|  0%| F|  |TAMS 0x0000000084300000, 0x0000000084300000| Untracked 
|  22|0x0000000084400000, 0x0000000084400000, 0x0000000084500000|  0%| F|  |TAMS 0x0000000084400000, 0x0000000084400000| Untracked 
|  23|0x0000000084500000, 0x0000000084500000, 0x0000000084600000|  0%| F|  |TAMS 0x0000000084500000, 0x0000000084500000| Untracked 
|  24|0x0000000084600000, 0x0000000084600000, 0x0000000084700000|  0%| F|  |TAMS 0x0000000084600000, 0x0000000084600000| Untracked 
|  25|0x0000000084700000, 0x0000000084700000, 0x0000000084800000|  0%| F|  |TAMS 0x0000000084700000, 0x0000000084700000| Untracked 
|  26|0x0000000084800000, 0x0000000084800000, 0x0000000084900000|  0%| F|  |TAMS 0x0000000084800000, 0x0000000084800000| Untracked 
|  27|0x0000000084900000, 0x0000000084900000, 0x0000000084a00000|  0%| F|  |TAMS 0x0000000084900000, 0x0000000084900000| Untracked 
|  28|0x0000000084a00000, 0x0000000084a00000, 0x0000000084b00000|  0%| F|  |TAMS 0x0000000084a00000, 0x0000000084a00000| Untracked 
|  29|0x0000000084b00000, 0x0000000084b00000, 0x0000000084c00000|  0%| F|  |TAMS 0x0000000084b00000, 0x0000000084b00000| Untracked 
|  30|0x0000000084c00000, 0x0000000084c00000, 0x0000000084d00000|  0%| F|  |TAMS 0x0000000084c00000, 0x0000000084c00000| Untracked 
|  31|0x0000000084d00000, 0x0000000084d00000, 0x0000000084e00000|  0%| F|  |TAMS 0x0000000084d00000, 0x0000000084d00000| Untracked 
|  32|0x0000000084e00000, 0x0000000084e00000, 0x0000000084f00000|  0%| F|  |TAMS 0x0000000084e00000, 0x0000000084e00000| Untracked 
|  33|0x0000000084f00000, 0x0000000084f00000, 0x0000000085000000|  0%| F|  |TAMS 0x0000000084f00000, 0x0000000084f00000| Untracked 
|  34|0x0000000085000000, 0x0000000085000000, 0x0000000085100000|  0%| F|  |TAMS 0x0000000085000000, 0x0000000085000000| Untracked 
|  35|0x0000000085100000, 0x0000000085100000, 0x0000000085200000|  0%| F|  |TAMS 0x0000000085100000, 0x0000000085100000| Untracked 
|  36|0x0000000085200000, 0x0000000085200000, 0x0000000085300000|  0%| F|  |TAMS 0x0000000085200000, 0x0000000085200000| Untracked 
|  37|0x0000000085300000, 0x0000000085300000, 0x0000000085400000|  0%| F|  |TAMS 0x0000000085300000, 0x0000000085300000| Untracked 
|  38|0x0000000085400000, 0x0000000085400000, 0x0000000085500000|  0%| F|  |TAMS 0x0000000085400000, 0x0000000085400000| Untracked 
|  39|0x0000000085500000, 0x0000000085500000, 0x0000000085600000|  0%| F|  |TAMS 0x0000000085500000, 0x0000000085500000| Untracked 
|  40|0x0000000085600000, 0x0000000085600000, 0x0000000085700000|  0%| F|  |TAMS 0x0000000085600000, 0x0000000085600000| Untracked 
|  41|0x0000000085700000, 0x0000000085700000, 0x0000000085800000|  0%| F|  |TAMS 0x0000000085700000, 0x0000000085700000| Untracked 
|  42|0x0000000085800000, 0x0000000085800000, 0x0000000085900000|  0%| F|  |TAMS 0x0000000085800000, 0x0000000085800000| Untracked 
|  43|0x0000000085900000, 0x0000000085900000, 0x0000000085a00000|  0%| F|  |TAMS 0x0000000085900000, 0x0000000085900000| Untracked 
|  44|0x0000000085a00000, 0x0000000085a00000, 0x0000000085b00000|  0%| F|  |TAMS 0x0000000085a00000, 0x0000000085a00000| Untracked 
|  45|0x0000000085b00000, 0x0000000085b00000, 0x0000000085c00000|  0%| F|  |TAMS 0x0000000085b00000, 0x0000000085b00000| Untracked 
|  46|0x0000000085c00000, 0x0000000085c00000, 0x0000000085d00000|  0%| F|  |TAMS 0x0000000085c00000, 0x0000000085c00000| Untracked 
|  47|0x0000000085d00000, 0x0000000085d00000, 0x0000000085e00000|  0%| F|  |TAMS 0x0000000085d00000, 0x0000000085d00000| Untracked 
|  48|0x0000000085e00000, 0x0000000085e00000, 0x0000000085f00000|  0%| F|  |TAMS 0x0000000085e00000, 0x0000000085e00000| Untracked 
|  49|0x0000000085f00000, 0x0000000085f00000, 0x0000000086000000|  0%| F|  |TAMS 0x0000000085f00000, 0x0000000085f00000| Untracked 
|  50|0x0000000086000000, 0x0000000086000000, 0x0000000086100000|  0%| F|  |TAMS 0x0000000086000000, 0x0000000086000000| Untracked 
|  51|0x0000000086100000, 0x0000000086100000, 0x0000000086200000|  0%| F|  |TAMS 0x0000000086100000, 0x0000000086100000| Untracked 
|  52|0x0000000086200000, 0x0000000086200000, 0x0000000086300000|  0%| F|  |TAMS 0x0000000086200000, 0x0000000086200000| Untracked 
|  53|0x0000000086300000, 0x0000000086300000, 0x0000000086400000|  0%| F|  |TAMS 0x0000000086300000, 0x0000000086300000| Untracked 
|  54|0x0000000086400000, 0x0000000086400000, 0x0000000086500000|  0%| F|  |TAMS 0x0000000086400000, 0x0000000086400000| Untracked 
|  55|0x0000000086500000, 0x0000000086500000, 0x0000000086600000|  0%| F|  |TAMS 0x0000000086500000, 0x0000000086500000| Untracked 
|  56|0x0000000086600000, 0x0000000086600000, 0x0000000086700000|  0%| F|  |TAMS 0x0000000086600000, 0x0000000086600000| Untracked 
|  57|0x0000000086700000, 0x0000000086700000, 0x0000000086800000|  0%| F|  |TAMS 0x0000000086700000, 0x0000000086700000| Untracked 
|  58|0x0000000086800000, 0x0000000086800000, 0x0000000086900000|  0%| F|  |TAMS 0x0000000086800000, 0x0000000086800000| Untracked 
|  59|0x0000000086900000, 0x0000000086900000, 0x0000000086a00000|  0%| F|  |TAMS 0x0000000086900000, 0x0000000086900000| Untracked 
|  60|0x0000000086a00000, 0x0000000086a00000, 0x0000000086b00000|  0%| F|  |TAMS 0x0000000086a00000, 0x0000000086a00000| Untracked 
|  61|0x0000000086b00000, 0x0000000086b00000, 0x0000000086c00000|  0%| F|  |TAMS 0x0000000086b00000, 0x0000000086b00000| Untracked 
|  62|0x0000000086c00000, 0x0000000086c00000, 0x0000000086d00000|  0%| F|  |TAMS 0x0000000086c00000, 0x0000000086c00000| Untracked 
|  63|0x0000000086d00000, 0x0000000086d00000, 0x0000000086e00000|  0%| F|  |TAMS 0x0000000086d00000, 0x0000000086d00000| Untracked 
|  64|0x0000000086e00000, 0x0000000086e00000, 0x0000000086f00000|  0%| F|  |TAMS 0x0000000086e00000, 0x0000000086e00000| Untracked 
|  65|0x0000000086f00000, 0x0000000086f00000, 0x0000000087000000|  0%| F|  |TAMS 0x0000000086f00000, 0x0000000086f00000| Untracked 
|  66|0x0000000087000000, 0x0000000087000000, 0x0000000087100000|  0%| F|  |TAMS 0x0000000087000000, 0x0000000087000000| Untracked 
|  67|0x0000000087100000, 0x0000000087100000, 0x0000000087200000|  0%| F|  |TAMS 0x0000000087100000, 0x0000000087100000| Untracked 
|  68|0x0000000087200000, 0x0000000087200000, 0x0000000087300000|  0%| F|  |TAMS 0x0000000087200000, 0x0000000087200000| Untracked 
|  69|0x0000000087300000, 0x0000000087300000, 0x0000000087400000|  0%| F|  |TAMS 0x0000000087300000, 0x0000000087300000| Untracked 
|  70|0x0000000087400000, 0x0000000087400000, 0x0000000087500000|  0%| F|  |TAMS 0x0000000087400000, 0x0000000087400000| Untracked 
|  71|0x0000000087500000, 0x0000000087500000, 0x0000000087600000|  0%| F|  |TAMS 0x0000000087500000, 0x0000000087500000| Untracked 
|  72|0x0000000087600000, 0x0000000087600000, 0x0000000087700000|  0%| F|  |TAMS 0x0000000087600000, 0x0000000087600000| Untracked 
|  73|0x0000000087700000, 0x0000000087700000, 0x0000000087800000|  0%| F|  |TAMS 0x0000000087700000, 0x0000000087700000| Untracked 
|  74|0x0000000087800000, 0x0000000087800000, 0x0000000087900000|  0%| F|  |TAMS 0x0000000087800000, 0x0000000087800000| Untracked 
|  75|0x0000000087900000, 0x0000000087900000, 0x0000000087a00000|  0%| F|  |TAMS 0x0000000087900000, 0x0000000087900000| Untracked 
|  76|0x0000000087a00000, 0x0000000087a00000, 0x0000000087b00000|  0%| F|  |TAMS 0x0000000087a00000, 0x0000000087a00000| Untracked 
|  77|0x0000000087b00000, 0x0000000087b00000, 0x0000000087c00000|  0%| F|  |TAMS 0x0000000087b00000, 0x0000000087b00000| Untracked 
|  78|0x0000000087c00000, 0x0000000087c00000, 0x0000000087d00000|  0%| F|  |TAMS 0x0000000087c00000, 0x0000000087c00000| Untracked 
|  79|0x0000000087d00000, 0x0000000087d00000, 0x0000000087e00000|  0%| F|  |TAMS 0x0000000087d00000, 0x0000000087d00000| Untracked 
|  80|0x0000000087e00000, 0x0000000087e00000, 0x0000000087f00000|  0%| F|  |TAMS 0x0000000087e00000, 0x0000000087e00000| Untracked 
|  81|0x0000000087f00000, 0x0000000087f00000, 0x0000000088000000|  0%| F|  |TAMS 0x0000000087f00000, 0x0000000087f00000| Untracked 
|  82|0x0000000088000000, 0x0000000088000000, 0x0000000088100000|  0%| F|  |TAMS 0x0000000088000000, 0x0000000088000000| Untracked 
|  83|0x0000000088100000, 0x0000000088100000, 0x0000000088200000|  0%| F|  |TAMS 0x0000000088100000, 0x0000000088100000| Untracked 
|  84|0x0000000088200000, 0x0000000088200000, 0x0000000088300000|  0%| F|  |TAMS 0x0000000088200000, 0x0000000088200000| Untracked 
|  85|0x0000000088300000, 0x0000000088300000, 0x0000000088400000|  0%| F|  |TAMS 0x0000000088300000, 0x0000000088300000| Untracked 
|  86|0x0000000088400000, 0x0000000088400000, 0x0000000088500000|  0%| F|  |TAMS 0x0000000088400000, 0x0000000088400000| Untracked 
|  87|0x0000000088500000, 0x0000000088500000, 0x0000000088600000|  0%| F|  |TAMS 0x0000000088500000, 0x0000000088500000| Untracked 
|  88|0x0000000088600000, 0x0000000088600000, 0x0000000088700000|  0%| F|  |TAMS 0x0000000088600000, 0x0000000088600000| Untracked 
|  89|0x0000000088700000, 0x0000000088700000, 0x0000000088800000|  0%| F|  |TAMS 0x0000000088700000, 0x0000000088700000| Untracked 
|  90|0x0000000088800000, 0x0000000088800000, 0x0000000088900000|  0%| F|  |TAMS 0x0000000088800000, 0x0000000088800000| Untracked 
|  91|0x0000000088900000, 0x0000000088900000, 0x0000000088a00000|  0%| F|  |TAMS 0x0000000088900000, 0x0000000088900000| Untracked 
|  92|0x0000000088a00000, 0x0000000088a00000, 0x0000000088b00000|  0%| F|  |TAMS 0x0000000088a00000, 0x0000000088a00000| Untracked 
|  93|0x0000000088b00000, 0x0000000088b00000, 0x0000000088c00000|  0%| F|  |TAMS 0x0000000088b00000, 0x0000000088b00000| Untracked 
|  94|0x0000000088c00000, 0x0000000088c00000, 0x0000000088d00000|  0%| F|  |TAMS 0x0000000088c00000, 0x0000000088c00000| Untracked 
|  95|0x0000000088d00000, 0x0000000088d00000, 0x0000000088e00000|  0%| F|  |TAMS 0x0000000088d00000, 0x0000000088d00000| Untracked 
|  96|0x0000000088e00000, 0x0000000088e00000, 0x0000000088f00000|  0%| F|  |TAMS 0x0000000088e00000, 0x0000000088e00000| Untracked 
|  97|0x0000000088f00000, 0x0000000088f00000, 0x0000000089000000|  0%| F|  |TAMS 0x0000000088f00000, 0x0000000088f00000| Untracked 
|  98|0x0000000089000000, 0x0000000089000000, 0x0000000089100000|  0%| F|  |TAMS 0x0000000089000000, 0x0000000089000000| Untracked 
|  99|0x0000000089100000, 0x0000000089200000, 0x0000000089200000|100%| S|CS|TAMS 0x0000000089100000, 0x0000000089100000| Complete 
| 100|0x0000000089200000, 0x0000000089300000, 0x0000000089300000|100%| S|CS|TAMS 0x0000000089200000, 0x0000000089200000| Complete 
| 101|0x0000000089300000, 0x0000000089400000, 0x0000000089400000|100%| S|CS|TAMS 0x0000000089300000, 0x0000000089300000| Complete 
| 102|0x0000000089400000, 0x0000000089400800, 0x0000000089500000|  0%| E|  |TAMS 0x0000000089400000, 0x0000000089400000| Complete 
| 103|0x0000000089500000, 0x0000000089600000, 0x0000000089600000|100%| E|CS|TAMS 0x0000000089500000, 0x0000000089500000| Complete 
| 104|0x0000000089600000, 0x0000000089700000, 0x0000000089700000|100%| E|CS|TAMS 0x0000000089600000, 0x0000000089600000| Complete 
| 105|0x0000000089700000, 0x0000000089800000, 0x0000000089800000|100%| E|CS|TAMS 0x0000000089700000, 0x0000000089700000| Complete 
| 106|0x0000000089800000, 0x0000000089900000, 0x0000000089900000|100%| E|CS|TAMS 0x0000000089800000, 0x0000000089800000| Complete 
| 107|0x0000000089900000, 0x0000000089a00000, 0x0000000089a00000|100%| E|CS|TAMS 0x0000000089900000, 0x0000000089900000| Complete 
| 108|0x0000000089a00000, 0x0000000089b00000, 0x0000000089b00000|100%| E|CS|TAMS 0x0000000089a00000, 0x0000000089a00000| Complete 
| 109|0x0000000089b00000, 0x0000000089c00000, 0x0000000089c00000|100%| E|CS|TAMS 0x0000000089b00000, 0x0000000089b00000| Complete 
| 110|0x0000000089c00000, 0x0000000089d00000, 0x0000000089d00000|100%| E|CS|TAMS 0x0000000089c00000, 0x0000000089c00000| Complete 
| 111|0x0000000089d00000, 0x0000000089e00000, 0x0000000089e00000|100%| E|CS|TAMS 0x0000000089d00000, 0x0000000089d00000| Complete 
| 112|0x0000000089e00000, 0x0000000089f00000, 0x0000000089f00000|100%| E|CS|TAMS 0x0000000089e00000, 0x0000000089e00000| Complete 
| 113|0x0000000089f00000, 0x000000008a000000, 0x000000008a000000|100%| E|CS|TAMS 0x0000000089f00000, 0x0000000089f00000| Complete 
| 114|0x000000008a000000, 0x000000008a100000, 0x000000008a100000|100%| E|CS|TAMS 0x000000008a000000, 0x000000008a000000| Complete 
| 115|0x000000008a100000, 0x000000008a200000, 0x000000008a200000|100%| E|CS|TAMS 0x000000008a100000, 0x000000008a100000| Complete 
| 116|0x000000008a200000, 0x000000008a300000, 0x000000008a300000|100%| E|CS|TAMS 0x000000008a200000, 0x000000008a200000| Complete 
| 117|0x000000008a300000, 0x000000008a400000, 0x000000008a400000|100%| E|CS|TAMS 0x000000008a300000, 0x000000008a300000| Complete 
| 118|0x000000008a400000, 0x000000008a500000, 0x000000008a500000|100%| E|CS|TAMS 0x000000008a400000, 0x000000008a400000| Complete 
| 119|0x000000008a500000, 0x000000008a600000, 0x000000008a600000|100%| E|CS|TAMS 0x000000008a500000, 0x000000008a500000| Complete 
| 120|0x000000008a600000, 0x000000008a700000, 0x000000008a700000|100%| E|CS|TAMS 0x000000008a600000, 0x000000008a600000| Complete 
| 121|0x000000008a700000, 0x000000008a800000, 0x000000008a800000|100%| E|CS|TAMS 0x000000008a700000, 0x000000008a700000| Complete 
| 122|0x000000008a800000, 0x000000008a900000, 0x000000008a900000|100%| E|  |TAMS 0x000000008a800000, 0x000000008a800000| Complete 
| 123|0x000000008a900000, 0x000000008aa00000, 0x000000008aa00000|100%| E|CS|TAMS 0x000000008a900000, 0x000000008a900000| Complete 
| 124|0x000000008aa00000, 0x000000008ab00000, 0x000000008ab00000|100%| E|CS|TAMS 0x000000008aa00000, 0x000000008aa00000| Complete 
| 125|0x000000008ab00000, 0x000000008ac00000, 0x000000008ac00000|100%| E|CS|TAMS 0x000000008ab00000, 0x000000008ab00000| Complete 

Card table byte_map: [0x00000290c1590000,0x00000290c1980000] _byte_map_base: 0x00000290c1179000

Marking Bits (Prev, Next): (CMBitMap*) 0x00000290adfd7af8, (CMBitMap*) 0x00000290adfd7b30
 Prev Bits: [0x00000290c1d70000, 0x00000290c3cb8000)
 Next Bits: [0x00000290c3cc0000, 0x00000290c5c08000)

Polling page: 0x00000290abf70000

Metaspace:

Usage:
  Non-class:     12.20 MB capacity,    11.58 MB ( 95%) used,   564.46 KB (  5%) free+waste,    66.31 KB ( <1%) overhead. 
      Class:      2.10 MB capacity,     1.80 MB ( 86%) used,   268.48 KB ( 12%) free+waste,    36.13 KB (  2%) overhead. 
       Both:     14.30 MB capacity,    13.39 MB ( 94%) used,   832.94 KB (  6%) free+waste,   102.44 KB ( <1%) overhead. 

Virtual space:
  Non-class space:       14.00 MB reserved,      12.25 MB ( 88%) committed 
      Class space:        1.00 GB reserved,       2.13 MB ( <1%) committed 
             Both:        1.01 GB reserved,      14.38 MB (  1%) committed 

Chunk freelists:
   Non-Class:  53.00 KB
       Class:  0 bytes
        Both:  53.00 KB

MaxMetaspaceSize: 17179869184.00 GB
CompressedClassSpaceSize: 1.00 GB

CodeHeap 'non-profiled nmethods': size=120000Kb used=592Kb max_used=592Kb free=119407Kb
 bounds [0x00000290b9930000, 0x00000290b9ba0000, 0x00000290c0e60000]
CodeHeap 'profiled nmethods': size=120000Kb used=2718Kb max_used=2718Kb free=117281Kb
 bounds [0x00000290b2400000, 0x00000290b26b0000, 0x00000290b9930000]
CodeHeap 'non-nmethods': size=5760Kb used=1297Kb max_used=1307Kb free=4462Kb
 bounds [0x00000290b1e60000, 0x00000290b20d0000, 0x00000290b2400000]
 total_blobs=2791 nmethods=1473 adapters=611
 compilation: enabled
              stopped_count=0, restarted_count=0
 full_count=0

Compilation events (20 events):
Event: 1.829 Thread 0x00000290c8649000 1423       1       javafx.css.CssMetaData::getConverter (5 bytes)
Event: 1.829 Thread 0x00000290c8649000 nmethod 1423 0x00000290b99bd310 code [0x00000290b99bd4c0, 0x00000290b99bd5f8]
Event: 1.829 Thread 0x00000290c8649000 1424       1       javafx.css.CssMetaData::getSubProperties (5 bytes)
Event: 1.829 Thread 0x00000290c8649000 nmethod 1424 0x00000290b99bd690 code [0x00000290b99bd840, 0x00000290b99bd978]
Event: 1.829 Thread 0x00000290c8649000 1425       3       com.sun.javafx.css.StyleMap$$Lambda$136/0x0000000840166440::compare (12 bytes)
Event: 1.830 Thread 0x00000290c8644800 nmethod 1398 0x00000290b99bda10 code [0x00000290b99bdc20, 0x00000290b99bec98]
Event: 1.830 Thread 0x00000290c8649000 nmethod 1425 0x00000290b268ec10 code [0x00000290b268ee20, 0x00000290b268f460]
Event: 1.830 Thread 0x00000290c8649000 1426       3       com.sun.javafx.css.StyleMap::lambda$static$0 (31 bytes)
Event: 1.830 Thread 0x00000290c8649000 nmethod 1426 0x00000290b268f710 code [0x00000290b268f900, 0x00000290b268fca0]
Event: 1.830 Thread 0x00000290c8649000 1427       3       javafx.beans.property.ReadOnlyObjectProperty::<init> (5 bytes)
Event: 1.830 Thread 0x00000290c8649000 nmethod 1427 0x00000290b268fe90 code [0x00000290b2690060, 0x00000290b2690298]
Event: 1.830 Thread 0x00000290c8649000 1428       1       javafx.scene.CssStyleHelper$CacheContainer::access$600 (5 bytes)
Event: 1.830 Thread 0x00000290c8649000 nmethod 1428 0x00000290b99bf590 code [0x00000290b99bf740, 0x00000290b99bf838]
Event: 1.831 Thread 0x00000290c8649000 1429       3       java.util.ArrayList::clear (43 bytes)
Event: 1.831 Thread 0x00000290c8649000 nmethod 1429 0x00000290b2690390 code [0x00000290b2690560, 0x00000290b2690978]
Event: 1.831 Thread 0x00000290c8649000 1430       1       com.sun.javafx.scene.control.inputmap.InputMap$Mapping::getEventType (5 bytes)
Event: 1.831 Thread 0x00000290c8649000 nmethod 1430 0x00000290b99bf910 code [0x00000290b99bfac0, 0x00000290b99bfbf8]
Event: 1.832 Thread 0x00000290c8649000 1431       3       javafx.css.converter.FontConverter::getInstance (4 bytes)
Event: 1.832 Thread 0x00000290c8649000 nmethod 1431 0x00000290b2690a90 code [0x00000290b2690c40, 0x00000290b2690d98]
Event: 1.832 Thread 0x00000290c8649000 1432   !   3       javafx.scene.CssStyleHelper::lookup (512 bytes)

GC Heap History (2 events):
Event: 1.277 GC heap before
{Heap before GC invocations=0 (full 0):
 garbage-first heap   total 129024K, used 23552K [0x0000000082e00000, 0x0000000100000000)
  region size 1024K, 24 young (24576K), 0 survivors (0K)
 Metaspace       used 7867K, capacity 9610K, committed 9728K, reserved 1058816K
  class space    used 969K, capacity 1217K, committed 1280K, reserved 1048576K
}
Event: 1.283 GC heap after
{Heap after GC invocations=1 (full 0):
 garbage-first heap   total 129024K, used 3280K [0x0000000082e00000, 0x0000000100000000)
  region size 1024K, 3 young (3072K), 3 survivors (3072K)
 Metaspace       used 7867K, capacity 9610K, committed 9728K, reserved 1058816K
  class space    used 969K, capacity 1217K, committed 1280K, reserved 1048576K
}

Deoptimization events (20 events):
Event: 1.697 Thread 0x00000290c95f4800 Uncommon trap: trap_request=0xffffff4d fr.pc=0x00000290b9973958 relative=0x0000000000000198
Event: 1.697 Thread 0x00000290c95f4800 Uncommon trap: reason=unstable_if action=reinterpret pc=0x00000290b9973958 method=java.lang.String.regionMatches(ILjava/lang/String;II)Z @ 111 c2
Event: 1.697 Thread 0x00000290c95f4800 DEOPT PACKING pc=0x00000290b9973958 sp=0x000000dafb2f95e0
Event: 1.697 Thread 0x00000290c95f4800 DEOPT UNPACKING pc=0x00000290b1e8922f sp=0x000000dafb2f9560 mode 2
Event: 1.758 Thread 0x00000290c95f4800 Uncommon trap: trap_request=0xffffffde fr.pc=0x00000290b993caf8 relative=0x00000000000001d8
Event: 1.758 Thread 0x00000290c95f4800 Uncommon trap: reason=class_check action=maybe_recompile pc=0x00000290b993caf8 method=java.lang.String.equals(Ljava/lang/Object;)Z @ 8 c2
Event: 1.758 Thread 0x00000290c95f4800 DEOPT PACKING pc=0x00000290b993caf8 sp=0x000000dafb2fbb60
Event: 1.758 Thread 0x00000290c95f4800 DEOPT UNPACKING pc=0x00000290b1e8922f sp=0x000000dafb2fbb08 mode 2
Event: 1.759 Thread 0x00000290c95f4800 Uncommon trap: trap_request=0xffffffde fr.pc=0x00000290b993caf8 relative=0x00000000000001d8
Event: 1.759 Thread 0x00000290c95f4800 Uncommon trap: reason=class_check action=maybe_recompile pc=0x00000290b993caf8 method=java.lang.String.equals(Ljava/lang/Object;)Z @ 8 c2
Event: 1.759 Thread 0x00000290c95f4800 DEOPT PACKING pc=0x00000290b993caf8 sp=0x000000dafb2fba70
Event: 1.759 Thread 0x00000290c95f4800 DEOPT UNPACKING pc=0x00000290b1e8922f sp=0x000000dafb2fba18 mode 2
Event: 1.759 Thread 0x00000290c95f4800 Uncommon trap: trap_request=0xffffffde fr.pc=0x00000290b993caf8 relative=0x00000000000001d8
Event: 1.759 Thread 0x00000290c95f4800 Uncommon trap: reason=class_check action=maybe_recompile pc=0x00000290b993caf8 method=java.lang.String.equals(Ljava/lang/Object;)Z @ 8 c2
Event: 1.759 Thread 0x00000290c95f4800 DEOPT PACKING pc=0x00000290b993caf8 sp=0x000000dafb2fba70
Event: 1.759 Thread 0x00000290c95f4800 DEOPT UNPACKING pc=0x00000290b1e8922f sp=0x000000dafb2fba18 mode 2
Event: 1.759 Thread 0x00000290c95f4800 Uncommon trap: trap_request=0xffffffde fr.pc=0x00000290b993caf8 relative=0x00000000000001d8
Event: 1.759 Thread 0x00000290c95f4800 Uncommon trap: reason=class_check action=maybe_recompile pc=0x00000290b993caf8 method=java.lang.String.equals(Ljava/lang/Object;)Z @ 8 c2
Event: 1.759 Thread 0x00000290c95f4800 DEOPT PACKING pc=0x00000290b993caf8 sp=0x000000dafb2fbb60
Event: 1.759 Thread 0x00000290c95f4800 DEOPT UNPACKING pc=0x00000290b1e8922f sp=0x000000dafb2fbb08 mode 2

Classes redefined (0 events):
No events

Internal exceptions (20 events):
Event: 1.192 Thread 0x00000290c95f4800 Exception <a 'java/lang/NoSuchMethodError'{0x0000000089637148}: 'java.lang.Object java.lang.invoke.DirectMethodHandle$Holder.invokeStatic(java.lang.Object, java.lang.Object, java.lang.Object, java.lang.Object, java.lang.Object, java.lang.Object, java.lang
Event: 1.193 Thread 0x00000290c95f4800 Exception <a 'java/lang/NoSuchMethodError'{0x0000000089643340}: 'java.lang.Object java.lang.invoke.DirectMethodHandle$Holder.invokeStatic(java.lang.Object, java.lang.Object, java.lang.Object, java.lang.Object, java.lang.Object, java.lang.Object, java.lang
Event: 1.195 Thread 0x00000290c95f4800 Exception <a 'java/lang/NoSuchMethodError'{0x000000008964f918}: 'java.lang.Object java.lang.invoke.DirectMethodHandle$Holder.invokeStatic(java.lang.Object, java.lang.Object, java.lang.Object, java.lang.Object, java.lang.Object, java.lang.Object, java.lang
Event: 1.306 Thread 0x00000290c95f4800 Exception <a 'java/io/FileNotFoundException'{0x000000008aa22350}> (0x000000008aa22350) thrown at [c:/BuildAgent/work/5ff2f6c26000d570/src/hotspot/share/prims/jni.cpp, line 615]
Event: 1.434 Thread 0x00000290c95f4800 Exception <a 'java/io/FileNotFoundException'{0x000000008a9e8fa0}> (0x000000008a9e8fa0) thrown at [c:/BuildAgent/work/5ff2f6c26000d570/src/hotspot/share/prims/jni.cpp, line 615]
Event: 1.443 Thread 0x00000290c95f4800 Exception <a 'java/io/FileNotFoundException'{0x000000008a9f3890}> (0x000000008a9f3890) thrown at [c:/BuildAgent/work/5ff2f6c26000d570/src/hotspot/share/prims/jni.cpp, line 615]
Event: 1.454 Thread 0x00000290c95f4800 Exception <a 'java/io/FileNotFoundException'{0x000000008a9ff628}> (0x000000008a9ff628) thrown at [c:/BuildAgent/work/5ff2f6c26000d570/src/hotspot/share/prims/jni.cpp, line 615]
Event: 1.457 Thread 0x00000290c95f4800 Exception <a 'java/io/FileNotFoundException'{0x000000008a8894e8}> (0x000000008a8894e8) thrown at [c:/BuildAgent/work/5ff2f6c26000d570/src/hotspot/share/prims/jni.cpp, line 615]
Event: 1.461 Thread 0x00000290c95f4800 Exception <a 'java/io/FileNotFoundException'{0x000000008a893138}> (0x000000008a893138) thrown at [c:/BuildAgent/work/5ff2f6c26000d570/src/hotspot/share/prims/jni.cpp, line 615]
Event: 1.559 Thread 0x00000290c95f4800 Exception <a 'java/lang/NoSuchMethodError'{0x000000008a1ca3a8}: 'void java.lang.invoke.DirectMethodHandle$Holder.invokeStaticInit(java.lang.Object, java.lang.Object)'> (0x000000008a1ca3a8) thrown at [c:/BuildAgent/work/5ff2f6c26000d570/src/hotspot/share/i
Event: 1.567 Thread 0x00000290c95f4800 Exception <a 'java/io/FileNotFoundException'{0x000000008a0792f8}> (0x000000008a0792f8) thrown at [c:/BuildAgent/work/5ff2f6c26000d570/src/hotspot/share/prims/jni.cpp, line 615]
Event: 1.578 Thread 0x00000290c95f4800 Exception <a 'java/io/FileNotFoundException'{0x000000008a0eb3b8}> (0x000000008a0eb3b8) thrown at [c:/BuildAgent/work/5ff2f6c26000d570/src/hotspot/share/prims/jni.cpp, line 615]
Event: 1.582 Thread 0x00000290c95f4800 Exception <a 'java/io/FileNotFoundException'{0x0000000089f041e0}> (0x0000000089f041e0) thrown at [c:/BuildAgent/work/5ff2f6c26000d570/src/hotspot/share/prims/jni.cpp, line 615]
Event: 1.593 Thread 0x00000290c95f4800 Exception <a 'java/io/FileNotFoundException'{0x0000000089f1cdf8}> (0x0000000089f1cdf8) thrown at [c:/BuildAgent/work/5ff2f6c26000d570/src/hotspot/share/prims/jni.cpp, line 615]
Event: 1.641 Thread 0x00000290c95f4800 Implicit null exception at 0x00000290b999ba05 to 0x00000290b999bbb6
Event: 1.641 Thread 0x00000290c95f4800 Implicit null exception at 0x00000290b9976388 to 0x00000290b997641a
Event: 1.647 Thread 0x00000290c95f4800 Implicit null exception at 0x00000290b9997f2f to 0x00000290b9997fad
Event: 1.783 Thread 0x00000290c95f4800 Exception <a 'java/lang/NoSuchMethodError'{0x000000008974a380}: 'java.lang.Object java.lang.invoke.Invokers$Holder.linkToTargetMethod(java.lang.Object, int, java.lang.Object)'> (0x000000008974a380) thrown at [c:/BuildAgent/work/5ff2f6c26000d570/src/hotspo
Event: 1.800 Thread 0x00000290c95f4800 Exception <a 'java/lang/NoSuchMethodError'{0x00000000897d5028}: 'java.lang.Object java.lang.invoke.DirectMethodHandle$Holder.invokeInterface(java.lang.Object, java.lang.Object, java.lang.Object)'> (0x00000000897d5028) thrown at [c:/BuildAgent/work/5ff2f6c
Event: 1.801 Thread 0x00000290c95f4800 Exception <a 'java/lang/IncompatibleClassChangeError'{0x00000000897d81e0}: Found class java.lang.Object, but interface was expected> (0x00000000897d81e0) thrown at [c:/BuildAgent/work/5ff2f6c26000d570/src/hotspot/share/interpreter/linkResolver.cpp, line 8

Events (20 events):
Event: 1.824 loading class com/sun/javafx/scene/control/behavior/ButtonBehavior
Event: 1.824 loading class com/sun/javafx/scene/control/behavior/ButtonBehavior done
Event: 1.825 loading class javafx/beans/value/ObservableValue
Event: 1.825 loading class javafx/beans/value/ObservableValue done
Event: 1.825 loading class javafx/beans/value/ObservableValue
Event: 1.825 loading class javafx/beans/value/ObservableValue done
Event: 1.825 loading class javafx/scene/control/skin/ButtonSkin
Event: 1.825 loading class javafx/scene/control/skin/ButtonSkin done
Event: 1.825 loading class javafx/beans/value/ObservableValue
Event: 1.825 loading class javafx/beans/value/ObservableValue done
Event: 1.825 loading class javafx/scene/control/skin/ButtonSkin
Event: 1.825 loading class javafx/scene/control/skin/ButtonSkin done
Event: 1.826 loading class javafx/beans/value/ObservableValue
Event: 1.826 loading class javafx/beans/value/ObservableValue done
Event: 1.826 loading class javafx/scene/control/skin/ButtonSkin
Event: 1.826 loading class javafx/scene/control/skin/ButtonSkin done
Event: 1.826 loading class javafx/beans/value/ObservableValue
Event: 1.826 loading class javafx/beans/value/ObservableValue done
Event: 1.826 loading class javafx/scene/control/skin/ButtonSkin
Event: 1.826 loading class javafx/scene/control/skin/ButtonSkin done


Dynamic libraries:
0x00007ff63c720000 - 0x00007ff63c72a000 	C:\Program Files\JetBrains\IntelliJ IDEA Community Edition 2019.3.1\jbr\bin\java.exe
0x00007fff55880000 - 0x00007fff55a70000 	C:\WINDOWS\SYSTEM32\ntdll.dll
0x00007fff54b10000 - 0x00007fff54bc2000 	C:\WINDOWS\System32\KERNEL32.DLL
0x00007fff53150000 - 0x00007fff533f5000 	C:\WINDOWS\System32\KERNELBASE.dll
0x00007fff537d0000 - 0x00007fff538ca000 	C:\WINDOWS\System32\ucrtbase.dll
0x00007fff44760000 - 0x00007fff44777000 	C:\Program Files\JetBrains\IntelliJ IDEA Community Edition 2019.3.1\jbr\bin\VCRUNTIME140.dll
0x00007fff2f2b0000 - 0x00007fff2f2c9000 	C:\Program Files\JetBrains\IntelliJ IDEA Community Edition 2019.3.1\jbr\bin\jli.dll
0x00007fff554c0000 - 0x00007fff55654000 	C:\WINDOWS\System32\USER32.dll
0x00007fff3ea50000 - 0x00007fff3ecd4000 	C:\WINDOWS\WinSxS\amd64_microsoft.windows.common-controls_6595b64144ccf1df_6.0.18362.1198_none_9e820b57e45ad92f\COMCTL32.dll
0x00007fff537a0000 - 0x00007fff537c1000 	C:\WINDOWS\System32\win32u.dll
0x00007fff54510000 - 0x00007fff545ae000 	C:\WINDOWS\System32\msvcrt.dll
0x00007fff53eb0000 - 0x00007fff53ed6000 	C:\WINDOWS\System32\GDI32.dll
0x00007fff53ee0000 - 0x00007fff54215000 	C:\WINDOWS\System32\combase.dll
0x00007fff52f90000 - 0x00007fff53126000 	C:\WINDOWS\System32\gdi32full.dll
0x00007fff54220000 - 0x00007fff54340000 	C:\WINDOWS\System32\RPCRT4.dll
0x00007fff535a0000 - 0x00007fff5363e000 	C:\WINDOWS\System32\msvcp_win.dll
0x00007fff53670000 - 0x00007fff536f0000 	C:\WINDOWS\System32\bcryptPrimitives.dll
0x00007fff55810000 - 0x00007fff5583e000 	C:\WINDOWS\System32\IMM32.DLL
0x00007fff28ad0000 - 0x00007fff28b6d000 	C:\Program Files\JetBrains\IntelliJ IDEA Community Edition 2019.3.1\jbr\bin\msvcp140.dll
0x00007fff11940000 - 0x00007fff123fb000 	C:\Program Files\JetBrains\IntelliJ IDEA Community Edition 2019.3.1\jbr\bin\server\jvm.dll
0x00007fff54340000 - 0x00007fff543e3000 	C:\WINDOWS\System32\ADVAPI32.dll
0x00007fff53e00000 - 0x00007fff53e97000 	C:\WINDOWS\System32\sechost.dll
0x00007fff55800000 - 0x00007fff55808000 	C:\WINDOWS\System32\PSAPI.DLL
0x00007fff35740000 - 0x00007fff35749000 	C:\WINDOWS\SYSTEM32\WSOCK32.dll
0x00007fff4be10000 - 0x00007fff4be34000 	C:\WINDOWS\SYSTEM32\WINMM.dll
0x00007fff543f0000 - 0x00007fff5445f000 	C:\WINDOWS\System32\WS2_32.dll
0x00007fff48130000 - 0x00007fff4813a000 	C:\WINDOWS\SYSTEM32\VERSION.dll
0x00007fff4bd00000 - 0x00007fff4bd2d000 	C:\WINDOWS\SYSTEM32\WINMMBASE.dll
0x00007fff53550000 - 0x00007fff5359a000 	C:\WINDOWS\System32\cfgmgr32.dll
0x00007fff527e0000 - 0x00007fff527f1000 	C:\WINDOWS\System32\kernel.appcore.dll
0x00007fff4a9c0000 - 0x00007fff4a9d1000 	C:\Program Files\JetBrains\IntelliJ IDEA Community Edition 2019.3.1\jbr\bin\verify.dll
0x00007fff51030000 - 0x00007fff51224000 	C:\WINDOWS\SYSTEM32\DBGHELP.DLL
0x00007fff35710000 - 0x00007fff3573a000 	C:\WINDOWS\SYSTEM32\dbgcore.DLL
0x00007fff49db0000 - 0x00007fff49dd9000 	C:\Program Files\JetBrains\IntelliJ IDEA Community Edition 2019.3.1\jbr\bin\java.dll
0x00007fff46b50000 - 0x00007fff46b5f000 	C:\Program Files\JetBrains\IntelliJ IDEA Community Edition 2019.3.1\jbr\bin\instrument.dll
0x00007fff492e0000 - 0x00007fff492f7000 	C:\Program Files\JetBrains\IntelliJ IDEA Community Edition 2019.3.1\jbr\bin\zip.dll
0x00007fff4bfa0000 - 0x00007fff4bfab000 	C:\Program Files\JetBrains\IntelliJ IDEA Community Edition 2019.3.1\jbr\bin\jimage.dll
0x00007fff54dd0000 - 0x00007fff554b7000 	C:\WINDOWS\System32\SHELL32.dll
0x00007fff54bd0000 - 0x00007fff54c79000 	C:\WINDOWS\System32\shcore.dll
0x00007fff52800000 - 0x00007fff52f81000 	C:\WINDOWS\System32\windows.storage.dll
0x00007fff527b0000 - 0x00007fff527d3000 	C:\WINDOWS\System32\profapi.dll
0x00007fff52740000 - 0x00007fff5278a000 	C:\WINDOWS\System32\powrprof.dll
0x00007fff52730000 - 0x00007fff52740000 	C:\WINDOWS\System32\UMPDC.dll
0x00007fff557a0000 - 0x00007fff557f2000 	C:\WINDOWS\System32\shlwapi.dll
0x00007fff53130000 - 0x00007fff53147000 	C:\WINDOWS\System32\cryptsp.dll
0x00007fff492a0000 - 0x00007fff492ba000 	C:\Program Files\JetBrains\IntelliJ IDEA Community Edition 2019.3.1\jbr\bin\net.dll
0x00007fff45de0000 - 0x00007fff45ed0000 	C:\WINDOWS\SYSTEM32\WINHTTP.dll
0x00007fff51f80000 - 0x00007fff51fe7000 	C:\WINDOWS\system32\mswsock.dll
0x00007fff46b60000 - 0x00007fff46b74000 	C:\Program Files\JetBrains\IntelliJ IDEA Community Edition 2019.3.1\jbr\bin\nio.dll
0x00007fff2f1d0000 - 0x00007fff2f1ea000 	C:\Program Files\JetBrains\IntelliJ IDEA Community Edition 2019.3.1\bin\breakgen64.dll
0x00000290c93b0000 - 0x00000290c93b3000 	C:\Program Files\JetBrains\IntelliJ IDEA Community Edition 2019.3.1\jbr\bin\api-ms-win-core-console-l1-1-0.dll
0x00000290c93c0000 - 0x00000290c93c3000 	C:\Program Files\JetBrains\IntelliJ IDEA Community Edition 2019.3.1\jbr\bin\api-ms-win-core-datetime-l1-1-0.dll
0x00000290c93d0000 - 0x00000290c93d3000 	C:\Program Files\JetBrains\IntelliJ IDEA Community Edition 2019.3.1\jbr\bin\api-ms-win-core-debug-l1-1-0.dll
0x00000290c93e0000 - 0x00000290c93e3000 	C:\Program Files\JetBrains\IntelliJ IDEA Community Edition 2019.3.1\jbr\bin\api-ms-win-core-errorhandling-l1-1-0.dll
0x00000290c93f0000 - 0x00000290c93f4000 	C:\Program Files\JetBrains\IntelliJ IDEA Community Edition 2019.3.1\jbr\bin\api-ms-win-core-file-l1-1-0.dll
0x00000290c9400000 - 0x00000290c9403000 	C:\Program Files\JetBrains\IntelliJ IDEA Community Edition 2019.3.1\jbr\bin\api-ms-win-core-file-l1-2-0.dll
0x00000290c9410000 - 0x00000290c9413000 	C:\Program Files\JetBrains\IntelliJ IDEA Community Edition 2019.3.1\jbr\bin\api-ms-win-core-file-l2-1-0.dll
0x00000290c9420000 - 0x00000290c9423000 	C:\Program Files\JetBrains\IntelliJ IDEA Community Edition 2019.3.1\jbr\bin\api-ms-win-core-handle-l1-1-0.dll
0x00000290c9430000 - 0x00000290c9433000 	C:\Program Files\JetBrains\IntelliJ IDEA Community Edition 2019.3.1\jbr\bin\api-ms-win-core-heap-l1-1-0.dll
0x00000290c9440000 - 0x00000290c9443000 	C:\Program Files\JetBrains\IntelliJ IDEA Community Edition 2019.3.1\jbr\bin\api-ms-win-core-interlocked-l1-1-0.dll
0x00000290c9450000 - 0x00000290c9453000 	C:\Program Files\JetBrains\IntelliJ IDEA Community Edition 2019.3.1\jbr\bin\api-ms-win-core-libraryloader-l1-1-0.dll
0x00000290c9460000 - 0x00000290c9463000 	C:\Program Files\JetBrains\IntelliJ IDEA Community Edition 2019.3.1\jbr\bin\api-ms-win-core-localization-l1-2-0.dll
0x00000290c9470000 - 0x00000290c9473000 	C:\Program Files\JetBrains\IntelliJ IDEA Community Edition 2019.3.1\jbr\bin\api-ms-win-core-memory-l1-1-0.dll
0x00000290c9480000 - 0x00000290c9483000 	C:\Program Files\JetBrains\IntelliJ IDEA Community Edition 2019.3.1\jbr\bin\api-ms-win-core-namedpipe-l1-1-0.dll
0x00000290c9490000 - 0x00000290c9493000 	C:\Program Files\JetBrains\IntelliJ IDEA Community Edition 2019.3.1\jbr\bin\api-ms-win-core-processenvironment-l1-1-0.dll
0x00000290c94a0000 - 0x00000290c94a3000 	C:\Program Files\JetBrains\IntelliJ IDEA Community Edition 2019.3.1\jbr\bin\api-ms-win-core-processthreads-l1-1-0.dll
0x00000290c94b0000 - 0x00000290c94b3000 	C:\Program Files\JetBrains\IntelliJ IDEA Community Edition 2019.3.1\jbr\bin\api-ms-win-core-processthreads-l1-1-1.dll
0x00000290c94c0000 - 0x00000290c94c3000 	C:\Program Files\JetBrains\IntelliJ IDEA Community Edition 2019.3.1\jbr\bin\api-ms-win-core-profile-l1-1-0.dll
0x00000290c94d0000 - 0x00000290c94d3000 	C:\Program Files\JetBrains\IntelliJ IDEA Community Edition 2019.3.1\jbr\bin\api-ms-win-core-rtlsupport-l1-1-0.dll
0x00000290c94e0000 - 0x00000290c94e3000 	C:\Program Files\JetBrains\IntelliJ IDEA Community Edition 2019.3.1\jbr\bin\api-ms-win-core-string-l1-1-0.dll
0x00000290c94f0000 - 0x00000290c94f3000 	C:\Program Files\JetBrains\IntelliJ IDEA Community Edition 2019.3.1\jbr\bin\api-ms-win-core-synch-l1-1-0.dll
0x00000290c9500000 - 0x00000290c9503000 	C:\Program Files\JetBrains\IntelliJ IDEA Community Edition 2019.3.1\jbr\bin\api-ms-win-core-synch-l1-2-0.dll
0x00000290c9510000 - 0x00000290c9513000 	C:\Program Files\JetBrains\IntelliJ IDEA Community Edition 2019.3.1\jbr\bin\api-ms-win-core-sysinfo-l1-1-0.dll
0x00000290c9520000 - 0x00000290c9523000 	C:\Program Files\JetBrains\IntelliJ IDEA Community Edition 2019.3.1\jbr\bin\api-ms-win-core-timezone-l1-1-0.dll
0x00000290c9d30000 - 0x00000290c9d33000 	C:\Program Files\JetBrains\IntelliJ IDEA Community Edition 2019.3.1\jbr\bin\api-ms-win-core-util-l1-1-0.dll
0x00000290c9d40000 - 0x00000290c9d43000 	C:\Program Files\JetBrains\IntelliJ IDEA Community Edition 2019.3.1\jbr\bin\api-ms-win-crt-conio-l1-1-0.dll
0x00000290c9d50000 - 0x00000290c9d54000 	C:\Program Files\JetBrains\IntelliJ IDEA Community Edition 2019.3.1\jbr\bin\api-ms-win-crt-convert-l1-1-0.dll
0x00000290c9d60000 - 0x00000290c9d63000 	C:\Program Files\JetBrains\IntelliJ IDEA Community Edition 2019.3.1\jbr\bin\api-ms-win-crt-environment-l1-1-0.dll
0x00000290c9d70000 - 0x00000290c9d73000 	C:\Program Files\JetBrains\IntelliJ IDEA Community Edition 2019.3.1\jbr\bin\api-ms-win-crt-filesystem-l1-1-0.dll
0x00000290c9d80000 - 0x00000290c9d83000 	C:\Program Files\JetBrains\IntelliJ IDEA Community Edition 2019.3.1\jbr\bin\api-ms-win-crt-heap-l1-1-0.dll
0x00000290c9d90000 - 0x00000290c9d93000 	C:\Program Files\JetBrains\IntelliJ IDEA Community Edition 2019.3.1\jbr\bin\api-ms-win-crt-locale-l1-1-0.dll
0x00000290c9da0000 - 0x00000290c9da5000 	C:\Program Files\JetBrains\IntelliJ IDEA Community Edition 2019.3.1\jbr\bin\api-ms-win-crt-math-l1-1-0.dll
0x00000290c9db0000 - 0x00000290c9db5000 	C:\Program Files\JetBrains\IntelliJ IDEA Community Edition 2019.3.1\jbr\bin\api-ms-win-crt-multibyte-l1-1-0.dll
0x00000290c9dc0000 - 0x00000290c9dd0000 	C:\Program Files\JetBrains\IntelliJ IDEA Community Edition 2019.3.1\jbr\bin\api-ms-win-crt-private-l1-1-0.dll
0x00000290c9dd0000 - 0x00000290c9dd3000 	C:\Program Files\JetBrains\IntelliJ IDEA Community Edition 2019.3.1\jbr\bin\api-ms-win-crt-process-l1-1-0.dll
0x00000290c9de0000 - 0x00000290c9de4000 	C:\Program Files\JetBrains\IntelliJ IDEA Community Edition 2019.3.1\jbr\bin\api-ms-win-crt-runtime-l1-1-0.dll
0x00000290c9df0000 - 0x00000290c9df4000 	C:\Program Files\JetBrains\IntelliJ IDEA Community Edition 2019.3.1\jbr\bin\api-ms-win-crt-stdio-l1-1-0.dll
0x00000290c9e00000 - 0x00000290c9e04000 	C:\Program Files\JetBrains\IntelliJ IDEA Community Edition 2019.3.1\jbr\bin\api-ms-win-crt-string-l1-1-0.dll
0x00000290c9e10000 - 0x00000290c9e13000 	C:\Program Files\JetBrains\IntelliJ IDEA Community Edition 2019.3.1\jbr\bin\api-ms-win-crt-time-l1-1-0.dll
0x00000290c9e20000 - 0x00000290c9e23000 	C:\Program Files\JetBrains\IntelliJ IDEA Community Edition 2019.3.1\jbr\bin\api-ms-win-crt-utility-l1-1-0.dll
0x00007fff27e10000 - 0x00007fff27f0a000 	C:\Program Files\JetBrains\IntelliJ IDEA Community Edition 2019.3.1\jbr\bin\ucrtbase.dll
0x00007fff24e30000 - 0x00007fff24e81000 	C:\Windows\System32\concrt140.dll
0x00007fff2f9d0000 - 0x00007fff2f9f3000 	C:\Program Files\JetBrains\IntelliJ IDEA Community Edition 2019.3.1\jbr\bin\prism_d3d.dll
0x00007fff142c0000 - 0x00007fff14487000 	C:\WINDOWS\system32\d3d9.dll
0x00007fff50b00000 - 0x00007fff50b2d000 	C:\WINDOWS\SYSTEM32\dwmapi.dll
0x00007fff513e0000 - 0x00007fff51400000 	C:\WINDOWS\SYSTEM32\dxcore.dll
0x00007fff4c180000 - 0x00007fff4c219000 	C:\WINDOWS\system32\uxtheme.dll
0x00007fff277d0000 - 0x00007fff27934000 	C:\WINDOWS\System32\DriverStore\FileRepository\iigd_dch.inf_amd64_440392e76b44e849\igdumdim64.dll
0x00007ffee6c50000 - 0x00007ffeeac2a000 	C:\WINDOWS\System32\DriverStore\FileRepository\iigd_dch.inf_amd64_440392e76b44e849\igd9dxva64.dll
0x00007fff53a90000 - 0x00007fff53be7000 	C:\WINDOWS\System32\ole32.dll
0x00007fff54c80000 - 0x00007fff54d45000 	C:\WINDOWS\System32\OLEAUT32.dll
0x00007fff43000000 - 0x00007fff431a4000 	C:\WINDOWS\System32\DriverStore\FileRepository\iigd_dch.inf_amd64_440392e76b44e849\igdgmm64.dll
0x00007fff287c0000 - 0x00007fff28805000 	C:\Program Files\JetBrains\IntelliJ IDEA Community Edition 2019.3.1\jbr\bin\glass.dll
0x00007fff556d0000 - 0x00007fff557a0000 	C:\WINDOWS\System32\COMDLG32.dll
0x00007fff53950000 - 0x00007fff53a85000 	C:\WINDOWS\System32\MSCTF.dll
0x00007fff0e910000 - 0x00007fff0e936000 	C:\WINDOWS\System32\DriverStore\FileRepository\iigd_dch.inf_amd64_440392e76b44e849\igdinfo64.dll
0x00007fff40b60000 - 0x00007fff42ffb000 	C:\WINDOWS\System32\DriverStore\FileRepository\iigd_dch.inf_amd64_440392e76b44e849\igc64.dll
0x00007fff2f970000 - 0x00007fff2f984000 	C:\Program Files\JetBrains\IntelliJ IDEA Community Edition 2019.3.1\jbr\bin\javafx_font.dll
0x00007fff19bc0000 - 0x00007fff19d61000 	C:\Program Files\JetBrains\IntelliJ IDEA Community Edition 2019.3.1\jbr\bin\awt.dll
0x00007fff4ab30000 - 0x00007fff4b0f0000 	C:\WINDOWS\SYSTEM32\d2d1.dll
0x00007fff4c040000 - 0x00007fff4c0cf000 	C:\WINDOWS\SYSTEM32\apphelp.dll
0x00007fff2f2f0000 - 0x00007fff2f375000 	C:\Program Files\JetBrains\IntelliJ IDEA Community Edition 2019.3.1\jbr\bin\freetype.dll
0x00007fff28810000 - 0x00007fff288b8000 	C:\Program Files\JetBrains\IntelliJ IDEA Community Edition 2019.3.1\jbr\bin\fontmanager.dll
0x00007fff40530000 - 0x00007fff4082e000 	C:\WINDOWS\SYSTEM32\dwrite.dll
0x00007fff54460000 - 0x00007fff54502000 	C:\WINDOWS\System32\clbcatq.dll
0x00007fff48410000 - 0x00007fff485bf000 	C:\WINDOWS\SYSTEM32\WindowsCodecs.dll
0x00007fff20ec0000 - 0x00007fff20efa000 	C:\WINDOWS\system32\dataexchange.dll
0x00007fff4b0f0000 - 0x00007fff4b34b000 	C:\WINDOWS\system32\d3d11.dll
0x00007fff4b7b0000 - 0x00007fff4b98d000 	C:\WINDOWS\system32\dcomp.dll
0x00007fff514d0000 - 0x00007fff515bb000 	C:\WINDOWS\system32\dxgi.dll
0x00007fff507a0000 - 0x00007fff50a02000 	C:\WINDOWS\system32\twinapi.appcore.dll
0x00007fff50b30000 - 0x00007fff50b59000 	C:\WINDOWS\system32\RMCLIENT.dll
0x00007fff27fa0000 - 0x00007fff27fd3000 	C:\Program Files\Common Files\Microsoft Shared\Ink\rtscom.dll
0x00007fff45ac0000 - 0x00007fff45b5e000 	C:\WINDOWS\System32\TextInputFramework.dll
0x00007fff48b30000 - 0x00007fff48e5a000 	C:\WINDOWS\System32\CoreUIComponents.dll
0x00007fff4bd30000 - 0x00007fff4be04000 	C:\WINDOWS\System32\CoreMessaging.dll
0x00007fff4c4f0000 - 0x00007fff4c643000 	C:\WINDOWS\SYSTEM32\wintypes.dll
0x00007fff51770000 - 0x00007fff517a1000 	C:\WINDOWS\SYSTEM32\ntmarta.dll

dbghelp: loaded successfully - version: 4.0.5 - missing functions: none
symbol engine: initialized successfully - sym options: 0x614 - pdb path: .;C:\Program Files\JetBrains\IntelliJ IDEA Community Edition 2019.3.1\jbr\bin;C:\WINDOWS\SYSTEM32;C:\WINDOWS\WinSxS\amd64_microsoft.windows.common-controls_6595b64144ccf1df_6.0.18362.1198_none_9e820b57e45ad92f;C:\Program Files\JetBrains\IntelliJ IDEA Community Edition 2019.3.1\jbr\bin\server;C:\Program Files\JetBrains\IntelliJ IDEA Community Edition 2019.3.1\bin;C:\WINDOWS\System32\DriverStore\FileRepository\iigd_dch.inf_amd64_440392e76b44e849;C:\Program Files\Common Files\Microsoft Shared\Ink

VM Arguments:
jvm_args: --module-path=C:\Users\aksha\Downloads\javafx-sdk-15.0.1\lib --add-modules=javafx.controls,javafx.fxml -javaagent:C:\Program Files\JetBrains\IntelliJ IDEA Community Edition 2019.3.1\lib\idea_rt.jar=63096:C:\Program Files\JetBrains\IntelliJ IDEA Community Edition 2019.3.1\bin -Dfile.encoding=UTF-8 
java_command: sample.Main
java_class_path (initial): C:\Users\aksha\IdeaProjects\AP_Project_1\out\production\AP_project
Launcher Type: SUN_STANDARD

[Global flags]
     intx CICompilerCount                          = 4                                         {product} {ergonomic}
     uint ConcGCThreads                            = 2                                         {product} {ergonomic}
     uint G1ConcRefinementThreads                  = 8                                         {product} {ergonomic}
   size_t G1HeapRegionSize                         = 1048576                                   {product} {ergonomic}
    uintx GCDrainStackTargetSize                   = 64                                        {product} {ergonomic}
   size_t InitialHeapSize                          = 132120576                                 {product} {ergonomic}
   size_t MarkStackSize                            = 4194304                                   {product} {ergonomic}
   size_t MaxHeapSize                              = 2099249152                                {product} {ergonomic}
   size_t MaxNewSize                               = 1259339776                                {product} {ergonomic}
   size_t MinHeapDeltaBytes                        = 1048576                                   {product} {ergonomic}
    uintx NonNMethodCodeHeapSize                   = 5836300                                {pd product} {ergonomic}
    uintx NonProfiledCodeHeapSize                  = 122910970                              {pd product} {ergonomic}
    uintx ProfiledCodeHeapSize                     = 122910970                              {pd product} {ergonomic}
    uintx ReservedCodeCacheSize                    = 251658240                              {pd product} {ergonomic}
     bool SegmentedCodeCache                       = true                                      {product} {ergonomic}
     bool UseCompressedClassPointers               = true                                 {lp64_product} {ergonomic}
     bool UseCompressedOops                        = true                                 {lp64_product} {ergonomic}
     bool UseG1GC                                  = true                                      {product} {ergonomic}
     bool UseLargePagesIndividualAllocation        = false                                  {pd product} {ergonomic}

Logging:
Log output configuration:
 #0: stdout all=warning uptime,level,tags
 #1: stderr all=off uptime,level,tags

Environment Variables:
PATH=C:\WINDOWS\system32;C:\WINDOWS;C:\WINDOWS\System32\Wbem;C:\WINDOWS\System32\WindowsPowerShell\v1.0\;C:\WINDOWS\System32\OpenSSH\;C:\Users\aksha\Scripts;C:\Program Files\Java\jdk-13\bin;C:\Program Files\MATLAB\R2020a\bin;C:\Program Files (x86)\mingw-w64\i686-8.1.0-posix-dwarf-rt_v6-rev0\mingw32\bin;C:\Program Files (x86)\AOMEI Backupper;C:\Program Files\Git\cmd;C:\Users\aksha\Scripts\;C:\Users\aksha\;C:\Users\aksha\AppData\Local\Microsoft\WindowsApps;;C:\Program Files\JetBrains\PyCharm Community Edition 2019.2.3\bin;
USERNAME=aksha
OS=Windows_NT
PROCESSOR_IDENTIFIER=Intel64 Family 6 Model 142 Stepping 12, GenuineIntel



---------------  S Y S T E M  ---------------

OS: Windows 10 , 64 bit Build 18362 (10.0.18362.1110)

CPU:total 8 (initial active 8) (4 cores per cpu, 2 threads per core) family 6 model 142 stepping 12, cmov, cx8, fxsr, mmx, sse, sse2, sse3, ssse3, sse4.1, sse4.2, popcnt, avx, avx2, aes, clmul, erms, 3dnowpref, lzcnt, ht, tsc, tscinvbit, bmi1, bmi2, adx, fma

Memory: 4k page, system-wide physical 8005M (1458M free)
TotalPageFile size 10005M (AvailPageFile size 2M)
current process WorkingSet (physical memory assigned to process): 156M, peak: 157M
current process commit charge ("private bytes"): 276M, peak: 280M

vm_info: OpenJDK 64-Bit Server VM (11.0.5+10-b520.17) for windows-amd64 JRE (11.0.5+10-b520.17), built on Dec  2 2019 12:11:34 by "" with MS VC++ 14.0 (VS2015)

END.
