#
# There is insufficient memory for the Java Runtime Environment to continue.
# Native memory allocation (malloc) failed to allocate 420176 bytes for Chunk::new
# Possible reasons:
#   The system is out of physical RAM or swap space
#   The process is running with CompressedOops enabled, and the Java Heap may be blocking the growth of the native heap
# Possible solutions:
#   Reduce memory load on the system
#   Increase physical memory or swap space
#   Check if swap backing store is full
#   Decrease Java heap size (-Xmx/-Xms)
#   Decrease number of Java threads
#   Decrease Java thread stack sizes (-Xss)
#   Set larger code cache with -XX:ReservedCodeCacheSize=
#   JVM is running with Unscaled Compressed Oops mode in which the Java heap is
#     placed in the first 4GB address space. The Java Heap base address is the
#     maximum limit for the native heap growth. Please use -XX:HeapBaseMinAddress
#     to set the Java Heap base and to place the Java Heap above 4GB virtual address.
# This output file may be truncated or incomplete.
#
#  Out of Memory Error (c:/BuildAgent/work/5ff2f6c26000d570/src/hotspot/share/memory/arena.cpp:197), pid=17632, tid=13000
#
# JRE version: OpenJDK Runtime Environment (11.0.5+10) (build 11.0.5+10-b520.17)
# Java VM: OpenJDK 64-Bit Server VM (11.0.5+10-b520.17, mixed mode, sharing, tiered, compressed oops, g1 gc, windows-amd64)
# No core dump will be written. Minidumps are not enabled by default on client versions of Windows
#

---------------  S U M M A R Y ------------

Command Line: --module-path=C:\Users\user\Downloads\javafx-sdk-15.0.1\lib --add-modules=javafx.controls,javafx.fxml -javaagent:C:\Program Files\JetBrains\IntelliJ IDEA Community Edition 2019.3.1\lib\idea_rt.jar=57588:C:\Program Files\JetBrains\IntelliJ IDEA Community Edition 2019.3.1\bin -Dfile.encoding=UTF-8 sample.Main

Host: Intel(R) Core(TM) i5-8265U CPU @ 1.60GHz, 8 cores, 7G,  Windows 10 , 64 bit Build 18362 (10.0.18362.1110)
Time: Thu Dec 17 00:14:28 2020 India Standard Time elapsed time: 7 seconds (0d 0h 0m 7s)

---------------  T H R E A D  ---------------

Current thread (0x00000298cc3e5000):  JavaThread "C2 CompilerThread1" daemon [_thread_in_native, id=13000, stack(0x000000a3e3a00000,0x000000a3e3b00000)]


Current CompileTask:
C2:   7565 3515       4       com.sun.javafx.css.StyleMap::getCascadingStyles (384 bytes)

Stack: [0x000000a3e3a00000,0x000000a3e3b00000]
Native frames: (J=compiled Java code, j=interpreted, Vv=VM code, C=native code)
V  [jvm.dll+0x5dcafa]
V  [jvm.dll+0x70e375]
V  [jvm.dll+0x70f898]
V  [jvm.dll+0x70ff63]
V  [jvm.dll+0x23e238]
V  [jvm.dll+0xb8a9c]
V  [jvm.dll+0xb8fac]
V  [jvm.dll+0x34fc9d]
V  [jvm.dll+0x193f6c]
V  [jvm.dll+0x1f79ce]
V  [jvm.dll+0x1f6a94]
V  [jvm.dll+0x17f6fc]
V  [jvm.dll+0x204f77]
V  [jvm.dll+0x2037f1]
V  [jvm.dll+0x6d835f]
V  [jvm.dll+0x6d114d]
V  [jvm.dll+0x5dbdd6]
C  [ucrtbase.dll+0x210b2]
C  [KERNEL32.DLL+0x17c24]
C  [ntdll.dll+0x6d4d1]


---------------  P R O C E S S  ---------------

Threads class SMR info:
_java_thread_list=0x00000298cf660e40, length=22, elements={
0x00000298a7c58800, 0x00000298c42be800, 0x00000298c42bf800, 0x00000298c42d6800,
0x00000298c42d8000, 0x00000298c42da000, 0x00000298c42df000, 0x00000298c42ee000,
0x00000298c4d18800, 0x00000298c4eea000, 0x00000298c4e54800, 0x00000298c5070000,
0x00000298c5140800, 0x00000298c5143800, 0x00000298c537b800, 0x00000298c4e78000,
0x00000298c5720000, 0x00000298cc249800, 0x00000298cf090800, 0x00000298ccc7a000,
0x00000298ccc7b800, 0x00000298cc3e5000
}

Java Threads: ( => current thread )
  0x00000298a7c58800 JavaThread "main" [_thread_blocked, id=11820, stack(0x000000a3e0d00000,0x000000a3e0e00000)]
  0x00000298c42be800 JavaThread "Reference Handler" daemon [_thread_blocked, id=20660, stack(0x000000a3e1400000,0x000000a3e1500000)]
  0x00000298c42bf800 JavaThread "Finalizer" daemon [_thread_blocked, id=15068, stack(0x000000a3e1500000,0x000000a3e1600000)]
  0x00000298c42d6800 JavaThread "Signal Dispatcher" daemon [_thread_blocked, id=14848, stack(0x000000a3e1600000,0x000000a3e1700000)]
  0x00000298c42d8000 JavaThread "Attach Listener" daemon [_thread_blocked, id=13448, stack(0x000000a3e1700000,0x000000a3e1800000)]
  0x00000298c42da000 JavaThread "C2 CompilerThread0" daemon [_thread_blocked, id=18596, stack(0x000000a3e1800000,0x000000a3e1900000)]
  0x00000298c42df000 JavaThread "C1 CompilerThread0" daemon [_thread_blocked, id=14176, stack(0x000000a3e1900000,0x000000a3e1a00000)]
  0x00000298c42ee000 JavaThread "Sweeper thread" daemon [_thread_blocked, id=12784, stack(0x000000a3e1a00000,0x000000a3e1b00000)]
  0x00000298c4d18800 JavaThread "Common-Cleaner" daemon [_thread_blocked, id=17564, stack(0x000000a3e1b00000,0x000000a3e1c00000)]
  0x00000298c4eea000 JavaThread "Monitor Ctrl-Break" daemon [_thread_in_native, id=11224, stack(0x000000a3e1d00000,0x000000a3e1e00000)]
  0x00000298c4e54800 JavaThread "Service Thread" daemon [_thread_blocked, id=22096, stack(0x000000a3e1e00000,0x000000a3e1f00000)]
  0x00000298c5070000 JavaThread "QuantumRenderer-0" daemon [_thread_in_native, id=14596, stack(0x000000a3e2000000,0x000000a3e2100000)]
  0x00000298c5140800 JavaThread "InvokeLaterDispatcher" daemon [_thread_blocked, id=19300, stack(0x000000a3e2100000,0x000000a3e2200000)]
  0x00000298c5143800 JavaThread "JavaFX Application Thread" [_thread_in_native, id=6208, stack(0x000000a3e2200000,0x000000a3e2300000)]
  0x00000298c537b800 JavaThread "Thread-1" daemon [_thread_in_native, id=8948, stack(0x000000a3e2600000,0x000000a3e2700000)]
  0x00000298c4e78000 JavaThread "JavaFX-Launcher" [_thread_blocked, id=12980, stack(0x000000a3e2700000,0x000000a3e2800000)]
  0x00000298c5720000 JavaThread "Media Resource Disposer" daemon [_thread_blocked, id=9272, stack(0x000000a3e2800000,0x000000a3e2900000)]
  0x00000298cc249800 JavaThread "Java2D Disposer" daemon [_thread_blocked, id=3404, stack(0x000000a3e2e00000,0x000000a3e2f00000)]
  0x00000298cf090800 JavaThread "Prism Font Disposer" daemon [_thread_blocked, id=9452, stack(0x000000a3e3300000,0x000000a3e3400000)]
  0x00000298ccc7a000 JavaThread "Thread-3" daemon [_thread_blocked, id=10168, stack(0x000000a3e1c00000,0x000000a3e1d00000)]
  0x00000298ccc7b800 JavaThread "JFXMedia Player EventQueueThread" daemon [_thread_blocked, id=11572, stack(0x000000a3e3400000,0x000000a3e3500000)]
=>0x00000298cc3e5000 JavaThread "C2 CompilerThread1" daemon [_thread_in_native, id=13000, stack(0x000000a3e3a00000,0x000000a3e3b00000)]

Other Threads:
  0x00000298c42bd800 VMThread "VM Thread" [stack: 0x000000a3e1300000,0x000000a3e1400000] [id=14640]
  0x00000298c4e57000 WatcherThread [stack: 0x000000a3e1f00000,0x000000a3e2000000] [id=18408]
  0x00000298a7c71000 GCTaskThread "GC Thread#0" [stack: 0x000000a3e0e00000,0x000000a3e0f00000] [id=13248]
  0x00000298c549d800 GCTaskThread "GC Thread#1" [stack: 0x000000a3e2900000,0x000000a3e2a00000] [id=20924]
  0x00000298cc268800 GCTaskThread "GC Thread#2" [stack: 0x000000a3e2a00000,0x000000a3e2b00000] [id=17692]
  0x00000298cc269000 GCTaskThread "GC Thread#3" [stack: 0x000000a3e2b00000,0x000000a3e2c00000] [id=8312]
  0x00000298c54ce800 GCTaskThread "GC Thread#4" [stack: 0x000000a3e2c00000,0x000000a3e2d00000] [id=1724]
  0x00000298c54cf800 GCTaskThread "GC Thread#5" [stack: 0x000000a3e2d00000,0x000000a3e2e00000] [id=7164]
  0x00000298a7ca1800 ConcurrentGCThread "G1 Main Marker" [stack: 0x000000a3e0f00000,0x000000a3e1000000] [id=19700]
  0x00000298a7ca4000 ConcurrentGCThread "G1 Conc#0" [stack: 0x000000a3e1000000,0x000000a3e1100000] [id=16764]
  0x00000298c4149800 ConcurrentGCThread "G1 Refine#0" [stack: 0x000000a3e1100000,0x000000a3e1200000] [id=14728]
  0x00000298c414a800 ConcurrentGCThread "G1 Young RemSet Sampling" [stack: 0x000000a3e1200000,0x000000a3e1300000] [id=18196]

Threads with active compile tasks:
C2 CompilerThread1   7581 3515       4       com.sun.javafx.css.StyleMap::getCascadingStyles (384 bytes)

VM state:not at safepoint (normal execution)

VM Mutex/Monitor currently owned by a thread: None

Heap address: 0x0000000082e00000, size: 2002 MB, Compressed Oops mode: 32-bit
Narrow klass base: 0x0000000800000000, Narrow klass shift: 3
Compressed class space size: 1073741824 Address: 0x0000000840000000

Heap:
 garbage-first heap   total 129024K, used 52159K [0x0000000082e00000, 0x0000000100000000)
  region size 1024K, 19 young (19456K), 10 survivors (10240K)
 Metaspace       used 17857K, capacity 18724K, committed 18944K, reserved 1064960K
  class space    used 2166K, capacity 2526K, committed 2560K, reserved 1048576K
Heap Regions: E=young(eden), S=young(survivor), O=old, HS=humongous(starts), HC=humongous(continues), CS=collection set, F=free, A=archive, TAMS=top-at-mark-start (previous, next)
|   0|0x0000000082e00000, 0x0000000082eefe00, 0x0000000082f00000| 93%| O|  |TAMS 0x0000000082e00000, 0x0000000082e00000| Untracked 
|   1|0x0000000082f00000, 0x0000000083000000, 0x0000000083000000|100%|HS|  |TAMS 0x0000000082f00000, 0x0000000082f00000| Complete 
|   2|0x0000000083000000, 0x0000000083100000, 0x0000000083100000|100%|HC|  |TAMS 0x0000000083000000, 0x0000000083000000| Complete 
|   3|0x0000000083100000, 0x0000000083200000, 0x0000000083200000|100%|HC|  |TAMS 0x0000000083100000, 0x0000000083100000| Complete 
|   4|0x0000000083200000, 0x0000000083300000, 0x0000000083300000|100%|HC|  |TAMS 0x0000000083200000, 0x0000000083200000| Complete 
|   5|0x0000000083300000, 0x0000000083400000, 0x0000000083400000|100%|HC|  |TAMS 0x0000000083300000, 0x0000000083300000| Complete 
|   6|0x0000000083400000, 0x0000000083500000, 0x0000000083500000|100%|HS|  |TAMS 0x0000000083400000, 0x0000000083400000| Complete 
|   7|0x0000000083500000, 0x0000000083600000, 0x0000000083600000|100%|HS|  |TAMS 0x0000000083500000, 0x0000000083500000| Complete 
|   8|0x0000000083600000, 0x0000000083700000, 0x0000000083700000|100%|HS|  |TAMS 0x0000000083600000, 0x0000000083600000| Complete 
|   9|0x0000000083700000, 0x0000000083800000, 0x0000000083800000|100%|HC|  |TAMS 0x0000000083700000, 0x0000000083700000| Complete 
|  10|0x0000000083800000, 0x0000000083900000, 0x0000000083900000|100%|HC|  |TAMS 0x0000000083800000, 0x0000000083800000| Complete 
|  11|0x0000000083900000, 0x0000000083a00000, 0x0000000083a00000|100%|HC|  |TAMS 0x0000000083900000, 0x0000000083900000| Complete 
|  12|0x0000000083a00000, 0x0000000083b00000, 0x0000000083b00000|100%|HC|  |TAMS 0x0000000083a00000, 0x0000000083a00000| Complete 
|  13|0x0000000083b00000, 0x0000000083c00000, 0x0000000083c00000|100%|HS|  |TAMS 0x0000000083b00000, 0x0000000083b00000| Complete 
|  14|0x0000000083c00000, 0x0000000083d00000, 0x0000000083d00000|100%|HS|  |TAMS 0x0000000083c00000, 0x0000000083c00000| Complete 
|  15|0x0000000083d00000, 0x0000000083e00000, 0x0000000083e00000|100%|HS|  |TAMS 0x0000000083d00000, 0x0000000083d00000| Complete 
|  16|0x0000000083e00000, 0x0000000083f00000, 0x0000000083f00000|100%|HS|  |TAMS 0x0000000083e00000, 0x0000000083e00000| Complete 
|  17|0x0000000083f00000, 0x0000000084000000, 0x0000000084000000|100%|HS|  |TAMS 0x0000000083f00000, 0x0000000083f00000| Complete 
|  18|0x0000000084000000, 0x0000000084100000, 0x0000000084100000|100%|HC|  |TAMS 0x0000000084000000, 0x0000000084000000| Complete 
|  19|0x0000000084100000, 0x0000000084200000, 0x0000000084200000|100%|HC|  |TAMS 0x0000000084100000, 0x0000000084100000| Complete 
|  20|0x0000000084200000, 0x0000000084300000, 0x0000000084300000|100%|HC|  |TAMS 0x0000000084200000, 0x0000000084200000| Complete 
|  21|0x0000000084300000, 0x0000000084400000, 0x0000000084400000|100%|HC|  |TAMS 0x0000000084300000, 0x0000000084300000| Complete 
|  22|0x0000000084400000, 0x0000000084500000, 0x0000000084500000|100%|HS|  |TAMS 0x0000000084400000, 0x0000000084400000| Complete 
|  23|0x0000000084500000, 0x0000000084600000, 0x0000000084600000|100%|HS|  |TAMS 0x0000000084500000, 0x0000000084500000| Complete 
|  24|0x0000000084600000, 0x0000000084700000, 0x0000000084700000|100%|HS|  |TAMS 0x0000000084600000, 0x0000000084600000| Complete 
|  25|0x0000000084700000, 0x0000000084800000, 0x0000000084800000|100%|HC|  |TAMS 0x0000000084700000, 0x0000000084700000| Complete 
|  26|0x0000000084800000, 0x0000000084900000, 0x0000000084900000|100%|HC|  |TAMS 0x0000000084800000, 0x0000000084800000| Complete 
|  27|0x0000000084900000, 0x0000000084a00000, 0x0000000084a00000|100%|HC|  |TAMS 0x0000000084900000, 0x0000000084900000| Complete 
|  28|0x0000000084a00000, 0x0000000084b00000, 0x0000000084b00000|100%|HC|  |TAMS 0x0000000084a00000, 0x0000000084a00000| Complete 
|  29|0x0000000084b00000, 0x0000000084c00000, 0x0000000084c00000|100%|HS|  |TAMS 0x0000000084b00000, 0x0000000084b00000| Complete 
|  30|0x0000000084c00000, 0x0000000084d00000, 0x0000000084d00000|100%|HS|  |TAMS 0x0000000084c00000, 0x0000000084c00000| Complete 
|  31|0x0000000084d00000, 0x0000000084e00000, 0x0000000084e00000|100%|HS|  |TAMS 0x0000000084d00000, 0x0000000084d00000| Complete 
|  32|0x0000000084e00000, 0x0000000084f00000, 0x0000000084f00000|100%|HS|  |TAMS 0x0000000084e00000, 0x0000000084e00000| Complete 
|  33|0x0000000084f00000, 0x0000000084f00000, 0x0000000085000000|  0%| F|  |TAMS 0x0000000084f00000, 0x0000000084f00000| Untracked 
|  34|0x0000000085000000, 0x0000000085000000, 0x0000000085100000|  0%| F|  |TAMS 0x0000000085000000, 0x0000000085000000| Untracked 
|  35|0x0000000085100000, 0x0000000085100000, 0x0000000085200000|  0%| F|  |TAMS 0x0000000085100000, 0x0000000085100000| Untracked 
|  36|0x0000000085200000, 0x0000000085200000, 0x0000000085300000|  0%| F|  |TAMS 0x0000000085200000, 0x0000000085200000| Untracked 
|  37|0x0000000085300000, 0x0000000085300000, 0x0000000085400000|  0%| F|  |TAMS 0x0000000085300000, 0x0000000085300000| Untracked 
|  38|0x0000000085400000, 0x0000000085400000, 0x0000000085500000|  0%| F|  |TAMS 0x0000000085400000, 0x0000000085400000| Untracked 
|  39|0x0000000085500000, 0x0000000085500000, 0x0000000085600000|  0%| F|  |TAMS 0x0000000085500000, 0x0000000085500000| Untracked 
|  40|0x0000000085600000, 0x0000000085600000, 0x0000000085700000|  0%| F|  |TAMS 0x0000000085600000, 0x0000000085600000| Untracked 
|  41|0x0000000085700000, 0x0000000085800000, 0x0000000085800000|100%| S|CS|TAMS 0x0000000085700000, 0x0000000085700000| Complete 
|  42|0x0000000085800000, 0x0000000085900000, 0x0000000085900000|100%| S|CS|TAMS 0x0000000085800000, 0x0000000085800000| Complete 
|  43|0x0000000085900000, 0x0000000085a00000, 0x0000000085a00000|100%| S|CS|TAMS 0x0000000085900000, 0x0000000085900000| Complete 
|  44|0x0000000085a00000, 0x0000000085b00000, 0x0000000085b00000|100%| S|CS|TAMS 0x0000000085a00000, 0x0000000085a00000| Complete 
|  45|0x0000000085b00000, 0x0000000085c00000, 0x0000000085c00000|100%| S|CS|TAMS 0x0000000085b00000, 0x0000000085b00000| Complete 
|  46|0x0000000085c00000, 0x0000000085d00000, 0x0000000085d00000|100%| S|CS|TAMS 0x0000000085c00000, 0x0000000085c00000| Complete 
|  47|0x0000000085d00000, 0x0000000085e00000, 0x0000000085e00000|100%| S|CS|TAMS 0x0000000085d00000, 0x0000000085d00000| Complete 
|  48|0x0000000085e00000, 0x0000000085f00000, 0x0000000085f00000|100%| S|CS|TAMS 0x0000000085e00000, 0x0000000085e00000| Complete 
|  49|0x0000000085f00000, 0x0000000086000000, 0x0000000086000000|100%| S|CS|TAMS 0x0000000085f00000, 0x0000000085f00000| Complete 
|  50|0x0000000086000000, 0x0000000086100000, 0x0000000086100000|100%| S|CS|TAMS 0x0000000086000000, 0x0000000086000000| Complete 
|  51|0x0000000086100000, 0x0000000086100000, 0x0000000086200000|  0%| F|  |TAMS 0x0000000086100000, 0x0000000086100000| Untracked 
|  52|0x0000000086200000, 0x0000000086200000, 0x0000000086300000|  0%| F|  |TAMS 0x0000000086200000, 0x0000000086200000| Untracked 
|  53|0x0000000086300000, 0x0000000086300000, 0x0000000086400000|  0%| F|  |TAMS 0x0000000086300000, 0x0000000086300000| Untracked 
|  54|0x0000000086400000, 0x0000000086400000, 0x0000000086500000|  0%| F|  |TAMS 0x0000000086400000, 0x0000000086400000| Untracked 
|  55|0x0000000086500000, 0x0000000086500000, 0x0000000086600000|  0%| F|  |TAMS 0x0000000086500000, 0x0000000086500000| Untracked 
|  56|0x0000000086600000, 0x0000000086600000, 0x0000000086700000|  0%| F|  |TAMS 0x0000000086600000, 0x0000000086600000| Untracked 
|  57|0x0000000086700000, 0x0000000086700000, 0x0000000086800000|  0%| F|  |TAMS 0x0000000086700000, 0x0000000086700000| Untracked 
|  58|0x0000000086800000, 0x0000000086800000, 0x0000000086900000|  0%| F|  |TAMS 0x0000000086800000, 0x0000000086800000| Untracked 
|  59|0x0000000086900000, 0x0000000086900000, 0x0000000086a00000|  0%| F|  |TAMS 0x0000000086900000, 0x0000000086900000| Untracked 
|  60|0x0000000086a00000, 0x0000000086a00000, 0x0000000086b00000|  0%| F|  |TAMS 0x0000000086a00000, 0x0000000086a00000| Untracked 
|  61|0x0000000086b00000, 0x0000000086b00000, 0x0000000086c00000|  0%| F|  |TAMS 0x0000000086b00000, 0x0000000086b00000| Untracked 
|  62|0x0000000086c00000, 0x0000000086c00000, 0x0000000086d00000|  0%| F|  |TAMS 0x0000000086c00000, 0x0000000086c00000| Untracked 
|  63|0x0000000086d00000, 0x0000000086d00000, 0x0000000086e00000|  0%| F|  |TAMS 0x0000000086d00000, 0x0000000086d00000| Untracked 
|  64|0x0000000086e00000, 0x0000000086e00000, 0x0000000086f00000|  0%| F|  |TAMS 0x0000000086e00000, 0x0000000086e00000| Untracked 
|  65|0x0000000086f00000, 0x0000000086f00000, 0x0000000087000000|  0%| F|  |TAMS 0x0000000086f00000, 0x0000000086f00000| Untracked 
|  66|0x0000000087000000, 0x0000000087000000, 0x0000000087100000|  0%| F|  |TAMS 0x0000000087000000, 0x0000000087000000| Untracked 
|  67|0x0000000087100000, 0x0000000087100000, 0x0000000087200000|  0%| F|  |TAMS 0x0000000087100000, 0x0000000087100000| Untracked 
|  68|0x0000000087200000, 0x0000000087200000, 0x0000000087300000|  0%| F|  |TAMS 0x0000000087200000, 0x0000000087200000| Untracked 
|  69|0x0000000087300000, 0x0000000087300000, 0x0000000087400000|  0%| F|  |TAMS 0x0000000087300000, 0x0000000087300000| Untracked 
|  70|0x0000000087400000, 0x0000000087400000, 0x0000000087500000|  0%| F|  |TAMS 0x0000000087400000, 0x0000000087400000| Untracked 
|  71|0x0000000087500000, 0x0000000087500000, 0x0000000087600000|  0%| F|  |TAMS 0x0000000087500000, 0x0000000087500000| Untracked 
|  72|0x0000000087600000, 0x0000000087600000, 0x0000000087700000|  0%| F|  |TAMS 0x0000000087600000, 0x0000000087600000| Untracked 
|  73|0x0000000087700000, 0x0000000087700000, 0x0000000087800000|  0%| F|  |TAMS 0x0000000087700000, 0x0000000087700000| Untracked 
|  74|0x0000000087800000, 0x0000000087800000, 0x0000000087900000|  0%| F|  |TAMS 0x0000000087800000, 0x0000000087800000| Untracked 
|  75|0x0000000087900000, 0x0000000087900000, 0x0000000087a00000|  0%| F|  |TAMS 0x0000000087900000, 0x0000000087900000| Untracked 
|  76|0x0000000087a00000, 0x0000000087a00000, 0x0000000087b00000|  0%| F|  |TAMS 0x0000000087a00000, 0x0000000087a00000| Untracked 
|  77|0x0000000087b00000, 0x0000000087b00000, 0x0000000087c00000|  0%| F|  |TAMS 0x0000000087b00000, 0x0000000087b00000| Untracked 
|  78|0x0000000087c00000, 0x0000000087c00000, 0x0000000087d00000|  0%| F|  |TAMS 0x0000000087c00000, 0x0000000087c00000| Untracked 
|  79|0x0000000087d00000, 0x0000000087d00000, 0x0000000087e00000|  0%| F|  |TAMS 0x0000000087d00000, 0x0000000087d00000| Untracked 
|  80|0x0000000087e00000, 0x0000000087e00000, 0x0000000087f00000|  0%| F|  |TAMS 0x0000000087e00000, 0x0000000087e00000| Untracked 
|  81|0x0000000087f00000, 0x0000000087f00000, 0x0000000088000000|  0%| F|  |TAMS 0x0000000087f00000, 0x0000000087f00000| Untracked 
|  82|0x0000000088000000, 0x0000000088000000, 0x0000000088100000|  0%| F|  |TAMS 0x0000000088000000, 0x0000000088000000| Untracked 
|  83|0x0000000088100000, 0x0000000088100000, 0x0000000088200000|  0%| F|  |TAMS 0x0000000088100000, 0x0000000088100000| Untracked 
|  84|0x0000000088200000, 0x0000000088200000, 0x0000000088300000|  0%| F|  |TAMS 0x0000000088200000, 0x0000000088200000| Untracked 
|  85|0x0000000088300000, 0x0000000088300000, 0x0000000088400000|  0%| F|  |TAMS 0x0000000088300000, 0x0000000088300000| Untracked 
|  86|0x0000000088400000, 0x0000000088400000, 0x0000000088500000|  0%| F|  |TAMS 0x0000000088400000, 0x0000000088400000| Untracked 
|  87|0x0000000088500000, 0x0000000088500000, 0x0000000088600000|  0%| F|  |TAMS 0x0000000088500000, 0x0000000088500000| Untracked 
|  88|0x0000000088600000, 0x0000000088600000, 0x0000000088700000|  0%| F|  |TAMS 0x0000000088600000, 0x0000000088600000| Untracked 
|  89|0x0000000088700000, 0x0000000088700000, 0x0000000088800000|  0%| F|  |TAMS 0x0000000088700000, 0x0000000088700000| Untracked 
|  90|0x0000000088800000, 0x0000000088800000, 0x0000000088900000|  0%| F|  |TAMS 0x0000000088800000, 0x0000000088800000| Untracked 
|  91|0x0000000088900000, 0x0000000088900000, 0x0000000088a00000|  0%| F|  |TAMS 0x0000000088900000, 0x0000000088900000| Untracked 
|  92|0x0000000088a00000, 0x0000000088a00000, 0x0000000088b00000|  0%| F|  |TAMS 0x0000000088a00000, 0x0000000088a00000| Untracked 
|  93|0x0000000088b00000, 0x0000000088b00000, 0x0000000088c00000|  0%| F|  |TAMS 0x0000000088b00000, 0x0000000088b00000| Untracked 
|  94|0x0000000088c00000, 0x0000000088c00000, 0x0000000088d00000|  0%| F|  |TAMS 0x0000000088c00000, 0x0000000088c00000| Untracked 
|  95|0x0000000088d00000, 0x0000000088d00000, 0x0000000088e00000|  0%| F|  |TAMS 0x0000000088d00000, 0x0000000088d00000| Untracked 
|  96|0x0000000088e00000, 0x0000000088e00000, 0x0000000088f00000|  0%| F|  |TAMS 0x0000000088e00000, 0x0000000088e00000| Untracked 
|  97|0x0000000088f00000, 0x0000000088f00000, 0x0000000089000000|  0%| F|  |TAMS 0x0000000088f00000, 0x0000000088f00000| Untracked 
|  98|0x0000000089000000, 0x0000000089000000, 0x0000000089100000|  0%| F|  |TAMS 0x0000000089000000, 0x0000000089000000| Untracked 
|  99|0x0000000089100000, 0x0000000089100000, 0x0000000089200000|  0%| F|  |TAMS 0x0000000089100000, 0x0000000089100000| Untracked 
| 100|0x0000000089200000, 0x0000000089200000, 0x0000000089300000|  0%| F|  |TAMS 0x0000000089200000, 0x0000000089200000| Untracked 
| 101|0x0000000089300000, 0x0000000089300000, 0x0000000089400000|  0%| F|  |TAMS 0x0000000089300000, 0x0000000089300000| Untracked 
| 102|0x0000000089400000, 0x0000000089400000, 0x0000000089500000|  0%| F|  |TAMS 0x0000000089400000, 0x0000000089400000| Untracked 
| 103|0x0000000089500000, 0x0000000089500000, 0x0000000089600000|  0%| F|  |TAMS 0x0000000089500000, 0x0000000089500000| Untracked 
| 104|0x0000000089600000, 0x0000000089600000, 0x0000000089700000|  0%| F|  |TAMS 0x0000000089600000, 0x0000000089600000| Untracked 
| 105|0x0000000089700000, 0x0000000089700000, 0x0000000089800000|  0%| F|  |TAMS 0x0000000089700000, 0x0000000089700000| Untracked 
| 106|0x0000000089800000, 0x0000000089800000, 0x0000000089900000|  0%| F|  |TAMS 0x0000000089800000, 0x0000000089800000| Untracked 
| 107|0x0000000089900000, 0x0000000089900000, 0x0000000089a00000|  0%| F|  |TAMS 0x0000000089900000, 0x0000000089900000| Untracked 
| 108|0x0000000089a00000, 0x0000000089a00000, 0x0000000089b00000|  0%| F|  |TAMS 0x0000000089a00000, 0x0000000089a00000| Untracked 
| 109|0x0000000089b00000, 0x0000000089b00000, 0x0000000089c00000|  0%| F|  |TAMS 0x0000000089b00000, 0x0000000089b00000| Untracked 
| 110|0x0000000089c00000, 0x0000000089c00000, 0x0000000089d00000|  0%| F|  |TAMS 0x0000000089c00000, 0x0000000089c00000| Untracked 
| 111|0x0000000089d00000, 0x0000000089d00000, 0x0000000089e00000|  0%| F|  |TAMS 0x0000000089d00000, 0x0000000089d00000| Untracked 
| 112|0x0000000089e00000, 0x0000000089e00000, 0x0000000089f00000|  0%| F|  |TAMS 0x0000000089e00000, 0x0000000089e00000| Untracked 
| 113|0x0000000089f00000, 0x0000000089f00000, 0x000000008a000000|  0%| F|  |TAMS 0x0000000089f00000, 0x0000000089f00000| Untracked 
| 114|0x000000008a000000, 0x000000008a000000, 0x000000008a100000|  0%| F|  |TAMS 0x000000008a000000, 0x000000008a000000| Untracked 
| 115|0x000000008a100000, 0x000000008a100000, 0x000000008a200000|  0%| F|  |TAMS 0x000000008a100000, 0x000000008a100000| Untracked 
| 116|0x000000008a200000, 0x000000008a200000, 0x000000008a300000|  0%| F|  |TAMS 0x000000008a200000, 0x000000008a200000| Untracked 
| 117|0x000000008a300000, 0x000000008a400000, 0x000000008a400000|100%| E|  |TAMS 0x000000008a300000, 0x000000008a300000| Complete 
| 118|0x000000008a400000, 0x000000008a500000, 0x000000008a500000|100%| E|CS|TAMS 0x000000008a400000, 0x000000008a400000| Complete 
| 119|0x000000008a500000, 0x000000008a600000, 0x000000008a600000|100%| E|CS|TAMS 0x000000008a500000, 0x000000008a500000| Complete 
| 120|0x000000008a600000, 0x000000008a700000, 0x000000008a700000|100%| E|CS|TAMS 0x000000008a600000, 0x000000008a600000| Complete 
| 121|0x000000008a700000, 0x000000008a800000, 0x000000008a800000|100%| E|CS|TAMS 0x000000008a700000, 0x000000008a700000| Complete 
| 122|0x000000008a800000, 0x000000008a900000, 0x000000008a900000|100%| E|CS|TAMS 0x000000008a800000, 0x000000008a800000| Complete 
| 123|0x000000008a900000, 0x000000008aa00000, 0x000000008aa00000|100%| E|CS|TAMS 0x000000008a900000, 0x000000008a900000| Complete 
| 124|0x000000008aa00000, 0x000000008ab00000, 0x000000008ab00000|100%| E|CS|TAMS 0x000000008aa00000, 0x000000008aa00000| Complete 
| 125|0x000000008ab00000, 0x000000008ac00000, 0x000000008ac00000|100%| E|CS|TAMS 0x000000008ab00000, 0x000000008ab00000| Complete 

Card table byte_map: [0x00000298bd150000,0x00000298bd540000] _byte_map_base: 0x00000298bcd39000

Marking Bits (Prev, Next): (CMBitMap*) 0x00000298a7c98cf8, (CMBitMap*) 0x00000298a7c98d30
 Prev Bits: [0x00000298bd930000, 0x00000298bf878000)
 Next Bits: [0x00000298bf880000, 0x00000298c17c8000)

Polling page: 0x00000298a94e0000

Metaspace:

Usage:
  Non-class:     15.82 MB capacity,    15.32 MB ( 97%) used,   425.40 KB (  3%) free+waste,    81.06 KB ( <1%) overhead. 
      Class:      2.47 MB capacity,     2.12 MB ( 86%) used,   317.65 KB ( 13%) free+waste,    42.06 KB (  2%) overhead. 
       Both:     18.29 MB capacity,    17.44 MB ( 95%) used,   743.05 KB (  4%) free+waste,   123.13 KB ( <1%) overhead. 

Virtual space:
  Non-class space:       16.00 MB reserved,      16.00 MB (100%) committed 
      Class space:        1.00 GB reserved,       2.50 MB ( <1%) committed 
             Both:        1.02 GB reserved,      18.50 MB (  2%) committed 

Chunk freelists:
   Non-Class:  58.00 KB
       Class:  2.00 KB
        Both:  60.00 KB

MaxMetaspaceSize: 17179869184.00 GB
CompressedClassSpaceSize: 1.00 GB

CodeHeap 'non-profiled nmethods': size=120000Kb used=1633Kb max_used=1633Kb free=118366Kb
 bounds [0x00000298b4dc0000, 0x00000298b5030000, 0x00000298bc2f0000]
CodeHeap 'profiled nmethods': size=120000Kb used=7540Kb max_used=7540Kb free=112459Kb
 bounds [0x00000298ad890000, 0x00000298adff0000, 0x00000298b4dc0000]
CodeHeap 'non-nmethods': size=5760Kb used=1365Kb max_used=1415Kb free=4394Kb
 bounds [0x00000298ad2f0000, 0x00000298ad560000, 0x00000298ad890000]
 total_blobs=5470 nmethods=3611 adapters=698
 compilation: enabled
              stopped_count=0, restarted_count=0
 full_count=0

Compilation events (20 events):
Event: 7.547 Thread 0x00000298c42df000 nmethod 3573 0x00000298adfd2690 code [0x00000298adfd2900, 0x00000298adfd34d0]
Event: 7.547 Thread 0x00000298c42df000 3574       3       sun.nio.cs.StreamEncoder::implWrite (15 bytes)
Event: 7.547 Thread 0x00000298c42df000 nmethod 3574 0x00000298adfd3a90 code [0x00000298adfd3ca0, 0x00000298adfd41f0]
Event: 7.550 Thread 0x00000298c42df000 3575       3       com.sun.javafx.font.LogicalFont::getStrike (117 bytes)
Event: 7.550 Thread 0x00000298c42df000 nmethod 3575 0x00000298adfd4490 code [0x00000298adfd4720, 0x00000298adfd5680]
Event: 7.551 Thread 0x00000298c42df000 3576       3       java.lang.ModuleLayer::boot (4 bytes)
Event: 7.551 Thread 0x00000298c42df000 nmethod 3576 0x00000298adfd5b10 code [0x00000298adfd5cc0, 0x00000298adfd5e18]
Event: 7.551 Thread 0x00000298c42da000 3577       4       java.nio.ByteBuffer::position (6 bytes)
Event: 7.551 Thread 0x00000298c42da000 nmethod 3577 0x00000298b4f57610 code [0x00000298b4f577a0, 0x00000298b4f57898]
Event: 7.552 Thread 0x00000298c42da000 3578       4       java.lang.Math::round (56 bytes)
Event: 7.553 Thread 0x00000298c42da000 nmethod 3578 0x00000298b4f57990 code [0x00000298b4f57b20, 0x00000298b4f57bb8]
Event: 7.554 Thread 0x00000298c42df000 3579       3       java.lang.StackTraceElement::<init> (10 bytes)
Event: 7.554 Thread 0x00000298c42df000 nmethod 3579 0x00000298adfd5e90 code [0x00000298adfd6040, 0x00000298adfd6218]
Event: 7.554 Thread 0x00000298c42df000 3580  s!   3       java.lang.StackTraceElement::computeFormat (71 bytes)
Event: 7.554 Thread 0x00000298c42da000 3582       4       java.nio.Buffer::remaining (10 bytes)
Event: 7.554 Thread 0x00000298c42da000 nmethod 3582 0x00000298b4f57c10 code [0x00000298b4f57da0, 0x00000298b4f57e18]
Event: 7.554 Thread 0x00000298c42df000 nmethod 3580 0x00000298adfd6310 code [0x00000298adfd6540, 0x00000298adfd6f60]
Event: 7.554 Thread 0x00000298c42df000 3581       3       java.lang.StackTraceElement::isHashedInJavaBase (31 bytes)
Event: 7.555 Thread 0x00000298c42df000 nmethod 3581 0x00000298adfd7210 code [0x00000298adfd7420, 0x00000298adfd7980]
Event: 7.556 Thread 0x00000298c42da000 3583       4       com.sun.javafx.sg.prism.NGGroup::needsBlending (15 bytes)

GC Heap History (4 events):
Event: 0.609 GC heap before
{Heap before GC invocations=0 (full 0):
 garbage-first heap   total 129024K, used 23552K [0x0000000082e00000, 0x0000000100000000)
  region size 1024K, 24 young (24576K), 0 survivors (0K)
 Metaspace       used 8042K, capacity 9556K, committed 9728K, reserved 1058816K
  class space    used 941K, capacity 1205K, committed 1280K, reserved 1048576K
}
Event: 0.612 GC heap after
{Heap after GC invocations=1 (full 0):
 garbage-first heap   total 129024K, used 3243K [0x0000000082e00000, 0x0000000100000000)
  region size 1024K, 3 young (3072K), 3 survivors (3072K)
 Metaspace       used 8042K, capacity 9556K, committed 9728K, reserved 1058816K
  class space    used 941K, capacity 1205K, committed 1280K, reserved 1048576K
}
Event: 7.430 GC heap before
{Heap before GC invocations=1 (full 0):
 garbage-first heap   total 129024K, used 105643K [0x0000000082e00000, 0x0000000100000000)
  region size 1024K, 75 young (76800K), 3 survivors (3072K)
 Metaspace       used 17672K, capacity 18492K, committed 18688K, reserved 1064960K
  class space    used 2161K, capacity 2519K, committed 2560K, reserved 1048576K
}
Event: 7.438 GC heap after
{Heap after GC invocations=2 (full 0):
 garbage-first heap   total 129024K, used 39871K [0x0000000082e00000, 0x0000000100000000)
  region size 1024K, 10 young (10240K), 10 survivors (10240K)
 Metaspace       used 17672K, capacity 18492K, committed 18688K, reserved 1064960K
  class space    used 2161K, capacity 2519K, committed 2560K, reserved 1048576K
}

Deoptimization events (20 events):
Event: 7.508 Thread 0x00000298c5143800 Uncommon trap: trap_request=0xffffffde fr.pc=0x00000298b4f504c8 relative=0x0000000000000128
Event: 7.508 Thread 0x00000298c5143800 Uncommon trap: reason=class_check action=maybe_recompile pc=0x00000298b4f504c8 method=jdk.internal.misc.Unsafe.allocateUninitializedArray(Ljava/lang/Class;I)Ljava/lang/Object; @ 48 c2
Event: 7.508 Thread 0x00000298c5143800 DEOPT PACKING pc=0x00000298b4f504c8 sp=0x000000a3e22fc6a0
Event: 7.508 Thread 0x00000298c5143800 DEOPT UNPACKING pc=0x00000298ad31922f sp=0x000000a3e22fc628 mode 2
Event: 7.508 Thread 0x00000298c5143800 Uncommon trap: trap_request=0xffffffde fr.pc=0x00000298b4f504c8 relative=0x0000000000000128
Event: 7.508 Thread 0x00000298c5143800 Uncommon trap: reason=class_check action=maybe_recompile pc=0x00000298b4f504c8 method=jdk.internal.misc.Unsafe.allocateUninitializedArray(Ljava/lang/Class;I)Ljava/lang/Object; @ 48 c2
Event: 7.508 Thread 0x00000298c5143800 DEOPT PACKING pc=0x00000298b4f504c8 sp=0x000000a3e22fc6a0
Event: 7.508 Thread 0x00000298c5143800 DEOPT UNPACKING pc=0x00000298ad31922f sp=0x000000a3e22fc628 mode 2
Event: 7.508 Thread 0x00000298c5143800 Uncommon trap: trap_request=0xffffffde fr.pc=0x00000298b4f504c8 relative=0x0000000000000128
Event: 7.508 Thread 0x00000298c5143800 Uncommon trap: reason=class_check action=maybe_recompile pc=0x00000298b4f504c8 method=jdk.internal.misc.Unsafe.allocateUninitializedArray(Ljava/lang/Class;I)Ljava/lang/Object; @ 48 c2
Event: 7.508 Thread 0x00000298c5143800 DEOPT PACKING pc=0x00000298b4f504c8 sp=0x000000a3e22fc6a0
Event: 7.508 Thread 0x00000298c5143800 DEOPT UNPACKING pc=0x00000298ad31922f sp=0x000000a3e22fc628 mode 2
Event: 7.508 Thread 0x00000298c5143800 Uncommon trap: trap_request=0xffffffde fr.pc=0x00000298b4f504c8 relative=0x0000000000000128
Event: 7.508 Thread 0x00000298c5143800 Uncommon trap: reason=class_check action=maybe_recompile pc=0x00000298b4f504c8 method=jdk.internal.misc.Unsafe.allocateUninitializedArray(Ljava/lang/Class;I)Ljava/lang/Object; @ 48 c2
Event: 7.508 Thread 0x00000298c5143800 DEOPT PACKING pc=0x00000298b4f504c8 sp=0x000000a3e22fc6a0
Event: 7.508 Thread 0x00000298c5143800 DEOPT UNPACKING pc=0x00000298ad31922f sp=0x000000a3e22fc628 mode 2
Event: 7.525 Thread 0x00000298c5070000 Uncommon trap: trap_request=0xfffffff4 fr.pc=0x00000298b4f38210 relative=0x0000000000000430
Event: 7.525 Thread 0x00000298c5070000 Uncommon trap: reason=null_check action=make_not_entrant pc=0x00000298b4f38210 method=com.sun.prism.impl.ps.BaseShaderGraphics.drawTexture(Lcom/sun/prism/Texture;FFFFFFFF)V @ 1 c2
Event: 7.525 Thread 0x00000298c5070000 DEOPT PACKING pc=0x00000298b4f38210 sp=0x000000a3e20fdb10
Event: 7.525 Thread 0x00000298c5070000 DEOPT UNPACKING pc=0x00000298ad31922f sp=0x000000a3e20fda90 mode 2

Classes redefined (0 events):
No events

Internal exceptions (20 events):
Event: 7.494 Thread 0x00000298c5143800 Exception <a 'java/io/FileNotFoundException'{0x000000008a665330}> (0x000000008a665330) thrown at [c:/BuildAgent/work/5ff2f6c26000d570/src/hotspot/share/prims/jni.cpp, line 615]
Event: 7.525 Thread 0x00000298c5070000 Implicit null exception at 0x00000298b4f37e50 to 0x00000298b4f381d8
Event: 7.525 Thread 0x00000298c5070000 Implicit null exception at 0x00000298adc473cd to 0x00000298adc47de8
Event: 7.525 Thread 0x00000298c5070000 Exception <a 'java/lang/NullPointerException'{0x000000008a5119c0}> (0x000000008a5119c0) thrown at [c:/BuildAgent/work/5ff2f6c26000d570/src/hotspot/share/runtime/sharedRuntime.cpp, line 584]
Event: 7.528 Thread 0x00000298c5070000 Implicit null exception at 0x00000298adc473cd to 0x00000298adc47de8
Event: 7.528 Thread 0x00000298c5070000 Exception <a 'java/lang/NullPointerException'{0x000000008a52b4c8}> (0x000000008a52b4c8) thrown at [c:/BuildAgent/work/5ff2f6c26000d570/src/hotspot/share/runtime/sharedRuntime.cpp, line 584]
Event: 7.532 Thread 0x00000298c5070000 Implicit null exception at 0x00000298adc473cd to 0x00000298adc47de8
Event: 7.532 Thread 0x00000298c5070000 Exception <a 'java/lang/NullPointerException'{0x000000008a5448b0}> (0x000000008a5448b0) thrown at [c:/BuildAgent/work/5ff2f6c26000d570/src/hotspot/share/runtime/sharedRuntime.cpp, line 584]
Event: 7.535 Thread 0x00000298c5070000 Implicit null exception at 0x00000298adc473cd to 0x00000298adc47de8
Event: 7.535 Thread 0x00000298c5070000 Exception <a 'java/lang/NullPointerException'{0x000000008a55dcb0}> (0x000000008a55dcb0) thrown at [c:/BuildAgent/work/5ff2f6c26000d570/src/hotspot/share/runtime/sharedRuntime.cpp, line 584]
Event: 7.538 Thread 0x00000298c5070000 Implicit null exception at 0x00000298adc473cd to 0x00000298adc47de8
Event: 7.538 Thread 0x00000298c5070000 Exception <a 'java/lang/NullPointerException'{0x000000008a4caba8}> (0x000000008a4caba8) thrown at [c:/BuildAgent/work/5ff2f6c26000d570/src/hotspot/share/runtime/sharedRuntime.cpp, line 584]
Event: 7.541 Thread 0x00000298c5070000 Implicit null exception at 0x00000298adc473cd to 0x00000298adc47de8
Event: 7.541 Thread 0x00000298c5070000 Exception <a 'java/lang/NullPointerException'{0x000000008a4e3fa8}> (0x000000008a4e3fa8) thrown at [c:/BuildAgent/work/5ff2f6c26000d570/src/hotspot/share/runtime/sharedRuntime.cpp, line 584]
Event: 7.545 Thread 0x00000298c5070000 Implicit null exception at 0x00000298adc473cd to 0x00000298adc47de8
Event: 7.545 Thread 0x00000298c5070000 Exception <a 'java/lang/NullPointerException'{0x000000008a4fd3a8}> (0x000000008a4fd3a8) thrown at [c:/BuildAgent/work/5ff2f6c26000d570/src/hotspot/share/runtime/sharedRuntime.cpp, line 584]
Event: 7.550 Thread 0x00000298c5070000 Implicit null exception at 0x00000298adc473cd to 0x00000298adc47de8
Event: 7.550 Thread 0x00000298c5070000 Exception <a 'java/lang/NullPointerException'{0x000000008a31ab58}> (0x000000008a31ab58) thrown at [c:/BuildAgent/work/5ff2f6c26000d570/src/hotspot/share/runtime/sharedRuntime.cpp, line 584]
Event: 7.554 Thread 0x00000298c5070000 Implicit null exception at 0x00000298adc473cd to 0x00000298adc47de8
Event: 7.554 Thread 0x00000298c5070000 Exception <a 'java/lang/NullPointerException'{0x000000008a337ab0}> (0x000000008a337ab0) thrown at [c:/BuildAgent/work/5ff2f6c26000d570/src/hotspot/share/runtime/sharedRuntime.cpp, line 584]

Events (20 events):
Event: 7.515 Thread 0x00000298ccc7a800 Thread added: 0x00000298ccc7a800
Event: 7.515 Thread 0x00000298ccc7a800 Thread exited: 0x00000298ccc7a800
Event: 7.515 Thread 0x00000298ccc7d000 Thread added: 0x00000298ccc7d000
Event: 7.515 Thread 0x00000298ccc7d000 Thread exited: 0x00000298ccc7d000
Event: 7.515 Thread 0x00000298ccc7d000 Thread added: 0x00000298ccc7d000
Event: 7.515 Thread 0x00000298ccc7d000 Thread exited: 0x00000298ccc7d000
Event: 7.516 Thread 0x00000298ccc7a800 Thread added: 0x00000298ccc7a800
Event: 7.516 Thread 0x00000298ccc7a800 Thread exited: 0x00000298ccc7a800
Event: 7.516 Thread 0x00000298ccc7a800 Thread added: 0x00000298ccc7a800
Event: 7.516 Thread 0x00000298ccc7a800 Thread exited: 0x00000298ccc7a800
Event: 7.516 Thread 0x00000298ccc79000 Thread added: 0x00000298ccc79000
Event: 7.516 Thread 0x00000298ccc79000 Thread exited: 0x00000298ccc79000
Event: 7.516 Thread 0x00000298ccc79000 Thread added: 0x00000298ccc79000
Event: 7.516 Thread 0x00000298ccc79000 Thread exited: 0x00000298ccc79000
Event: 7.516 Thread 0x00000298ccc7a800 Thread added: 0x00000298ccc7a800
Event: 7.516 Thread 0x00000298ccc7a800 Thread exited: 0x00000298ccc7a800
Event: 7.525 loading class java/lang/Throwable$WrappedPrintStream
Event: 7.525 loading class java/lang/Throwable$PrintStreamOrWriter
Event: 7.525 loading class java/lang/Throwable$PrintStreamOrWriter done
Event: 7.525 loading class java/lang/Throwable$WrappedPrintStream done


Dynamic libraries:
0x00007ff7258e0000 - 0x00007ff7258ea000 	C:\Program Files\JetBrains\IntelliJ IDEA Community Edition 2019.3.1\jbr\bin\java.exe
0x00007ffe05260000 - 0x00007ffe05450000 	C:\WINDOWS\SYSTEM32\ntdll.dll
0x00007ffe05030000 - 0x00007ffe050e2000 	C:\WINDOWS\System32\KERNEL32.DLL
0x00007ffe024c0000 - 0x00007ffe02765000 	C:\WINDOWS\System32\KERNELBASE.dll
0x00007ffe02800000 - 0x00007ffe028fa000 	C:\WINDOWS\System32\ucrtbase.dll
0x00007ffdf6c90000 - 0x00007ffdf6ca7000 	C:\Program Files\JetBrains\IntelliJ IDEA Community Edition 2019.3.1\jbr\bin\VCRUNTIME140.dll
0x00007ffdf2fb0000 - 0x00007ffdf2fc9000 	C:\Program Files\JetBrains\IntelliJ IDEA Community Edition 2019.3.1\jbr\bin\jli.dll
0x00007ffe03800000 - 0x00007ffe03994000 	C:\WINDOWS\System32\USER32.dll
0x00007ffdf2c00000 - 0x00007ffdf2e84000 	C:\WINDOWS\WinSxS\amd64_microsoft.windows.common-controls_6595b64144ccf1df_6.0.18362.1256_none_9e7e379be45e40e2\COMCTL32.dll
0x00007ffe03230000 - 0x00007ffe03251000 	C:\WINDOWS\System32\win32u.dll
0x00007ffe03760000 - 0x00007ffe037fe000 	C:\WINDOWS\System32\msvcrt.dll
0x00007ffe03d20000 - 0x00007ffe03d46000 	C:\WINDOWS\System32\GDI32.dll
0x00007ffe041c0000 - 0x00007ffe044f6000 	C:\WINDOWS\System32\combase.dll
0x00007ffe02900000 - 0x00007ffe02a96000 	C:\WINDOWS\System32\gdi32full.dll
0x00007ffe04520000 - 0x00007ffe04640000 	C:\WINDOWS\System32\RPCRT4.dll
0x00007ffe02420000 - 0x00007ffe024be000 	C:\WINDOWS\System32\msvcp_win.dll
0x00007ffe021d0000 - 0x00007ffe02251000 	C:\WINDOWS\System32\bcryptPrimitives.dll
0x00007ffe03450000 - 0x00007ffe0347e000 	C:\WINDOWS\System32\IMM32.DLL
0x00007ffdd6ea0000 - 0x00007ffdd6f3d000 	C:\Program Files\JetBrains\IntelliJ IDEA Community Edition 2019.3.1\jbr\bin\msvcp140.dll
0x00007ffdbcd70000 - 0x00007ffdbd82b000 	C:\Program Files\JetBrains\IntelliJ IDEA Community Edition 2019.3.1\jbr\bin\server\jvm.dll
0x00007ffe03550000 - 0x00007ffe035f3000 	C:\WINDOWS\System32\ADVAPI32.dll
0x00007ffe04de0000 - 0x00007ffe04e77000 	C:\WINDOWS\System32\sechost.dll
0x00007ffe03310000 - 0x00007ffe03318000 	C:\WINDOWS\System32\PSAPI.DLL
0x00007ffdf3920000 - 0x00007ffdf3944000 	C:\WINDOWS\SYSTEM32\WINMM.dll
0x00007ffde8fa0000 - 0x00007ffde8fa9000 	C:\WINDOWS\SYSTEM32\WSOCK32.dll
0x00007ffdf9390000 - 0x00007ffdf939a000 	C:\WINDOWS\SYSTEM32\VERSION.dll
0x00007ffe04fc0000 - 0x00007ffe0502f000 	C:\WINDOWS\System32\WS2_32.dll
0x00007ffdf3040000 - 0x00007ffdf306d000 	C:\WINDOWS\SYSTEM32\winmmbase.dll
0x00007ffe023d0000 - 0x00007ffe0241a000 	C:\WINDOWS\System32\cfgmgr32.dll
0x00007ffe02160000 - 0x00007ffe02171000 	C:\WINDOWS\System32\kernel.appcore.dll
0x00007ffdfaab0000 - 0x00007ffdfaac1000 	C:\Program Files\JetBrains\IntelliJ IDEA Community Edition 2019.3.1\jbr\bin\verify.dll
0x00007ffe00a00000 - 0x00007ffe00bf4000 	C:\WINDOWS\SYSTEM32\DBGHELP.DLL
0x00007ffdf8dd0000 - 0x00007ffdf8dfa000 	C:\WINDOWS\SYSTEM32\dbgcore.DLL
0x00007ffdfa6f0000 - 0x00007ffdfa719000 	C:\Program Files\JetBrains\IntelliJ IDEA Community Edition 2019.3.1\jbr\bin\java.dll
0x00007ffdfa720000 - 0x00007ffdfa72f000 	C:\Program Files\JetBrains\IntelliJ IDEA Community Edition 2019.3.1\jbr\bin\instrument.dll
0x00007ffdfaa90000 - 0x00007ffdfaaa7000 	C:\Program Files\JetBrains\IntelliJ IDEA Community Edition 2019.3.1\jbr\bin\zip.dll
0x00007ffdfe8a0000 - 0x00007ffdfe8ab000 	C:\Program Files\JetBrains\IntelliJ IDEA Community Edition 2019.3.1\jbr\bin\jimage.dll
0x00007ffe046f0000 - 0x00007ffe04dd7000 	C:\WINDOWS\System32\SHELL32.dll
0x00007ffe050f0000 - 0x00007ffe05199000 	C:\WINDOWS\System32\shcore.dll
0x00007ffe02aa0000 - 0x00007ffe03221000 	C:\WINDOWS\System32\windows.storage.dll
0x00007ffe02130000 - 0x00007ffe02153000 	C:\WINDOWS\System32\profapi.dll
0x00007ffe02180000 - 0x00007ffe021ca000 	C:\WINDOWS\System32\powrprof.dll
0x00007ffe02100000 - 0x00007ffe02110000 	C:\WINDOWS\System32\UMPDC.dll
0x00007ffe033f0000 - 0x00007ffe03442000 	C:\WINDOWS\System32\shlwapi.dll
0x00007ffe023b0000 - 0x00007ffe023c7000 	C:\WINDOWS\System32\cryptsp.dll
0x00007ffdfa450000 - 0x00007ffdfa46a000 	C:\Program Files\JetBrains\IntelliJ IDEA Community Edition 2019.3.1\jbr\bin\net.dll
0x00007ffdf5cf0000 - 0x00007ffdf5de0000 	C:\WINDOWS\SYSTEM32\WINHTTP.dll
0x00007ffe01950000 - 0x00007ffe019b7000 	C:\WINDOWS\system32\mswsock.dll
0x00007ffdf9190000 - 0x00007ffdf91a4000 	C:\Program Files\JetBrains\IntelliJ IDEA Community Edition 2019.3.1\jbr\bin\nio.dll
0x00007ffdf0210000 - 0x00007ffdf022a000 	C:\Program Files\JetBrains\IntelliJ IDEA Community Edition 2019.3.1\bin\breakgen64.dll
0x00000298c5820000 - 0x00000298c5823000 	C:\Program Files\JetBrains\IntelliJ IDEA Community Edition 2019.3.1\jbr\bin\api-ms-win-core-console-l1-1-0.dll
0x00000298c5830000 - 0x00000298c5833000 	C:\Program Files\JetBrains\IntelliJ IDEA Community Edition 2019.3.1\jbr\bin\api-ms-win-core-datetime-l1-1-0.dll
0x00000298c5840000 - 0x00000298c5843000 	C:\Program Files\JetBrains\IntelliJ IDEA Community Edition 2019.3.1\jbr\bin\api-ms-win-core-debug-l1-1-0.dll
0x00000298c5850000 - 0x00000298c5853000 	C:\Program Files\JetBrains\IntelliJ IDEA Community Edition 2019.3.1\jbr\bin\api-ms-win-core-errorhandling-l1-1-0.dll
0x00000298c5860000 - 0x00000298c5864000 	C:\Program Files\JetBrains\IntelliJ IDEA Community Edition 2019.3.1\jbr\bin\api-ms-win-core-file-l1-1-0.dll
0x00000298c5870000 - 0x00000298c5873000 	C:\Program Files\JetBrains\IntelliJ IDEA Community Edition 2019.3.1\jbr\bin\api-ms-win-core-file-l1-2-0.dll
0x00000298c5880000 - 0x00000298c5883000 	C:\Program Files\JetBrains\IntelliJ IDEA Community Edition 2019.3.1\jbr\bin\api-ms-win-core-file-l2-1-0.dll
0x00000298c5890000 - 0x00000298c5893000 	C:\Program Files\JetBrains\IntelliJ IDEA Community Edition 2019.3.1\jbr\bin\api-ms-win-core-handle-l1-1-0.dll
0x00000298c58a0000 - 0x00000298c58a3000 	C:\Program Files\JetBrains\IntelliJ IDEA Community Edition 2019.3.1\jbr\bin\api-ms-win-core-heap-l1-1-0.dll
0x00000298c58b0000 - 0x00000298c58b3000 	C:\Program Files\JetBrains\IntelliJ IDEA Community Edition 2019.3.1\jbr\bin\api-ms-win-core-interlocked-l1-1-0.dll
0x00000298c58c0000 - 0x00000298c58c3000 	C:\Program Files\JetBrains\IntelliJ IDEA Community Edition 2019.3.1\jbr\bin\api-ms-win-core-libraryloader-l1-1-0.dll
0x00000298c58d0000 - 0x00000298c58d3000 	C:\Program Files\JetBrains\IntelliJ IDEA Community Edition 2019.3.1\jbr\bin\api-ms-win-core-localization-l1-2-0.dll
0x00000298c58e0000 - 0x00000298c58e3000 	C:\Program Files\JetBrains\IntelliJ IDEA Community Edition 2019.3.1\jbr\bin\api-ms-win-core-memory-l1-1-0.dll
0x00000298c58f0000 - 0x00000298c58f3000 	C:\Program Files\JetBrains\IntelliJ IDEA Community Edition 2019.3.1\jbr\bin\api-ms-win-core-namedpipe-l1-1-0.dll
0x00000298c5900000 - 0x00000298c5903000 	C:\Program Files\JetBrains\IntelliJ IDEA Community Edition 2019.3.1\jbr\bin\api-ms-win-core-processenvironment-l1-1-0.dll
0x00000298c5910000 - 0x00000298c5913000 	C:\Program Files\JetBrains\IntelliJ IDEA Community Edition 2019.3.1\jbr\bin\api-ms-win-core-processthreads-l1-1-0.dll
0x00000298c5920000 - 0x00000298c5923000 	C:\Program Files\JetBrains\IntelliJ IDEA Community Edition 2019.3.1\jbr\bin\api-ms-win-core-processthreads-l1-1-1.dll
0x00000298c5930000 - 0x00000298c5933000 	C:\Program Files\JetBrains\IntelliJ IDEA Community Edition 2019.3.1\jbr\bin\api-ms-win-core-profile-l1-1-0.dll
0x00000298c5940000 - 0x00000298c5943000 	C:\Program Files\JetBrains\IntelliJ IDEA Community Edition 2019.3.1\jbr\bin\api-ms-win-core-rtlsupport-l1-1-0.dll
0x00000298c5950000 - 0x00000298c5953000 	C:\Program Files\JetBrains\IntelliJ IDEA Community Edition 2019.3.1\jbr\bin\api-ms-win-core-string-l1-1-0.dll
0x00000298c5960000 - 0x00000298c5963000 	C:\Program Files\JetBrains\IntelliJ IDEA Community Edition 2019.3.1\jbr\bin\api-ms-win-core-synch-l1-1-0.dll
0x00000298c5970000 - 0x00000298c5973000 	C:\Program Files\JetBrains\IntelliJ IDEA Community Edition 2019.3.1\jbr\bin\api-ms-win-core-synch-l1-2-0.dll
0x00000298c5980000 - 0x00000298c5983000 	C:\Program Files\JetBrains\IntelliJ IDEA Community Edition 2019.3.1\jbr\bin\api-ms-win-core-sysinfo-l1-1-0.dll
0x00000298c5990000 - 0x00000298c5993000 	C:\Program Files\JetBrains\IntelliJ IDEA Community Edition 2019.3.1\jbr\bin\api-ms-win-core-timezone-l1-1-0.dll
0x00000298c59a0000 - 0x00000298c59a3000 	C:\Program Files\JetBrains\IntelliJ IDEA Community Edition 2019.3.1\jbr\bin\api-ms-win-core-util-l1-1-0.dll
0x00000298c59b0000 - 0x00000298c59b3000 	C:\Program Files\JetBrains\IntelliJ IDEA Community Edition 2019.3.1\jbr\bin\api-ms-win-crt-conio-l1-1-0.dll
0x00000298c59c0000 - 0x00000298c59c4000 	C:\Program Files\JetBrains\IntelliJ IDEA Community Edition 2019.3.1\jbr\bin\api-ms-win-crt-convert-l1-1-0.dll
0x00000298c59d0000 - 0x00000298c59d3000 	C:\Program Files\JetBrains\IntelliJ IDEA Community Edition 2019.3.1\jbr\bin\api-ms-win-crt-environment-l1-1-0.dll
0x00000298c59e0000 - 0x00000298c59e3000 	C:\Program Files\JetBrains\IntelliJ IDEA Community Edition 2019.3.1\jbr\bin\api-ms-win-crt-filesystem-l1-1-0.dll
0x00000298c59f0000 - 0x00000298c59f3000 	C:\Program Files\JetBrains\IntelliJ IDEA Community Edition 2019.3.1\jbr\bin\api-ms-win-crt-heap-l1-1-0.dll
0x00000298c5a00000 - 0x00000298c5a03000 	C:\Program Files\JetBrains\IntelliJ IDEA Community Edition 2019.3.1\jbr\bin\api-ms-win-crt-locale-l1-1-0.dll
0x00000298c5a10000 - 0x00000298c5a15000 	C:\Program Files\JetBrains\IntelliJ IDEA Community Edition 2019.3.1\jbr\bin\api-ms-win-crt-math-l1-1-0.dll
0x00000298c5a20000 - 0x00000298c5a25000 	C:\Program Files\JetBrains\IntelliJ IDEA Community Edition 2019.3.1\jbr\bin\api-ms-win-crt-multibyte-l1-1-0.dll
0x00000298c5a30000 - 0x00000298c5a40000 	C:\Program Files\JetBrains\IntelliJ IDEA Community Edition 2019.3.1\jbr\bin\api-ms-win-crt-private-l1-1-0.dll
0x00000298c5a40000 - 0x00000298c5a43000 	C:\Program Files\JetBrains\IntelliJ IDEA Community Edition 2019.3.1\jbr\bin\api-ms-win-crt-process-l1-1-0.dll
0x00000298c5a50000 - 0x00000298c5a54000 	C:\Program Files\JetBrains\IntelliJ IDEA Community Edition 2019.3.1\jbr\bin\api-ms-win-crt-runtime-l1-1-0.dll
0x00000298c5a60000 - 0x00000298c5a64000 	C:\Program Files\JetBrains\IntelliJ IDEA Community Edition 2019.3.1\jbr\bin\api-ms-win-crt-stdio-l1-1-0.dll
0x00000298c5a70000 - 0x00000298c5a74000 	C:\Program Files\JetBrains\IntelliJ IDEA Community Edition 2019.3.1\jbr\bin\api-ms-win-crt-string-l1-1-0.dll
0x00000298c5a80000 - 0x00000298c5a83000 	C:\Program Files\JetBrains\IntelliJ IDEA Community Edition 2019.3.1\jbr\bin\api-ms-win-crt-time-l1-1-0.dll
0x00000298c5a90000 - 0x00000298c5a93000 	C:\Program Files\JetBrains\IntelliJ IDEA Community Edition 2019.3.1\jbr\bin\api-ms-win-crt-utility-l1-1-0.dll
0x00007ffdd7440000 - 0x00007ffdd753a000 	C:\Program Files\JetBrains\IntelliJ IDEA Community Edition 2019.3.1\jbr\bin\ucrtbase.dll
0x00007ffde57b0000 - 0x00007ffde5801000 	C:\Windows\System32\concrt140.dll
0x00007ffddd820000 - 0x00007ffddd843000 	C:\Program Files\JetBrains\IntelliJ IDEA Community Edition 2019.3.1\jbr\bin\prism_d3d.dll
0x00007ffdc52d0000 - 0x00007ffdc5497000 	C:\WINDOWS\system32\d3d9.dll
0x00007ffe004d0000 - 0x00007ffe004fd000 	C:\WINDOWS\SYSTEM32\dwmapi.dll
0x00007ffe00db0000 - 0x00007ffe00dd0000 	C:\WINDOWS\SYSTEM32\dxcore.dll
0x00007ffe000a0000 - 0x00007ffe00139000 	C:\WINDOWS\system32\uxtheme.dll
0x00007ffdc5160000 - 0x00007ffdc52c4000 	C:\WINDOWS\System32\DriverStore\FileRepository\iigd_dch.inf_amd64_440392e76b44e849\igdumdim64.dll
0x00007ffd9afa0000 - 0x00007ffd9ef7a000 	C:\WINDOWS\System32\DriverStore\FileRepository\iigd_dch.inf_amd64_440392e76b44e849\igd9dxva64.dll
0x00007ffe03600000 - 0x00007ffe03757000 	C:\WINDOWS\System32\ole32.dll
0x00007ffe03480000 - 0x00007ffe03545000 	C:\WINDOWS\System32\OLEAUT32.dll
0x00007ffde8cf0000 - 0x00007ffde8e94000 	C:\WINDOWS\System32\DriverStore\FileRepository\iigd_dch.inf_amd64_440392e76b44e849\igdgmm64.dll
0x00007ffddcdb0000 - 0x00007ffddcdf5000 	C:\Program Files\JetBrains\IntelliJ IDEA Community Edition 2019.3.1\jbr\bin\glass.dll
0x00007ffe03320000 - 0x00007ffe033f0000 	C:\WINDOWS\System32\COMDLG32.dll
0x00007ffe03bd0000 - 0x00007ffe03d05000 	C:\WINDOWS\System32\MSCTF.dll
0x00007ffdf6e10000 - 0x00007ffdf6e36000 	C:\WINDOWS\System32\DriverStore\FileRepository\iigd_dch.inf_amd64_440392e76b44e849\igdinfo64.dll
0x00007ffde58b0000 - 0x00007ffde7d4b000 	C:\WINDOWS\System32\DriverStore\FileRepository\iigd_dch.inf_amd64_440392e76b44e849\igc64.dll
0x00007ffddd010000 - 0x00007ffddd0a0000 	C:\Program Files\JetBrains\IntelliJ IDEA Community Edition 2019.3.1\jbr\bin\glib-lite.dll
0x00007ffdd6de0000 - 0x00007ffdd6e97000 	C:\Program Files\JetBrains\IntelliJ IDEA Community Edition 2019.3.1\jbr\bin\gstreamer-lite.dll
0x00007ffdcb940000 - 0x00007ffdcb9d9000 	C:\WINDOWS\SYSTEM32\DSOUND.dll
0x00007ffde95a0000 - 0x00007ffde95c6000 	C:\Program Files\JetBrains\IntelliJ IDEA Community Edition 2019.3.1\jbr\bin\jfxmedia.dll
0x00007ffde5770000 - 0x00007ffde5784000 	C:\Program Files\JetBrains\IntelliJ IDEA Community Edition 2019.3.1\jbr\bin\javafx_font.dll
0x00007ffdcbe10000 - 0x00007ffdcbfb1000 	C:\Program Files\JetBrains\IntelliJ IDEA Community Edition 2019.3.1\jbr\bin\awt.dll
0x00007ffdfeb00000 - 0x00007ffdff0c0000 	C:\WINDOWS\SYSTEM32\d2d1.dll
0x00007ffdfffb0000 - 0x00007ffe0003f000 	C:\WINDOWS\SYSTEM32\apphelp.dll
0x00007ffdd7e10000 - 0x00007ffdd7e95000 	C:\Program Files\JetBrains\IntelliJ IDEA Community Edition 2019.3.1\jbr\bin\freetype.dll
0x00007ffdd7bd0000 - 0x00007ffdd7c78000 	C:\Program Files\JetBrains\IntelliJ IDEA Community Edition 2019.3.1\jbr\bin\fontmanager.dll
0x00007ffde4c00000 - 0x00007ffde4efe000 	C:\WINDOWS\SYSTEM32\dwrite.dll
0x00007ffe04640000 - 0x00007ffe046e2000 	C:\WINDOWS\System32\clbcatq.dll
0x00007ffdefa80000 - 0x00007ffdefc2f000 	C:\WINDOWS\SYSTEM32\WindowsCodecs.dll
0x00007ffdce270000 - 0x00007ffdce2aa000 	C:\WINDOWS\system32\dataexchange.dll
0x00007ffdff820000 - 0x00007ffdff9fd000 	C:\WINDOWS\system32\dcomp.dll
0x00007ffdff110000 - 0x00007ffdff36b000 	C:\WINDOWS\system32\d3d11.dll
0x00007ffe00dd0000 - 0x00007ffe00ebb000 	C:\WINDOWS\system32\dxgi.dll
0x00007ffe00160000 - 0x00007ffe003c2000 	C:\WINDOWS\system32\twinapi.appcore.dll
0x00007ffe00500000 - 0x00007ffe00529000 	C:\WINDOWS\system32\RMCLIENT.dll
0x00007ffde0110000 - 0x00007ffde0143000 	C:\Program Files\Common Files\Microsoft Shared\Ink\rtscom.dll
0x00007ffdeeec0000 - 0x00007ffdeef5e000 	C:\WINDOWS\System32\TextInputFramework.dll

dbghelp: loaded successfully - version: 4.0.5 - missing functions: none
symbol engine: initialized successfully - sym options: 0x614 - pdb path: .;C:\Program Files\JetBrains\IntelliJ IDEA Community Edition 2019.3.1\jbr\bin;C:\WINDOWS\SYSTEM32;C:\WINDOWS\WinSxS\amd64_microsoft.windows.common-controls_6595b64144ccf1df_6.0.18362.1256_none_9e7e379be45e40e2;C:\Program Files\JetBrains\IntelliJ IDEA Community Edition 2019.3.1\jbr\bin\server;C:\Program Files\JetBrains\IntelliJ IDEA Community Edition 2019.3.1\bin;C:\WINDOWS\System32\DriverStore\FileRepository\iigd_dch.inf_amd64_440392e76b44e849;C:\Program Files\Common Files\Microsoft Shared\Ink

VM Arguments:
jvm_args: --module-path=C:\Users\user\Downloads\javafx-sdk-15.0.1\lib --add-modules=javafx.controls,javafx.fxml -javaagent:C:\Program Files\JetBrains\IntelliJ IDEA Community Edition 2019.3.1\lib\idea_rt.jar=57588:C:\Program Files\JetBrains\IntelliJ IDEA Community Edition 2019.3.1\bin -Dfile.encoding=UTF-8 
java_command: sample.Main
java_class_path (initial): C:\Users\aksha\IdeaProjects\AP_Project_1\out\production\AP_project
Launcher Type: SUN_STANDARD

[Global flags]
     intx CICompilerCount                          = 4                                         {product} {ergonomic}
     uint ConcGCThreads                            = 2                                         {product} {ergonomic}
     uint G1ConcRefinementThreads                  = 8                                         {product} {ergonomic}
   size_t G1HeapRegionSize                         = 1048576                                   {product} {ergonomic}
    uintx GCDrainStackTargetSize                   = 64                                        {product} {ergonomic}
   size_t InitialHeapSize                          = 132120576                                 {product} {ergonomic}
   size_t MarkStackSize                            = 4194304                                   {product} {ergonomic}
   size_t MaxHeapSize                              = 2099249152                                {product} {ergonomic}
   size_t MaxNewSize                               = 1259339776                                {product} {ergonomic}
   size_t MinHeapDeltaBytes                        = 1048576                                   {product} {ergonomic}
    uintx NonNMethodCodeHeapSize                   = 5836300                                {pd product} {ergonomic}
    uintx NonProfiledCodeHeapSize                  = 122910970                              {pd product} {ergonomic}
    uintx ProfiledCodeHeapSize                     = 122910970                              {pd product} {ergonomic}
    uintx ReservedCodeCacheSize                    = 251658240                              {pd product} {ergonomic}
     bool SegmentedCodeCache                       = true                                      {product} {ergonomic}
     bool UseCompressedClassPointers               = true                                 {lp64_product} {ergonomic}
     bool UseCompressedOops                        = true                                 {lp64_product} {ergonomic}
     bool UseG1GC                                  = true                                      {product} {ergonomic}
     bool UseLargePagesIndividualAllocation        = false                                  {pd product} {ergonomic}

Logging:
Log output configuration:
 #0: stdout all=warning uptime,level,tags
 #1: stderr all=off uptime,level,tags

Environment Variables:
PATH=C:\WINDOWS\system32;C:\WINDOWS;C:\WINDOWS\System32\Wbem;C:\WINDOWS\System32\WindowsPowerShell\v1.0\;C:\WINDOWS\System32\OpenSSH\;C:\Users\aksha\Scripts;C:\Program Files\Java\jdk-13\bin;C:\Program Files\MATLAB\R2020a\bin;C:\Program Files (x86)\mingw-w64\i686-8.1.0-posix-dwarf-rt_v6-rev0\mingw32\bin;C:\Program Files (x86)\AOMEI Backupper;C:\Program Files\Git\cmd;C:\Users\aksha\Scripts\;C:\Users\aksha\;C:\Users\aksha\AppData\Local\Microsoft\WindowsApps;;C:\Program Files\JetBrains\PyCharm Community Edition 2019.2.3\bin;
USERNAME=aksha
OS=Windows_NT
PROCESSOR_IDENTIFIER=Intel64 Family 6 Model 142 Stepping 12, GenuineIntel



---------------  S Y S T E M  ---------------

OS: Windows 10 , 64 bit Build 18362 (10.0.18362.1110)

CPU:total 8 (initial active 8) (4 cores per cpu, 2 threads per core) family 6 model 142 stepping 12, cmov, cx8, fxsr, mmx, sse, sse2, sse3, ssse3, sse4.1, sse4.2, popcnt, avx, avx2, aes, clmul, erms, 3dnowpref, lzcnt, ht, tsc, tscinvbit, bmi1, bmi2, adx, fma

Memory: 4k page, system-wide physical 8005M (1079M free)
TotalPageFile size 10005M (AvailPageFile size 3M)
current process WorkingSet (physical memory assigned to process): 303M, peak: 303M
current process commit charge ("private bytes"): 366M, peak: 367M

vm_info: OpenJDK 64-Bit Server VM (11.0.5+10-b520.17) for windows-amd64 JRE (11.0.5+10-b520.17), built on Dec  2 2019 12:11:34 by "" with MS VC++ 14.0 (VS2015)

END.
