#
# There is insufficient memory for the Java Runtime Environment to continue.
# Native memory allocation (mmap) failed to map 65536 bytes for Failed to commit area from 0x000001caf88e0000 to 0x000001caf88f0000 of length 65536.
# Possible reasons:
#   The system is out of physical RAM or swap space
#   The process is running with CompressedOops enabled, and the Java Heap may be blocking the growth of the native heap
# Possible solutions:
#   Reduce memory load on the system
#   Increase physical memory or swap space
#   Check if swap backing store is full
#   Decrease Java heap size (-Xmx/-Xms)
#   Decrease number of Java threads
#   Decrease Java thread stack sizes (-Xss)
#   Set larger code cache with -XX:ReservedCodeCacheSize=
# This output file may be truncated or incomplete.
#
#  Out of Memory Error (c:/BuildAgent/work/5ff2f6c26000d570/src/hotspot/os/windows/os_windows.cpp:3291), pid=3044, tid=1812
#
# JRE version:  (11.0.5+10) (build )
# Java VM: OpenJDK 64-Bit Server VM (11.0.5+10-b520.17, mixed mode, aot, sharing, tiered, compressed oops, g1 gc, windows-amd64)
# No core dump will be written. Minidumps are not enabled by default on client versions of Windows
#

---------------  S U M M A R Y ------------

Command Line: --module-path=C:\Users\aksha\Downloads\javafx-sdk-15.0.1\lib --add-modules=javafx.controls,javafx.fxml -javaagent:C:\Program Files\JetBrains\IntelliJ IDEA Community Edition 2019.3.1\lib\idea_rt.jar=63072:C:\Program Files\JetBrains\IntelliJ IDEA Community Edition 2019.3.1\bin -Dfile.encoding=UTF-8 sample.Main

Host: Intel(R) Core(TM) i5-8265U CPU @ 1.60GHz, 8 cores, 7G,  Windows 10 , 64 bit Build 18362 (10.0.18362.1110)
Time: Tue Dec  1 23:32:30 2020 India Standard Time elapsed time: 0 seconds (0d 0h 0m 0s)

---------------  T H R E A D  ---------------

Current thread (0x000001caf1a0a000):  JavaThread "Unknown thread" [_thread_in_vm, id=1812, stack(0x0000009f4f100000,0x0000009f4f200000)]

Stack: [0x0000009f4f100000,0x0000009f4f200000]
Native frames: (J=compiled Java code, j=interpreted, Vv=VM code, C=native code)
V  [jvm.dll+0x5dcafa]
V  [jvm.dll+0x70e375]
V  [jvm.dll+0x70f898]
V  [jvm.dll+0x70ff63]
V  [jvm.dll+0x23e238]
V  [jvm.dll+0x5da1c4]
V  [jvm.dll+0x5cf265]
V  [jvm.dll+0x2fac3b]
V  [jvm.dll+0x2fabaa]
V  [jvm.dll+0x2faa82]
V  [jvm.dll+0x2ffa65]
V  [jvm.dll+0x3480e5]
V  [jvm.dll+0x3487d6]
V  [jvm.dll+0x3481d3]
V  [jvm.dll+0x2d5548]
V  [jvm.dll+0x2d66e7]
V  [jvm.dll+0x6ed237]
V  [jvm.dll+0x6eea2c]
V  [jvm.dll+0x355849]
V  [jvm.dll+0x6d239e]
V  [jvm.dll+0x3be283]
V  [jvm.dll+0x3c0701]
C  [jli.dll+0x5363]
C  [ucrtbase.dll+0x210b2]
C  [KERNEL32.DLL+0x17c24]
C  [ntdll.dll+0x6d4d1]


---------------  P R O C E S S  ---------------

Threads class SMR info:
_java_thread_list=0x000001caf1817070, length=0, elements={
}

Java Threads: ( => current thread )

Other Threads:
  0x000001caf1a24800 GCTaskThread "GC Thread#0" [stack: 0x0000009f4f200000,0x0000009f4f300000] [id=10404]
  0x000001caf1a54000 ConcurrentGCThread "G1 Main Marker" [stack: 0x0000009f4f300000,0x0000009f4f400000] [id=8752]
  0x000001caf1a56000 ConcurrentGCThread "G1 Conc#0" [stack: 0x0000009f4f400000,0x0000009f4f500000] [id=15816]

[error occurred during error reporting (printing all threads), id 0xc0000005, EXCEPTION_ACCESS_VIOLATION (0xc0000005) at pc=0x00007fff11c25c17]

VM state:not at safepoint (not fully initialized)

VM Mutex/Monitor currently owned by a thread:  ([mutex/lock_event])
[0x000001caf1a098f0] Heap_lock - owner thread: 0x000001caf1a0a000

Heap address: 0x0000000082e00000, size: 2002 MB, Compressed Oops mode: Non-zero based: 0x0000000082e00000
Narrow klass base: 0x0000000000000000, Narrow klass shift: 0

GC Heap History (0 events):
No events

Deoptimization events (0 events):
No events

Classes redefined (0 events):
No events

Internal exceptions (0 events):
No events

Events (0 events):
No events


Dynamic libraries:
0x00007ff63c720000 - 0x00007ff63c72a000 	C:\Program Files\JetBrains\IntelliJ IDEA Community Edition 2019.3.1\jbr\bin\java.exe
0x00007fff55880000 - 0x00007fff55a70000 	C:\WINDOWS\SYSTEM32\ntdll.dll
0x00007fff54b10000 - 0x00007fff54bc2000 	C:\WINDOWS\System32\KERNEL32.DLL
0x00007fff53150000 - 0x00007fff533f5000 	C:\WINDOWS\System32\KERNELBASE.dll
0x00007fff537d0000 - 0x00007fff538ca000 	C:\WINDOWS\System32\ucrtbase.dll
0x00007fff3c5d0000 - 0x00007fff3c5e9000 	C:\Program Files\JetBrains\IntelliJ IDEA Community Edition 2019.3.1\jbr\bin\jli.dll
0x00007fff44760000 - 0x00007fff44777000 	C:\Program Files\JetBrains\IntelliJ IDEA Community Edition 2019.3.1\jbr\bin\VCRUNTIME140.dll
0x00007fff554c0000 - 0x00007fff55654000 	C:\WINDOWS\System32\USER32.dll
0x00007fff3ea50000 - 0x00007fff3ecd4000 	C:\WINDOWS\WinSxS\amd64_microsoft.windows.common-controls_6595b64144ccf1df_6.0.18362.1198_none_9e820b57e45ad92f\COMCTL32.dll
0x00007fff537a0000 - 0x00007fff537c1000 	C:\WINDOWS\System32\win32u.dll
0x00007fff54510000 - 0x00007fff545ae000 	C:\WINDOWS\System32\msvcrt.dll
0x00007fff53eb0000 - 0x00007fff53ed6000 	C:\WINDOWS\System32\GDI32.dll
0x00007fff53ee0000 - 0x00007fff54215000 	C:\WINDOWS\System32\combase.dll
0x00007fff52f90000 - 0x00007fff53126000 	C:\WINDOWS\System32\gdi32full.dll
0x00007fff54220000 - 0x00007fff54340000 	C:\WINDOWS\System32\RPCRT4.dll
0x00007fff535a0000 - 0x00007fff5363e000 	C:\WINDOWS\System32\msvcp_win.dll
0x00007fff53670000 - 0x00007fff536f0000 	C:\WINDOWS\System32\bcryptPrimitives.dll
0x00007fff55810000 - 0x00007fff5583e000 	C:\WINDOWS\System32\IMM32.DLL
0x00007fff28ad0000 - 0x00007fff28b6d000 	C:\Program Files\JetBrains\IntelliJ IDEA Community Edition 2019.3.1\jbr\bin\msvcp140.dll
0x00007fff11940000 - 0x00007fff123fb000 	C:\Program Files\JetBrains\IntelliJ IDEA Community Edition 2019.3.1\jbr\bin\server\jvm.dll
0x00007fff54340000 - 0x00007fff543e3000 	C:\WINDOWS\System32\ADVAPI32.dll
0x00007fff53e00000 - 0x00007fff53e97000 	C:\WINDOWS\System32\sechost.dll
0x00007fff55800000 - 0x00007fff55808000 	C:\WINDOWS\System32\PSAPI.DLL
0x00007fff35740000 - 0x00007fff35749000 	C:\WINDOWS\SYSTEM32\WSOCK32.dll
0x00007fff48130000 - 0x00007fff4813a000 	C:\WINDOWS\SYSTEM32\VERSION.dll
0x00007fff4be10000 - 0x00007fff4be34000 	C:\WINDOWS\SYSTEM32\WINMM.dll
0x00007fff543f0000 - 0x00007fff5445f000 	C:\WINDOWS\System32\WS2_32.dll
0x00007fff4bd00000 - 0x00007fff4bd2d000 	C:\WINDOWS\SYSTEM32\WINMMBASE.dll
0x00007fff53550000 - 0x00007fff5359a000 	C:\WINDOWS\System32\cfgmgr32.dll
0x00007fff527e0000 - 0x00007fff527f1000 	C:\WINDOWS\System32\kernel.appcore.dll
0x00007fff4a9c0000 - 0x00007fff4a9d1000 	C:\Program Files\JetBrains\IntelliJ IDEA Community Edition 2019.3.1\jbr\bin\verify.dll
0x00007fff51030000 - 0x00007fff51224000 	C:\WINDOWS\SYSTEM32\DBGHELP.DLL
0x00007fff35710000 - 0x00007fff3573a000 	C:\WINDOWS\SYSTEM32\dbgcore.DLL
0x00007fff49db0000 - 0x00007fff49dd9000 	C:\Program Files\JetBrains\IntelliJ IDEA Community Edition 2019.3.1\jbr\bin\java.dll
0x00007fff49270000 - 0x00007fff4927f000 	C:\Program Files\JetBrains\IntelliJ IDEA Community Edition 2019.3.1\jbr\bin\instrument.dll
0x00007fff492e0000 - 0x00007fff492f7000 	C:\Program Files\JetBrains\IntelliJ IDEA Community Edition 2019.3.1\jbr\bin\zip.dll
0x00007fff4bfa0000 - 0x00007fff4bfab000 	C:\Program Files\JetBrains\IntelliJ IDEA Community Edition 2019.3.1\jbr\bin\jimage.dll

dbghelp: loaded successfully - version: 4.0.5 - missing functions: none
symbol engine: initialized successfully - sym options: 0x614 - pdb path: .;C:\Program Files\JetBrains\IntelliJ IDEA Community Edition 2019.3.1\jbr\bin;C:\WINDOWS\SYSTEM32;C:\WINDOWS\WinSxS\amd64_microsoft.windows.common-controls_6595b64144ccf1df_6.0.18362.1198_none_9e820b57e45ad92f;C:\Program Files\JetBrains\IntelliJ IDEA Community Edition 2019.3.1\jbr\bin\server

VM Arguments:
jvm_args: --module-path=C:\Users\aksha\Downloads\javafx-sdk-15.0.1\lib --add-modules=javafx.controls,javafx.fxml -javaagent:C:\Program Files\JetBrains\IntelliJ IDEA Community Edition 2019.3.1\lib\idea_rt.jar=63072:C:\Program Files\JetBrains\IntelliJ IDEA Community Edition 2019.3.1\bin -Dfile.encoding=UTF-8 
java_command: sample.Main
java_class_path (initial): C:\Users\aksha\IdeaProjects\AP_Project_1\out\production\AP_project
Launcher Type: SUN_STANDARD

[Global flags]
     intx CICompilerCount                          = 4                                         {product} {ergonomic}
     uint ConcGCThreads                            = 2                                         {product} {ergonomic}
     uint G1ConcRefinementThreads                  = 8                                         {product} {ergonomic}
   size_t G1HeapRegionSize                         = 1048576                                   {product} {ergonomic}
    uintx GCDrainStackTargetSize                   = 64                                        {product} {ergonomic}
   size_t InitialHeapSize                          = 132120576                                 {product} {ergonomic}
   size_t MarkStackSize                            = 4194304                                   {product} {ergonomic}
   size_t MaxHeapSize                              = 2099249152                                {product} {ergonomic}
   size_t MinHeapDeltaBytes                        = 1048576                                   {product} {ergonomic}
    uintx NonNMethodCodeHeapSize                   = 5836300                                {pd product} {ergonomic}
    uintx NonProfiledCodeHeapSize                  = 122910970                              {pd product} {ergonomic}
    uintx ProfiledCodeHeapSize                     = 122910970                              {pd product} {ergonomic}
    uintx ReservedCodeCacheSize                    = 251658240                              {pd product} {ergonomic}
     bool SegmentedCodeCache                       = true                                      {product} {ergonomic}
     bool UseCompressedClassPointers               = true                                 {lp64_product} {ergonomic}
     bool UseCompressedOops                        = true                                 {lp64_product} {ergonomic}
     bool UseG1GC                                  = true                                      {product} {ergonomic}
     bool UseLargePagesIndividualAllocation        = false                                  {pd product} {ergonomic}

Logging:
Log output configuration:
 #0: stdout all=warning uptime,level,tags
 #1: stderr all=off uptime,level,tags

Environment Variables:
PATH=C:\WINDOWS\system32;C:\WINDOWS;C:\WINDOWS\System32\Wbem;C:\WINDOWS\System32\WindowsPowerShell\v1.0\;C:\WINDOWS\System32\OpenSSH\;C:\Users\aksha\Scripts;C:\Program Files\Java\jdk-13\bin;C:\Program Files\MATLAB\R2020a\bin;C:\Program Files (x86)\mingw-w64\i686-8.1.0-posix-dwarf-rt_v6-rev0\mingw32\bin;C:\Program Files (x86)\AOMEI Backupper;C:\Program Files\Git\cmd;C:\Users\aksha\Scripts\;C:\Users\aksha\;C:\Users\aksha\AppData\Local\Microsoft\WindowsApps;;C:\Program Files\JetBrains\PyCharm Community Edition 2019.2.3\bin;
USERNAME=aksha
OS=Windows_NT
PROCESSOR_IDENTIFIER=Intel64 Family 6 Model 142 Stepping 12, GenuineIntel



---------------  S Y S T E M  ---------------

OS: Windows 10 , 64 bit Build 18362 (10.0.18362.1110)

CPU:total 8 (initial active 8) (4 cores per cpu, 2 threads per core) family 6 model 142 stepping 12, cmov, cx8, fxsr, mmx, sse, sse2, sse3, ssse3, sse4.1, sse4.2, popcnt, avx, avx2, aes, clmul, erms, 3dnowpref, lzcnt, ht, tsc, tscinvbit, bmi1, bmi2, adx, fma

Memory: 4k page, system-wide physical 8005M (1563M free)
TotalPageFile size 10005M (AvailPageFile size 202M)
current process WorkingSet (physical memory assigned to process): 10M, peak: 10M
current process commit charge ("private bytes"): 188M, peak: 188M

vm_info: OpenJDK 64-Bit Server VM (11.0.5+10-b520.17) for windows-amd64 JRE (11.0.5+10-b520.17), built on Dec  2 2019 12:11:34 by "" with MS VC++ 14.0 (VS2015)

END.
